Exception Code: 0xC0000005
Exception Addr: 0x0033:0x00007FF9E6824D12
Exception Module: <Unknown>
Exception Name  : EXCEPTION_ACCESS_VIOLATION
Exception Description: Attempt to read from address 0xFFFFFFFFFFFFFFFF
The memory could not be "read"
Exception Code: 0xC0000005
Exception Addr: 0x0033:0x00007FF9E6824D12
Exception Module: <Unknown>
Exception Description: EXCEPTION_ACCESS_VIOLATION, Attempt to read from address 0xFFFFFFFFFFFFFFFF
The memory could not be "read"
Memory in use: 1476.5MB
Debug Status: 
Out of Memory: 0
MainThread Id: 18960
RenderThread Id: 27656
[Crashed] Thread Id: 18960
[Crashed] ThreadName: Main

[Crashed] Call Stack: ["Main" [18960]]

=============================================================================
36) function=CryEntitySystem.dll+0x2b4d12
35) function=Game.dll+0x9f2d3
34) function=Game.dll+0xb7d4d
33) function=Game.dll+0x99e07
32) function=CryEntitySystem.dll+0x1e8b52
31) function=CryEntitySystem.dll+0x311925
30) function=CryEntitySystem.dll+0x30fcc3
29) function=CrySystem.dll+0x3cf973
28) function=Sandbox.exe+0x2b2e72
27) function=Sandbox.exe+0x28022d
26) function=Sandbox.exe+0xdd20f4
25) function=Qt5Core.dll+0x1f6f99
24) function=Qt5Core.dll+0x1efd08
23) function=Qt5Widgets.dll+0x18150
22) function=Qt5Widgets.dll+0x1714a
21) function=Qt5Core.dll+0x1c9319
20) function=Qt5Core.dll+0x212a2a
19) function=Qt5Widgets.dll+0x18150
18) function=Qt5Widgets.dll+0x1714a
17) function=Qt5Core.dll+0x1c9319
16) function=Qt5Core.dll+0x1cb291
15) function=qwindows.dll+0x6143f
14) function=Qt5Core.dll+0x213b53
13) function=USER32.dll+0x189a1
12) function=USER32.dll+0x18461
11) function=Qt5Core.dll+0x21333e
10) function=qwindows.dll+0x61419
 9) function=Qt5Core.dll+0x1c50ab
 8) function=Qt5Core.dll+0x1c8201
 7) function=MFCToolsPlugin.dll+0x1fcd44
 6) function=Sandbox.exe+0x2e3230
 5) function=Sandbox.exe+0x1023eb7
 4) function=Sandbox.exe+0xfe67fe
 3) function=KERNEL32.DLL+0x1257d
 2) function=ntdll.dll+0x5af28
 1) function=ntdll.dll+0x5af28
=============================================================================


Call Stack: ["JobSystem_Worker_0 (Blocking)" [20380]]
 8) function=ntdll.dll+0xa0024
  7) function=KERNELBASE.dll+0x3952e
  6) function=CrySystem.dll+0x58bc8a
  5) function=CrySystem.dll+0x2115ae
  4) function=ucrtbase.dll+0x29333
  3) function=KERNEL32.DLL+0x1257d
  2) function=ntdll.dll+0x5af28
  1) function=ntdll.dll+0x5af28
 


Call Stack: ["Streaming AsyncCallback" [25472]]
 8) function=ntdll.dll+0xa0024
  7) function=KERNELBASE.dll+0x3952e
  6) function=CrySystem.dll+0x1b00dd
  5) function=CrySystem.dll+0x2115ae
  4) function=ucrtbase.dll+0x29333
  3) function=KERNEL32.DLL+0x1257d
  2) function=ntdll.dll+0x5af28
  1) function=ntdll.dll+0x5af28
 


Call Stack: ["NotificationNetwork" [44440]]
10) function=ntdll.dll+0xa0024
  9) function=mswsock.dll+0x898f
  8) function=mswsock.dll+0x1f74
  7) function=WS2_32.dll+0x12ad2
  6) function=CrySystem.dll+0x3aa0dc
  5) function=CrySystem.dll+0x3c9b8a
  4) function=CrySystem.dll+0x2115ae
  3) function=ucrtbase.dll+0x29333
  2) function=KERNEL32.DLL+0x1257d
  1) function=ntdll.dll+0x5af28
 


Call Stack: ["JobSystem_Worker_0" [39192]]
 9) function=ntdll.dll+0xa3b94
  8) function=ntdll.dll+0x696bb
  7) function=KERNELBASE.dll+0x6eaa9
  6) function=CrySystem.dll+0x58c90f
  5) function=CrySystem.dll+0x2115ae
  4) function=ucrtbase.dll+0x29333
  3) function=KERNEL32.DLL+0x1257d
  2) function=ntdll.dll+0x5af28
  1) function=ntdll.dll+0x5af28
 


Call Stack: ["JobSystem_Worker_1" [17740]]
 9) function=ntdll.dll+0xa3b94
  8) function=ntdll.dll+0x696bb
  7) function=KERNELBASE.dll+0x6eaa9
  6) function=CrySystem.dll+0x58c90f
  5) function=CrySystem.dll+0x2115ae
  4) function=ucrtbase.dll+0x29333
  3) function=KERNEL32.DLL+0x1257d
  2) function=ntdll.dll+0x5af28
  1) function=ntdll.dll+0x5af28
 


Call Stack: ["JobSystem_Worker_2" [33720]]
 9) function=ntdll.dll+0xa3b94
  8) function=ntdll.dll+0x696bb
  7) function=KERNELBASE.dll+0x6eaa9
  6) function=CrySystem.dll+0x58c90f
  5) function=CrySystem.dll+0x2115ae
  4) function=ucrtbase.dll+0x29333
  3) function=KERNEL32.DLL+0x1257d
  2) function=ntdll.dll+0x5af28
  1) function=ntdll.dll+0x5af28
 


Call Stack: ["JobSystem_Worker_3" [15808]]
 9) function=ntdll.dll+0xa3b94
  8) function=ntdll.dll+0x696bb
  7) function=KERNELBASE.dll+0x6eaa9
  6) function=CrySystem.dll+0x58c90f
  5) function=CrySystem.dll+0x2115ae
  4) function=ucrtbase.dll+0x29333
  3) function=KERNEL32.DLL+0x1257d
  2) function=ntdll.dll+0x5af28
  1) function=ntdll.dll+0x5af28
 


Call Stack: ["JobSystem_Worker_4" [27220]]
 9) function=ntdll.dll+0xa3b94
  8) function=ntdll.dll+0x696bb
  7) function=KERNELBASE.dll+0x6eaa9
  6) function=CrySystem.dll+0x58c90f
  5) function=CrySystem.dll+0x2115ae
  4) function=ucrtbase.dll+0x29333
  3) function=KERNEL32.DLL+0x1257d
  2) function=ntdll.dll+0x5af28
  1) function=ntdll.dll+0x5af28
 


Call Stack: ["JobSystem_Worker_5" [11860]]
 9) function=ntdll.dll+0xa3b94
  8) function=ntdll.dll+0x696bb
  7) function=KERNELBASE.dll+0x6eaa9
  6) function=CrySystem.dll+0x58c90f
  5) function=CrySystem.dll+0x2115ae
  4) function=ucrtbase.dll+0x29333
  3) function=KERNEL32.DLL+0x1257d
  2) function=ntdll.dll+0x5af28
  1) function=ntdll.dll+0x5af28
 


Call Stack: ["JobSystem_Worker_6" [43060]]
 9) function=ntdll.dll+0xa3b94
  8) function=ntdll.dll+0x696bb
  7) function=KERNELBASE.dll+0x6eaa9
  6) function=CrySystem.dll+0x58c90f
  5) function=CrySystem.dll+0x2115ae
  4) function=ucrtbase.dll+0x29333
  3) function=KERNEL32.DLL+0x1257d
  2) function=ntdll.dll+0x5af28
  1) function=ntdll.dll+0x5af28
 


Call Stack: ["JobSystem_Worker_7" [39264]]
 9) function=ntdll.dll+0xa3b94
  8) function=ntdll.dll+0x696bb
  7) function=KERNELBASE.dll+0x6eaa9
  6) function=CrySystem.dll+0x58c90f
  5) function=CrySystem.dll+0x2115ae
  4) function=ucrtbase.dll+0x29333
  3) function=KERNEL32.DLL+0x1257d
  2) function=ntdll.dll+0x5af28
  1) function=ntdll.dll+0x5af28
 


Call Stack: ["JobSystem_Helper_8" [31772]]
 9) function=ntdll.dll+0xa3b94
  8) function=ntdll.dll+0x696bb
  7) function=KERNELBASE.dll+0x6eaa9
  6) function=CrySystem.dll+0x58c90f
  5) function=CrySystem.dll+0x2115ae
  4) function=ucrtbase.dll+0x29333
  3) function=KERNEL32.DLL+0x1257d
  2) function=ntdll.dll+0x5af28
  1) function=ntdll.dll+0x5af28
 


Call Stack: ["JobSystem_Helper_9" [36064]]
 9) function=ntdll.dll+0xa3b94
  8) function=ntdll.dll+0x696bb
  7) function=KERNELBASE.dll+0x6eaa9
  6) function=CrySystem.dll+0x58c02a
  5) function=CrySystem.dll+0x2115ae
  4) function=ucrtbase.dll+0x29333
  3) function=KERNEL32.DLL+0x1257d
  2) function=ntdll.dll+0x5af28
  1) function=ntdll.dll+0x5af28
 


Call Stack: ["Streaming File IO HDD" [32840]]
 9) function=ntdll.dll+0xa0024
  8) function=KERNELBASE.dll+0x3952e
  7) function=CrySystem.dll+0x2d71dd
  6) function=CrySystem.dll+0x1ae4b8
  5) function=CrySystem.dll+0x2115ae
  4) function=ucrtbase.dll+0x29333
  3) function=KERNEL32.DLL+0x1257d
  2) function=ntdll.dll+0x5af28
  1) function=ntdll.dll+0x5af28
 


Call Stack: ["Streaming File IO InMemory" [19216]]
 9) function=ntdll.dll+0xa0024
  8) function=KERNELBASE.dll+0x3952e
  7) function=CrySystem.dll+0x2d71dd
  6) function=CrySystem.dll+0x1ae4b8
  5) function=CrySystem.dll+0x2115ae
  4) function=ucrtbase.dll+0x29333
  3) function=KERNEL32.DLL+0x1257d
  2) function=ntdll.dll+0x5af28
  1) function=ntdll.dll+0x5af28
 


Call Stack: ["RenderThread" [27656]]
10) function=ntdll.dll+0xa3b94
  9) function=ntdll.dll+0x696bb
  8) function=KERNELBASE.dll+0x6eaa9
  7) function=MSVCP140.dll+0x122c5
  6) function=CryRenderD3D11.dll+0x539367
  5) function=CryRenderD3D11.dll+0x50aa7f
  4) function=CrySystem.dll+0x2115ae
  3) function=ucrtbase.dll+0x29333
  2) function=KERNEL32.DLL+0x1257d
  1) function=ntdll.dll+0x5af28
 


Call Stack: ["ShaderCompile" [17748]]
 9) function=ntdll.dll+0xa0624
  8) function=ntdll.dll+0x55683
  7) function=KERNELBASE.dll+0x49acd
  6) function=CryRenderD3D11.dll+0x28c9ed
  5) function=CrySystem.dll+0x2115ae
  4) function=ucrtbase.dll+0x29333
  3) function=KERNEL32.DLL+0x1257d
  2) function=ntdll.dll+0x5af28
  1) function=ntdll.dll+0x5af28
 


Call Stack: ["GFxMeshCacheReset" [23444]]
 8) function=ntdll.dll+0xa0024
  7) function=KERNELBASE.dll+0x3952e
  6) function=CrySystem.dll+0x17601c
  5) function=CrySystem.dll+0x2115ae
  4) function=ucrtbase.dll+0x29333
  3) function=KERNEL32.DLL+0x1257d
  2) function=ntdll.dll+0x5af28
  1) function=ntdll.dll+0x5af28
 


Call Stack: ["ServiceNetwork" [35712]]
 9) function=ntdll.dll+0xa0624
  8) function=ntdll.dll+0x55683
  7) function=KERNELBASE.dll+0x49acd
  6) function=CrySystem.dll+0x5ed025
  5) function=CrySystem.dll+0x2115ae
  4) function=ucrtbase.dll+0x29333
  3) function=KERNEL32.DLL+0x1257d
  2) function=ntdll.dll+0x5af28
  1) function=ntdll.dll+0x5af28
 


Call Stack: ["NetAddressSolver" [4832]]
10) function=ntdll.dll+0xa3b94
  9) function=ntdll.dll+0x696bb
  8) function=KERNELBASE.dll+0x6eaa9
  7) function=CryNetwork.dll+0x25e339
  6) function=CryNetwork.dll+0x144684
  5) function=CrySystem.dll+0x2115ae
  4) function=ucrtbase.dll+0x29333
  3) function=KERNEL32.DLL+0x1257d
  2) function=ntdll.dll+0x5af28
  1) function=ntdll.dll+0x5af28
 


Call Stack: ["ZLibCompressor" [32516]]
 8) function=ntdll.dll+0xa0024
  7) function=KERNELBASE.dll+0x3952e
  6) function=CryAction.dll+0x7fe563
  5) function=CrySystem.dll+0x2115ae
  4) function=ucrtbase.dll+0x29333
  3) function=KERNEL32.DLL+0x1257d
  2) function=ntdll.dll+0x5af28
  1) function=ntdll.dll+0x5af28
 


Call Stack: ["Physics" [19948]]
 8) function=ntdll.dll+0xa0024
  7) function=KERNELBASE.dll+0x3952e
  6) function=CrySystem.dll+0x3c96e2
  5) function=CrySystem.dll+0x2115ae
  4) function=ucrtbase.dll+0x29333
  3) function=KERNEL32.DLL+0x1257d
  2) function=ntdll.dll+0x5af28
  1) function=ntdll.dll+0x5af28
 


Call Stack: ["InputWorker" [36232]]
 9) function=ntdll.dll+0xa0624
  8) function=ntdll.dll+0x55683
  7) function=KERNELBASE.dll+0x49acd
  6) function=CryInput.dll+0x66d2e
  5) function=CrySystem.dll+0x2115ae
  4) function=ucrtbase.dll+0x29333
  3) function=KERNEL32.DLL+0x1257d
  2) function=ntdll.dll+0x5af28
  1) function=ntdll.dll+0x5af28
 


Call Stack: ["PhysicsWorkerThread_0" [21676]]
 8) function=ntdll.dll+0xa0024
  7) function=KERNELBASE.dll+0x3952e
  6) function=CryPhysics.dll+0x2225d8
  5) function=CrySystem.dll+0x2115ae
  4) function=ucrtbase.dll+0x29333
  3) function=KERNEL32.DLL+0x1257d
  2) function=ntdll.dll+0x5af28
  1) function=ntdll.dll+0x5af28
 


Call Stack: ["FileChangeMonitor" [14968]]
 9) function=ntdll.dll+0xa0af4
  8) function=KERNELBASE.dll+0x56089
  7) function=KERNELBASE.dll+0x55f8e
  6) function=Sandbox.exe+0xee2dc8
  5) function=CrySystem.dll+0x2115ae
  4) function=ucrtbase.dll+0x29333
  3) function=KERNEL32.DLL+0x1257d
  2) function=ntdll.dll+0x5af28
  1) function=ntdll.dll+0x5af28
 


Call Stack: ["BackgroundTask_1" [18248]]
 8) function=ntdll.dll+0xa0024
  7) function=KERNELBASE.dll+0x3952e
  6) function=Sandbox.exe+0xb6f89d
  5) function=CrySystem.dll+0x2115ae
  4) function=ucrtbase.dll+0x29333
  3) function=KERNEL32.DLL+0x1257d
  2) function=ntdll.dll+0x5af28
  1) function=ntdll.dll+0x5af28
 


Call Stack: ["BackgroundTask_3" [35292]]
 8) function=ntdll.dll+0xa0024
  7) function=KERNELBASE.dll+0x3952e
  6) function=Sandbox.exe+0xb6f89d
  5) function=CrySystem.dll+0x2115ae
  4) function=ucrtbase.dll+0x29333
  3) function=KERNEL32.DLL+0x1257d
  2) function=ntdll.dll+0x5af28
  1) function=ntdll.dll+0x5af28
 


Call Stack: ["BackgroundTask_0" [25812]]
 8) function=ntdll.dll+0xa0024
  7) function=KERNELBASE.dll+0x3952e
  6) function=Sandbox.exe+0xb6f89d
  5) function=CrySystem.dll+0x2115ae
  4) function=ucrtbase.dll+0x29333
  3) function=KERNEL32.DLL+0x1257d
  2) function=ntdll.dll+0x5af28
  1) function=ntdll.dll+0x5af28
 


Call Stack: ["BackgroundTask_2" [19908]]
 8) function=ntdll.dll+0xa0024
  7) function=KERNELBASE.dll+0x3952e
  6) function=Sandbox.exe+0xb6f89d
  5) function=CrySystem.dll+0x2115ae
  4) function=ucrtbase.dll+0x29333
  3) function=KERNEL32.DLL+0x1257d
  2) function=ntdll.dll+0x5af28
  1) function=ntdll.dll+0x5af28
 


Call Stack: ["BackgroundTask_IO" [35344]]
 8) function=ntdll.dll+0xa0024
  7) function=KERNELBASE.dll+0x3952e
  6) function=Sandbox.exe+0xb6f89d
  5) function=CrySystem.dll+0x2115ae
  4) function=ucrtbase.dll+0x29333
  3) function=KERNEL32.DLL+0x1257d
  2) function=ntdll.dll+0x5af28
  1) function=ntdll.dll+0x5af28
 


Call Stack: ["CaptureCrashScreenShot" [34804]]
10) function=ntdll.dll+0xa3b94
  9) function=ntdll.dll+0x696bb
  8) function=KERNELBASE.dll+0x6eaa9
  7) function=MSVCP140.dll+0x122c5
  6) function=CrySystem.dll+0x2ceff3
  5) function=CrySystem.dll+0x2115ae
  4) function=ucrtbase.dll+0x29333
  3) function=KERNEL32.DLL+0x1257d
  2) function=ntdll.dll+0x5af28
  1) function=ntdll.dll+0x5af28
 


Call Stack: ["AudioMainThread" [32600]]
 8) function=ntdll.dll+0xa0024
  7) function=KERNELBASE.dll+0x3952e
  6) function=CryAudioSystem.dll+0xcfed1
  5) function=CrySystem.dll+0x2115ae
  4) function=ucrtbase.dll+0x29333
  3) function=KERNEL32.DLL+0x1257d
  2) function=ntdll.dll+0x5af28
  1) function=ntdll.dll+0x5af28
 
Attempting to create error screenshot "error.jpg"
Error creating screenshot.
Exception Code: 0xC0000005
Exception Addr: 0x0033:0x00007FFA1B4AA5EB
Exception Module: <Unknown>
Exception Name  : EXCEPTION_ACCESS_VIOLATION
Exception Description: Attempt to read from address 0x0000000000000038
The memory could not be "read"
Exception Code: 0xC0000005
Exception Addr: 0x0033:0x00007FFA1B4AA5EB
Exception Module: <Unknown>
Exception Description: EXCEPTION_ACCESS_VIOLATION, Attempt to read from address 0x0000000000000038
The memory could not be "read"
Memory in use: 1773.7MB
Debug Status: 
Out of Memory: 0
MainThread Id: 6028
RenderThread Id: 14940
[Crashed] Thread Id: 6028
[Crashed] ThreadName: Main

[Crashed] Call Stack: ["Main" [6028]]

=============================================================================
36) function=Game.dll+0x8a5eb
35) function=Game.dll+0x68389
34) function=Game.dll+0x834b9
33) function=Game.dll+0x809bf
32) function=CryEntitySystem.dll+0x2f8e31
31) function=CryEntitySystem.dll+0x2cec30
30) function=Sandbox.exe+0x2abbba
29) function=Sandbox.exe+0x2a56ac
28) function=Sandbox.exe+0x2b2a4a
27) function=Sandbox.exe+0x28022d
26) function=Sandbox.exe+0xdd20f4
25) function=Qt5Core.dll+0x1f6f99
24) function=Qt5Core.dll+0x1efd08
23) function=Qt5Widgets.dll+0x18150
22) function=Qt5Widgets.dll+0x1714a
21) function=Qt5Core.dll+0x1c9319
20) function=Qt5Core.dll+0x212a2a
19) function=Qt5Widgets.dll+0x18150
18) function=Qt5Widgets.dll+0x1714a
17) function=Qt5Core.dll+0x1c9319
16) function=Qt5Core.dll+0x1cb291
15) function=qwindows.dll+0x6143f
14) function=Qt5Core.dll+0x213b53
13) function=USER32.dll+0x189a1
12) function=USER32.dll+0x18461
11) function=Qt5Core.dll+0x21333e
10) function=qwindows.dll+0x61419
 9) function=Qt5Core.dll+0x1c50ab
 8) function=Qt5Core.dll+0x1c8201
 7) function=MFCToolsPlugin.dll+0x1fcd44
 6) function=Sandbox.exe+0x2e3230
 5) function=Sandbox.exe+0x1023eb7
 4) function=Sandbox.exe+0xfe67fe
 3) function=KERNEL32.DLL+0x1257d
 2) function=ntdll.dll+0x5af28
 1) function=ntdll.dll+0x5af28
=============================================================================


Call Stack: ["JobSystem_Worker_0 (Blocking)" [32352]]
 8) function=ntdll.dll+0xa0024
  7) function=KERNELBASE.dll+0x3952e
  6) function=CrySystem.dll+0x58bc8a
  5) function=CrySystem.dll+0x2115ae
  4) function=ucrtbase.dll+0x29333
  3) function=KERNEL32.DLL+0x1257d
  2) function=ntdll.dll+0x5af28
  1) function=ntdll.dll+0x5af28
 


Call Stack: ["Streaming AsyncCallback" [42740]]
 8) function=ntdll.dll+0xa0024
  7) function=KERNELBASE.dll+0x3952e
  6) function=CrySystem.dll+0x1b00dd
  5) function=CrySystem.dll+0x2115ae
  4) function=ucrtbase.dll+0x29333
  3) function=KERNEL32.DLL+0x1257d
  2) function=ntdll.dll+0x5af28
  1) function=ntdll.dll+0x5af28
 


Call Stack: ["NotificationNetwork" [44988]]
10) function=ntdll.dll+0xa0024
  9) function=mswsock.dll+0x898f
  8) function=mswsock.dll+0x1f74
  7) function=WS2_32.dll+0x12ad2
  6) function=CrySystem.dll+0x3aa0dc
  5) function=CrySystem.dll+0x3c9b8a
  4) function=CrySystem.dll+0x2115ae
  3) function=ucrtbase.dll+0x29333
  2) function=KERNEL32.DLL+0x1257d
  1) function=ntdll.dll+0x5af28
 


Call Stack: ["JobSystem_Worker_0" [37360]]
 9) function=ntdll.dll+0xa3b94
  8) function=ntdll.dll+0x696bb
  7) function=KERNELBASE.dll+0x6eaa9
  6) function=CrySystem.dll+0x58c90f
  5) function=CrySystem.dll+0x2115ae
  4) function=ucrtbase.dll+0x29333
  3) function=KERNEL32.DLL+0x1257d
  2) function=ntdll.dll+0x5af28
  1) function=ntdll.dll+0x5af28
 


Call Stack: ["JobSystem_Worker_1" [29324]]
 9) function=ntdll.dll+0xa3b94
  8) function=ntdll.dll+0x696bb
  7) function=KERNELBASE.dll+0x6eaa9
  6) function=CrySystem.dll+0x58c90f
  5) function=CrySystem.dll+0x2115ae
  4) function=ucrtbase.dll+0x29333
  3) function=KERNEL32.DLL+0x1257d
  2) function=ntdll.dll+0x5af28
  1) function=ntdll.dll+0x5af28
 


Call Stack: ["JobSystem_Worker_2" [32428]]
 9) function=ntdll.dll+0xa3b94
  8) function=ntdll.dll+0x696bb
  7) function=KERNELBASE.dll+0x6eaa9
  6) function=CrySystem.dll+0x58c90f
  5) function=CrySystem.dll+0x2115ae
  4) function=ucrtbase.dll+0x29333
  3) function=KERNEL32.DLL+0x1257d
  2) function=ntdll.dll+0x5af28
  1) function=ntdll.dll+0x5af28
 


Call Stack: ["JobSystem_Worker_3" [32508]]
 9) function=ntdll.dll+0xa3b94
  8) function=ntdll.dll+0x696bb
  7) function=KERNELBASE.dll+0x6eaa9
  6) function=CrySystem.dll+0x58c90f
  5) function=CrySystem.dll+0x2115ae
  4) function=ucrtbase.dll+0x29333
  3) function=KERNEL32.DLL+0x1257d
  2) function=ntdll.dll+0x5af28
  1) function=ntdll.dll+0x5af28
 


Call Stack: ["JobSystem_Worker_4" [21620]]
 9) function=ntdll.dll+0xa3b94
  8) function=ntdll.dll+0x696bb
  7) function=KERNELBASE.dll+0x6eaa9
  6) function=CrySystem.dll+0x58c90f
  5) function=CrySystem.dll+0x2115ae
  4) function=ucrtbase.dll+0x29333
  3) function=KERNEL32.DLL+0x1257d
  2) function=ntdll.dll+0x5af28
  1) function=ntdll.dll+0x5af28
 


Call Stack: ["JobSystem_Worker_5" [11040]]
 9) function=ntdll.dll+0xa3b94
  8) function=ntdll.dll+0x696bb
  7) function=KERNELBASE.dll+0x6eaa9
  6) function=CrySystem.dll+0x58c90f
  5) function=CrySystem.dll+0x2115ae
  4) function=ucrtbase.dll+0x29333
  3) function=KERNEL32.DLL+0x1257d
  2) function=ntdll.dll+0x5af28
  1) function=ntdll.dll+0x5af28
 


Call Stack: ["JobSystem_Worker_6" [15856]]
 9) function=ntdll.dll+0xa3b94
  8) function=ntdll.dll+0x696bb
  7) function=KERNELBASE.dll+0x6eaa9
  6) function=CrySystem.dll+0x58c90f
  5) function=CrySystem.dll+0x2115ae
  4) function=ucrtbase.dll+0x29333
  3) function=KERNEL32.DLL+0x1257d
  2) function=ntdll.dll+0x5af28
  1) function=ntdll.dll+0x5af28
 


Call Stack: ["JobSystem_Worker_7" [9904]]
 9) function=ntdll.dll+0xa3b94
  8) function=ntdll.dll+0x696bb
  7) function=KERNELBASE.dll+0x6eaa9
  6) function=CrySystem.dll+0x58c90f
  5) function=CrySystem.dll+0x2115ae
  4) function=ucrtbase.dll+0x29333
  3) function=KERNEL32.DLL+0x1257d
  2) function=ntdll.dll+0x5af28
  1) function=ntdll.dll+0x5af28
 


Call Stack: ["JobSystem_Helper_8" [43724]]
 9) function=ntdll.dll+0xa3b94
  8) function=ntdll.dll+0x696bb
  7) function=KERNELBASE.dll+0x6eaa9
  6) function=CrySystem.dll+0x58c02a
  5) function=CrySystem.dll+0x2115ae
  4) function=ucrtbase.dll+0x29333
  3) function=KERNEL32.DLL+0x1257d
  2) function=ntdll.dll+0x5af28
  1) function=ntdll.dll+0x5af28
 


Call Stack: ["JobSystem_Helper_9" [13720]]
 9) function=ntdll.dll+0xa3b94
  8) function=ntdll.dll+0x696bb
  7) function=KERNELBASE.dll+0x6eaa9
  6) function=CrySystem.dll+0x58c02a
  5) function=CrySystem.dll+0x2115ae
  4) function=ucrtbase.dll+0x29333
  3) function=KERNEL32.DLL+0x1257d
  2) function=ntdll.dll+0x5af28
  1) function=ntdll.dll+0x5af28
 


Call Stack: ["Streaming File IO HDD" [16776]]
 9) function=ntdll.dll+0xa0024
  8) function=KERNELBASE.dll+0x3952e
  7) function=CrySystem.dll+0x2d71dd
  6) function=CrySystem.dll+0x1ae4b8
  5) function=CrySystem.dll+0x2115ae
  4) function=ucrtbase.dll+0x29333
  3) function=KERNEL32.DLL+0x1257d
  2) function=ntdll.dll+0x5af28
  1) function=ntdll.dll+0x5af28
 


Call Stack: ["Streaming File IO InMemory" [15192]]
 9) function=ntdll.dll+0xa0024
  8) function=KERNELBASE.dll+0x3952e
  7) function=CrySystem.dll+0x2d71dd
  6) function=CrySystem.dll+0x1ae4b8
  5) function=CrySystem.dll+0x2115ae
  4) function=ucrtbase.dll+0x29333
  3) function=KERNEL32.DLL+0x1257d
  2) function=ntdll.dll+0x5af28
  1) function=ntdll.dll+0x5af28
 


Call Stack: ["RenderThread" [14940]]
10) function=ntdll.dll+0xa3b94
  9) function=ntdll.dll+0x696bb
  8) function=KERNELBASE.dll+0x6eaa9
  7) function=MSVCP140.dll+0x122c5
  6) function=CryRenderD3D11.dll+0x539367
  5) function=CryRenderD3D11.dll+0x50aa7f
  4) function=CrySystem.dll+0x2115ae
  3) function=ucrtbase.dll+0x29333
  2) function=KERNEL32.DLL+0x1257d
  1) function=ntdll.dll+0x5af28
 


Call Stack: ["ShaderCompile" [8132]]
 9) function=ntdll.dll+0xa0624
  8) function=ntdll.dll+0x55683
  7) function=KERNELBASE.dll+0x49acd
  6) function=CryRenderD3D11.dll+0x28c9ed
  5) function=CrySystem.dll+0x2115ae
  4) function=ucrtbase.dll+0x29333
  3) function=KERNEL32.DLL+0x1257d
  2) function=ntdll.dll+0x5af28
  1) function=ntdll.dll+0x5af28
 


Call Stack: ["GFxMeshCacheReset" [45636]]
 8) function=ntdll.dll+0xa0024
  7) function=KERNELBASE.dll+0x3952e
  6) function=CrySystem.dll+0x17601c
  5) function=CrySystem.dll+0x2115ae
  4) function=ucrtbase.dll+0x29333
  3) function=KERNEL32.DLL+0x1257d
  2) function=ntdll.dll+0x5af28
  1) function=ntdll.dll+0x5af28
 


Call Stack: ["ServiceNetwork" [29812]]
 9) function=ntdll.dll+0xa0624
  8) function=ntdll.dll+0x55683
  7) function=KERNELBASE.dll+0x49acd
  6) function=CrySystem.dll+0x5ed025
  5) function=CrySystem.dll+0x2115ae
  4) function=ucrtbase.dll+0x29333
  3) function=KERNEL32.DLL+0x1257d
  2) function=ntdll.dll+0x5af28
  1) function=ntdll.dll+0x5af28
 


Call Stack: ["NetAddressSolver" [43636]]
10) function=ntdll.dll+0xa3b94
  9) function=ntdll.dll+0x696bb
  8) function=KERNELBASE.dll+0x6eaa9
  7) function=CryNetwork.dll+0x25e339
  6) function=CryNetwork.dll+0x144684
  5) function=CrySystem.dll+0x2115ae
  4) function=ucrtbase.dll+0x29333
  3) function=KERNEL32.DLL+0x1257d
  2) function=ntdll.dll+0x5af28
  1) function=ntdll.dll+0x5af28
 


Call Stack: ["ZLibCompressor" [20748]]
 8) function=ntdll.dll+0xa0024
  7) function=KERNELBASE.dll+0x3952e
  6) function=CryAction.dll+0x7fe563
  5) function=CrySystem.dll+0x2115ae
  4) function=ucrtbase.dll+0x29333
  3) function=KERNEL32.DLL+0x1257d
  2) function=ntdll.dll+0x5af28
  1) function=ntdll.dll+0x5af28
 


Call Stack: ["Physics" [14076]]
 8) function=ntdll.dll+0xa0024
  7) function=KERNELBASE.dll+0x3952e
  6) function=CrySystem.dll+0x3c96e2
  5) function=CrySystem.dll+0x2115ae
  4) function=ucrtbase.dll+0x29333
  3) function=KERNEL32.DLL+0x1257d
  2) function=ntdll.dll+0x5af28
  1) function=ntdll.dll+0x5af28
 


Call Stack: ["InputWorker" [3672]]
 9) function=ntdll.dll+0xa0624
  8) function=ntdll.dll+0x55683
  7) function=KERNELBASE.dll+0x49acd
  6) function=CryInput.dll+0x66d2e
  5) function=CrySystem.dll+0x2115ae
  4) function=ucrtbase.dll+0x29333
  3) function=KERNEL32.DLL+0x1257d
  2) function=ntdll.dll+0x5af28
  1) function=ntdll.dll+0x5af28
 


Call Stack: ["PhysicsWorkerThread_0" [31056]]
 8) function=ntdll.dll+0xa0024
  7) function=KERNELBASE.dll+0x3952e
  6) function=CryPhysics.dll+0x2225d8
  5) function=CrySystem.dll+0x2115ae
  4) function=ucrtbase.dll+0x29333
  3) function=KERNEL32.DLL+0x1257d
  2) function=ntdll.dll+0x5af28
  1) function=ntdll.dll+0x5af28
 


Call Stack: ["FileChangeMonitor" [2360]]
 9) function=ntdll.dll+0xa0af4
  8) function=KERNELBASE.dll+0x56089
  7) function=KERNELBASE.dll+0x55f8e
  6) function=Sandbox.exe+0xee2dc8
  5) function=CrySystem.dll+0x2115ae
  4) function=ucrtbase.dll+0x29333
  3) function=KERNEL32.DLL+0x1257d
  2) function=ntdll.dll+0x5af28
  1) function=ntdll.dll+0x5af28
 


Call Stack: ["BackgroundTask_2" [10540]]
 8) function=ntdll.dll+0xa0024
  7) function=KERNELBASE.dll+0x3952e
  6) function=Sandbox.exe+0xb6f89d
  5) function=CrySystem.dll+0x2115ae
  4) function=ucrtbase.dll+0x29333
  3) function=KERNEL32.DLL+0x1257d
  2) function=ntdll.dll+0x5af28
  1) function=ntdll.dll+0x5af28
 


Call Stack: ["BackgroundTask_3" [13424]]
 8) function=ntdll.dll+0xa0024
  7) function=KERNELBASE.dll+0x3952e
  6) function=Sandbox.exe+0xb6f89d
  5) function=CrySystem.dll+0x2115ae
  4) function=ucrtbase.dll+0x29333
  3) function=KERNEL32.DLL+0x1257d
  2) function=ntdll.dll+0x5af28
  1) function=ntdll.dll+0x5af28
 


Call Stack: ["BackgroundTask_0" [25068]]
 8) function=ntdll.dll+0xa0024
  7) function=KERNELBASE.dll+0x3952e
  6) function=Sandbox.exe+0xb6f89d
  5) function=CrySystem.dll+0x2115ae
  4) function=ucrtbase.dll+0x29333
  3) function=KERNEL32.DLL+0x1257d
  2) function=ntdll.dll+0x5af28
  1) function=ntdll.dll+0x5af28
 


Call Stack: ["BackgroundTask_IO" [18724]]
 8) function=ntdll.dll+0xa0024
  7) function=KERNELBASE.dll+0x3952e
  6) function=Sandbox.exe+0xb6f89d
  5) function=CrySystem.dll+0x2115ae
  4) function=ucrtbase.dll+0x29333
  3) function=KERNEL32.DLL+0x1257d
  2) function=ntdll.dll+0x5af28
  1) function=ntdll.dll+0x5af28
 


Call Stack: ["BackgroundTask_1" [16488]]
 8) function=ntdll.dll+0xa0024
  7) function=KERNELBASE.dll+0x3952e
  6) function=Sandbox.exe+0xb6f89d
  5) function=CrySystem.dll+0x2115ae
  4) function=ucrtbase.dll+0x29333
  3) function=KERNEL32.DLL+0x1257d
  2) function=ntdll.dll+0x5af28
  1) function=ntdll.dll+0x5af28
 


Call Stack: ["CaptureCrashScreenShot" [21764]]
10) function=ntdll.dll+0xa3b94
  9) function=ntdll.dll+0x696bb
  8) function=KERNELBASE.dll+0x6eaa9
  7) function=MSVCP140.dll+0x122c5
  6) function=CrySystem.dll+0x2ceff3
  5) function=CrySystem.dll+0x2115ae
  4) function=ucrtbase.dll+0x29333
  3) function=KERNEL32.DLL+0x1257d
  2) function=ntdll.dll+0x5af28
  1) function=ntdll.dll+0x5af28
 


Call Stack: ["AudioMainThread" [36808]]
 8) function=ntdll.dll+0xa0024
  7) function=KERNELBASE.dll+0x3952e
  6) function=CryAudioSystem.dll+0xcfed1
  5) function=CrySystem.dll+0x2115ae
  4) function=ucrtbase.dll+0x29333
  3) function=KERNEL32.DLL+0x1257d
  2) function=ntdll.dll+0x5af28
  1) function=ntdll.dll+0x5af28
 
Attempting to create error screenshot "error.jpg"
Error creating screenshot.
Exception Code: 0xC0000005
Exception Addr: 0x0033:0x00007FFA1B693A6C
Exception Module: <Unknown>
Exception Name  : EXCEPTION_ACCESS_VIOLATION
Exception Description: Attempt to read from address 0x0000000000000000
The memory could not be "read"
Exception Code: 0xC0000005
Exception Addr: 0x0033:0x00007FFA1B693A6C
Exception Module: <Unknown>
Exception Description: EXCEPTION_ACCESS_VIOLATION, Attempt to read from address 0x0000000000000000
The memory could not be "read"
Memory in use: 1135.6MB
Debug Status: 
Out of Memory: 0
MainThread Id: 48656
RenderThread Id: 48792
[Crashed] Thread Id: 48656
[Crashed] ThreadName: Main

[Crashed] Call Stack: ["Main" [48656]]

=============================================================================
53) function=Game.dll+0x73a6c
52) function=Game.dll+0x36836
51) function=CryEntitySystem.dll+0x1e5106
50) function=CryEntitySystem.dll+0x2fed54
49) function=CryEntitySystem.dll+0x2bd1ac
48) function=CryEntitySystem.dll+0x2be6b7
47) function=Sandbox.exe+0x925894
46) function=Sandbox.exe+0x8e37f9
45) function=EditorCommon.dll+0x5ec504
44) function=EditorCommon.dll+0x64af17
43) function=Sandbox.exe+0x7c7601
42) function=Sandbox.exe+0x81daf9
41) function=Sandbox.exe+0xb8873d
40) function=Sandbox.exe+0x5dc64b
39) function=Sandbox.exe+0x60aa45
38) function=Sandbox.exe+0x60bed9
37) function=Sandbox.exe+0x5eee29
36) function=Sandbox.exe+0x619a38
35) function=Sandbox.exe+0x2859c8
34) function=Sandbox.exe+0x5efbfd
33) function=EditorCommon.dll+0x3dbd1f
32) function=Qt5Core.dll+0x1ea0f3
31) function=Qt5Widgets.dll+0x23938a
30) function=Qt5Widgets.dll+0x23f63f
29) function=Qt5Widgets.dll+0x3d452
28) function=Qt5Widgets.dll+0xe3017
27) function=Qt5Widgets.dll+0x2468d0
26) function=Qt5Core.dll+0x1cb592
25) function=Qt5Widgets.dll+0x1813c
24) function=Qt5Widgets.dll+0x15ead
23) function=Qt5Core.dll+0x1c9319
22) function=Qt5Widgets.dll+0x198e5
21) function=Qt5Widgets.dll+0x673a3
20) function=Qt5Widgets.dll+0x650bb
19) function=Qt5Widgets.dll+0x18150
18) function=Qt5Widgets.dll+0x1714a
17) function=Qt5Core.dll+0x1c9319
16) function=Qt5Gui.dll+0x58433
15) function=Qt5Gui.dll+0x433bb
14) function=Qt5Core.dll+0x213b53
13) function=USER32.dll+0x189a1
12) function=USER32.dll+0x18461
11) function=Qt5Core.dll+0x21333e
10) function=qwindows.dll+0x61419
 9) function=Qt5Core.dll+0x1c50ab
 8) function=Qt5Core.dll+0x1c8201
 7) function=MFCToolsPlugin.dll+0x1fcd44
 6) function=Sandbox.exe+0x2e3230
 5) function=Sandbox.exe+0x1023eb7
 4) function=Sandbox.exe+0xfe67fe
 3) function=KERNEL32.DLL+0x1257d
 2) function=ntdll.dll+0x5af28
 1) function=ntdll.dll+0x5af28
=============================================================================


Call Stack: ["JobSystem_Worker_0 (Blocking)" [28204]]
 8) function=ntdll.dll+0xa0024
  7) function=KERNELBASE.dll+0x3952e
  6) function=CrySystem.dll+0x58b211
  5) function=CrySystem.dll+0x2115ae
  4) function=ucrtbase.dll+0x29333
  3) function=KERNEL32.DLL+0x1257d
  2) function=ntdll.dll+0x5af28
  1) function=ntdll.dll+0x5af28
 


Call Stack: ["Streaming AsyncCallback" [28980]]
 8) function=ntdll.dll+0xa0024
  7) function=KERNELBASE.dll+0x3952e
  6) function=CrySystem.dll+0x1b00dd
  5) function=CrySystem.dll+0x2115ae
  4) function=ucrtbase.dll+0x29333
  3) function=KERNEL32.DLL+0x1257d
  2) function=ntdll.dll+0x5af28
  1) function=ntdll.dll+0x5af28
 


Call Stack: ["NotificationNetwork" [41492]]
10) function=ntdll.dll+0xa0024
  9) function=mswsock.dll+0x898f
  8) function=mswsock.dll+0x1f74
  7) function=WS2_32.dll+0x12ad2
  6) function=CrySystem.dll+0x3aa0dc
  5) function=CrySystem.dll+0x3c9b8a
  4) function=CrySystem.dll+0x2115ae
  3) function=ucrtbase.dll+0x29333
  2) function=KERNEL32.DLL+0x1257d
  1) function=ntdll.dll+0x5af28
 


Call Stack: ["JobSystem_Worker_0" [2212]]
 9) function=ntdll.dll+0xa3b94
  8) function=ntdll.dll+0x696bb
  7) function=KERNELBASE.dll+0x6eaa9
  6) function=CrySystem.dll+0x58c90f
  5) function=CrySystem.dll+0x2115ae
  4) function=ucrtbase.dll+0x29333
  3) function=KERNEL32.DLL+0x1257d
  2) function=ntdll.dll+0x5af28
  1) function=ntdll.dll+0x5af28
 


Call Stack: ["JobSystem_Worker_1" [38336]]
 9) function=ntdll.dll+0xa3b94
  8) function=ntdll.dll+0x696bb
  7) function=KERNELBASE.dll+0x6eaa9
  6) function=CrySystem.dll+0x58c90f
  5) function=CrySystem.dll+0x2115ae
  4) function=ucrtbase.dll+0x29333
  3) function=KERNEL32.DLL+0x1257d
  2) function=ntdll.dll+0x5af28
  1) function=ntdll.dll+0x5af28
 


Call Stack: ["JobSystem_Worker_2" [2936]]
 9) function=ntdll.dll+0xa3b94
  8) function=ntdll.dll+0x696bb
  7) function=KERNELBASE.dll+0x6eaa9
  6) function=CrySystem.dll+0x58c90f
  5) function=CrySystem.dll+0x2115ae
  4) function=ucrtbase.dll+0x29333
  3) function=KERNEL32.DLL+0x1257d
  2) function=ntdll.dll+0x5af28
  1) function=ntdll.dll+0x5af28
 


Call Stack: ["JobSystem_Worker_3" [22876]]
 9) function=ntdll.dll+0xa3b94
  8) function=ntdll.dll+0x696bb
  7) function=KERNELBASE.dll+0x6eaa9
  6) function=CrySystem.dll+0x58c90f
  5) function=CrySystem.dll+0x2115ae
  4) function=ucrtbase.dll+0x29333
  3) function=KERNEL32.DLL+0x1257d
  2) function=ntdll.dll+0x5af28
  1) function=ntdll.dll+0x5af28
 


Call Stack: ["JobSystem_Worker_4" [15768]]
 9) function=ntdll.dll+0xa3b94
  8) function=ntdll.dll+0x696bb
  7) function=KERNELBASE.dll+0x6eaa9
  6) function=CrySystem.dll+0x58c90f
  5) function=CrySystem.dll+0x2115ae
  4) function=ucrtbase.dll+0x29333
  3) function=KERNEL32.DLL+0x1257d
  2) function=ntdll.dll+0x5af28
  1) function=ntdll.dll+0x5af28
 


Call Stack: ["JobSystem_Worker_5" [26244]]
 9) function=ntdll.dll+0xa3b94
  8) function=ntdll.dll+0x696bb
  7) function=KERNELBASE.dll+0x6eaa9
  6) function=CrySystem.dll+0x58c90f
  5) function=CrySystem.dll+0x2115ae
  4) function=ucrtbase.dll+0x29333
  3) function=KERNEL32.DLL+0x1257d
  2) function=ntdll.dll+0x5af28
  1) function=ntdll.dll+0x5af28
 


Call Stack: ["JobSystem_Worker_6" [14988]]
 9) function=ntdll.dll+0xa3b94
  8) function=ntdll.dll+0x696bb
  7) function=KERNELBASE.dll+0x6eaa9
  6) function=CrySystem.dll+0x58c90f
  5) function=CrySystem.dll+0x2115ae
  4) function=ucrtbase.dll+0x29333
  3) function=KERNEL32.DLL+0x1257d
  2) function=ntdll.dll+0x5af28
  1) function=ntdll.dll+0x5af28
 


Call Stack: ["JobSystem_Worker_7" [5776]]
 9) function=ntdll.dll+0xa3b94
  8) function=ntdll.dll+0x696bb
  7) function=KERNELBASE.dll+0x6eaa9
  6) function=CrySystem.dll+0x58c90f
  5) function=CrySystem.dll+0x2115ae
  4) function=ucrtbase.dll+0x29333
  3) function=KERNEL32.DLL+0x1257d
  2) function=ntdll.dll+0x5af28
  1) function=ntdll.dll+0x5af28
 


Call Stack: ["JobSystem_Helper_8" [4020]]
 9) function=ntdll.dll+0xa3b94
  8) function=ntdll.dll+0x696bb
  7) function=KERNELBASE.dll+0x6eaa9
  6) function=CrySystem.dll+0x58c02a
  5) function=CrySystem.dll+0x2115ae
  4) function=ucrtbase.dll+0x29333
  3) function=KERNEL32.DLL+0x1257d
  2) function=ntdll.dll+0x5af28
  1) function=ntdll.dll+0x5af28
 


Call Stack: ["JobSystem_Helper_9" [8636]]
 9) function=ntdll.dll+0xa3b94
  8) function=ntdll.dll+0x696bb
  7) function=KERNELBASE.dll+0x6eaa9
  6) function=CrySystem.dll+0x58c02a
  5) function=CrySystem.dll+0x2115ae
  4) function=ucrtbase.dll+0x29333
  3) function=KERNEL32.DLL+0x1257d
  2) function=ntdll.dll+0x5af28
  1) function=ntdll.dll+0x5af28
 


Call Stack: ["Streaming File IO HDD" [11688]]
 9) function=ntdll.dll+0xa0024
  8) function=KERNELBASE.dll+0x3952e
  7) function=CrySystem.dll+0x2d71dd
  6) function=CrySystem.dll+0x1ae4b8
  5) function=CrySystem.dll+0x2115ae
  4) function=ucrtbase.dll+0x29333
  3) function=KERNEL32.DLL+0x1257d
  2) function=ntdll.dll+0x5af28
  1) function=ntdll.dll+0x5af28
 


Call Stack: ["Streaming File IO InMemory" [44596]]
 9) function=ntdll.dll+0xa0024
  8) function=KERNELBASE.dll+0x3952e
  7) function=CrySystem.dll+0x2d71dd
  6) function=CrySystem.dll+0x1ae4b8
  5) function=CrySystem.dll+0x2115ae
  4) function=ucrtbase.dll+0x29333
  3) function=KERNEL32.DLL+0x1257d
  2) function=ntdll.dll+0x5af28
  1) function=ntdll.dll+0x5af28
 


Call Stack: ["RenderThread" [48792]]
10) function=ntdll.dll+0xa3b94
  9) function=ntdll.dll+0x696bb
  8) function=KERNELBASE.dll+0x6eaa9
  7) function=MSVCP140.dll+0x122c5
  6) function=CryRenderD3D11.dll+0x539367
  5) function=CryRenderD3D11.dll+0x50aa7f
  4) function=CrySystem.dll+0x2115ae
  3) function=ucrtbase.dll+0x29333
  2) function=KERNEL32.DLL+0x1257d
  1) function=ntdll.dll+0x5af28
 


Call Stack: ["ShaderCompile" [42216]]
 9) function=ntdll.dll+0xa0624
  8) function=ntdll.dll+0x55683
  7) function=KERNELBASE.dll+0x49acd
  6) function=CryRenderD3D11.dll+0x28c9ed
  5) function=CrySystem.dll+0x2115ae
  4) function=ucrtbase.dll+0x29333
  3) function=KERNEL32.DLL+0x1257d
  2) function=ntdll.dll+0x5af28
  1) function=ntdll.dll+0x5af28
 


Call Stack: ["GFxMeshCacheReset" [11552]]
 8) function=ntdll.dll+0xa0024
  7) function=KERNELBASE.dll+0x3952e
  6) function=CrySystem.dll+0x17601c
  5) function=CrySystem.dll+0x2115ae
  4) function=ucrtbase.dll+0x29333
  3) function=KERNEL32.DLL+0x1257d
  2) function=ntdll.dll+0x5af28
  1) function=ntdll.dll+0x5af28
 


Call Stack: ["NetAddressSolver" [26364]]
10) function=ntdll.dll+0xa3b94
  9) function=ntdll.dll+0x696bb
  8) function=KERNELBASE.dll+0x6eaa9
  7) function=CryNetwork.dll+0x25e339
  6) function=CryNetwork.dll+0x144684
  5) function=CrySystem.dll+0x2115ae
  4) function=ucrtbase.dll+0x29333
  3) function=KERNEL32.DLL+0x1257d
  2) function=ntdll.dll+0x5af28
  1) function=ntdll.dll+0x5af28
 


Call Stack: ["ServiceNetwork" [20112]]
 9) function=ntdll.dll+0xa0624
  8) function=ntdll.dll+0x55683
  7) function=KERNELBASE.dll+0x49acd
  6) function=CrySystem.dll+0x5ed025
  5) function=CrySystem.dll+0x2115ae
  4) function=ucrtbase.dll+0x29333
  3) function=KERNEL32.DLL+0x1257d
  2) function=ntdll.dll+0x5af28
  1) function=ntdll.dll+0x5af28
 


Call Stack: ["ZLibCompressor" [2344]]
 8) function=ntdll.dll+0xa0024
  7) function=KERNELBASE.dll+0x3952e
  6) function=CryAction.dll+0x7fe563
  5) function=CrySystem.dll+0x2115ae
  4) function=ucrtbase.dll+0x29333
  3) function=KERNEL32.DLL+0x1257d
  2) function=ntdll.dll+0x5af28
  1) function=ntdll.dll+0x5af28
 


Call Stack: ["InputWorker" [6184]]
 9) function=ntdll.dll+0xa0624
  8) function=ntdll.dll+0x55683
  7) function=KERNELBASE.dll+0x49acd
  6) function=CryInput.dll+0x66d2e
  5) function=CrySystem.dll+0x2115ae
  4) function=ucrtbase.dll+0x29333
  3) function=KERNEL32.DLL+0x1257d
  2) function=ntdll.dll+0x5af28
  1) function=ntdll.dll+0x5af28
 


Call Stack: ["FileChangeMonitor" [13576]]
 9) function=ntdll.dll+0xa0af4
  8) function=KERNELBASE.dll+0x56089
  7) function=KERNELBASE.dll+0x55f8e
  6) function=Sandbox.exe+0xee2dc8
  5) function=CrySystem.dll+0x2115ae
  4) function=ucrtbase.dll+0x29333
  3) function=KERNEL32.DLL+0x1257d
  2) function=ntdll.dll+0x5af28
  1) function=ntdll.dll+0x5af28
 


Call Stack: ["BackgroundTask_2" [19020]]
 8) function=ntdll.dll+0xa0024
  7) function=KERNELBASE.dll+0x3952e
  6) function=Sandbox.exe+0xb6f89d
  5) function=CrySystem.dll+0x2115ae
  4) function=ucrtbase.dll+0x29333
  3) function=KERNEL32.DLL+0x1257d
  2) function=ntdll.dll+0x5af28
  1) function=ntdll.dll+0x5af28
 


Call Stack: ["BackgroundTask_IO" [41580]]
 8) function=ntdll.dll+0xa0024
  7) function=KERNELBASE.dll+0x3952e
  6) function=Sandbox.exe+0xb6f89d
  5) function=CrySystem.dll+0x2115ae
  4) function=ucrtbase.dll+0x29333
  3) function=KERNEL32.DLL+0x1257d
  2) function=ntdll.dll+0x5af28
  1) function=ntdll.dll+0x5af28
 


Call Stack: ["BackgroundTask_1" [33720]]
 8) function=ntdll.dll+0xa0024
  7) function=KERNELBASE.dll+0x3952e
  6) function=Sandbox.exe+0xb6f89d
  5) function=CrySystem.dll+0x2115ae
  4) function=ucrtbase.dll+0x29333
  3) function=KERNEL32.DLL+0x1257d
  2) function=ntdll.dll+0x5af28
  1) function=ntdll.dll+0x5af28
 


Call Stack: ["BackgroundTask_3" [16904]]
 8) function=ntdll.dll+0xa0024
  7) function=KERNELBASE.dll+0x3952e
  6) function=Sandbox.exe+0xb6f89d
  5) function=CrySystem.dll+0x2115ae
  4) function=ucrtbase.dll+0x29333
  3) function=KERNEL32.DLL+0x1257d
  2) function=ntdll.dll+0x5af28
  1) function=ntdll.dll+0x5af28
 


Call Stack: ["BackgroundTask_0" [43016]]
 8) function=ntdll.dll+0xa0024
  7) function=KERNELBASE.dll+0x3952e
  6) function=Sandbox.exe+0xb6f89d
  5) function=CrySystem.dll+0x2115ae
  4) function=ucrtbase.dll+0x29333
  3) function=KERNEL32.DLL+0x1257d
  2) function=ntdll.dll+0x5af28
  1) function=ntdll.dll+0x5af28
 


Call Stack: ["CaptureCrashScreenShot" [49028]]
10) function=ntdll.dll+0xa3b94
  9) function=ntdll.dll+0x696bb
  8) function=KERNELBASE.dll+0x6eaa9
  7) function=MSVCP140.dll+0x122c5
  6) function=CrySystem.dll+0x2ceff3
  5) function=CrySystem.dll+0x2115ae
  4) function=ucrtbase.dll+0x29333
  3) function=KERNEL32.DLL+0x1257d
  2) function=ntdll.dll+0x5af28
  1) function=ntdll.dll+0x5af28
 


Call Stack: ["AudioMainThread" [42980]]
 8) function=ntdll.dll+0xa0024
  7) function=KERNELBASE.dll+0x3952e
  6) function=CryAudioSystem.dll+0xcfed1
  5) function=CrySystem.dll+0x2115ae
  4) function=ucrtbase.dll+0x29333
  3) function=KERNEL32.DLL+0x1257d
  2) function=ntdll.dll+0x5af28
  1) function=ntdll.dll+0x5af28
 
Attempting to create error screenshot "error.jpg"
Error creating screenshot.
