Logged at Sunday, June 30, 2024 23:03:11
FileVersion: 5.7.1.3146
ProductVersion: 5.7.1.3146
LogFile: game(1).log
GameDir: Assets
Executable: C:\Users\mathe\AppData\Local\Programs\CRYENGINE Launcher\Engines\crytek\cryengine-57-lts\5.7.1\bin\win_x64\GameLauncher.exe

Exception Code: 0xC0000005
Exception Addr: 0x0033:0x00007FFE0540389A
Exception Module: <Unknown>
Exception Description: EXCEPTION_ACCESS_VIOLATION, Attempt to read from address 0x0000000000000040
The memory could not be "read"
Memory in use: 1473.6MB
Debug Status: 
Out of Memory: 0
MainThread Id: 85840
RenderThread Id: 29352
[Crashed] Thread Id: 85840
[Crashed] ThreadName: Main

[Crashed] Call Stack: ["Main" [85840]]
 18) function=CryEntitySystem.dll+0x29389a
 17) function=Game.dll+0xb7b79
 16) function=Game.dll+0xd8ab4
 15) function=Game.dll+0xe670e
 14) function=CryNetwork.dll+0xbca0a
 13) function=CryNetwork.dll+0x23deeb
 12) function=CryNetwork.dll+0x23b899
 11) function=CryNetwork.dll+0x256487
 10) function=CrySystem.dll+0x3ce8f6
  9) function=CrySystem.dll+0x35f115
  8) function=CrySystem.dll+0x3b8276
  7) function=CrySystem.dll+0x2fa3ff
  6) function=GameLauncher.exe+0x2293c
  5) function=GameLauncher.exe+0x3d207
  4) function=GameLauncher.exe+0x3e93e
  3) function=KERNEL32.DLL+0x1257d
  2) function=ntdll.dll+0x5af28
  1) function=ntdll.dll+0x5af28


Call Stack: ["NotificationNetwork" [87844]]
10) function=ntdll.dll+0xa0024
  9) function=mswsock.dll+0x898f
  8) function=mswsock.dll+0x1f74
  7) function=WS2_32.dll+0x12ad2
  6) function=CrySystem.dll+0x3aa0dc
  5) function=CrySystem.dll+0x3c9b8a
  4) function=CrySystem.dll+0x2115ae
  3) function=ucrtbase.dll+0x29333
  2) function=KERNEL32.DLL+0x1257d
  1) function=ntdll.dll+0x5af28
 

Call Stack: ["JobSystem_Worker_0 (Blocking)" [18920]]
 8) function=ntdll.dll+0xa0024
  7) function=KERNELBASE.dll+0x3952e
  6) function=CrySystem.dll+0x58bc8a
  5) function=CrySystem.dll+0x2115ae
  4) function=ucrtbase.dll+0x29333
  3) function=KERNEL32.DLL+0x1257d
  2) function=ntdll.dll+0x5af28
  1) function=ntdll.dll+0x5af28
 

Call Stack: ["Streaming AsyncCallback" [73196]]
 8) function=ntdll.dll+0xa0024
  7) function=KERNELBASE.dll+0x3952e
  6) function=CrySystem.dll+0x1b00dd
  5) function=CrySystem.dll+0x2115ae
  4) function=ucrtbase.dll+0x29333
  3) function=KERNEL32.DLL+0x1257d
  2) function=ntdll.dll+0x5af28
  1) function=ntdll.dll+0x5af28
 

Call Stack: ["JobSystem_Worker_0" [85632]]
 9) function=ntdll.dll+0xa3b94
  8) function=ntdll.dll+0x696bb
  7) function=KERNELBASE.dll+0x6eaa9
  6) function=CrySystem.dll+0x58c90f
  5) function=CrySystem.dll+0x2115ae
  4) function=ucrtbase.dll+0x29333
  3) function=KERNEL32.DLL+0x1257d
  2) function=ntdll.dll+0x5af28
  1) function=ntdll.dll+0x5af28
 

Call Stack: ["JobSystem_Worker_1" [87284]]
 9) function=ntdll.dll+0xa3b94
  8) function=ntdll.dll+0x696bb
  7) function=KERNELBASE.dll+0x6eaa9
  6) function=CrySystem.dll+0x58c90f
  5) function=CrySystem.dll+0x2115ae
  4) function=ucrtbase.dll+0x29333
  3) function=KERNEL32.DLL+0x1257d
  2) function=ntdll.dll+0x5af28
  1) function=ntdll.dll+0x5af28
 

Call Stack: ["JobSystem_Worker_2" [89964]]
 9) function=ntdll.dll+0xa3b94
  8) function=ntdll.dll+0x696bb
  7) function=KERNELBASE.dll+0x6eaa9
  6) function=CrySystem.dll+0x58c90f
  5) function=CrySystem.dll+0x2115ae
  4) function=ucrtbase.dll+0x29333
  3) function=KERNEL32.DLL+0x1257d
  2) function=ntdll.dll+0x5af28
  1) function=ntdll.dll+0x5af28
 

Call Stack: ["JobSystem_Worker_3" [84096]]
 9) function=ntdll.dll+0xa3b94
  8) function=ntdll.dll+0x696bb
  7) function=KERNELBASE.dll+0x6eaa9
  6) function=CrySystem.dll+0x58c90f
  5) function=CrySystem.dll+0x2115ae
  4) function=ucrtbase.dll+0x29333
  3) function=KERNEL32.DLL+0x1257d
  2) function=ntdll.dll+0x5af28
  1) function=ntdll.dll+0x5af28
 

Call Stack: ["JobSystem_Worker_4" [86256]]
 9) function=ntdll.dll+0xa3b94
  8) function=ntdll.dll+0x696bb
  7) function=KERNELBASE.dll+0x6eaa9
  6) function=CrySystem.dll+0x58c90f
  5) function=CrySystem.dll+0x2115ae
  4) function=ucrtbase.dll+0x29333
  3) function=KERNEL32.DLL+0x1257d
  2) function=ntdll.dll+0x5af28
  1) function=ntdll.dll+0x5af28
 

Call Stack: ["JobSystem_Worker_5" [90484]]
 9) function=ntdll.dll+0xa3b94
  8) function=ntdll.dll+0x696bb
  7) function=KERNELBASE.dll+0x6eaa9
  6) function=CrySystem.dll+0x58c90f
  5) function=CrySystem.dll+0x2115ae
  4) function=ucrtbase.dll+0x29333
  3) function=KERNEL32.DLL+0x1257d
  2) function=ntdll.dll+0x5af28
  1) function=ntdll.dll+0x5af28
 

Call Stack: ["JobSystem_Worker_6" [89572]]
 9) function=ntdll.dll+0xa3b94
  8) function=ntdll.dll+0x696bb
  7) function=KERNELBASE.dll+0x6eaa9
  6) function=CrySystem.dll+0x58c90f
  5) function=CrySystem.dll+0x2115ae
  4) function=ucrtbase.dll+0x29333
  3) function=KERNEL32.DLL+0x1257d
  2) function=ntdll.dll+0x5af28
  1) function=ntdll.dll+0x5af28
 

Call Stack: ["JobSystem_Worker_7" [36196]]
 9) function=ntdll.dll+0xa3b94
  8) function=ntdll.dll+0x696bb
  7) function=KERNELBASE.dll+0x6eaa9
  6) function=CrySystem.dll+0x58c90f
  5) function=CrySystem.dll+0x2115ae
  4) function=ucrtbase.dll+0x29333
  3) function=KERNEL32.DLL+0x1257d
  2) function=ntdll.dll+0x5af28
  1) function=ntdll.dll+0x5af28
 

Call Stack: ["JobSystem_Helper_8" [87888]]
 9) function=ntdll.dll+0xa3b94
  8) function=ntdll.dll+0x696bb
  7) function=KERNELBASE.dll+0x6eaa9
  6) function=CrySystem.dll+0x58c02a
  5) function=CrySystem.dll+0x2115ae
  4) function=ucrtbase.dll+0x29333
  3) function=KERNEL32.DLL+0x1257d
  2) function=ntdll.dll+0x5af28
  1) function=ntdll.dll+0x5af28
 

Call Stack: ["JobSystem_Helper_9" [71580]]
 9) function=ntdll.dll+0xa3b94
  8) function=ntdll.dll+0x696bb
  7) function=KERNELBASE.dll+0x6eaa9
  6) function=CrySystem.dll+0x58c02a
  5) function=CrySystem.dll+0x2115ae
  4) function=ucrtbase.dll+0x29333
  3) function=KERNEL32.DLL+0x1257d
  2) function=ntdll.dll+0x5af28
  1) function=ntdll.dll+0x5af28
 

Call Stack: ["Streaming File IO HDD" [86408]]
 9) function=ntdll.dll+0xa0024
  8) function=KERNELBASE.dll+0x3952e
  7) function=CrySystem.dll+0x2d71dd
  6) function=CrySystem.dll+0x1ae4b8
  5) function=CrySystem.dll+0x2115ae
  4) function=ucrtbase.dll+0x29333
  3) function=KERNEL32.DLL+0x1257d
  2) function=ntdll.dll+0x5af28
  1) function=ntdll.dll+0x5af28
 

Call Stack: ["Streaming File IO InMemory" [89612]]
 9) function=ntdll.dll+0xa0024
  8) function=KERNELBASE.dll+0x3952e
  7) function=CrySystem.dll+0x2d71dd
  6) function=CrySystem.dll+0x1ae4b8
  5) function=CrySystem.dll+0x2115ae
  4) function=ucrtbase.dll+0x29333
  3) function=KERNEL32.DLL+0x1257d
  2) function=ntdll.dll+0x5af28
  1) function=ntdll.dll+0x5af28
 

Call Stack: ["RenderThread" [29352]]
10) function=ntdll.dll+0xa3b94
  9) function=ntdll.dll+0x696bb
  8) function=KERNELBASE.dll+0x6eaa9
  7) function=CryRenderD3D11.dll+0x3b4c99
  6) function=CryRenderD3D11.dll+0x39d123
  5) function=CryRenderD3D11.dll+0x50bd1d
  4) function=CryRenderD3D11.dll+0x50aafd
  3) function=CrySystem.dll+0x2115ae
  2) function=ucrtbase.dll+0x29333
  1) function=KERNEL32.DLL+0x1257d
 

Call Stack: ["ShaderCompile" [78368]]
 9) function=ntdll.dll+0xa0624
  8) function=ntdll.dll+0x55683
  7) function=KERNELBASE.dll+0x49acd
  6) function=CryRenderD3D11.dll+0x28c9ed
  5) function=CrySystem.dll+0x2115ae
  4) function=ucrtbase.dll+0x29333
  3) function=KERNEL32.DLL+0x1257d
  2) function=ntdll.dll+0x5af28
  1) function=ntdll.dll+0x5af28
 

Call Stack: ["GFxMeshCacheReset" [79500]]
 8) function=ntdll.dll+0xa0024
  7) function=KERNELBASE.dll+0x3952e
  6) function=CrySystem.dll+0x17601c
  5) function=CrySystem.dll+0x2115ae
  4) function=ucrtbase.dll+0x29333
  3) function=KERNEL32.DLL+0x1257d
  2) function=ntdll.dll+0x5af28
  1) function=ntdll.dll+0x5af28
 

Call Stack: ["NetAddressSolver" [89828]]
10) function=ntdll.dll+0xa3b94
  9) function=ntdll.dll+0x696bb
  8) function=KERNELBASE.dll+0x6eaa9
  7) function=CryNetwork.dll+0x25e339
  6) function=CryNetwork.dll+0x144684
  5) function=CrySystem.dll+0x2115ae
  4) function=ucrtbase.dll+0x29333
  3) function=KERNEL32.DLL+0x1257d
  2) function=ntdll.dll+0x5af28
  1) function=ntdll.dll+0x5af28
 

Call Stack: ["ServiceNetwork" [90860]]
 9) function=ntdll.dll+0xa0624
  8) function=ntdll.dll+0x55683
  7) function=KERNELBASE.dll+0x49acd
  6) function=CrySystem.dll+0x5ed025
  5) function=CrySystem.dll+0x2115ae
  4) function=ucrtbase.dll+0x29333
  3) function=KERNEL32.DLL+0x1257d
  2) function=ntdll.dll+0x5af28
  1) function=ntdll.dll+0x5af28
 

Call Stack: ["ZLibCompressor" [76820]]
 8) function=ntdll.dll+0xa0024
  7) function=KERNELBASE.dll+0x3952e
  6) function=CryAction.dll+0x7fe563
  5) function=CrySystem.dll+0x2115ae
  4) function=ucrtbase.dll+0x29333
  3) function=KERNEL32.DLL+0x1257d
  2) function=ntdll.dll+0x5af28
  1) function=ntdll.dll+0x5af28
 

Call Stack: ["InputWorker" [87504]]
 9) function=ntdll.dll+0xa0624
  8) function=ntdll.dll+0x55683
  7) function=KERNELBASE.dll+0x49acd
  6) function=CryInput.dll+0x66d2e
  5) function=CrySystem.dll+0x2115ae
  4) function=ucrtbase.dll+0x29333
  3) function=KERNEL32.DLL+0x1257d
  2) function=ntdll.dll+0x5af28
  1) function=ntdll.dll+0x5af28
 

Call Stack: ["Network" [87848]]
 9) function=ntdll.dll+0xa0024
  8) function=KERNELBASE.dll+0x3952e
  7) function=CryNetwork.dll+0x25e3ad
  6) function=CryNetwork.dll+0x2576df
  5) function=CrySystem.dll+0x2115ae
  4) function=ucrtbase.dll+0x29333
  3) function=KERNEL32.DLL+0x1257d
  2) function=ntdll.dll+0x5af28
  1) function=ntdll.dll+0x5af28
 

Call Stack: ["Physics" [48308]]
 8) function=ntdll.dll+0xa0024
  7) function=KERNELBASE.dll+0x3952e
  6) function=CrySystem.dll+0x3c96e2
  5) function=CrySystem.dll+0x2115ae
  4) function=ucrtbase.dll+0x29333
  3) function=KERNEL32.DLL+0x1257d
  2) function=ntdll.dll+0x5af28
  1) function=ntdll.dll+0x5af28
 

Call Stack: ["PhysicsWorkerThread_0" [88348]]
 8) function=ntdll.dll+0xa0024
  7) function=KERNELBASE.dll+0x3952e
  6) function=CryPhysics.dll+0x2225d8
  5) function=CrySystem.dll+0x2115ae
  4) function=ucrtbase.dll+0x29333
  3) function=KERNEL32.DLL+0x1257d
  2) function=ntdll.dll+0x5af28
  1) function=ntdll.dll+0x5af28
 

Call Stack: ["CaptureCrashScreenShot" [82124]]
10) function=ntdll.dll+0xa3b94
  9) function=ntdll.dll+0x696bb
  8) function=KERNELBASE.dll+0x6eaa9
  7) function=MSVCP140.dll+0x122c5
  6) function=CrySystem.dll+0x2ceff3
  5) function=CrySystem.dll+0x2115ae
  4) function=ucrtbase.dll+0x29333
  3) function=KERNEL32.DLL+0x1257d
  2) function=ntdll.dll+0x5af28
  1) function=ntdll.dll+0x5af28
 

Call Stack: ["AudioMainThread" [45844]]
 8) function=ntdll.dll+0xa0024
  7) function=KERNELBASE.dll+0x3952e
  6) function=CryAudioSystem.dll+0xcfed1
  5) function=CrySystem.dll+0x2115ae
  4) function=ucrtbase.dll+0x29333
  3) function=KERNEL32.DLL+0x1257d
  2) function=ntdll.dll+0x5af28
  1) function=ntdll.dll+0x5af28
 