Exception Code: 0xC0000005
Exception Addr: 0x0033:0x00007FFD588A9575
Exception Module: <Unknown>
Exception Name  : EXCEPTION_ACCESS_VIOLATION
Exception Description: Attempt to read from address 0x0000000000000000
The memory could not be "read"
Exception Code: 0xC0000005
Exception Addr: 0x0033:0x00007FFD588A9575
Exception Module: <Unknown>
Exception Description: EXCEPTION_ACCESS_VIOLATION, Attempt to read from address 0x0000000000000000
The memory could not be "read"
Memory in use: 1467.7MB
Debug Status: 
Out of Memory: 0
MainThread Id: 29476
RenderThread Id: 27212
[Crashed] Thread Id: 29476
[Crashed] ThreadName: Main

[Crashed] Call Stack: ["Main" [29476]]

=============================================================================
17) function=Game.dll+0xc9575
16) function=Game.dll+0xe0584
15) function=Game.dll+0xe89fe
14) function=CryNetwork.dll+0xbca0a
13) function=CryNetwork.dll+0x23deeb
12) function=CryNetwork.dll+0x23b899
11) function=CryNetwork.dll+0x256487
10) function=CrySystem.dll+0x3ce8f6
 9) function=CrySystem.dll+0x35f115
 8) function=CrySystem.dll+0x3b8276
 7) function=CrySystem.dll+0x2fa3ff
 6) function=GameLauncher.exe+0x2293c
 5) function=GameLauncher.exe+0x3d207
 4) function=GameLauncher.exe+0x3e93e
 3) function=KERNEL32.DLL+0x1257d
 2) function=ntdll.dll+0x5af28
 1) function=ntdll.dll+0x5af28
=============================================================================


Call Stack: ["JobSystem_Worker_0 (Blocking)" [4960]]
 8) function=ntdll.dll+0xa0024
  7) function=KERNELBASE.dll+0x3952e
  6) function=CrySystem.dll+0x58bc8a
  5) function=CrySystem.dll+0x2115ae
  4) function=ucrtbase.dll+0x29333
  3) function=KERNEL32.DLL+0x1257d
  2) function=ntdll.dll+0x5af28
  1) function=ntdll.dll+0x5af28
 


Call Stack: ["Streaming AsyncCallback" [28316]]
 8) function=ntdll.dll+0xa0024
  7) function=KERNELBASE.dll+0x3952e
  6) function=CrySystem.dll+0x1b00dd
  5) function=CrySystem.dll+0x2115ae
  4) function=ucrtbase.dll+0x29333
  3) function=KERNEL32.DLL+0x1257d
  2) function=ntdll.dll+0x5af28
  1) function=ntdll.dll+0x5af28
 


Call Stack: ["JobSystem_Worker_0" [19200]]
 9) function=ntdll.dll+0xa3b94
  8) function=ntdll.dll+0x696bb
  7) function=KERNELBASE.dll+0x6eaa9
  6) function=CrySystem.dll+0x58c90f
  5) function=CrySystem.dll+0x2115ae
  4) function=ucrtbase.dll+0x29333
  3) function=KERNEL32.DLL+0x1257d
  2) function=ntdll.dll+0x5af28
  1) function=ntdll.dll+0x5af28
 


Call Stack: ["JobSystem_Worker_1" [32316]]
 9) function=ntdll.dll+0xa3b94
  8) function=ntdll.dll+0x696bb
  7) function=KERNELBASE.dll+0x6eaa9
  6) function=CrySystem.dll+0x58c90f
  5) function=CrySystem.dll+0x2115ae
  4) function=ucrtbase.dll+0x29333
  3) function=KERNEL32.DLL+0x1257d
  2) function=ntdll.dll+0x5af28
  1) function=ntdll.dll+0x5af28
 


Call Stack: ["JobSystem_Worker_2" [32712]]
 9) function=ntdll.dll+0xa3b94
  8) function=ntdll.dll+0x696bb
  7) function=KERNELBASE.dll+0x6eaa9
  6) function=CrySystem.dll+0x58c90f
  5) function=CrySystem.dll+0x2115ae
  4) function=ucrtbase.dll+0x29333
  3) function=KERNEL32.DLL+0x1257d
  2) function=ntdll.dll+0x5af28
  1) function=ntdll.dll+0x5af28
 


Call Stack: ["JobSystem_Worker_3" [29996]]
 9) function=ntdll.dll+0xa3b94
  8) function=ntdll.dll+0x696bb
  7) function=KERNELBASE.dll+0x6eaa9
  6) function=CrySystem.dll+0x58c90f
  5) function=CrySystem.dll+0x2115ae
  4) function=ucrtbase.dll+0x29333
  3) function=KERNEL32.DLL+0x1257d
  2) function=ntdll.dll+0x5af28
  1) function=ntdll.dll+0x5af28
 


Call Stack: ["JobSystem_Worker_4" [33044]]
 9) function=ntdll.dll+0xa3b94
  8) function=ntdll.dll+0x696bb
  7) function=KERNELBASE.dll+0x6eaa9
  6) function=CrySystem.dll+0x58c90f
  5) function=CrySystem.dll+0x2115ae
  4) function=ucrtbase.dll+0x29333
  3) function=KERNEL32.DLL+0x1257d
  2) function=ntdll.dll+0x5af28
  1) function=ntdll.dll+0x5af28
 


Call Stack: ["JobSystem_Worker_5" [26604]]
 9) function=ntdll.dll+0xa3b94
  8) function=ntdll.dll+0x696bb
  7) function=KERNELBASE.dll+0x6eaa9
  6) function=CrySystem.dll+0x58c90f
  5) function=CrySystem.dll+0x2115ae
  4) function=ucrtbase.dll+0x29333
  3) function=KERNEL32.DLL+0x1257d
  2) function=ntdll.dll+0x5af28
  1) function=ntdll.dll+0x5af28
 


Call Stack: ["JobSystem_Worker_6" [26664]]
 9) function=ntdll.dll+0xa3b94
  8) function=ntdll.dll+0x696bb
  7) function=KERNELBASE.dll+0x6eaa9
  6) function=CrySystem.dll+0x58c90f
  5) function=CrySystem.dll+0x2115ae
  4) function=ucrtbase.dll+0x29333
  3) function=KERNEL32.DLL+0x1257d
  2) function=ntdll.dll+0x5af28
  1) function=ntdll.dll+0x5af28
 


Call Stack: ["JobSystem_Worker_7" [29872]]
 9) function=ntdll.dll+0xa3b94
  8) function=ntdll.dll+0x696bb
  7) function=KERNELBASE.dll+0x6eaa9
  6) function=CrySystem.dll+0x58c90f
  5) function=CrySystem.dll+0x2115ae
  4) function=ucrtbase.dll+0x29333
  3) function=KERNEL32.DLL+0x1257d
  2) function=ntdll.dll+0x5af28
  1) function=ntdll.dll+0x5af28
 


Call Stack: ["JobSystem_Helper_8" [12272]]
 9) function=ntdll.dll+0xa3b94
  8) function=ntdll.dll+0x696bb
  7) function=KERNELBASE.dll+0x6eaa9
  6) function=CrySystem.dll+0x58c02a
  5) function=CrySystem.dll+0x2115ae
  4) function=ucrtbase.dll+0x29333
  3) function=KERNEL32.DLL+0x1257d
  2) function=ntdll.dll+0x5af28
  1) function=ntdll.dll+0x5af28
 


Call Stack: ["JobSystem_Helper_9" [29880]]
 9) function=ntdll.dll+0xa3b94
  8) function=ntdll.dll+0x696bb
  7) function=KERNELBASE.dll+0x6eaa9
  6) function=CrySystem.dll+0x58c02a
  5) function=CrySystem.dll+0x2115ae
  4) function=ucrtbase.dll+0x29333
  3) function=KERNEL32.DLL+0x1257d
  2) function=ntdll.dll+0x5af28
  1) function=ntdll.dll+0x5af28
 


Call Stack: ["Streaming File IO HDD" [27576]]
 9) function=ntdll.dll+0xa0024
  8) function=KERNELBASE.dll+0x3952e
  7) function=CrySystem.dll+0x2d71dd
  6) function=CrySystem.dll+0x1ae4b8
  5) function=CrySystem.dll+0x2115ae
  4) function=ucrtbase.dll+0x29333
  3) function=KERNEL32.DLL+0x1257d
  2) function=ntdll.dll+0x5af28
  1) function=ntdll.dll+0x5af28
 


Call Stack: ["Streaming File IO InMemory" [31880]]
 9) function=ntdll.dll+0xa0024
  8) function=KERNELBASE.dll+0x3952e
  7) function=CrySystem.dll+0x2d71dd
  6) function=CrySystem.dll+0x1ae4b8
  5) function=CrySystem.dll+0x2115ae
  4) function=ucrtbase.dll+0x29333
  3) function=KERNEL32.DLL+0x1257d
  2) function=ntdll.dll+0x5af28
  1) function=ntdll.dll+0x5af28
 


Call Stack: ["RenderThread" [27212]]
10) function=ntdll.dll+0xa3b94
  9) function=ntdll.dll+0x696bb
  8) function=KERNELBASE.dll+0x6eaa9
  7) function=CryRenderD3D11.dll+0x3b4c99
  6) function=CryRenderD3D11.dll+0x39d123
  5) function=CryRenderD3D11.dll+0x50bd1d
  4) function=CryRenderD3D11.dll+0x50aafd
  3) function=CrySystem.dll+0x2115ae
  2) function=ucrtbase.dll+0x29333
  1) function=KERNEL32.DLL+0x1257d
 


Call Stack: ["ShaderCompile" [33256]]
 9) function=ntdll.dll+0xa0624
  8) function=ntdll.dll+0x55683
  7) function=KERNELBASE.dll+0x49acd
  6) function=CryRenderD3D11.dll+0x28c9ed
  5) function=CrySystem.dll+0x2115ae
  4) function=ucrtbase.dll+0x29333
  3) function=KERNEL32.DLL+0x1257d
  2) function=ntdll.dll+0x5af28
  1) function=ntdll.dll+0x5af28
 


Call Stack: ["GFxMeshCacheReset" [29780]]
 8) function=ntdll.dll+0xa0024
  7) function=KERNELBASE.dll+0x3952e
  6) function=CrySystem.dll+0x17601c
  5) function=CrySystem.dll+0x2115ae
  4) function=ucrtbase.dll+0x29333
  3) function=KERNEL32.DLL+0x1257d
  2) function=ntdll.dll+0x5af28
  1) function=ntdll.dll+0x5af28
 


Call Stack: ["ServiceNetwork" [30496]]
 9) function=ntdll.dll+0xa0624
  8) function=ntdll.dll+0x55683
  7) function=KERNELBASE.dll+0x49acd
  6) function=CrySystem.dll+0x5ed025
  5) function=CrySystem.dll+0x2115ae
  4) function=ucrtbase.dll+0x29333
  3) function=KERNEL32.DLL+0x1257d
  2) function=ntdll.dll+0x5af28
  1) function=ntdll.dll+0x5af28
 


Call Stack: ["NetAddressSolver" [28296]]
10) function=ntdll.dll+0xa3b94
  9) function=ntdll.dll+0x696bb
  8) function=KERNELBASE.dll+0x6eaa9
  7) function=CryNetwork.dll+0x25e339
  6) function=CryNetwork.dll+0x144684
  5) function=CrySystem.dll+0x2115ae
  4) function=ucrtbase.dll+0x29333
  3) function=KERNEL32.DLL+0x1257d
  2) function=ntdll.dll+0x5af28
  1) function=ntdll.dll+0x5af28
 


Call Stack: ["ZLibCompressor" [2104]]
 8) function=ntdll.dll+0xa0024
  7) function=KERNELBASE.dll+0x3952e
  6) function=CryAction.dll+0x7fe563
  5) function=CrySystem.dll+0x2115ae
  4) function=ucrtbase.dll+0x29333
  3) function=KERNEL32.DLL+0x1257d
  2) function=ntdll.dll+0x5af28
  1) function=ntdll.dll+0x5af28
 


Call Stack: ["InputWorker" [21544]]
 9) function=ntdll.dll+0xa0624
  8) function=ntdll.dll+0x55683
  7) function=KERNELBASE.dll+0x49acd
  6) function=CryInput.dll+0x66d2e
  5) function=CrySystem.dll+0x2115ae
  4) function=ucrtbase.dll+0x29333
  3) function=KERNEL32.DLL+0x1257d
  2) function=ntdll.dll+0x5af28
  1) function=ntdll.dll+0x5af28
 


Call Stack: ["Network" [22244]]
 9) function=ntdll.dll+0xa0024
  8) function=KERNELBASE.dll+0x3952e
  7) function=CryNetwork.dll+0x25e3ad
  6) function=CryNetwork.dll+0x2576df
  5) function=CrySystem.dll+0x2115ae
  4) function=ucrtbase.dll+0x29333
  3) function=KERNEL32.DLL+0x1257d
  2) function=ntdll.dll+0x5af28
  1) function=ntdll.dll+0x5af28
 


Call Stack: ["Physics" [31640]]
 8) function=ntdll.dll+0xa0024
  7) function=KERNELBASE.dll+0x3952e
  6) function=CrySystem.dll+0x3c96e2
  5) function=CrySystem.dll+0x2115ae
  4) function=ucrtbase.dll+0x29333
  3) function=KERNEL32.DLL+0x1257d
  2) function=ntdll.dll+0x5af28
  1) function=ntdll.dll+0x5af28
 


Call Stack: ["PhysicsWorkerThread_0" [29272]]
 8) function=ntdll.dll+0xa0024
  7) function=KERNELBASE.dll+0x3952e
  6) function=CryPhysics.dll+0x2225d8
  5) function=CrySystem.dll+0x2115ae
  4) function=ucrtbase.dll+0x29333
  3) function=KERNEL32.DLL+0x1257d
  2) function=ntdll.dll+0x5af28
  1) function=ntdll.dll+0x5af28
 


Call Stack: ["CaptureCrashScreenShot" [9964]]
10) function=ntdll.dll+0xa3b94
  9) function=ntdll.dll+0x696bb
  8) function=KERNELBASE.dll+0x6eaa9
  7) function=MSVCP140.dll+0x122c5
  6) function=CrySystem.dll+0x2ceff3
  5) function=CrySystem.dll+0x2115ae
  4) function=ucrtbase.dll+0x29333
  3) function=KERNEL32.DLL+0x1257d
  2) function=ntdll.dll+0x5af28
  1) function=ntdll.dll+0x5af28
 


Call Stack: ["AudioMainThread" [29332]]
 8) function=ntdll.dll+0xa0024
  7) function=KERNELBASE.dll+0x3952e
  6) function=CryAudioSystem.dll+0xcfed1
  5) function=CrySystem.dll+0x2115ae
  4) function=ucrtbase.dll+0x29333
  3) function=KERNEL32.DLL+0x1257d
  2) function=ntdll.dll+0x5af28
  1) function=ntdll.dll+0x5af28
 
Attempting to create error screenshot "error.jpg"
----- FAILED TO GET SCREENSHOT -----
Exception Code: 0xC0000005
Exception Addr: 0x0033:0x00007FFB6BA89E37
Exception Module: <Unknown>
Exception Name  : EXCEPTION_ACCESS_VIOLATION
Exception Description: Attempt to read from address 0x0000000000000000
The memory could not be "read"
Exception Code: 0xC0000005
Exception Addr: 0x0033:0x00007FFB6BA89E37
Exception Module: <Unknown>
Exception Description: EXCEPTION_ACCESS_VIOLATION, Attempt to read from address 0x0000000000000000
The memory could not be "read"
Memory in use: 1469.6MB
Debug Status: 
Out of Memory: 0
MainThread Id: 49976
RenderThread Id: 50160
[Crashed] Thread Id: 49976
[Crashed] ThreadName: Main

[Crashed] Call Stack: ["Main" [49976]]

=============================================================================
17) function=Game.dll+0xc9e37
16) function=Game.dll+0xe0ad4
15) function=Game.dll+0xea0de
14) function=CryNetwork.dll+0xbca0a
13) function=CryNetwork.dll+0x23deeb
12) function=CryNetwork.dll+0x23b899
11) function=CryNetwork.dll+0x256487
10) function=CrySystem.dll+0x3ce8f6
 9) function=CrySystem.dll+0x35f115
 8) function=CrySystem.dll+0x3b8276
 7) function=CrySystem.dll+0x2fa3ff
 6) function=GameLauncher.exe+0x2293c
 5) function=GameLauncher.exe+0x3d207
 4) function=GameLauncher.exe+0x3e93e
 3) function=KERNEL32.DLL+0x1257d
 2) function=ntdll.dll+0x5af28
 1) function=ntdll.dll+0x5af28
=============================================================================


Call Stack: ["JobSystem_Worker_0 (Blocking)" [50040]]
 8) function=ntdll.dll+0xa0024
  7) function=KERNELBASE.dll+0x3952e
  6) function=CrySystem.dll+0x58bc8a
  5) function=CrySystem.dll+0x2115ae
  4) function=ucrtbase.dll+0x29333
  3) function=KERNEL32.DLL+0x1257d
  2) function=ntdll.dll+0x5af28
  1) function=ntdll.dll+0x5af28
 


Call Stack: ["Streaming AsyncCallback" [50052]]
 8) function=ntdll.dll+0xa0024
  7) function=KERNELBASE.dll+0x3952e
  6) function=CrySystem.dll+0x1b00dd
  5) function=CrySystem.dll+0x2115ae
  4) function=ucrtbase.dll+0x29333
  3) function=KERNEL32.DLL+0x1257d
  2) function=ntdll.dll+0x5af28
  1) function=ntdll.dll+0x5af28
 


Call Stack: ["JobSystem_Worker_0" [50000]]
 9) function=ntdll.dll+0xa3b94
  8) function=ntdll.dll+0x696bb
  7) function=KERNELBASE.dll+0x6eaa9
  6) function=CrySystem.dll+0x58c90f
  5) function=CrySystem.dll+0x2115ae
  4) function=ucrtbase.dll+0x29333
  3) function=KERNEL32.DLL+0x1257d
  2) function=ntdll.dll+0x5af28
  1) function=ntdll.dll+0x5af28
 


Call Stack: ["JobSystem_Worker_1" [50004]]
 9) function=ntdll.dll+0xa3b94
  8) function=ntdll.dll+0x696bb
  7) function=KERNELBASE.dll+0x6eaa9
  6) function=CrySystem.dll+0x58c90f
  5) function=CrySystem.dll+0x2115ae
  4) function=ucrtbase.dll+0x29333
  3) function=KERNEL32.DLL+0x1257d
  2) function=ntdll.dll+0x5af28
  1) function=ntdll.dll+0x5af28
 


Call Stack: ["JobSystem_Worker_2" [50008]]
 9) function=ntdll.dll+0xa3b94
  8) function=ntdll.dll+0x696bb
  7) function=KERNELBASE.dll+0x6eaa9
  6) function=CrySystem.dll+0x58c90f
  5) function=CrySystem.dll+0x2115ae
  4) function=ucrtbase.dll+0x29333
  3) function=KERNEL32.DLL+0x1257d
  2) function=ntdll.dll+0x5af28
  1) function=ntdll.dll+0x5af28
 


Call Stack: ["JobSystem_Worker_3" [50012]]
 9) function=ntdll.dll+0xa3b94
  8) function=ntdll.dll+0x696bb
  7) function=KERNELBASE.dll+0x6eaa9
  6) function=CrySystem.dll+0x58c90f
  5) function=CrySystem.dll+0x2115ae
  4) function=ucrtbase.dll+0x29333
  3) function=KERNEL32.DLL+0x1257d
  2) function=ntdll.dll+0x5af28
  1) function=ntdll.dll+0x5af28
 


Call Stack: ["JobSystem_Worker_4" [50016]]
 9) function=ntdll.dll+0xa3b94
  8) function=ntdll.dll+0x696bb
  7) function=KERNELBASE.dll+0x6eaa9
  6) function=CrySystem.dll+0x58c90f
  5) function=CrySystem.dll+0x2115ae
  4) function=ucrtbase.dll+0x29333
  3) function=KERNEL32.DLL+0x1257d
  2) function=ntdll.dll+0x5af28
  1) function=ntdll.dll+0x5af28
 


Call Stack: ["JobSystem_Worker_5" [50020]]
 9) function=ntdll.dll+0xa3b94
  8) function=ntdll.dll+0x696bb
  7) function=KERNELBASE.dll+0x6eaa9
  6) function=CrySystem.dll+0x58c90f
  5) function=CrySystem.dll+0x2115ae
  4) function=ucrtbase.dll+0x29333
  3) function=KERNEL32.DLL+0x1257d
  2) function=ntdll.dll+0x5af28
  1) function=ntdll.dll+0x5af28
 


Call Stack: ["JobSystem_Worker_6" [50024]]
 9) function=ntdll.dll+0xa3b94
  8) function=ntdll.dll+0x696bb
  7) function=KERNELBASE.dll+0x6eaa9
  6) function=CrySystem.dll+0x58c90f
  5) function=CrySystem.dll+0x2115ae
  4) function=ucrtbase.dll+0x29333
  3) function=KERNEL32.DLL+0x1257d
  2) function=ntdll.dll+0x5af28
  1) function=ntdll.dll+0x5af28
 


Call Stack: ["JobSystem_Worker_7" [50028]]
 9) function=ntdll.dll+0xa3b94
  8) function=ntdll.dll+0x696bb
  7) function=KERNELBASE.dll+0x6eaa9
  6) function=CrySystem.dll+0x58c90f
  5) function=CrySystem.dll+0x2115ae
  4) function=ucrtbase.dll+0x29333
  3) function=KERNEL32.DLL+0x1257d
  2) function=ntdll.dll+0x5af28
  1) function=ntdll.dll+0x5af28
 


Call Stack: ["JobSystem_Helper_8" [50032]]
 9) function=ntdll.dll+0xa3b94
  8) function=ntdll.dll+0x696bb
  7) function=KERNELBASE.dll+0x6eaa9
  6) function=CrySystem.dll+0x58c02a
  5) function=CrySystem.dll+0x2115ae
  4) function=ucrtbase.dll+0x29333
  3) function=KERNEL32.DLL+0x1257d
  2) function=ntdll.dll+0x5af28
  1) function=ntdll.dll+0x5af28
 


Call Stack: ["JobSystem_Helper_9" [50036]]
 9) function=ntdll.dll+0xa3b94
  8) function=ntdll.dll+0x696bb
  7) function=KERNELBASE.dll+0x6eaa9
  6) function=CrySystem.dll+0x58c02a
  5) function=CrySystem.dll+0x2115ae
  4) function=ucrtbase.dll+0x29333
  3) function=KERNEL32.DLL+0x1257d
  2) function=ntdll.dll+0x5af28
  1) function=ntdll.dll+0x5af28
 


Call Stack: ["Streaming File IO HDD" [50044]]
 9) function=ntdll.dll+0xa0024
  8) function=KERNELBASE.dll+0x3952e
  7) function=CrySystem.dll+0x2d71dd
  6) function=CrySystem.dll+0x1ae4b8
  5) function=CrySystem.dll+0x2115ae
  4) function=ucrtbase.dll+0x29333
  3) function=KERNEL32.DLL+0x1257d
  2) function=ntdll.dll+0x5af28
  1) function=ntdll.dll+0x5af28
 


Call Stack: ["Streaming File IO InMemory" [50048]]
 9) function=ntdll.dll+0xa0024
  8) function=KERNELBASE.dll+0x3952e
  7) function=CrySystem.dll+0x2d71dd
  6) function=CrySystem.dll+0x1ae4b8
  5) function=CrySystem.dll+0x2115ae
  4) function=ucrtbase.dll+0x29333
  3) function=KERNEL32.DLL+0x1257d
  2) function=ntdll.dll+0x5af28
  1) function=ntdll.dll+0x5af28
 


Call Stack: ["RenderThread" [50160]]
10) function=ntdll.dll+0xa3b94
  9) function=ntdll.dll+0x696bb
  8) function=KERNELBASE.dll+0x6eaa9
  7) function=CryRenderD3D11.dll+0x3b4c99
  6) function=CryRenderD3D11.dll+0x39d123
  5) function=CryRenderD3D11.dll+0x50bd1d
  4) function=CryRenderD3D11.dll+0x50aafd
  3) function=CrySystem.dll+0x2115ae
  2) function=ucrtbase.dll+0x29333
  1) function=KERNEL32.DLL+0x1257d
 


Call Stack: ["ShaderCompile" [50164]]
 9) function=ntdll.dll+0xa0624
  8) function=ntdll.dll+0x55683
  7) function=KERNELBASE.dll+0x49acd
  6) function=CryRenderD3D11.dll+0x28c9ed
  5) function=CrySystem.dll+0x2115ae
  4) function=ucrtbase.dll+0x29333
  3) function=KERNEL32.DLL+0x1257d
  2) function=ntdll.dll+0x5af28
  1) function=ntdll.dll+0x5af28
 


Call Stack: ["GFxMeshCacheReset" [25552]]
 8) function=ntdll.dll+0xa0024
  7) function=KERNELBASE.dll+0x3952e
  6) function=CrySystem.dll+0x17601c
  5) function=CrySystem.dll+0x2115ae
  4) function=ucrtbase.dll+0x29333
  3) function=KERNEL32.DLL+0x1257d
  2) function=ntdll.dll+0x5af28
  1) function=ntdll.dll+0x5af28
 


Call Stack: ["ServiceNetwork" [38420]]
 9) function=ntdll.dll+0xa0624
  8) function=ntdll.dll+0x55683
  7) function=KERNELBASE.dll+0x49acd
  6) function=CrySystem.dll+0x5ed025
  5) function=CrySystem.dll+0x2115ae
  4) function=ucrtbase.dll+0x29333
  3) function=KERNEL32.DLL+0x1257d
  2) function=ntdll.dll+0x5af28
  1) function=ntdll.dll+0x5af28
 


Call Stack: ["NetAddressSolver" [4960]]
10) function=ntdll.dll+0xa3b94
  9) function=ntdll.dll+0x696bb
  8) function=KERNELBASE.dll+0x6eaa9
  7) function=CryNetwork.dll+0x25e339
  6) function=CryNetwork.dll+0x144684
  5) function=CrySystem.dll+0x2115ae
  4) function=ucrtbase.dll+0x29333
  3) function=KERNEL32.DLL+0x1257d
  2) function=ntdll.dll+0x5af28
  1) function=ntdll.dll+0x5af28
 


Call Stack: ["ZLibCompressor" [47264]]
 8) function=ntdll.dll+0xa0024
  7) function=KERNELBASE.dll+0x3952e
  6) function=CryAction.dll+0x7fe563
  5) function=CrySystem.dll+0x2115ae
  4) function=ucrtbase.dll+0x29333
  3) function=KERNEL32.DLL+0x1257d
  2) function=ntdll.dll+0x5af28
  1) function=ntdll.dll+0x5af28
 


Call Stack: ["InputWorker" [30428]]
 9) function=ntdll.dll+0xa0624
  8) function=ntdll.dll+0x55683
  7) function=KERNELBASE.dll+0x49acd
  6) function=CryInput.dll+0x66d2e
  5) function=CrySystem.dll+0x2115ae
  4) function=ucrtbase.dll+0x29333
  3) function=KERNEL32.DLL+0x1257d
  2) function=ntdll.dll+0x5af28
  1) function=ntdll.dll+0x5af28
 


Call Stack: ["Network" [49336]]
 9) function=ntdll.dll+0xa0024
  8) function=KERNELBASE.dll+0x3952e
  7) function=CryNetwork.dll+0x25e3ad
  6) function=CryNetwork.dll+0x2576df
  5) function=CrySystem.dll+0x2115ae
  4) function=ucrtbase.dll+0x29333
  3) function=KERNEL32.DLL+0x1257d
  2) function=ntdll.dll+0x5af28
  1) function=ntdll.dll+0x5af28
 


Call Stack: ["Physics" [29400]]
 8) function=ntdll.dll+0xa0024
  7) function=KERNELBASE.dll+0x3952e
  6) function=CrySystem.dll+0x3c96e2
  5) function=CrySystem.dll+0x2115ae
  4) function=ucrtbase.dll+0x29333
  3) function=KERNEL32.DLL+0x1257d
  2) function=ntdll.dll+0x5af28
  1) function=ntdll.dll+0x5af28
 


Call Stack: ["PhysicsWorkerThread_0" [49456]]
 8) function=ntdll.dll+0xa0024
  7) function=KERNELBASE.dll+0x3952e
  6) function=CryPhysics.dll+0x2225d8
  5) function=CrySystem.dll+0x2115ae
  4) function=ucrtbase.dll+0x29333
  3) function=KERNEL32.DLL+0x1257d
  2) function=ntdll.dll+0x5af28
  1) function=ntdll.dll+0x5af28
 


Call Stack: ["CaptureCrashScreenShot" [49992]]
10) function=ntdll.dll+0xa3b94
  9) function=ntdll.dll+0x696bb
  8) function=KERNELBASE.dll+0x6eaa9
  7) function=MSVCP140.dll+0x122c5
  6) function=CrySystem.dll+0x2ceff3
  5) function=CrySystem.dll+0x2115ae
  4) function=ucrtbase.dll+0x29333
  3) function=KERNEL32.DLL+0x1257d
  2) function=ntdll.dll+0x5af28
  1) function=ntdll.dll+0x5af28
 


Call Stack: ["AudioMainThread" [50056]]
 8) function=ntdll.dll+0xa0024
  7) function=KERNELBASE.dll+0x3952e
  6) function=CryAudioSystem.dll+0xcfed1
  5) function=CrySystem.dll+0x2115ae
  4) function=ucrtbase.dll+0x29333
  3) function=KERNEL32.DLL+0x1257d
  2) function=ntdll.dll+0x5af28
  1) function=ntdll.dll+0x5af28
 
Attempting to create error screenshot "error.jpg"
----- FAILED TO GET SCREENSHOT -----
