SKEL NumRefs: 2
Exception Code: FATAL_ERROR
Exception Addr: 
Exception Module: 
Exception Name  : FATAL_ERROR
Exception Description: 
Exception Code: FATAL_ERROR
Exception Addr: 
Exception Module: 
Exception Description: FATAL_ERROR, 
Memory in use: 357.3MB
Debug Status: 
Out of Memory: 0
MainThread Id: 62788
[Crashed] Thread Id: 62788
[Crashed] ThreadName: Main

[Crashed] Call Stack: ["Main" [62788]]

=============================================================================
25) function=CrySystem.dll+0x67aa13
24) function=CrySystem.dll+0x294f51
23) function=CrySystem.dll+0x37295e
22) function=CryAnimation.dll+0xb2741
21) function=CryAnimation.dll+0x38ee41
20) function=CryAnimation.dll+0x38d6ff
19) function=Cry3DEngine.dll+0x2209f4
18) function=Cry3DEngine.dll+0x2b60b3
17) function=CryAction.dll+0x4b9d69
16) function=CryAction.dll+0x4cb229
15) function=CryAction.dll+0x783b36
14) function=CryNetwork.dll+0x30d86c
13) function=CryNetwork.dll+0x2e34b4
12) function=CryNetwork.dll+0x23df3a
11) function=CryNetwork.dll+0x2565de
10) function=CrySystem.dll+0x3ce8f6
 9) function=CrySystem.dll+0x35f115
 8) function=CrySystem.dll+0x3b8276
 7) function=CrySystem.dll+0x2fa3ff
 6) function=Game_Server.exe+0x22a9c
 5) function=Game_Server.exe+0x3d514
 4) function=Game_Server.exe+0x3ec9e
 3) function=KERNEL32.DLL+0x1257d
 2) function=ntdll.dll+0x5af28
 1) function=ntdll.dll+0x5af28
=============================================================================


Call Stack: ["WindowsConsoleInput" [59944]]
 9) function=ntdll.dll+0xa0af4
  8) function=KERNELBASE.dll+0x56089
  7) function=KERNELBASE.dll+0x55f8e
  6) function=CrySystem.dll+0x3c9c0f
  5) function=CrySystem.dll+0x2115ae
  4) function=ucrtbase.dll+0x29333
  3) function=KERNEL32.DLL+0x1257d
  2) function=ntdll.dll+0x5af28
  1) function=ntdll.dll+0x5af28
 


Call Stack: ["JobSystem_Worker_0 (Blocking)" [53856]]
 8) function=ntdll.dll+0xa0024
  7) function=KERNELBASE.dll+0x3952e
  6) function=CrySystem.dll+0x58b211
  5) function=CrySystem.dll+0x2115ae
  4) function=ucrtbase.dll+0x29333
  3) function=KERNEL32.DLL+0x1257d
  2) function=ntdll.dll+0x5af28
  1) function=ntdll.dll+0x5af28
 


Call Stack: ["Streaming AsyncCallback" [27376]]
 8) function=ntdll.dll+0xa0024
  7) function=KERNELBASE.dll+0x3952e
  6) function=CrySystem.dll+0x1b00dd
  5) function=CrySystem.dll+0x2115ae
  4) function=ucrtbase.dll+0x29333
  3) function=KERNEL32.DLL+0x1257d
  2) function=ntdll.dll+0x5af28
  1) function=ntdll.dll+0x5af28
 


Call Stack: ["JobSystem_Worker_0" [28296]]
 9) function=ntdll.dll+0xa3b94
  8) function=ntdll.dll+0x696bb
  7) function=KERNELBASE.dll+0x6eaa9
  6) function=CrySystem.dll+0x58c90f
  5) function=CrySystem.dll+0x2115ae
  4) function=ucrtbase.dll+0x29333
  3) function=KERNEL32.DLL+0x1257d
  2) function=ntdll.dll+0x5af28
  1) function=ntdll.dll+0x5af28
 


Call Stack: ["JobSystem_Worker_1" [54560]]
 9) function=ntdll.dll+0xa3b94
  8) function=ntdll.dll+0x696bb
  7) function=KERNELBASE.dll+0x6eaa9
  6) function=CrySystem.dll+0x58c90f
  5) function=CrySystem.dll+0x2115ae
  4) function=ucrtbase.dll+0x29333
  3) function=KERNEL32.DLL+0x1257d
  2) function=ntdll.dll+0x5af28
  1) function=ntdll.dll+0x5af28
 


Call Stack: ["JobSystem_Worker_2" [61448]]
 9) function=ntdll.dll+0xa3b94
  8) function=ntdll.dll+0x696bb
  7) function=KERNELBASE.dll+0x6eaa9
  6) function=CrySystem.dll+0x58c90f
  5) function=CrySystem.dll+0x2115ae
  4) function=ucrtbase.dll+0x29333
  3) function=KERNEL32.DLL+0x1257d
  2) function=ntdll.dll+0x5af28
  1) function=ntdll.dll+0x5af28
 


Call Stack: ["JobSystem_Worker_3" [34340]]
 9) function=ntdll.dll+0xa3b94
  8) function=ntdll.dll+0x696bb
  7) function=KERNELBASE.dll+0x6eaa9
  6) function=CrySystem.dll+0x58c90f
  5) function=CrySystem.dll+0x2115ae
  4) function=ucrtbase.dll+0x29333
  3) function=KERNEL32.DLL+0x1257d
  2) function=ntdll.dll+0x5af28
  1) function=ntdll.dll+0x5af28
 


Call Stack: ["JobSystem_Worker_4" [9652]]
 9) function=ntdll.dll+0xa3b94
  8) function=ntdll.dll+0x696bb
  7) function=KERNELBASE.dll+0x6eaa9
  6) function=CrySystem.dll+0x58c90f
  5) function=CrySystem.dll+0x2115ae
  4) function=ucrtbase.dll+0x29333
  3) function=KERNEL32.DLL+0x1257d
  2) function=ntdll.dll+0x5af28
  1) function=ntdll.dll+0x5af28
 


Call Stack: ["JobSystem_Worker_5" [33816]]
 9) function=ntdll.dll+0xa3b94
  8) function=ntdll.dll+0x696bb
  7) function=KERNELBASE.dll+0x6eaa9
  6) function=CrySystem.dll+0x58c90f
  5) function=CrySystem.dll+0x2115ae
  4) function=ucrtbase.dll+0x29333
  3) function=KERNEL32.DLL+0x1257d
  2) function=ntdll.dll+0x5af28
  1) function=ntdll.dll+0x5af28
 


Call Stack: ["JobSystem_Worker_6" [40944]]
 9) function=ntdll.dll+0xa3b94
  8) function=ntdll.dll+0x696bb
  7) function=KERNELBASE.dll+0x6eaa9
  6) function=CrySystem.dll+0x58c90f
  5) function=CrySystem.dll+0x2115ae
  4) function=ucrtbase.dll+0x29333
  3) function=KERNEL32.DLL+0x1257d
  2) function=ntdll.dll+0x5af28
  1) function=ntdll.dll+0x5af28
 


Call Stack: ["JobSystem_Worker_7" [63152]]
 9) function=ntdll.dll+0xa3b94
  8) function=ntdll.dll+0x696bb
  7) function=KERNELBASE.dll+0x6eaa9
  6) function=CrySystem.dll+0x58c90f
  5) function=CrySystem.dll+0x2115ae
  4) function=ucrtbase.dll+0x29333
  3) function=KERNEL32.DLL+0x1257d
  2) function=ntdll.dll+0x5af28
  1) function=ntdll.dll+0x5af28
 


Call Stack: ["JobSystem_Helper_8" [50968]]
 9) function=ntdll.dll+0xa3b94
  8) function=ntdll.dll+0x696bb
  7) function=KERNELBASE.dll+0x6eaa9
  6) function=CrySystem.dll+0x58c02a
  5) function=CrySystem.dll+0x2115ae
  4) function=ucrtbase.dll+0x29333
  3) function=KERNEL32.DLL+0x1257d
  2) function=ntdll.dll+0x5af28
  1) function=ntdll.dll+0x5af28
 


Call Stack: ["JobSystem_Helper_9" [23076]]
 9) function=ntdll.dll+0xa3b94
  8) function=ntdll.dll+0x696bb
  7) function=KERNELBASE.dll+0x6eaa9
  6) function=CrySystem.dll+0x58c02a
  5) function=CrySystem.dll+0x2115ae
  4) function=ucrtbase.dll+0x29333
  3) function=KERNEL32.DLL+0x1257d
  2) function=ntdll.dll+0x5af28
  1) function=ntdll.dll+0x5af28
 


Call Stack: ["Streaming File IO HDD" [57484]]
 9) function=ntdll.dll+0xa0024
  8) function=KERNELBASE.dll+0x3952e
  7) function=CrySystem.dll+0x2d71dd
  6) function=CrySystem.dll+0x1ae4b8
  5) function=CrySystem.dll+0x2115ae
  4) function=ucrtbase.dll+0x29333
  3) function=KERNEL32.DLL+0x1257d
  2) function=ntdll.dll+0x5af28
  1) function=ntdll.dll+0x5af28
 


Call Stack: ["ServiceNetwork" [57112]]
 9) function=ntdll.dll+0xa0624
  8) function=ntdll.dll+0x55683
  7) function=KERNELBASE.dll+0x49acd
  6) function=CrySystem.dll+0x5ed025
  5) function=CrySystem.dll+0x2115ae
  4) function=ucrtbase.dll+0x29333
  3) function=KERNEL32.DLL+0x1257d
  2) function=ntdll.dll+0x5af28
  1) function=ntdll.dll+0x5af28
 


Call Stack: ["NetAddressSolver" [10028]]
10) function=ntdll.dll+0xa3b94
  9) function=ntdll.dll+0x696bb
  8) function=KERNELBASE.dll+0x6eaa9
  7) function=CryNetwork.dll+0x25e339
  6) function=CryNetwork.dll+0x144684
  5) function=CrySystem.dll+0x2115ae
  4) function=ucrtbase.dll+0x29333
  3) function=KERNEL32.DLL+0x1257d
  2) function=ntdll.dll+0x5af28
  1) function=ntdll.dll+0x5af28
 


Call Stack: ["Network" [58592]]
 9) function=ntdll.dll+0xa0024
  8) function=KERNELBASE.dll+0x3952e
  7) function=CryNetwork.dll+0x25e3ad
  6) function=CryNetwork.dll+0x2576df
  5) function=CrySystem.dll+0x2115ae
  4) function=ucrtbase.dll+0x29333
  3) function=KERNEL32.DLL+0x1257d
  2) function=ntdll.dll+0x5af28
  1) function=ntdll.dll+0x5af28
 


Call Stack: ["NetworkStallTicker" [380]]
 9) function=ntdll.dll+0xa0624
  8) function=ntdll.dll+0x55683
  7) function=KERNELBASE.dll+0x49acd
  6) function=CryAction.dll+0x7a263e
  5) function=CrySystem.dll+0x2115ae
  4) function=ucrtbase.dll+0x29333
  3) function=KERNEL32.DLL+0x1257d
  2) function=ntdll.dll+0x5af28
  1) function=ntdll.dll+0x5af28
 


Call Stack: ["CaptureCrashScreenShot" [31444]]
10) function=ntdll.dll+0xa3b94
  9) function=ntdll.dll+0x696bb
  8) function=KERNELBASE.dll+0x6eaa9
  7) function=MSVCP140.dll+0x122c5
  6) function=CrySystem.dll+0x2ceff3
  5) function=CrySystem.dll+0x2115ae
  4) function=ucrtbase.dll+0x29333
  3) function=KERNEL32.DLL+0x1257d
  2) function=ntdll.dll+0x5af28
  1) function=ntdll.dll+0x5af28
 
SKEL NumRefs: 2
Exception Code: FATAL_ERROR
Exception Addr: 
Exception Module: 
Exception Name  : FATAL_ERROR
Exception Description: 
Exception Code: FATAL_ERROR
Exception Addr: 
Exception Module: 
Exception Description: FATAL_ERROR, 
Memory in use: 370.7MB
Debug Status: 
Out of Memory: 0
MainThread Id: 25116
[Crashed] Thread Id: 25116
[Crashed] ThreadName: Main

[Crashed] Call Stack: ["Main" [25116]]

=============================================================================
25) function=CrySystem.dll+0x67aa13
24) function=CrySystem.dll+0x294f51
23) function=CrySystem.dll+0x37295e
22) function=CryAnimation.dll+0xb2741
21) function=CryAnimation.dll+0x38ee41
20) function=CryAnimation.dll+0x38d6ff
19) function=Cry3DEngine.dll+0x2209f4
18) function=Cry3DEngine.dll+0x2b60b3
17) function=CryAction.dll+0x4b9d69
16) function=CryAction.dll+0x4cb229
15) function=CryAction.dll+0x783b36
14) function=CryNetwork.dll+0x30d86c
13) function=CryNetwork.dll+0x2e34b4
12) function=CryNetwork.dll+0x23df3a
11) function=CryNetwork.dll+0x2565de
10) function=CrySystem.dll+0x3ce8f6
 9) function=CrySystem.dll+0x35f115
 8) function=CrySystem.dll+0x3b8276
 7) function=CrySystem.dll+0x2fa3ff
 6) function=Game_Server.exe+0x22a9c
 5) function=Game_Server.exe+0x3d514
 4) function=Game_Server.exe+0x3ec9e
 3) function=KERNEL32.DLL+0x1257d
 2) function=ntdll.dll+0x5af28
 1) function=ntdll.dll+0x5af28
=============================================================================


Call Stack: ["JobSystem_Worker_0 (Blocking)" [1164]]
 8) function=ntdll.dll+0xa0024
  7) function=KERNELBASE.dll+0x3952e
  6) function=CrySystem.dll+0x58b211
  5) function=CrySystem.dll+0x2115ae
  4) function=ucrtbase.dll+0x29333
  3) function=KERNEL32.DLL+0x1257d
  2) function=ntdll.dll+0x5af28
  1) function=ntdll.dll+0x5af28
 


Call Stack: ["Streaming AsyncCallback" [11444]]
 8) function=ntdll.dll+0xa0024
  7) function=KERNELBASE.dll+0x3952e
  6) function=CrySystem.dll+0x1b00dd
  5) function=CrySystem.dll+0x2115ae
  4) function=ucrtbase.dll+0x29333
  3) function=KERNEL32.DLL+0x1257d
  2) function=ntdll.dll+0x5af28
  1) function=ntdll.dll+0x5af28
 


Call Stack: ["JobSystem_Worker_0" [33508]]
 9) function=ntdll.dll+0xa3b94
  8) function=ntdll.dll+0x696bb
  7) function=KERNELBASE.dll+0x6eaa9
  6) function=CrySystem.dll+0x58c90f
  5) function=CrySystem.dll+0x2115ae
  4) function=ucrtbase.dll+0x29333
  3) function=KERNEL32.DLL+0x1257d
  2) function=ntdll.dll+0x5af28
  1) function=ntdll.dll+0x5af28
 


Call Stack: ["JobSystem_Worker_1" [10780]]
 9) function=ntdll.dll+0xa3b94
  8) function=ntdll.dll+0x696bb
  7) function=KERNELBASE.dll+0x6eaa9
  6) function=CrySystem.dll+0x58c90f
  5) function=CrySystem.dll+0x2115ae
  4) function=ucrtbase.dll+0x29333
  3) function=KERNEL32.DLL+0x1257d
  2) function=ntdll.dll+0x5af28
  1) function=ntdll.dll+0x5af28
 


Call Stack: ["JobSystem_Worker_2" [30156]]
 9) function=ntdll.dll+0xa3b94
  8) function=ntdll.dll+0x696bb
  7) function=KERNELBASE.dll+0x6eaa9
  6) function=CrySystem.dll+0x58c90f
  5) function=CrySystem.dll+0x2115ae
  4) function=ucrtbase.dll+0x29333
  3) function=KERNEL32.DLL+0x1257d
  2) function=ntdll.dll+0x5af28
  1) function=ntdll.dll+0x5af28
 


Call Stack: ["JobSystem_Worker_3" [60884]]
 9) function=ntdll.dll+0xa3b94
  8) function=ntdll.dll+0x696bb
  7) function=KERNELBASE.dll+0x6eaa9
  6) function=CrySystem.dll+0x58c90f
  5) function=CrySystem.dll+0x2115ae
  4) function=ucrtbase.dll+0x29333
  3) function=KERNEL32.DLL+0x1257d
  2) function=ntdll.dll+0x5af28
  1) function=ntdll.dll+0x5af28
 


Call Stack: ["JobSystem_Worker_4" [63016]]
 9) function=ntdll.dll+0xa3b94
  8) function=ntdll.dll+0x696bb
  7) function=KERNELBASE.dll+0x6eaa9
  6) function=CrySystem.dll+0x58c90f
  5) function=CrySystem.dll+0x2115ae
  4) function=ucrtbase.dll+0x29333
  3) function=KERNEL32.DLL+0x1257d
  2) function=ntdll.dll+0x5af28
  1) function=ntdll.dll+0x5af28
 


Call Stack: ["JobSystem_Worker_5" [62816]]
 9) function=ntdll.dll+0xa3b94
  8) function=ntdll.dll+0x696bb
  7) function=KERNELBASE.dll+0x6eaa9
  6) function=CrySystem.dll+0x58c90f
  5) function=CrySystem.dll+0x2115ae
  4) function=ucrtbase.dll+0x29333
  3) function=KERNEL32.DLL+0x1257d
  2) function=ntdll.dll+0x5af28
  1) function=ntdll.dll+0x5af28
 


Call Stack: ["JobSystem_Worker_6" [63232]]
 9) function=ntdll.dll+0xa3b94
  8) function=ntdll.dll+0x696bb
  7) function=KERNELBASE.dll+0x6eaa9
  6) function=CrySystem.dll+0x58c90f
  5) function=CrySystem.dll+0x2115ae
  4) function=ucrtbase.dll+0x29333
  3) function=KERNEL32.DLL+0x1257d
  2) function=ntdll.dll+0x5af28
  1) function=ntdll.dll+0x5af28
 


Call Stack: ["JobSystem_Worker_7" [41400]]
 9) function=ntdll.dll+0xa3b94
  8) function=ntdll.dll+0x696bb
  7) function=KERNELBASE.dll+0x6eaa9
  6) function=CrySystem.dll+0x58c90f
  5) function=CrySystem.dll+0x2115ae
  4) function=ucrtbase.dll+0x29333
  3) function=KERNEL32.DLL+0x1257d
  2) function=ntdll.dll+0x5af28
  1) function=ntdll.dll+0x5af28
 


Call Stack: ["JobSystem_Helper_8" [9776]]
 9) function=ntdll.dll+0xa3b94
  8) function=ntdll.dll+0x696bb
  7) function=KERNELBASE.dll+0x6eaa9
  6) function=CrySystem.dll+0x58c02a
  5) function=CrySystem.dll+0x2115ae
  4) function=ucrtbase.dll+0x29333
  3) function=KERNEL32.DLL+0x1257d
  2) function=ntdll.dll+0x5af28
  1) function=ntdll.dll+0x5af28
 


Call Stack: ["JobSystem_Helper_9" [32824]]
 9) function=ntdll.dll+0xa3b94
  8) function=ntdll.dll+0x696bb
  7) function=KERNELBASE.dll+0x6eaa9
  6) function=CrySystem.dll+0x58c02a
  5) function=CrySystem.dll+0x2115ae
  4) function=ucrtbase.dll+0x29333
  3) function=KERNEL32.DLL+0x1257d
  2) function=ntdll.dll+0x5af28
  1) function=ntdll.dll+0x5af28
 


Call Stack: ["Streaming File IO HDD" [51944]]
 9) function=ntdll.dll+0xa0024
  8) function=KERNELBASE.dll+0x3952e
  7) function=CrySystem.dll+0x2d71dd
  6) function=CrySystem.dll+0x1ae4b8
  5) function=CrySystem.dll+0x2115ae
  4) function=ucrtbase.dll+0x29333
  3) function=KERNEL32.DLL+0x1257d
  2) function=ntdll.dll+0x5af28
  1) function=ntdll.dll+0x5af28
 


Call Stack: ["NetAddressSolver" [50956]]
10) function=ntdll.dll+0xa3b94
  9) function=ntdll.dll+0x696bb
  8) function=KERNELBASE.dll+0x6eaa9
  7) function=CryNetwork.dll+0x25e339
  6) function=CryNetwork.dll+0x144684
  5) function=CrySystem.dll+0x2115ae
  4) function=ucrtbase.dll+0x29333
  3) function=KERNEL32.DLL+0x1257d
  2) function=ntdll.dll+0x5af28
  1) function=ntdll.dll+0x5af28
 


Call Stack: ["ServiceNetwork" [61036]]
 9) function=ntdll.dll+0xa0624
  8) function=ntdll.dll+0x55683
  7) function=KERNELBASE.dll+0x49acd
  6) function=CrySystem.dll+0x5ed025
  5) function=CrySystem.dll+0x2115ae
  4) function=ucrtbase.dll+0x29333
  3) function=KERNEL32.DLL+0x1257d
  2) function=ntdll.dll+0x5af28
  1) function=ntdll.dll+0x5af28
 


Call Stack: ["Network" [51976]]
 9) function=ntdll.dll+0xa0024
  8) function=KERNELBASE.dll+0x3952e
  7) function=CryNetwork.dll+0x25e3ad
  6) function=CryNetwork.dll+0x2576df
  5) function=CrySystem.dll+0x2115ae
  4) function=ucrtbase.dll+0x29333
  3) function=KERNEL32.DLL+0x1257d
  2) function=ntdll.dll+0x5af28
  1) function=ntdll.dll+0x5af28
 


Call Stack: ["PhysicsWorkerThread_0" [9584]]
 8) function=ntdll.dll+0xa0024
  7) function=KERNELBASE.dll+0x3952e
  6) function=CryPhysics.dll+0x2225d8
  5) function=CrySystem.dll+0x2115ae
  4) function=ucrtbase.dll+0x29333
  3) function=KERNEL32.DLL+0x1257d
  2) function=ntdll.dll+0x5af28
  1) function=ntdll.dll+0x5af28
 


Call Stack: ["NetworkStallTicker" [22660]]
 9) function=ntdll.dll+0xa0624
  8) function=ntdll.dll+0x55683
  7) function=KERNELBASE.dll+0x49acd
  6) function=CryAction.dll+0x7a263e
  5) function=CrySystem.dll+0x2115ae
  4) function=ucrtbase.dll+0x29333
  3) function=KERNEL32.DLL+0x1257d
  2) function=ntdll.dll+0x5af28
  1) function=ntdll.dll+0x5af28
 


Call Stack: ["WindowsConsoleInput" [43952]]
 9) function=ntdll.dll+0xa0af4
  8) function=KERNELBASE.dll+0x56089
  7) function=KERNELBASE.dll+0x55f8e
  6) function=CrySystem.dll+0x3c9c0f
  5) function=CrySystem.dll+0x2115ae
  4) function=ucrtbase.dll+0x29333
  3) function=KERNEL32.DLL+0x1257d
  2) function=ntdll.dll+0x5af28
  1) function=ntdll.dll+0x5af28
 


Call Stack: ["CaptureCrashScreenShot" [34044]]
10) function=ntdll.dll+0xa3b94
  9) function=ntdll.dll+0x696bb
  8) function=KERNELBASE.dll+0x6eaa9
  7) function=MSVCP140.dll+0x122c5
  6) function=CrySystem.dll+0x2ceff3
  5) function=CrySystem.dll+0x2115ae
  4) function=ucrtbase.dll+0x29333
  3) function=KERNEL32.DLL+0x1257d
  2) function=ntdll.dll+0x5af28
  1) function=ntdll.dll+0x5af28
 
