BackupNameAttachment=" Build(3146) 23 Jun 24 (00 50 58)"  -- used by backup system

Log Started at Sun Jun 23 00:50:58 2024
Built on May 18 2022 02:19:29
Built for: Windows Version: 0x00000600
Command Line: "C:/Users/mathe/AppData/Local/Programs/CRYENGINE Launcher/Engines/crytek/cryengine-57-lts/5.7.1/bin/win_x64/Sandbox.exe" -project "C:/Users/mathe/Documents/CRYENGINE Projects/cryprototype/Code/../Game.cryproject"
Executable: C:\Users\mathe\AppData\Local\Programs\CRYENGINE Launcher\Engines\crytek\cryengine-57-lts\5.7.1\bin\win_x64\Sandbox.exe
FileVersion: 5.7.1.3146
ProductVersion: 5.7.1.3146
Loading Config file %ENGINEROOT%/system.cfg (c:\users\mathe\appdata\local\programs\cryengine launcher\engines\crytek\cryengine-57-lts\5.7.1\system.cfg)
[Warning] Cannot open Pak file c:\users\mathe\appdata\local\programs\cryengine launcher\engines\crytek\cryengine-57-lts\5.7.1\config.pak
 
con_debug=0 [  ]
con_display_last_messages=0 [  ]
con_font_size=14 [  ]
con_line_buffer_size=1000 [  ]
con_restricted=0 [ RESTRICTEDMODE ]
con_showonload=0 [  ]
 
con_debug=0 [  ]
con_display_last_messages=0 [  ]
con_font_size=14 [  ]
con_line_buffer_size=1000 [  ]
con_restricted=0 [ RESTRICTEDMODE ]
con_showonload=0 [  ]
 
con_debug=0 [  ]
 
con_debug=0 [  ]
Project cryprototype
Using Project Folder C:/Users/mathe/Documents/CRYENGINE Projects/cryprototype
Using Engine Folder C:\Users\mathe\AppData\Local\Programs\CRYENGINE Launcher\Engines\crytek\cryengine-57-lts\5.7.1/
Using Asset Folder c:/users/mathe/documents/cryengine projects/cryprototype/assets

Total number of logical processors: 16
Number of available logical processors: 16
Total number of system cores: 8
Number of cores available to process: 8
 
Processor 0:
  CPU: AMD AMD Ryzen 7 5800X3D 8-Core Processor           
  Family: 15, Model: 1, Stepping: 2, FPU: On-Chip
  Features: FP16, SSE, SSE2, SSE3, SSE4.2, AVX, AVX2, FMA3
 
Processor 1:
  CPU: AMD AMD Ryzen 7 5800X3D 8-Core Processor           
  Family: 15, Model: 1, Stepping: 2, FPU: On-Chip
  Features: FP16, SSE, SSE2, SSE3, SSE4.2, AVX, AVX2, FMA3
 
Processor 2:
  CPU: AMD AMD Ryzen 7 5800X3D 8-Core Processor           
  Family: 15, Model: 1, Stepping: 2, FPU: On-Chip
  Features: FP16, SSE, SSE2, SSE3, SSE4.2, AVX, AVX2, FMA3
 
Processor 3:
  CPU: AMD AMD Ryzen 7 5800X3D 8-Core Processor           
  Family: 15, Model: 1, Stepping: 2, FPU: On-Chip
  Features: FP16, SSE, SSE2, SSE3, SSE4.2, AVX, AVX2, FMA3
 
Processor 4:
  CPU: AMD AMD Ryzen 7 5800X3D 8-Core Processor           
  Family: 15, Model: 1, Stepping: 2, FPU: On-Chip
  Features: FP16, SSE, SSE2, SSE3, SSE4.2, AVX, AVX2, FMA3
 
Processor 5:
  CPU: AMD AMD Ryzen 7 5800X3D 8-Core Processor           
  Family: 15, Model: 1, Stepping: 2, FPU: On-Chip
  Features: FP16, SSE, SSE2, SSE3, SSE4.2, AVX, AVX2, FMA3
 
Processor 6:
  CPU: AMD AMD Ryzen 7 5800X3D 8-Core Processor           
  Family: 15, Model: 1, Stepping: 2, FPU: On-Chip
  Features: FP16, SSE, SSE2, SSE3, SSE4.2, AVX, AVX2, FMA3
 
Processor 7:
  CPU: AMD AMD Ryzen 7 5800X3D 8-Core Processor           
  Family: 15, Model: 1, Stepping: 2, FPU: On-Chip
  Features: FP16, SSE, SSE2, SSE3, SSE4.2, AVX, AVX2, FMA3
 
<00:50:58> creating CVarGroups from directory 'assets/Config/CVarGroups' ...
<00:50:58> creating CVarGroups from directory '%ENGINE%/Config/CVarGroups' ...
<00:50:58> Loading Config file %ENGINE%/Config/CVarGroups/sys_spec_full.cfg (c:\users\mathe\appdata\local\programs\cryengine launcher\engines\crytek\cryengine-57-lts\5.7.1\engine\config\cvargroups\sys_spec_full.cfg)
<00:50:58> Loading Config file %ENGINE%/Config/CVarGroups/sys_spec_gameeffects.cfg (c:\users\mathe\appdata\local\programs\cryengine launcher\engines\crytek\cryengine-57-lts\5.7.1\engine\config\cvargroups\sys_spec_gameeffects.cfg)
<00:50:58> Loading Config file %ENGINE%/Config/CVarGroups/sys_spec_light.cfg (c:\users\mathe\appdata\local\programs\cryengine launcher\engines\crytek\cryengine-57-lts\5.7.1\engine\config\cvargroups\sys_spec_light.cfg)
<00:50:58> Loading Config file %ENGINE%/Config/CVarGroups/sys_spec_objectdetail.cfg (c:\users\mathe\appdata\local\programs\cryengine launcher\engines\crytek\cryengine-57-lts\5.7.1\engine\config\cvargroups\sys_spec_objectdetail.cfg)
<00:50:58> [Error] [CVARS]: [MISSING] [r_UseZPass] specified in console variable group [sys_spec_objectdetail] = [5], but missing from default group
<00:50:58> [Error] [CVARS]: [MISSING] [r_MeshPoolSize] specified in console variable group [sys_spec_objectdetail] = [5], but missing from default group
<00:50:58> [Error] [CVARS]: [MISSING] [r_MeshInstancePoolSize] specified in console variable group [sys_spec_objectdetail] = [5], but missing from default group
<00:50:58> [Error] [CVARS]: [MISSING] [e_StreamCgfPoolSize] specified in console variable group [sys_spec_objectdetail] = [5], but missing from default group
<00:50:58> [Error] [CVARS]: [MISSING] [e_GeomCacheBufferSize] specified in console variable group [sys_spec_objectdetail] = [5], but missing from default group
<00:50:58> [Error] [CVARS]: [MISSING] [r_UseZPass] specified in console variable group [sys_spec_objectdetail] = [6], but missing from default group
<00:50:58> [Error] [CVARS]: [MISSING] [r_MeshPoolSize] specified in console variable group [sys_spec_objectdetail] = [6], but missing from default group
<00:50:58> [Error] [CVARS]: [MISSING] [r_MeshInstancePoolSize] specified in console variable group [sys_spec_objectdetail] = [6], but missing from default group
<00:50:58> [Error] [CVARS]: [MISSING] [e_StreamCgfPoolSize] specified in console variable group [sys_spec_objectdetail] = [6], but missing from default group
<00:50:58> [Error] [CVARS]: [MISSING] [e_GeomCacheBufferSize] specified in console variable group [sys_spec_objectdetail] = [6], but missing from default group
<00:50:58> [Error] [CVARS]: [MISSING] [ca_FacialAnimationRadius] specified in console variable group [sys_spec_objectdetail] = [7], but missing from default group
<00:50:58> [Error] [CVARS]: [MISSING] [ca_StreamCHR] specified in console variable group [sys_spec_objectdetail] = [7], but missing from default group
<00:50:58> [Error] [CVARS]: [MISSING] [ca_FacialAnimationRadius] specified in console variable group [sys_spec_objectdetail] = [8], but missing from default group
<00:50:58> [Error] [CVARS]: [MISSING] [ca_StreamCHR] specified in console variable group [sys_spec_objectdetail] = [8], but missing from default group
<00:50:58> Loading Config file %ENGINE%/Config/CVarGroups/sys_spec_particles.cfg (c:\users\mathe\appdata\local\programs\cryengine launcher\engines\crytek\cryengine-57-lts\5.7.1\engine\config\cvargroups\sys_spec_particles.cfg)
<00:50:58> [Error] [CVARS]: [MISSING] [e_ParticlesPoolSize] specified in console variable group [sys_spec_particles] = [5], but missing from default group
<00:50:58> [Error] [CVARS]: [MISSING] [e_ParticlesVertexPoolSize] specified in console variable group [sys_spec_particles] = [5], but missing from default group
<00:50:58> [Error] [CVARS]: [MISSING] [e_ParticlesPoolSize] specified in console variable group [sys_spec_particles] = [6], but missing from default group
<00:50:58> [Error] [CVARS]: [MISSING] [e_ParticlesVertexPoolSize] specified in console variable group [sys_spec_particles] = [6], but missing from default group
<00:50:58> Loading Config file %ENGINE%/Config/CVarGroups/sys_spec_physics.cfg (c:\users\mathe\appdata\local\programs\cryengine launcher\engines\crytek\cryengine-57-lts\5.7.1\engine\config\cvargroups\sys_spec_physics.cfg)
<00:50:58> [Error] [CVARS]: [MISSING] [p_num_threads] specified in console variable group [sys_spec_physics] = [7], but missing from default group
<00:50:58> [Error] [CVARS]: [MISSING] [p_num_threads] specified in console variable group [sys_spec_physics] = [8], but missing from default group
<00:50:58> Loading Config file %ENGINE%/Config/CVarGroups/sys_spec_postprocessing.cfg (c:\users\mathe\appdata\local\programs\cryengine launcher\engines\crytek\cryengine-57-lts\5.7.1\engine\config\cvargroups\sys_spec_postprocessing.cfg)
<00:50:58> [Error] [CVARS]: [MISSING] [r_HDRBloomQuality] specified in console variable group [sys_spec_postprocessing] = [5], but missing from default group
<00:50:58> [Error] [CVARS]: [MISSING] [r_FlareHQShafts] specified in console variable group [sys_spec_postprocessing] = [5], but missing from default group
<00:50:58> [Error] [CVARS]: [MISSING] [r_AntiAliasingMode] specified in console variable group [sys_spec_postprocessing] = [5], but missing from default group
<00:50:58> [Error] [CVARS]: [MISSING] [r_HDRBloomQuality] specified in console variable group [sys_spec_postprocessing] = [6], but missing from default group
<00:50:58> [Error] [CVARS]: [MISSING] [r_FlareHQShafts] specified in console variable group [sys_spec_postprocessing] = [6], but missing from default group
<00:50:58> [Error] [CVARS]: [MISSING] [r_AntiAliasingMode] specified in console variable group [sys_spec_postprocessing] = [6], but missing from default group
<00:50:58> [Error] [CVARS]: [MISSING] [r_HDRBloomQuality] specified in console variable group [sys_spec_postprocessing] = [7], but missing from default group
<00:50:58> [Error] [CVARS]: [MISSING] [r_FlareHQShafts] specified in console variable group [sys_spec_postprocessing] = [7], but missing from default group
<00:50:58> [Error] [CVARS]: [MISSING] [r_HDRBloomQuality] specified in console variable group [sys_spec_postprocessing] = [8], but missing from default group
<00:50:58> [Error] [CVARS]: [MISSING] [r_FlareHQShafts] specified in console variable group [sys_spec_postprocessing] = [8], but missing from default group
<00:50:58> [Error] [CVARS]: [MISSING] [r_AntiAliasingMode] specified in console variable group [sys_spec_postprocessing] = [8], but missing from default group
<00:50:58> Loading Config file %ENGINE%/Config/CVarGroups/sys_spec_quality.cfg (c:\users\mathe\appdata\local\programs\cryengine launcher\engines\crytek\cryengine-57-lts\5.7.1\engine\config\cvargroups\sys_spec_quality.cfg)
<00:50:58> Loading Config file %ENGINE%/Config/CVarGroups/sys_spec_shading.cfg (c:\users\mathe\appdata\local\programs\cryengine launcher\engines\crytek\cryengine-57-lts\5.7.1\engine\config\cvargroups\sys_spec_shading.cfg)
<00:50:58> [Error] [CVARS]: [MISSING] [r_SSDO] specified in console variable group [sys_spec_shading] = [5], but missing from default group
<00:50:58> [Error] [CVARS]: [MISSING] [r_SSDOColorBleeding] specified in console variable group [sys_spec_shading] = [5], but missing from default group
<00:50:58> [Error] [CVARS]: [MISSING] [r_volumetricfogtexdepth] specified in console variable group [sys_spec_shading] = [5], but missing from default group
<00:50:58> [Error] [CVARS]: [MISSING] [r_volumetricfogtexscale] specified in console variable group [sys_spec_shading] = [5], but missing from default group
<00:50:58> [Error] [CVARS]: [MISSING] [r_DeferredShadingTiled] specified in console variable group [sys_spec_shading] = [5], but missing from default group
<00:50:58> [Error] [CVARS]: [MISSING] [e_svoTI_NumStreamingThreads] specified in console variable group [sys_spec_shading] = [5], but missing from default group
<00:50:58> [Error] [CVARS]: [MISSING] [r_SSDO] specified in console variable group [sys_spec_shading] = [6], but missing from default group
<00:50:58> [Error] [CVARS]: [MISSING] [r_volumetricfogtexdepth] specified in console variable group [sys_spec_shading] = [6], but missing from default group
<00:50:58> [Error] [CVARS]: [MISSING] [r_volumetricfogtexscale] specified in console variable group [sys_spec_shading] = [6], but missing from default group
<00:50:58> [Error] [CVARS]: [MISSING] [r_DeferredShadingTiled] specified in console variable group [sys_spec_shading] = [6], but missing from default group
<00:50:58> [Error] [CVARS]: [MISSING] [e_svoTI_NumStreamingThreads] specified in console variable group [sys_spec_shading] = [6], but missing from default group
<00:50:58> [Error] [CVARS]: [MISSING] [r_SSDO] specified in console variable group [sys_spec_shading] = [7], but missing from default group
<00:50:58> [Error] [CVARS]: [MISSING] [r_volumetricfogtexdepth] specified in console variable group [sys_spec_shading] = [7], but missing from default group
<00:50:58> [Error] [CVARS]: [MISSING] [r_volumetricfogtexscale] specified in console variable group [sys_spec_shading] = [7], but missing from default group
<00:50:58> [Error] [CVARS]: [MISSING] [e_svoTI_NumStreamingThreads] specified in console variable group [sys_spec_shading] = [7], but missing from default group
<00:50:58> [Error] [CVARS]: [MISSING] [r_SSDO] specified in console variable group [sys_spec_shading] = [8], but missing from default group
<00:50:58> [Error] [CVARS]: [MISSING] [r_volumetricfogtexdepth] specified in console variable group [sys_spec_shading] = [8], but missing from default group
<00:50:58> [Error] [CVARS]: [MISSING] [r_volumetricfogtexscale] specified in console variable group [sys_spec_shading] = [8], but missing from default group
<00:50:58> [Error] [CVARS]: [MISSING] [e_svoTI_NumStreamingThreads] specified in console variable group [sys_spec_shading] = [8], but missing from default group
<00:50:58> Loading Config file %ENGINE%/Config/CVarGroups/sys_spec_shadows.cfg (c:\users\mathe\appdata\local\programs\cryengine launcher\engines\crytek\cryengine-57-lts\5.7.1\engine\config\cvargroups\sys_spec_shadows.cfg)
<00:50:58> [Error] [CVARS]: [MISSING] [q_ShaderShadow] specified in console variable group [sys_spec_shadows] = [5], but missing from default group
<00:50:58> [Error] [CVARS]: [MISSING] [r_ShadowsScreenSpace] specified in console variable group [sys_spec_shadows] = [5], but missing from default group
<00:50:58> [Error] [CVARS]: [MISSING] [e_ShadowsClouds] specified in console variable group [sys_spec_shadows] = [5], but missing from default group
<00:50:58> [Error] [CVARS]: [MISSING] [r_ShadowTexFormat] specified in console variable group [sys_spec_shadows] = [5], but missing from default group
<00:50:58> [Error] [CVARS]: [MISSING] [q_ShaderShadow] specified in console variable group [sys_spec_shadows] = [6], but missing from default group
<00:50:58> [Error] [CVARS]: [MISSING] [r_ShadowsScreenSpace] specified in console variable group [sys_spec_shadows] = [6], but missing from default group
<00:50:58> [Error] [CVARS]: [MISSING] [e_ShadowsClouds] specified in console variable group [sys_spec_shadows] = [6], but missing from default group
<00:50:58> [Error] [CVARS]: [MISSING] [r_ShadowTexFormat] specified in console variable group [sys_spec_shadows] = [6], but missing from default group
<00:50:58> [Error] [CVARS]: [MISSING] [q_ShaderShadow] specified in console variable group [sys_spec_shadows] = [7], but missing from default group
<00:50:58> [Error] [CVARS]: [MISSING] [r_ShadowsScreenSpace] specified in console variable group [sys_spec_shadows] = [7], but missing from default group
<00:50:58> [Error] [CVARS]: [MISSING] [e_ShadowsClouds] specified in console variable group [sys_spec_shadows] = [7], but missing from default group
<00:50:58> [Error] [CVARS]: [MISSING] [r_ShadowsStaticMap] specified in console variable group [sys_spec_shadows] = [7], but missing from default group
<00:50:58> [Error] [CVARS]: [MISSING] [q_ShaderShadow] specified in console variable group [sys_spec_shadows] = [8], but missing from default group
<00:50:58> [Error] [CVARS]: [MISSING] [r_ShadowsScreenSpace] specified in console variable group [sys_spec_shadows] = [8], but missing from default group
<00:50:58> [Error] [CVARS]: [MISSING] [e_ShadowsClouds] specified in console variable group [sys_spec_shadows] = [8], but missing from default group
<00:50:58> [Error] [CVARS]: [MISSING] [r_ShadowsStaticMap] specified in console variable group [sys_spec_shadows] = [8], but missing from default group
<00:50:58> Loading Config file %ENGINE%/Config/CVarGroups/sys_spec_sound.cfg (c:\users\mathe\appdata\local\programs\cryengine launcher\engines\crytek\cryengine-57-lts\5.7.1\engine\config\cvargroups\sys_spec_sound.cfg)
<00:50:58> Loading Config file %ENGINE%/Config/CVarGroups/sys_spec_texture.cfg (c:\users\mathe\appdata\local\programs\cryengine launcher\engines\crytek\cryengine-57-lts\5.7.1\engine\config\cvargroups\sys_spec_texture.cfg)
<00:50:58> [Error] [CVARS]: [MISSING] [r_texturesstreaming] specified in console variable group [sys_spec_texture] = [5], but missing from default group
<00:50:58> [Error] [CVARS]: [MISSING] [r_texturesstreampooldefragmentation] specified in console variable group [sys_spec_texture] = [5], but missing from default group
<00:50:58> [Error] [CVARS]: [MISSING] [r_buffer_banksize] specified in console variable group [sys_spec_texture] = [5], but missing from default group
<00:50:58> [Error] [CVARS]: [MISSING] [r_buffer_pool_defrag_static] specified in console variable group [sys_spec_texture] = [5], but missing from default group
<00:50:58> [Error] [CVARS]: [MISSING] [r_buffer_pool_defrag_dynamic] specified in console variable group [sys_spec_texture] = [5], but missing from default group
<00:50:58> [Error] [CVARS]: [MISSING] [r_buffer_pool_defrag_max_moves] specified in console variable group [sys_spec_texture] = [5], but missing from default group
<00:50:58> [Error] [CVARS]: [MISSING] [r_TexturesstreamingMinUsableMips] specified in console variable group [sys_spec_texture] = [5], but missing from default group
<00:50:58> [Error] [CVARS]: [MISSING] [r_TexturesStreamingSkipMips] specified in console variable group [sys_spec_texture] = [5], but missing from default group
<00:50:58> [Error] [CVARS]: [MISSING] [r_TexturesStreamPoolSize] specified in console variable group [sys_spec_texture] = [5], but missing from default group
<00:50:58> [Error] [CVARS]: [MISSING] [r_texturesstreaming] specified in console variable group [sys_spec_texture] = [6], but missing from default group
<00:50:58> [Error] [CVARS]: [MISSING] [r_texturesstreampooldefragmentation] specified in console variable group [sys_spec_texture] = [6], but missing from default group
<00:50:58> [Error] [CVARS]: [MISSING] [r_buffer_banksize] specified in console variable group [sys_spec_texture] = [6], but missing from default group
<00:50:58> [Error] [CVARS]: [MISSING] [r_buffer_pool_defrag_static] specified in console variable group [sys_spec_texture] = [6], but missing from default group
<00:50:58> [Error] [CVARS]: [MISSING] [r_buffer_pool_defrag_dynamic] specified in console variable group [sys_spec_texture] = [6], but missing from default group
<00:50:58> [Error] [CVARS]: [MISSING] [r_buffer_pool_defrag_max_moves] specified in console variable group [sys_spec_texture] = [6], but missing from default group
<00:50:58> [Error] [CVARS]: [MISSING] [r_TexturesstreamingMinUsableMips] specified in console variable group [sys_spec_texture] = [6], but missing from default group
<00:50:58> [Error] [CVARS]: [MISSING] [r_TexturesStreamingSkipMips] specified in console variable group [sys_spec_texture] = [6], but missing from default group
<00:50:58> [Error] [CVARS]: [MISSING] [r_TexturesStreamPoolSize] specified in console variable group [sys_spec_texture] = [6], but missing from default group
<00:50:58> [Error] [CVARS]: [MISSING] [r_texturesstreaming] specified in console variable group [sys_spec_texture] = [7], but missing from default group
<00:50:58> [Error] [CVARS]: [MISSING] [r_TexturesstreamingMinUsableMips] specified in console variable group [sys_spec_texture] = [7], but missing from default group
<00:50:58> [Error] [CVARS]: [MISSING] [r_TexturesStreamingSkipMips] specified in console variable group [sys_spec_texture] = [7], but missing from default group
<00:50:58> [Error] [CVARS]: [MISSING] [r_TexturesStreamPoolSize] specified in console variable group [sys_spec_texture] = [7], but missing from default group
<00:50:58> [Error] [CVARS]: [MISSING] [r_texturesstreaming] specified in console variable group [sys_spec_texture] = [8], but missing from default group
<00:50:58> [Error] [CVARS]: [MISSING] [r_TexturesstreamingMinUsableMips] specified in console variable group [sys_spec_texture] = [8], but missing from default group
<00:50:58> [Error] [CVARS]: [MISSING] [r_TexturesStreamingSkipMips] specified in console variable group [sys_spec_texture] = [8], but missing from default group
<00:50:58> [Error] [CVARS]: [MISSING] [r_TexturesStreamPoolSize] specified in console variable group [sys_spec_texture] = [8], but missing from default group
<00:50:58> Loading Config file %ENGINE%/Config/CVarGroups/sys_spec_textureresolution.cfg (c:\users\mathe\appdata\local\programs\cryengine launcher\engines\crytek\cryengine-57-lts\5.7.1\engine\config\cvargroups\sys_spec_textureresolution.cfg)
<00:50:58> Loading Config file %ENGINE%/Config/CVarGroups/sys_spec_volumetriceffects.cfg (c:\users\mathe\appdata\local\programs\cryengine launcher\engines\crytek\cryengine-57-lts\5.7.1\engine\config\cvargroups\sys_spec_volumetriceffects.cfg)
<00:50:58> Loading Config file %ENGINE%/Config/CVarGroups/sys_spec_water.cfg (c:\users\mathe\appdata\local\programs\cryengine launcher\engines\crytek\cryengine-57-lts\5.7.1\engine\config\cvargroups\sys_spec_water.cfg)
<00:50:58> <ThreadConfigInfo>: Thread profile loaded: "pc_Common" (%engine%/config/engine_core.thread_config)  
<00:50:58> [Warning] <ThreadConfigInfo>: (pc: 16 core) Unable to find platform config "pc_8". Next valid config found was pc_8.
<00:50:58> <ThreadConfigInfo>: Thread profile loaded: "pc_8" (%engine%/config/engine_core.thread_config)  
<00:50:58> <ThreadConfigInfo>: Thread profile loaded: "pc_Common" (%engine%/config/engine_sandbox.thread_config)  
<00:50:58> [Warning] <ThreadConfigInfo>: (pc: 16 core) Unable to find platform config "pc_8". Next valid config found was pc_8.
<00:50:58> <ThreadConfigInfo>: Thread profile loaded: "pc_8" (%engine%/config/engine_sandbox.thread_config)  
<00:50:58> UDR initialization
<00:50:58> Loading Module CryUDR.dll...
<00:50:58> Initializing CryUDR done, MemUsage=324Kb
<00:50:58> Windows 10 64 bit (build 10.0.22631)
<00:50:58> User name: "mathe"
<00:50:58> System language: Portuguese
<00:50:58> Windows Directory: "C:\Windows"
<00:50:58> Local time is 00:50:58 06/23/24, system running for 7490 minutes
<00:50:58> 32677MB physical memory installed, 21676MB available, 134217727MB virtual memory installed, 33 percent of memory in use
<00:50:58> PageFile usage: 64MB, Working Set: 73MB, Peak PageFile usage: 64MB,
<00:50:58> Current display mode is 2560x1440x32, (Unknown graphics card)
<00:50:58> IBM enhanced (101/102-key) keyboard and 16+ button mouse installed
<00:50:58> --------------------------------------------------------------------------------
<00:50:58> Stream Engine Initialization
<00:50:58> BuildTime: May 18 2022 02:19:29
<00:50:58> Physics initialization
<00:50:58> Loading Module CryPhysics.dll...
<00:50:58> Initializing CryPhysics done, MemUsage=1924Kb
<00:50:58> [Warning] Cannot open Pak file assets\localization\english_xml.pak
<00:50:58> Localized language content(english) not available or modified from the original installation.
<00:50:58> [Warning] Cannot open Pak file assets\localization\english.pak
<00:50:58> Localized language content(english) not available or modified from the original installation.
<00:50:58> [Warning] Cannot open Pak file assets\localization\english.pak
<00:50:58> Localized language content(english) not available or modified from the original installation.
<00:50:58> [Error] <Localization> No localization files found!
<00:50:58> <Audio>: AudioSystem initialization
<00:50:58> Loading Module CryAudioSystem.dll...
<00:50:58> <Audio>: CryAudioImplSDLMixer loaded
<00:50:58> Initializing CryAudioSystem done, MemUsage=3132Kb
<00:50:58> C# Backend initialization
<00:50:58> Loading Module CryMonoBridge.dll...
<00:50:58> Initializing CryMonoBridge done, MemUsage=664Kb
<00:50:58> Loading plug-in CryDefaultEntities
<00:50:58> Loading plug-in CrySensorSystem
<00:50:58> Loading plug-in CryScaleformSchematyc
<00:50:58> Loading plug-in CryPerceptionSystem
<00:50:58> Loading plug-in Game
<00:50:58> [Warning] Unable to load cursor from texture file. Path %ENGINE%/EngineAssets/Textures/Cursor_Green.dds
<00:50:58> Initialized hardware mouse (game is allowed to confine mouse to window)
<00:50:58> Renderer initialization
<00:50:58> Logging video adapters:
<00:50:58> - NVIDIA GeForce RTX 4070 Ti (vendor = 0x10de, device = 0x2782)
<00:50:58>   - Adapter index: 0
<00:50:58>   - Dedicated video memory: 11996 MB
<00:50:58>   - Feature level: D3D 11_1 (SM 5.x)
<00:50:58>   - Displays connected: yes
<00:50:58>   - Suitable rendering device: yes
<00:50:58> - Microsoft Basic Render Driver (vendor = 0x1414, device = 0x008c)
<00:50:58>   - Adapter index: 1
<00:50:58>   - Dedicated video memory: 0 MB
<00:50:58>   - Feature level: D3D 11_1 (SM 5.x)
<00:50:58>   - Displays connected: no
<00:50:58>   - Suitable rendering device: no
<00:50:58> Loading Module CryRenderD3D11.dll...
<00:50:58> CRenderer sizeof(Vec2f16)=4 sizeof(Vec3f16)=8
<00:50:58> Initializing CryRenderD3D11 done, MemUsage=3528Kb
<00:50:58> Initializing Direct3D and creating game window:
<00:50:58> Direct3D driver is creating...
<00:50:58> Crytek Direct3D driver version 3.00 (May 18 2022 <02:19:44>)
<00:50:58> Creating window called 'cryprototype' (32x32)
<00:50:58> D3D Adapter: Description: NVIDIA GeForce RTX 4070 Ti
<00:50:58> D3D Adapter: Driver version (UMD): 32.00.15.5599
<00:50:58> D3D Adapter: VendorId = 0x10DE
<00:50:58> D3D Adapter: DeviceId = 0x2782
<00:50:58> D3D Adapter: SubSysId = 0x40C61458
<00:50:58> D3D Adapter: Revision = 161
<00:50:58> NVAPI: API init ok (0)
<00:50:58> NVAPI: Single GPU system
<00:50:58> NVDBT supported
<00:50:58> D3D Detected: NVIDIA video card
<00:50:58> Active GPUs: 1
<00:50:58> Using pixel texture formats:
<00:50:58>   R8G8B8A8S, mips, RT (blendable) (multi-sampled), sample, gather
<00:50:58>   R8G8B8A8, mips, sRGB, RT (blendable) (multi-sampled), sample, gather
<00:50:58>   A8, mips, RT (blendable) (multi-sampled), sample, gather
<00:50:58>   R8, mips, RT (blendable) (multi-sampled), sample, gather
<00:50:58>   R8S, mips, RT (blendable) (multi-sampled), sample, gather
<00:50:58>   R16, mips, RT (blendable) (multi-sampled), sample (comparable), gather (comparable)
<00:50:58>   R16S, mips, RT (blendable) (multi-sampled), sample, gather
<00:50:58>   R16F, mips, RT (blendable) (multi-sampled), sample, gather
<00:50:58>   R32F, mips, RT (blendable) (multi-sampled), sample (comparable), gather (comparable)
<00:50:58>   R8G8, mips, RT (blendable) (multi-sampled), sample, gather
<00:50:58>   R8G8S, mips, RT (blendable) (multi-sampled), sample, gather
<00:50:58>   R16G16, mips, RT (blendable) (multi-sampled), sample, gather
<00:50:58>   R16G16S, mips, RT (blendable) (multi-sampled), sample, gather
<00:50:58>   R16G16F, mips, RT (blendable) (multi-sampled), sample, gather
<00:50:58>   R32G32F, mips, RT (blendable) (multi-sampled), sample, gather
<00:50:58>   R11G11B10F, mips, RT (blendable) (multi-sampled), sample, gather
<00:50:58>   R10G10B10A2, mips, RT (blendable) (multi-sampled), sample, gather
<00:50:58>   R16G16B16A16, mips, RT (blendable) (multi-sampled), sample, gather
<00:50:58>   R16G16B16A16S, mips, RT (blendable) (multi-sampled), sample, gather
<00:50:58>   R16G16B16A16F, mips, RT (blendable) (multi-sampled), sample, gather
<00:50:58>   R32G32B32A32F, mips, RT (blendable) (multi-sampled), sample, gather
<00:50:58>   BC1, mips, sRGB, sample, gather
<00:50:58>   BC2, mips, sRGB, sample, gather
<00:50:58>   BC3, mips, sRGB, sample, gather
<00:50:58>   BC4, mips, sample, gather
<00:50:58>   BC4S, mips, sample, gather
<00:50:58>   BC5, mips, sample, gather
<00:50:58>   BC5S, mips, sample, gather
<00:50:58>   BC6UH, mips, sample, gather
<00:50:58>   BC6SH, mips, sample, gather
<00:50:58>   BC7, mips, sRGB, sample, gather
<00:50:58>   R9G9B9E5, mips, sample, gather
<00:50:58>   D32FS8 (R32G8T), mips, DS (multi-sampled)
<00:50:58>   D32F (R32T), mips, DS (multi-sampled)
<00:50:58>   D24S8 (R24G8T), mips, DS (multi-sampled)
<00:50:58>   D16 (R16T), mips, DS (multi-sampled)
<00:50:58>   B5G6R5, mips, RT (blendable) (multi-sampled), sample, gather
<00:50:58>   B5G5R5, mips, RT (blendable) (multi-sampled), sample, gather
<00:50:58>   B4G4R4A4, mips, sample, gather
<00:50:58>   B8G8R8A8, mips, sRGB, RT (blendable) (multi-sampled), sample, gather
<00:50:58>   B8G8R8X8, mips, sRGB, RT (blendable) (multi-sampled), sample, gather
<00:50:58>  Renderer DepthBits: 24
<00:50:58>  ****** CryRender InfoDump ******
<00:50:58>  Driver description: NVIDIA GeForce RTX 4070 Ti
<00:50:58>  API Version: Direct3D 11.0
<00:50:58>  Feature level: D3D 11_1
<00:50:58>  Vertex Shaders version 5.1
<00:50:58>  Pixel Shaders version 5.1
<00:50:58>  Full stats: 
<00:50:58>  Rasterizer: Hardware
<00:50:58>  Current Resolution: 0x0x32 Windowed
<00:50:58>  Occlusion queries: Supported
<00:50:58>  Geometry instancing: Supported
<00:50:58>  NormalMaps compression : Supported
<00:50:58>  Gamma control: Hardware
<00:50:58>  Used GeomInstancingThreshold is 8
<00:50:58>  Shader model usage: 'SM.5.0'
<00:50:58>  *****************************************
<00:50:58>  
<00:50:58> Init Shaders
<00:50:58>  General shader quality: Medium
<00:50:58>  Metal shader quality: Medium
<00:50:58>  Glass shader quality: Medium
<00:50:58>  Vegetation shader quality: Medium
<00:50:58>  Ice shader quality: Medium
<00:50:58>  Terrain shader quality: Medium
<00:50:58>  Shadow shader quality: Medium
<00:50:58>  Water shader quality: Medium
<00:50:58>  FX shader quality: Medium
<00:50:58>  PostProcess shader quality: Medium
<00:50:58>  HDR shader quality: Medium
<00:50:58> Render quality: VeryHigh
<00:50:58> Init textures management (11996 Mb of video memory is available)...
<00:50:58>   Enabling of textures streaming...
<00:50:58>   Using 6536 Mb of textures pool for streaming...
<00:50:58>   Video textures: Dynamic managed max size: 48 Mb
<00:50:58>   Finished initializing textures streaming...
<00:50:59> Initializing CryScaleformHelper done, MemUsage=0Kb
<00:50:59> Using Scaleform GFx 3.3.94
<00:50:59>   Using dynamic pool
<00:50:59> [Warning] <ThreadInfo>: Unable to find config for thread:GFxVideo_Decoder_2
<00:50:59> Font initialization
<00:50:59> Loading Module CryFont.dll...
<00:50:59> Using FreeType 2.5.5
<00:50:59> Initializing CryFont done, MemUsage=240Kb
<00:50:59> *** Init system render resources ***
<00:50:59> Loading Module CryNetwork.dll...
<00:50:59> [LagProfiles] Could not load "". 6 default profiles activated.
<00:50:59> [Error] Scheduler policy name should not exceed 4 characters.
<00:50:59> [net] Socket IO management: External [iocp], Internal [iocp]
<00:50:59> network hostname: matheuspc
<00:50:59>   ip:192.168.1.193
<00:50:59> [Network Version]: PROFILE DEVELOPMENT BUILD
<00:50:59> Initializing CryNetwork done, MemUsage=2472Kb
<00:50:59> Loading Module CryMovie.dll...
<00:50:59> Initializing CryMovie done, MemUsage=640Kb
<00:50:59> Engine installed on drive: 
<00:50:59> Time initialization
<00:50:59> Input initialization
<00:50:59> Loading Module CryInput.dll...
<00:50:59> Initializing DirectInput

<00:50:59> Initializing Keyboard

<00:50:59> Input locale changed to 00000416
<00:50:59> Initializing mouse
<00:50:59> Initializing CryInput done, MemUsage=1532Kb
<00:50:59> Initializing Animation System
<00:50:59> Loading Module CryAnimation.dll...
<00:50:59> Initializing CryAnimation done, MemUsage=1964Kb
<00:50:59> Init 3D Engine
<00:50:59> Loading Module Cry3DEngine.dll...
<00:50:59> Sky light: Optical lookup tables loaded off disc.
<00:50:59> Initializing Cry3DEngine done, MemUsage=5680Kb
<00:50:59> Script System Initialization
<00:50:59> Loading Module CryScriptSystem.dll...
<00:50:59> [Warning] [Lua Error] Failed to load script file scripts/common.lua
<00:50:59> Initializing CryScriptSystem done, MemUsage=792Kb
<00:50:59> Schematyc initialization
<00:50:59> Loading Module CrySchematyc.dll...
<00:50:59> Initializing CrySchematyc done, MemUsage=1744Kb
<00:50:59> Entity system initialization
<00:50:59> Loading Module CryEntitySystem.dll...
<00:50:59> Initializing CryEntitySystem done, MemUsage=2176Kb
<00:50:59> LiveCreate initialization
<00:50:59> LiveCreateHost not created, using NULL implementation.
<00:50:59> Dynamic Response System initialization
<00:50:59> Loading Module CryDynamicResponseSystem.dll...
<00:50:59> Initializing CryDynamicResponseSystem done, MemUsage=668Kb
<00:50:59> Loading Module CryFlowGraph.dll...
<00:50:59> Successfully registered flownode 'AI:PerceptionState'
<00:50:59> Successfully registered flownode 'AI:EventListener'
<00:50:59> Initializing CryFlowGraph done, MemUsage=1020Kb
<00:50:59> AI initialization
<00:50:59> Loading Module CryAISystem.dll...
<00:50:59> Initializing CryAISystem done, MemUsage=1568Kb
<00:50:59> Initializing AI System
<00:50:59> AI: [AISYSTEM] Initialization started.
<00:50:59> [Error] [CVARS]: [DUPLICATE] CXConsole::RegisterString(const char*): variable [ai_DebugDrawNavigationQueryListFilterByCaller] is already registered
<00:50:59> [Warning] XML reader: Can't open file (Scripts/AI/Navigation.xml)
<00:50:59> [Warning] AI: Failed to open XML file 'Scripts/AI/Navigation.xml'...
<00:50:59> [Warning] XML reader: Can't open file (Scripts/AI/Communication/CommunicationSystemConfiguration.xml)
<00:50:59> [Warning] AI: Failed to open XML file 'Scripts/AI/Communication/CommunicationSystemConfiguration.xml'...
<00:50:59> [Warning] XML reader: Can't open file (Scripts/AI/lookup.xml)
<00:50:59> [Warning] [Lua Error] Failed to load script file scripts/ai/aiconfig.lua
<00:50:59> Registering CentralInterestManager with EntitySystem
<00:50:59> [Warning] XML reader: Can't open file (Libs/AITargetStimulusConfig.xml)
<00:50:59> [Warning] AI: CTargetTrackManager::Init() Warning: Failed to load configuration file 'Libs/AITargetStimulusConfig.xml'
<00:50:59> Modular behavior tree node 'Sequence' has a class size of 88 bytes.
<00:50:59> Modular behavior tree node 'Selector' has a class size of 88 bytes.
<00:50:59> Modular behavior tree node 'Priority' has a class size of 88 bytes.
<00:50:59> Modular behavior tree node 'Parallel' has a class size of 96 bytes.
<00:50:59> Modular behavior tree node 'Loop' has a class size of 88 bytes.
<00:50:59> Modular behavior tree node 'LoopUntilSuccess' has a class size of 88 bytes.
<00:50:59> Modular behavior tree node 'StateMachine' has a class size of 88 bytes.
<00:50:59> Modular behavior tree node 'SendTransitionEvent' has a class size of 96 bytes.
<00:50:59> Modular behavior tree node 'IfCondition' has a class size of 120 bytes.
<00:50:59> Modular behavior tree node 'AssertCondition' has a class size of 104 bytes.
<00:50:59> Modular behavior tree node 'Timeout' has a class size of 72 bytes.
<00:50:59> Modular behavior tree node 'IfTime' has a class size of 120 bytes.
<00:50:59> Modular behavior tree node 'Wait' has a class size of 72 bytes.
<00:50:59> Modular behavior tree node 'MonitorCondition' has a class size of 104 bytes.
<00:50:59> Modular behavior tree node 'WaitForEvent' has a class size of 104 bytes.
<00:50:59> Modular behavior tree node 'WaitUntilTime' has a class size of 104 bytes.
<00:50:59> Modular behavior tree node 'Fail' has a class size of 64 bytes.
<00:50:59> Modular behavior tree node 'RandomGate' has a class size of 88 bytes.
<00:50:59> Modular behavior tree node 'SendEvent' has a class size of 104 bytes.
<00:50:59> Modular behavior tree node 'SuppressFailure' has a class size of 80 bytes.
<00:50:59> Modular behavior tree node 'AssertTime' has a class size of 104 bytes.
<00:50:59> Modular behavior tree node 'Halt' has a class size of 64 bytes.
<00:50:59> Modular behavior tree node 'Log' has a class size of 72 bytes.
<00:50:59> Modular behavior tree node 'Breakpoint' has a class size of 64 bytes.
<00:50:59> Modular behavior tree node 'AimAroundWhileUsingAMachingGun' has a class size of 72 bytes.
<00:50:59> Modular behavior tree node 'AnimationTagWrapper' has a class size of 96 bytes.
<00:50:59> Modular behavior tree node 'CheckIfTargetCanBeReached' has a class size of 72 bytes.
<00:50:59> Modular behavior tree node 'GoalPipe' has a class size of 72 bytes.
<00:50:59> Modular behavior tree node 'LuaWrapper' has a class size of 112 bytes.
<00:50:59> Modular behavior tree node 'SmartObjectStatesWrapper' has a class size of 96 bytes.
<00:50:59> Modular behavior tree node 'ThrowGrenade' has a class size of 104 bytes.
<00:50:59> Modular behavior tree node 'TurnBody' has a class size of 88 bytes.
<00:50:59> Modular behavior tree node 'AdjustCoverStance' has a class size of 80 bytes.
<00:50:59> Modular behavior tree node 'Aim' has a class size of 80 bytes.
<00:50:59> Modular behavior tree node 'Animate' has a class size of 80 bytes.
<00:50:59> Modular behavior tree node 'AssertLua' has a class size of 616 bytes.
<00:50:59> Modular behavior tree node 'Bubble' has a class size of 88 bytes.
<00:50:59> Modular behavior tree node 'ClearTargets' has a class size of 64 bytes.
<00:50:59> Modular behavior tree node 'Communicate' has a class size of 112 bytes.
<00:50:59> Modular behavior tree node 'ExecuteLua' has a class size of 616 bytes.
<00:50:59> Modular behavior tree node 'GroupScope' has a class size of 96 bytes.
<00:50:59> Modular behavior tree node 'Look' has a class size of 72 bytes.
<00:50:59> Modular behavior tree node 'LuaBehavior' has a class size of 72 bytes.
<00:50:59> Modular behavior tree node 'LuaGate' has a class size of 632 bytes.
<00:50:59> Modular behavior tree node 'Move' has a class size of 264 bytes.
<00:50:59> Modular behavior tree node 'PullDownThreatLevel' has a class size of 64 bytes.
<00:50:59> Modular behavior tree node 'QueryTPS' has a class size of 80 bytes.
<00:50:59> Modular behavior tree node 'SendTransitionSignal' has a class size of 80 bytes.
<00:50:59> Modular behavior tree node 'SetAlertness' has a class size of 72 bytes.
<00:50:59> Modular behavior tree node 'Shoot' has a class size of 104 bytes.
<00:50:59> Modular behavior tree node 'ShootFromCover' has a class size of 80 bytes.
<00:50:59> Modular behavior tree node 'Signal' has a class size of 80 bytes.
<00:50:59> Modular behavior tree node 'Stance' has a class size of 80 bytes.
<00:50:59> Modular behavior tree node 'StopMovement' has a class size of 72 bytes.
<00:50:59> Modular behavior tree node 'Basic_MoveToPosition' has a class size of 248 bytes.
<00:50:59> Modular behavior tree node 'Basic_MoveToCover' has a class size of 248 bytes.
<00:50:59> AI: [AISYSTEM] Initialization finished.
<00:50:59> [Warning] XML reader: Can't open file (Scripts/AI/Cover.xml)
<00:50:59> [Warning] AI: Failed to open XML file 'Scripts/AI/Cover.xml'...
<00:50:59> Initializing additional systems
<00:50:59> Loading Module CryAction.dll...
<00:50:59> [Warning] XML reader: Can't open file (Libs/Levels/leveltypes.xml)
<00:50:59> [Warning] [Lua Error] Failed to load script file Scripts/Entities/Vehicles/VehicleSystem.lua
<00:50:59> [Warning] XML reader: Can't open file (Scripts/Network/StatsConfig.xml)
<00:50:59> Modular behavior tree node 'AnimateFragment' has a class size of 80 bytes.
<00:50:59> [Warning] [Lua Error] Failed to load script file Scripts/Entities/Vehicles/VehiclePartDetached.lua
<00:50:59> Ending game context...
<00:50:59> [Warning] XML reader: Can't open file (Libs/GameForceFeedback/ForceFeedbackEffects.xml)
<00:50:59> [Warning] [ForceFeedback System] Could not load force feedback system data. Invalid XML file 'Libs/GameForceFeedback/ForceFeedbackEffects.xml'! 
<00:50:59> Initializing default materials...
<00:50:59> [Warning] XML reader: Can't open file (materials/material_layers_default.mtl)
<00:50:59> [Warning] [Lua Error] Failed to load script file scripts/main.lua
<00:50:59> [Warning] [CScriptSystem::BeginCall] Function OnInit not found(check for syntax errors or if the file wasn't loaded)
<00:50:59> [Warning] Could not load dialog file assets\Libs\DynamicResponseSystem\DialogLines/dialoglines.dialog
<00:50:59> [Schematyc]: Loading...
<00:50:59> [Schematyc]: Loading settings
<00:50:59> [Warning] XML reader: Can't open file (assets/cryschematycsettings/log_settings.sc_settings)
<00:50:59> [Schematyc]: Loading scripts
<00:50:59> [Schematyc]: Compiling scripts
<00:50:59> [Schematyc]: Loading complete
<00:50:59> [CONSOLE] Executing console command 'exec autoexec.cfg'
<00:50:59> Searching console batch file (try game, config, root): "autoexec.cfg" not found!
<00:50:59> Initializing CryAction done, MemUsage=60420Kb
<00:50:59> failed to find CVar: r_Unlit

<00:50:59> OnSysSpecChange(0)
<00:50:59> Loading Config file %ENGINEROOT%/editor.cfg (c:\users\mathe\appdata\local\programs\cryengine launcher\engines\crytek\cryengine-57-lts\5.7.1\editor.cfg)
<00:50:59> Current Language: Portuguese 
<00:50:59> Windows 10 10.0 (C:\Windows)
<00:50:59> Local time is 00:50:59 06/23/24, system running for 7490 minutes
<00:50:59> 32677MB phys. memory installed, 39364MB paging available
<00:50:59> Current display mode is 2560x1440x32, (Unknown graphics card)
<00:50:59> IBM enhanced (101/102-key) keyboard and 16+ button mouse installed
<00:50:59> --------------------------------------------------------------------------------
<00:50:59> Loading Config file singleplayer.cfg (c:\users\mathe\appdata\local\programs\cryengine launcher\engines\crytek\cryengine-57-lts\5.7.1\engine\config\singleplayer.cfg)
<00:51:00> AI: [AISYSTEM] Initializing AI Actions.
<00:51:00> AI: [AISYSTEM] Initializing Smart Objects.
<00:51:00> [Warning] XML reader: Can't open file (Libs/SmartObjects.xml)
<00:51:00> [Warning] XML reader: Can't open file (Libs/SmartObjects/Templates/SOTemplates.xml)
<00:51:00> Unloading all previous plugins
<00:51:00> Loading plugins...
<00:51:00> Successfully loaded plugin '3DConnexionDriver', version '1'
<00:51:00> Successfully loaded plugin 'CryDesigner', version '1'
<00:51:00> Successfully loaded plugin 'CryTest Runner Plugin', version '1'
<00:51:00> Successfully loaded plugin 'Dependency Graph Plugin', version '1'
<00:51:00> Successfully loaded plugin 'Sample Plugin', version '1'
<00:51:00> Successfully loaded plugin 'Editor Animation', version '1'
<00:51:00> Successfully loaded plugin 'Audio Controls Editor', version '1'
<00:51:00> Successfully loaded plugin 'Behavior Tree Editor', version '1'
<00:51:00> Successfully loaded plugin 'Console', version '1'
<00:51:00> Successfully loaded plugin 'CSharp Editor', version '1'
<00:51:00> Successfully loaded plugin 'Dynamic Response System Editor', version '1'
<00:51:00> Successfully loaded plugin 'Environment Editor', version '1'
<00:51:00> Successfully loaded plugin 'EditorGameSDK', version '1'
<00:51:00> Successfully loaded plugin 'Particle Editor', version '1'
<00:51:00> [SchematycEditor]: Initializing...
<00:51:00> [SchematycEditor]: Fixing up script files
<00:51:00> [SchematycEditor]: Compiling script files
<00:51:00> [SchematycEditor]: Initialization complete
<00:51:00> Successfully loaded plugin 'Schematyc Plugin', version '1'
<00:51:00> Successfully loaded plugin 'EditorSubstance', version '1'
<00:51:00> Successfully loaded plugin 'TrackView', version '1'
<00:51:00> Successfully loaded plugin 'UDR Visualizer (Experimental)', version '1'
<00:51:00> Successfully loaded plugin 'UQS Editor', version '1'
<00:51:00> Successfully loaded plugin 'UQS History', version '1'
<00:51:00> Successfully loaded plugin 'Sample Plugin', version '1'
<00:51:00> Successfully loaded plugin 'FBX Exporter', version '1'
<00:51:00> Successfully loaded plugin 'Material Editor Plugin', version '1'
<00:51:00> Successfully loaded plugin 'MeshImporter', version '1'
<00:51:00> Successfully loaded plugin 'Perforce Plugin', version '1'
<00:51:00> Successfully loaded plugin 'Prefab Plugin', version '1'
<00:51:00> Successfully loaded plugin 'Sandbox Python Bridge', version '0'
<00:51:00> Successfully loaded plugin 'Sample Plugin', version '1'
<00:51:00> Successfully loaded plugin 'Sample Plugin', version '1'
<00:51:00> Asset Browser types: Animated Mesh, Animation, C# script, Character, Environment, Geometry Cache, Level, Material, Mesh, Mesh Animation, Particles, Prefab, Schematyc Entity (Deprecated), Schematyc Library (Deprecated), Script, Skeleton, Skinned Mesh, Sound, Substance Archive, Substance Instance, Texture, Xml, Unknown
<00:51:00> Started game resource files indexing...
<00:51:00> OnSysSpecChange(2)
<00:51:00> Loading Config file config/MedSpec.cfg (c:\users\mathe\appdata\local\programs\cryengine launcher\engines\crytek\cryengine-57-lts\5.7.1\engine\config\medspec.cfg)
<00:51:00> Loading Config file %ENGINEROOT%/editor.cfg (c:\users\mathe\appdata\local\programs\cryengine launcher\engines\crytek\cryengine-57-lts\5.7.1\editor.cfg)
<00:51:00> [CONSOLE] Executing console command 'exec editor.cfg'
<00:51:00> Found console batch file "editor.cfg" at %ENGINEROOT%/editor.cfg
<00:51:00> ca_UseIMG_CAF=0 [  ]
<00:51:00> drs_dialogSubtitles=1 [  ]
<00:51:00> e_StreamCgf=0 [ REQUIRE_APP_RESTART ]
<00:51:00> general.run_file 'C:/Users/mathe/AppData/Local/Programs/CRYENGINE Launcher/Engines/crytek/cryengine-57-lts/5.7.1/Editor/Python/plugins/crytools/startup.py'
<00:51:00> checking C:\Users\mathe\AppData\Local\Programs\CRYENGINE Launcher\Engines\crytek\cryengine-57-lts\5.7.1\Tools\sandbox\init.py
<00:51:00> 
<00:51:00> Loading crytools from C:\Users\mathe\AppData\Local\Programs\CRYENGINE Launcher\Engines\crytek\cryengine-57-lts\5.7.1\Tools\sandbox
<00:51:00> 
<00:51:00> sandbox_tools_path: C:\Users\mathe\AppData\Local\Programs\CRYENGINE Launcher\Engines\crytek\cryengine-57-lts\5.7.1\Tools\sandbox
<00:51:00> 
<00:51:00> Added path: C:\Users\mathe\AppData\Local\Programs\CRYENGINE Launcher\Engines\crytek\cryengine-57-lts\5.7.1\Tools\python\lib\common
<00:51:00> 
<00:51:00> Added path: C:\Users\mathe\AppData\Local\Programs\CRYENGINE Launcher\Engines\crytek\cryengine-57-lts\5.7.1\Tools\sandbox\lib\common
<00:51:00> 
<00:51:00> Added path: C:\Users\mathe\AppData\Local\Programs\CRYENGINE Launcher\Engines\crytek\cryengine-57-lts\5.7.1\Tools\sandbox\tools
<00:51:00> 
<00:51:00> Registered override path : C:\Users\mathe\AppData\Local\Programs\CRYENGINE Launcher\Engines\crytek\cryengine-57-lts\5.7.1\Tools\sandbox\lib\override\common
<00:51:00> 
<00:51:00> Added path: C:\Users\mathe\AppData\Local\Programs\CRYENGINE Launcher\Engines\crytek\cryengine-57-lts\5.7.1\Tools\sandbox\startup
<00:51:00> 
<00:51:00> module loaded: <module 'sandbox_init_script' from 'C:\\Users\\mathe\\AppData\\Local\\Programs\\CRYENGINE Launcher\\Engines\\crytek\\cryengine-57-lts\\5.7.1\\Tools\\sandbox\\init.py'>
<00:51:00> 
<00:51:00> Returned: 