BackupNameAttachment=" Build(3146) 24 Jun 24 (10 08 19)"  -- used by backup system

Log Started at Mon Jun 24 10:08:19 2024
Built on May 18 2022 02:19:29
Built for: Windows Version: 0x00000600
Command Line: "C:/Users/mathe/AppData/Local/Programs/CRYENGINE Launcher/Engines/crytek/cryengine-57-lts/5.7.1/bin/win_x64/Sandbox.exe" -project "C:/Users/mathe/Documents/CRYENGINE Projects/cryprototype/Code/../Game.cryproject"
Executable: C:\Users\mathe\AppData\Local\Programs\CRYENGINE Launcher\Engines\crytek\cryengine-57-lts\5.7.1\bin\win_x64\Sandbox.exe
FileVersion: 5.7.1.3146
ProductVersion: 5.7.1.3146
Loading Config file %ENGINEROOT%/system.cfg (c:\users\mathe\appdata\local\programs\cryengine launcher\engines\crytek\cryengine-57-lts\5.7.1\system.cfg)
[Warning] Cannot open Pak file c:\users\mathe\appdata\local\programs\cryengine launcher\engines\crytek\cryengine-57-lts\5.7.1\config.pak
 
con_debug=0 [  ]
con_display_last_messages=0 [  ]
con_font_size=14 [  ]
con_line_buffer_size=1000 [  ]
con_restricted=0 [ RESTRICTEDMODE ]
con_showonload=0 [  ]
 
con_debug=0 [  ]
con_display_last_messages=0 [  ]
con_font_size=14 [  ]
con_line_buffer_size=1000 [  ]
con_restricted=0 [ RESTRICTEDMODE ]
con_showonload=0 [  ]
 
con_debug=0 [  ]
 
con_debug=0 [  ]
Project cryprototype
Using Project Folder C:/Users/mathe/Documents/CRYENGINE Projects/cryprototype
Using Engine Folder C:\Users\mathe\AppData\Local\Programs\CRYENGINE Launcher\Engines\crytek\cryengine-57-lts\5.7.1/
Using Asset Folder c:/users/mathe/documents/cryengine projects/cryprototype/assets

Total number of logical processors: 16
Number of available logical processors: 16
Total number of system cores: 8
Number of cores available to process: 8
 
Processor 0:
  CPU: AMD AMD Ryzen 7 5800X3D 8-Core Processor           
  Family: 15, Model: 1, Stepping: 2, FPU: On-Chip
  Features: FP16, SSE, SSE2, SSE3, SSE4.2, AVX, AVX2, FMA3
 
Processor 1:
  CPU: AMD AMD Ryzen 7 5800X3D 8-Core Processor           
  Family: 15, Model: 1, Stepping: 2, FPU: On-Chip
  Features: FP16, SSE, SSE2, SSE3, SSE4.2, AVX, AVX2, FMA3
 
Processor 2:
  CPU: AMD AMD Ryzen 7 5800X3D 8-Core Processor           
  Family: 15, Model: 1, Stepping: 2, FPU: On-Chip
  Features: FP16, SSE, SSE2, SSE3, SSE4.2, AVX, AVX2, FMA3
 
Processor 3:
  CPU: AMD AMD Ryzen 7 5800X3D 8-Core Processor           
  Family: 15, Model: 1, Stepping: 2, FPU: On-Chip
  Features: FP16, SSE, SSE2, SSE3, SSE4.2, AVX, AVX2, FMA3
 
Processor 4:
  CPU: AMD AMD Ryzen 7 5800X3D 8-Core Processor           
  Family: 15, Model: 1, Stepping: 2, FPU: On-Chip
  Features: FP16, SSE, SSE2, SSE3, SSE4.2, AVX, AVX2, FMA3
 
Processor 5:
  CPU: AMD AMD Ryzen 7 5800X3D 8-Core Processor           
  Family: 15, Model: 1, Stepping: 2, FPU: On-Chip
  Features: FP16, SSE, SSE2, SSE3, SSE4.2, AVX, AVX2, FMA3
 
Processor 6:
  CPU: AMD AMD Ryzen 7 5800X3D 8-Core Processor           
  Family: 15, Model: 1, Stepping: 2, FPU: On-Chip
  Features: FP16, SSE, SSE2, SSE3, SSE4.2, AVX, AVX2, FMA3
 
Processor 7:
  CPU: AMD AMD Ryzen 7 5800X3D 8-Core Processor           
  Family: 15, Model: 1, Stepping: 2, FPU: On-Chip
  Features: FP16, SSE, SSE2, SSE3, SSE4.2, AVX, AVX2, FMA3
 
<10:08:19> creating CVarGroups from directory 'assets/Config/CVarGroups' ...
<10:08:19> creating CVarGroups from directory '%ENGINE%/Config/CVarGroups' ...
<10:08:19> Loading Config file %ENGINE%/Config/CVarGroups/sys_spec_full.cfg (c:\users\mathe\appdata\local\programs\cryengine launcher\engines\crytek\cryengine-57-lts\5.7.1\engine\config\cvargroups\sys_spec_full.cfg)
<10:08:19> Loading Config file %ENGINE%/Config/CVarGroups/sys_spec_gameeffects.cfg (c:\users\mathe\appdata\local\programs\cryengine launcher\engines\crytek\cryengine-57-lts\5.7.1\engine\config\cvargroups\sys_spec_gameeffects.cfg)
<10:08:19> Loading Config file %ENGINE%/Config/CVarGroups/sys_spec_light.cfg (c:\users\mathe\appdata\local\programs\cryengine launcher\engines\crytek\cryengine-57-lts\5.7.1\engine\config\cvargroups\sys_spec_light.cfg)
<10:08:19> Loading Config file %ENGINE%/Config/CVarGroups/sys_spec_objectdetail.cfg (c:\users\mathe\appdata\local\programs\cryengine launcher\engines\crytek\cryengine-57-lts\5.7.1\engine\config\cvargroups\sys_spec_objectdetail.cfg)
<10:08:19> [Error] [CVARS]: [MISSING] [r_UseZPass] specified in console variable group [sys_spec_objectdetail] = [5], but missing from default group
<10:08:19> [Error] [CVARS]: [MISSING] [r_MeshPoolSize] specified in console variable group [sys_spec_objectdetail] = [5], but missing from default group
<10:08:19> [Error] [CVARS]: [MISSING] [r_MeshInstancePoolSize] specified in console variable group [sys_spec_objectdetail] = [5], but missing from default group
<10:08:19> [Error] [CVARS]: [MISSING] [e_StreamCgfPoolSize] specified in console variable group [sys_spec_objectdetail] = [5], but missing from default group
<10:08:19> [Error] [CVARS]: [MISSING] [e_GeomCacheBufferSize] specified in console variable group [sys_spec_objectdetail] = [5], but missing from default group
<10:08:19> [Error] [CVARS]: [MISSING] [r_UseZPass] specified in console variable group [sys_spec_objectdetail] = [6], but missing from default group
<10:08:19> [Error] [CVARS]: [MISSING] [r_MeshPoolSize] specified in console variable group [sys_spec_objectdetail] = [6], but missing from default group
<10:08:19> [Error] [CVARS]: [MISSING] [r_MeshInstancePoolSize] specified in console variable group [sys_spec_objectdetail] = [6], but missing from default group
<10:08:19> [Error] [CVARS]: [MISSING] [e_StreamCgfPoolSize] specified in console variable group [sys_spec_objectdetail] = [6], but missing from default group
<10:08:19> [Error] [CVARS]: [MISSING] [e_GeomCacheBufferSize] specified in console variable group [sys_spec_objectdetail] = [6], but missing from default group
<10:08:19> [Error] [CVARS]: [MISSING] [ca_FacialAnimationRadius] specified in console variable group [sys_spec_objectdetail] = [7], but missing from default group
<10:08:19> [Error] [CVARS]: [MISSING] [ca_StreamCHR] specified in console variable group [sys_spec_objectdetail] = [7], but missing from default group
<10:08:19> [Error] [CVARS]: [MISSING] [ca_FacialAnimationRadius] specified in console variable group [sys_spec_objectdetail] = [8], but missing from default group
<10:08:19> [Error] [CVARS]: [MISSING] [ca_StreamCHR] specified in console variable group [sys_spec_objectdetail] = [8], but missing from default group
<10:08:19> Loading Config file %ENGINE%/Config/CVarGroups/sys_spec_particles.cfg (c:\users\mathe\appdata\local\programs\cryengine launcher\engines\crytek\cryengine-57-lts\5.7.1\engine\config\cvargroups\sys_spec_particles.cfg)
<10:08:19> [Error] [CVARS]: [MISSING] [e_ParticlesPoolSize] specified in console variable group [sys_spec_particles] = [5], but missing from default group
<10:08:19> [Error] [CVARS]: [MISSING] [e_ParticlesVertexPoolSize] specified in console variable group [sys_spec_particles] = [5], but missing from default group
<10:08:19> [Error] [CVARS]: [MISSING] [e_ParticlesPoolSize] specified in console variable group [sys_spec_particles] = [6], but missing from default group
<10:08:19> [Error] [CVARS]: [MISSING] [e_ParticlesVertexPoolSize] specified in console variable group [sys_spec_particles] = [6], but missing from default group
<10:08:19> Loading Config file %ENGINE%/Config/CVarGroups/sys_spec_physics.cfg (c:\users\mathe\appdata\local\programs\cryengine launcher\engines\crytek\cryengine-57-lts\5.7.1\engine\config\cvargroups\sys_spec_physics.cfg)
<10:08:19> [Error] [CVARS]: [MISSING] [p_num_threads] specified in console variable group [sys_spec_physics] = [7], but missing from default group
<10:08:19> [Error] [CVARS]: [MISSING] [p_num_threads] specified in console variable group [sys_spec_physics] = [8], but missing from default group
<10:08:19> Loading Config file %ENGINE%/Config/CVarGroups/sys_spec_postprocessing.cfg (c:\users\mathe\appdata\local\programs\cryengine launcher\engines\crytek\cryengine-57-lts\5.7.1\engine\config\cvargroups\sys_spec_postprocessing.cfg)
<10:08:19> [Error] [CVARS]: [MISSING] [r_HDRBloomQuality] specified in console variable group [sys_spec_postprocessing] = [5], but missing from default group
<10:08:19> [Error] [CVARS]: [MISSING] [r_FlareHQShafts] specified in console variable group [sys_spec_postprocessing] = [5], but missing from default group
<10:08:19> [Error] [CVARS]: [MISSING] [r_AntiAliasingMode] specified in console variable group [sys_spec_postprocessing] = [5], but missing from default group
<10:08:19> [Error] [CVARS]: [MISSING] [r_HDRBloomQuality] specified in console variable group [sys_spec_postprocessing] = [6], but missing from default group
<10:08:19> [Error] [CVARS]: [MISSING] [r_FlareHQShafts] specified in console variable group [sys_spec_postprocessing] = [6], but missing from default group
<10:08:19> [Error] [CVARS]: [MISSING] [r_AntiAliasingMode] specified in console variable group [sys_spec_postprocessing] = [6], but missing from default group
<10:08:19> [Error] [CVARS]: [MISSING] [r_HDRBloomQuality] specified in console variable group [sys_spec_postprocessing] = [7], but missing from default group
<10:08:19> [Error] [CVARS]: [MISSING] [r_FlareHQShafts] specified in console variable group [sys_spec_postprocessing] = [7], but missing from default group
<10:08:19> [Error] [CVARS]: [MISSING] [r_HDRBloomQuality] specified in console variable group [sys_spec_postprocessing] = [8], but missing from default group
<10:08:19> [Error] [CVARS]: [MISSING] [r_FlareHQShafts] specified in console variable group [sys_spec_postprocessing] = [8], but missing from default group
<10:08:19> [Error] [CVARS]: [MISSING] [r_AntiAliasingMode] specified in console variable group [sys_spec_postprocessing] = [8], but missing from default group
<10:08:19> Loading Config file %ENGINE%/Config/CVarGroups/sys_spec_quality.cfg (c:\users\mathe\appdata\local\programs\cryengine launcher\engines\crytek\cryengine-57-lts\5.7.1\engine\config\cvargroups\sys_spec_quality.cfg)
<10:08:19> Loading Config file %ENGINE%/Config/CVarGroups/sys_spec_shading.cfg (c:\users\mathe\appdata\local\programs\cryengine launcher\engines\crytek\cryengine-57-lts\5.7.1\engine\config\cvargroups\sys_spec_shading.cfg)
<10:08:19> [Error] [CVARS]: [MISSING] [r_SSDO] specified in console variable group [sys_spec_shading] = [5], but missing from default group
<10:08:19> [Error] [CVARS]: [MISSING] [r_SSDOColorBleeding] specified in console variable group [sys_spec_shading] = [5], but missing from default group
<10:08:19> [Error] [CVARS]: [MISSING] [r_volumetricfogtexdepth] specified in console variable group [sys_spec_shading] = [5], but missing from default group
<10:08:19> [Error] [CVARS]: [MISSING] [r_volumetricfogtexscale] specified in console variable group [sys_spec_shading] = [5], but missing from default group
<10:08:19> [Error] [CVARS]: [MISSING] [r_DeferredShadingTiled] specified in console variable group [sys_spec_shading] = [5], but missing from default group
<10:08:19> [Error] [CVARS]: [MISSING] [e_svoTI_NumStreamingThreads] specified in console variable group [sys_spec_shading] = [5], but missing from default group
<10:08:19> [Error] [CVARS]: [MISSING] [r_SSDO] specified in console variable group [sys_spec_shading] = [6], but missing from default group
<10:08:19> [Error] [CVARS]: [MISSING] [r_volumetricfogtexdepth] specified in console variable group [sys_spec_shading] = [6], but missing from default group
<10:08:19> [Error] [CVARS]: [MISSING] [r_volumetricfogtexscale] specified in console variable group [sys_spec_shading] = [6], but missing from default group
<10:08:19> [Error] [CVARS]: [MISSING] [r_DeferredShadingTiled] specified in console variable group [sys_spec_shading] = [6], but missing from default group
<10:08:19> [Error] [CVARS]: [MISSING] [e_svoTI_NumStreamingThreads] specified in console variable group [sys_spec_shading] = [6], but missing from default group
<10:08:19> [Error] [CVARS]: [MISSING] [r_SSDO] specified in console variable group [sys_spec_shading] = [7], but missing from default group
<10:08:19> [Error] [CVARS]: [MISSING] [r_volumetricfogtexdepth] specified in console variable group [sys_spec_shading] = [7], but missing from default group
<10:08:19> [Error] [CVARS]: [MISSING] [r_volumetricfogtexscale] specified in console variable group [sys_spec_shading] = [7], but missing from default group
<10:08:19> [Error] [CVARS]: [MISSING] [e_svoTI_NumStreamingThreads] specified in console variable group [sys_spec_shading] = [7], but missing from default group
<10:08:19> [Error] [CVARS]: [MISSING] [r_SSDO] specified in console variable group [sys_spec_shading] = [8], but missing from default group
<10:08:19> [Error] [CVARS]: [MISSING] [r_volumetricfogtexdepth] specified in console variable group [sys_spec_shading] = [8], but missing from default group
<10:08:19> [Error] [CVARS]: [MISSING] [r_volumetricfogtexscale] specified in console variable group [sys_spec_shading] = [8], but missing from default group
<10:08:19> [Error] [CVARS]: [MISSING] [e_svoTI_NumStreamingThreads] specified in console variable group [sys_spec_shading] = [8], but missing from default group
<10:08:19> Loading Config file %ENGINE%/Config/CVarGroups/sys_spec_shadows.cfg (c:\users\mathe\appdata\local\programs\cryengine launcher\engines\crytek\cryengine-57-lts\5.7.1\engine\config\cvargroups\sys_spec_shadows.cfg)
<10:08:19> [Error] [CVARS]: [MISSING] [q_ShaderShadow] specified in console variable group [sys_spec_shadows] = [5], but missing from default group
<10:08:19> [Error] [CVARS]: [MISSING] [r_ShadowsScreenSpace] specified in console variable group [sys_spec_shadows] = [5], but missing from default group
<10:08:19> [Error] [CVARS]: [MISSING] [e_ShadowsClouds] specified in console variable group [sys_spec_shadows] = [5], but missing from default group
<10:08:19> [Error] [CVARS]: [MISSING] [r_ShadowTexFormat] specified in console variable group [sys_spec_shadows] = [5], but missing from default group
<10:08:19> [Error] [CVARS]: [MISSING] [q_ShaderShadow] specified in console variable group [sys_spec_shadows] = [6], but missing from default group
<10:08:19> [Error] [CVARS]: [MISSING] [r_ShadowsScreenSpace] specified in console variable group [sys_spec_shadows] = [6], but missing from default group
<10:08:19> [Error] [CVARS]: [MISSING] [e_ShadowsClouds] specified in console variable group [sys_spec_shadows] = [6], but missing from default group
<10:08:19> [Error] [CVARS]: [MISSING] [r_ShadowTexFormat] specified in console variable group [sys_spec_shadows] = [6], but missing from default group
<10:08:19> [Error] [CVARS]: [MISSING] [q_ShaderShadow] specified in console variable group [sys_spec_shadows] = [7], but missing from default group
<10:08:19> [Error] [CVARS]: [MISSING] [r_ShadowsScreenSpace] specified in console variable group [sys_spec_shadows] = [7], but missing from default group
<10:08:19> [Error] [CVARS]: [MISSING] [e_ShadowsClouds] specified in console variable group [sys_spec_shadows] = [7], but missing from default group
<10:08:19> [Error] [CVARS]: [MISSING] [r_ShadowsStaticMap] specified in console variable group [sys_spec_shadows] = [7], but missing from default group
<10:08:19> [Error] [CVARS]: [MISSING] [q_ShaderShadow] specified in console variable group [sys_spec_shadows] = [8], but missing from default group
<10:08:19> [Error] [CVARS]: [MISSING] [r_ShadowsScreenSpace] specified in console variable group [sys_spec_shadows] = [8], but missing from default group
<10:08:19> [Error] [CVARS]: [MISSING] [e_ShadowsClouds] specified in console variable group [sys_spec_shadows] = [8], but missing from default group
<10:08:19> [Error] [CVARS]: [MISSING] [r_ShadowsStaticMap] specified in console variable group [sys_spec_shadows] = [8], but missing from default group
<10:08:19> Loading Config file %ENGINE%/Config/CVarGroups/sys_spec_sound.cfg (c:\users\mathe\appdata\local\programs\cryengine launcher\engines\crytek\cryengine-57-lts\5.7.1\engine\config\cvargroups\sys_spec_sound.cfg)
<10:08:19> Loading Config file %ENGINE%/Config/CVarGroups/sys_spec_texture.cfg (c:\users\mathe\appdata\local\programs\cryengine launcher\engines\crytek\cryengine-57-lts\5.7.1\engine\config\cvargroups\sys_spec_texture.cfg)
<10:08:19> [Error] [CVARS]: [MISSING] [r_texturesstreaming] specified in console variable group [sys_spec_texture] = [5], but missing from default group
<10:08:19> [Error] [CVARS]: [MISSING] [r_texturesstreampooldefragmentation] specified in console variable group [sys_spec_texture] = [5], but missing from default group
<10:08:19> [Error] [CVARS]: [MISSING] [r_buffer_banksize] specified in console variable group [sys_spec_texture] = [5], but missing from default group
<10:08:19> [Error] [CVARS]: [MISSING] [r_buffer_pool_defrag_static] specified in console variable group [sys_spec_texture] = [5], but missing from default group
<10:08:19> [Error] [CVARS]: [MISSING] [r_buffer_pool_defrag_dynamic] specified in console variable group [sys_spec_texture] = [5], but missing from default group
<10:08:19> [Error] [CVARS]: [MISSING] [r_buffer_pool_defrag_max_moves] specified in console variable group [sys_spec_texture] = [5], but missing from default group
<10:08:19> [Error] [CVARS]: [MISSING] [r_TexturesstreamingMinUsableMips] specified in console variable group [sys_spec_texture] = [5], but missing from default group
<10:08:19> [Error] [CVARS]: [MISSING] [r_TexturesStreamingSkipMips] specified in console variable group [sys_spec_texture] = [5], but missing from default group
<10:08:19> [Error] [CVARS]: [MISSING] [r_TexturesStreamPoolSize] specified in console variable group [sys_spec_texture] = [5], but missing from default group
<10:08:19> [Error] [CVARS]: [MISSING] [r_texturesstreaming] specified in console variable group [sys_spec_texture] = [6], but missing from default group
<10:08:19> [Error] [CVARS]: [MISSING] [r_texturesstreampooldefragmentation] specified in console variable group [sys_spec_texture] = [6], but missing from default group
<10:08:19> [Error] [CVARS]: [MISSING] [r_buffer_banksize] specified in console variable group [sys_spec_texture] = [6], but missing from default group
<10:08:19> [Error] [CVARS]: [MISSING] [r_buffer_pool_defrag_static] specified in console variable group [sys_spec_texture] = [6], but missing from default group
<10:08:19> [Error] [CVARS]: [MISSING] [r_buffer_pool_defrag_dynamic] specified in console variable group [sys_spec_texture] = [6], but missing from default group
<10:08:19> [Error] [CVARS]: [MISSING] [r_buffer_pool_defrag_max_moves] specified in console variable group [sys_spec_texture] = [6], but missing from default group
<10:08:19> [Error] [CVARS]: [MISSING] [r_TexturesstreamingMinUsableMips] specified in console variable group [sys_spec_texture] = [6], but missing from default group
<10:08:19> [Error] [CVARS]: [MISSING] [r_TexturesStreamingSkipMips] specified in console variable group [sys_spec_texture] = [6], but missing from default group
<10:08:19> [Error] [CVARS]: [MISSING] [r_TexturesStreamPoolSize] specified in console variable group [sys_spec_texture] = [6], but missing from default group
<10:08:19> [Error] [CVARS]: [MISSING] [r_texturesstreaming] specified in console variable group [sys_spec_texture] = [7], but missing from default group
<10:08:19> [Error] [CVARS]: [MISSING] [r_TexturesstreamingMinUsableMips] specified in console variable group [sys_spec_texture] = [7], but missing from default group
<10:08:19> [Error] [CVARS]: [MISSING] [r_TexturesStreamingSkipMips] specified in console variable group [sys_spec_texture] = [7], but missing from default group
<10:08:19> [Error] [CVARS]: [MISSING] [r_TexturesStreamPoolSize] specified in console variable group [sys_spec_texture] = [7], but missing from default group
<10:08:19> [Error] [CVARS]: [MISSING] [r_texturesstreaming] specified in console variable group [sys_spec_texture] = [8], but missing from default group
<10:08:19> [Error] [CVARS]: [MISSING] [r_TexturesstreamingMinUsableMips] specified in console variable group [sys_spec_texture] = [8], but missing from default group
<10:08:19> [Error] [CVARS]: [MISSING] [r_TexturesStreamingSkipMips] specified in console variable group [sys_spec_texture] = [8], but missing from default group
<10:08:19> [Error] [CVARS]: [MISSING] [r_TexturesStreamPoolSize] specified in console variable group [sys_spec_texture] = [8], but missing from default group
<10:08:19> Loading Config file %ENGINE%/Config/CVarGroups/sys_spec_textureresolution.cfg (c:\users\mathe\appdata\local\programs\cryengine launcher\engines\crytek\cryengine-57-lts\5.7.1\engine\config\cvargroups\sys_spec_textureresolution.cfg)
<10:08:19> Loading Config file %ENGINE%/Config/CVarGroups/sys_spec_volumetriceffects.cfg (c:\users\mathe\appdata\local\programs\cryengine launcher\engines\crytek\cryengine-57-lts\5.7.1\engine\config\cvargroups\sys_spec_volumetriceffects.cfg)
<10:08:19> Loading Config file %ENGINE%/Config/CVarGroups/sys_spec_water.cfg (c:\users\mathe\appdata\local\programs\cryengine launcher\engines\crytek\cryengine-57-lts\5.7.1\engine\config\cvargroups\sys_spec_water.cfg)
<10:08:19> <ThreadConfigInfo>: Thread profile loaded: "pc_Common" (%engine%/config/engine_core.thread_config)  
<10:08:19> [Warning] <ThreadConfigInfo>: (pc: 16 core) Unable to find platform config "pc_8". Next valid config found was pc_8.
<10:08:19> <ThreadConfigInfo>: Thread profile loaded: "pc_8" (%engine%/config/engine_core.thread_config)  
<10:08:19> <ThreadConfigInfo>: Thread profile loaded: "pc_Common" (%engine%/config/engine_sandbox.thread_config)  
<10:08:19> [Warning] <ThreadConfigInfo>: (pc: 16 core) Unable to find platform config "pc_8". Next valid config found was pc_8.
<10:08:19> <ThreadConfigInfo>: Thread profile loaded: "pc_8" (%engine%/config/engine_sandbox.thread_config)  
<10:08:19> UDR initialization
<10:08:19> Loading Module CryUDR.dll...
<10:08:19> Initializing CryUDR done, MemUsage=340Kb
<10:08:19> Windows 10 64 bit (build 10.0.22631)
<10:08:19> User name: "mathe"
<10:08:19> System language: Portuguese
<10:08:19> Windows Directory: "C:\Windows"
<10:08:19> Local time is 10:08:19 06/24/24, system running for 16 minutes
<10:08:19> 32677MB physical memory installed, 23821MB available, 134217727MB virtual memory installed, 27 percent of memory in use
<10:08:19> PageFile usage: 65MB, Working Set: 74MB, Peak PageFile usage: 65MB,
<10:08:19> Current display mode is 2560x1440x32, (Unknown graphics card)
<10:08:19> IBM enhanced (101/102-key) keyboard and 16+ button mouse installed
<10:08:19> --------------------------------------------------------------------------------
<10:08:19> Stream Engine Initialization
<10:08:19> BuildTime: May 18 2022 02:19:29
<10:08:19> Physics initialization
<10:08:19> Loading Module CryPhysics.dll...
<10:08:19> Initializing CryPhysics done, MemUsage=1940Kb
<10:08:19> [Warning] Cannot open Pak file assets\localization\english_xml.pak
<10:08:19> Localized language content(english) not available or modified from the original installation.
<10:08:19> [Warning] Cannot open Pak file assets\localization\english.pak
<10:08:19> Localized language content(english) not available or modified from the original installation.
<10:08:19> [Warning] Cannot open Pak file assets\localization\english.pak
<10:08:19> Localized language content(english) not available or modified from the original installation.
<10:08:19> [Error] <Localization> No localization files found!
<10:08:19> <Audio>: AudioSystem initialization
<10:08:19> Loading Module CryAudioSystem.dll...
<10:08:19> <Audio>: CryAudioImplSDLMixer loaded
<10:08:19> Initializing CryAudioSystem done, MemUsage=3184Kb
<10:08:19> C# Backend initialization
<10:08:19> Loading Module CryMonoBridge.dll...
<10:08:19> Initializing CryMonoBridge done, MemUsage=668Kb
<10:08:19> Loading plug-in CryDefaultEntities
<10:08:19> Loading plug-in CrySensorSystem
<10:08:19> Loading plug-in CryScaleformSchematyc
<10:08:19> Loading plug-in CryPerceptionSystem
<10:08:19> Loading plug-in Game
<10:08:19> [Warning] Unable to load cursor from texture file. Path %ENGINE%/EngineAssets/Textures/Cursor_Green.dds
<10:08:19> Initialized hardware mouse (game is allowed to confine mouse to window)
<10:08:19> Renderer initialization
<10:08:19> Logging video adapters:
<10:08:19> - NVIDIA GeForce RTX 4070 Ti (vendor = 0x10de, device = 0x2782)
<10:08:19>   - Adapter index: 0
<10:08:19>   - Dedicated video memory: 11996 MB
<10:08:19>   - Feature level: D3D 11_1 (SM 5.x)
<10:08:19>   - Displays connected: yes
<10:08:19>   - Suitable rendering device: yes
<10:08:19> - Microsoft Basic Render Driver (vendor = 0x1414, device = 0x008c)
<10:08:19>   - Adapter index: 1
<10:08:19>   - Dedicated video memory: 0 MB
<10:08:19>   - Feature level: D3D 11_1 (SM 5.x)
<10:08:19>   - Displays connected: no
<10:08:19>   - Suitable rendering device: no
<10:08:19> Loading Module CryRenderD3D11.dll...
<10:08:19> CRenderer sizeof(Vec2f16)=4 sizeof(Vec3f16)=8
<10:08:19> Initializing CryRenderD3D11 done, MemUsage=3748Kb
<10:08:19> Initializing Direct3D and creating game window:
<10:08:19> Direct3D driver is creating...
<10:08:19> Crytek Direct3D driver version 3.00 (May 18 2022 <02:19:44>)
<10:08:19> Creating window called 'cryprototype' (32x32)
<10:08:19> D3D Adapter: Description: NVIDIA GeForce RTX 4070 Ti
<10:08:19> D3D Adapter: Driver version (UMD): 32.00.15.5599
<10:08:19> D3D Adapter: VendorId = 0x10DE
<10:08:19> D3D Adapter: DeviceId = 0x2782
<10:08:19> D3D Adapter: SubSysId = 0x40C61458
<10:08:19> D3D Adapter: Revision = 161
<10:08:19> NVAPI: API init ok (0)
<10:08:19> NVAPI: Single GPU system
<10:08:19> NVDBT supported
<10:08:19> D3D Detected: NVIDIA video card
<10:08:19> Active GPUs: 1
<10:08:19> Using pixel texture formats:
<10:08:19>   R8G8B8A8S, mips, RT (blendable) (multi-sampled), sample, gather
<10:08:19>   R8G8B8A8, mips, sRGB, RT (blendable) (multi-sampled), sample, gather
<10:08:19>   A8, mips, RT (blendable) (multi-sampled), sample, gather
<10:08:19>   R8, mips, RT (blendable) (multi-sampled), sample, gather
<10:08:19>   R8S, mips, RT (blendable) (multi-sampled), sample, gather
<10:08:19>   R16, mips, RT (blendable) (multi-sampled), sample (comparable), gather (comparable)
<10:08:19>   R16S, mips, RT (blendable) (multi-sampled), sample, gather
<10:08:19>   R16F, mips, RT (blendable) (multi-sampled), sample, gather
<10:08:19>   R32F, mips, RT (blendable) (multi-sampled), sample (comparable), gather (comparable)
<10:08:19>   R8G8, mips, RT (blendable) (multi-sampled), sample, gather
<10:08:19>   R8G8S, mips, RT (blendable) (multi-sampled), sample, gather
<10:08:19>   R16G16, mips, RT (blendable) (multi-sampled), sample, gather
<10:08:19>   R16G16S, mips, RT (blendable) (multi-sampled), sample, gather
<10:08:19>   R16G16F, mips, RT (blendable) (multi-sampled), sample, gather
<10:08:19>   R32G32F, mips, RT (blendable) (multi-sampled), sample, gather
<10:08:19>   R11G11B10F, mips, RT (blendable) (multi-sampled), sample, gather
<10:08:19>   R10G10B10A2, mips, RT (blendable) (multi-sampled), sample, gather
<10:08:19>   R16G16B16A16, mips, RT (blendable) (multi-sampled), sample, gather
<10:08:19>   R16G16B16A16S, mips, RT (blendable) (multi-sampled), sample, gather
<10:08:19>   R16G16B16A16F, mips, RT (blendable) (multi-sampled), sample, gather
<10:08:19>   R32G32B32A32F, mips, RT (blendable) (multi-sampled), sample, gather
<10:08:19>   BC1, mips, sRGB, sample, gather
<10:08:19>   BC2, mips, sRGB, sample, gather
<10:08:19>   BC3, mips, sRGB, sample, gather
<10:08:19>   BC4, mips, sample, gather
<10:08:19>   BC4S, mips, sample, gather
<10:08:19>   BC5, mips, sample, gather
<10:08:19>   BC5S, mips, sample, gather
<10:08:19>   BC6UH, mips, sample, gather
<10:08:19>   BC6SH, mips, sample, gather
<10:08:19>   BC7, mips, sRGB, sample, gather
<10:08:19>   R9G9B9E5, mips, sample, gather
<10:08:19>   D32FS8 (R32G8T), mips, DS (multi-sampled)
<10:08:19>   D32F (R32T), mips, DS (multi-sampled)
<10:08:19>   D24S8 (R24G8T), mips, DS (multi-sampled)
<10:08:19>   D16 (R16T), mips, DS (multi-sampled)
<10:08:19>   B5G6R5, mips, RT (blendable) (multi-sampled), sample, gather
<10:08:19>   B5G5R5, mips, RT (blendable) (multi-sampled), sample, gather
<10:08:19>   B4G4R4A4, mips, sample, gather
<10:08:19>   B8G8R8A8, mips, sRGB, RT (blendable) (multi-sampled), sample, gather
<10:08:19>   B8G8R8X8, mips, sRGB, RT (blendable) (multi-sampled), sample, gather
<10:08:19>  Renderer DepthBits: 24
<10:08:19>  ****** CryRender InfoDump ******
<10:08:19>  Driver description: NVIDIA GeForce RTX 4070 Ti
<10:08:19>  API Version: Direct3D 11.0
<10:08:19>  Feature level: D3D 11_1
<10:08:19>  Vertex Shaders version 5.1
<10:08:19>  Pixel Shaders version 5.1
<10:08:19>  Full stats: 
<10:08:19>  Rasterizer: Hardware
<10:08:19>  Current Resolution: 0x0x32 Windowed
<10:08:19>  Occlusion queries: Supported
<10:08:19>  Geometry instancing: Supported
<10:08:19>  NormalMaps compression : Supported
<10:08:19>  Gamma control: Hardware
<10:08:19>  Used GeomInstancingThreshold is 8
<10:08:19>  Shader model usage: 'SM.5.0'
<10:08:19>  *****************************************
<10:08:19>  
<10:08:19> Init Shaders
<10:08:19>  General shader quality: Medium
<10:08:19>  Metal shader quality: Medium
<10:08:19>  Glass shader quality: Medium
<10:08:19>  Vegetation shader quality: Medium
<10:08:19>  Ice shader quality: Medium
<10:08:19>  Terrain shader quality: Medium
<10:08:19>  Shadow shader quality: Medium
<10:08:19>  Water shader quality: Medium
<10:08:19>  FX shader quality: Medium
<10:08:19>  PostProcess shader quality: Medium
<10:08:19>  HDR shader quality: Medium
<10:08:19> Render quality: VeryHigh
<10:08:19> Init textures management (11996 Mb of video memory is available)...
<10:08:19>   Enabling of textures streaming...
<10:08:19>   Using 6536 Mb of textures pool for streaming...
<10:08:19>   Video textures: Dynamic managed max size: 48 Mb
<10:08:19>   Finished initializing textures streaming...
<10:08:20> Initializing CryScaleformHelper done, MemUsage=0Kb
<10:08:20> Using Scaleform GFx 3.3.94
<10:08:20>   Using dynamic pool
<10:08:20> [Warning] <ThreadInfo>: Unable to find config for thread:GFxVideo_Decoder_2
<10:08:20> Font initialization
<10:08:20> Loading Module CryFont.dll...
<10:08:20> Using FreeType 2.5.5
<10:08:20> Initializing CryFont done, MemUsage=196Kb
<10:08:20> *** Init system render resources ***
<10:08:20> Loading Module CryNetwork.dll...
<10:08:20> [LagProfiles] Could not load "". 6 default profiles activated.
<10:08:20> [Error] Scheduler policy name should not exceed 4 characters.