BackupNameAttachment=" Build(3146) 20 Jun 24 (19 42 37)"  -- used by backup system

Log Started at Thu Jun 20 19:42:37 2024
Built on May 18 2022 02:19:29
Built for: Windows Version: 0x00000600
Command Line: "C:/Users/mathe/AppData/Local/Programs/CRYENGINE Launcher/Engines/crytek/cryengine-57-lts/5.7.1/bin/win_x64/Sandbox.exe" -project "C:/Users/mathe/Documents/CRYENGINE Projects/fpscpptest/Code/../Game.cryproject"
Executable: C:\Users\mathe\AppData\Local\Programs\CRYENGINE Launcher\Engines\crytek\cryengine-57-lts\5.7.1\bin\win_x64\Sandbox.exe
FileVersion: 5.7.1.3146
ProductVersion: 5.7.1.3146
Loading Config file %ENGINEROOT%/system.cfg (c:\users\mathe\appdata\local\programs\cryengine launcher\engines\crytek\cryengine-57-lts\5.7.1\system.cfg)
[Warning] Cannot open Pak file c:\users\mathe\appdata\local\programs\cryengine launcher\engines\crytek\cryengine-57-lts\5.7.1\config.pak
 
con_debug=0 [  ]
con_display_last_messages=0 [  ]
con_font_size=14 [  ]
con_line_buffer_size=1000 [  ]
con_restricted=0 [ RESTRICTEDMODE ]
con_showonload=0 [  ]
 
con_debug=0 [  ]
con_display_last_messages=0 [  ]
con_font_size=14 [  ]
con_line_buffer_size=1000 [  ]
con_restricted=0 [ RESTRICTEDMODE ]
con_showonload=0 [  ]
 
con_debug=0 [  ]
 
con_debug=0 [  ]
Project fpscpptest
Using Project Folder C:/Users/mathe/Documents/CRYENGINE Projects/fpscpptest
Using Engine Folder C:\Users\mathe\AppData\Local\Programs\CRYENGINE Launcher\Engines\crytek\cryengine-57-lts\5.7.1/
Using Asset Folder c:/users/mathe/documents/cryengine projects/fpscpptest/assets

Total number of logical processors: 16
Number of available logical processors: 16
Total number of system cores: 8
Number of cores available to process: 8
 
Processor 0:
  CPU: AMD AMD Ryzen 7 5800X3D 8-Core Processor           
  Family: 15, Model: 1, Stepping: 2, FPU: On-Chip
  Features: FP16, SSE, SSE2, SSE3, SSE4.2, AVX, AVX2, FMA3
 
Processor 1:
  CPU: AMD AMD Ryzen 7 5800X3D 8-Core Processor           
  Family: 15, Model: 1, Stepping: 2, FPU: On-Chip
  Features: FP16, SSE, SSE2, SSE3, SSE4.2, AVX, AVX2, FMA3
 
Processor 2:
  CPU: AMD AMD Ryzen 7 5800X3D 8-Core Processor           
  Family: 15, Model: 1, Stepping: 2, FPU: On-Chip
  Features: FP16, SSE, SSE2, SSE3, SSE4.2, AVX, AVX2, FMA3
 
Processor 3:
  CPU: AMD AMD Ryzen 7 5800X3D 8-Core Processor           
  Family: 15, Model: 1, Stepping: 2, FPU: On-Chip
  Features: FP16, SSE, SSE2, SSE3, SSE4.2, AVX, AVX2, FMA3
 
Processor 4:
  CPU: AMD AMD Ryzen 7 5800X3D 8-Core Processor           
  Family: 15, Model: 1, Stepping: 2, FPU: On-Chip
  Features: FP16, SSE, SSE2, SSE3, SSE4.2, AVX, AVX2, FMA3
 
Processor 5:
  CPU: AMD AMD Ryzen 7 5800X3D 8-Core Processor           
  Family: 15, Model: 1, Stepping: 2, FPU: On-Chip
  Features: FP16, SSE, SSE2, SSE3, SSE4.2, AVX, AVX2, FMA3
 
Processor 6:
  CPU: AMD AMD Ryzen 7 5800X3D 8-Core Processor           
  Family: 15, Model: 1, Stepping: 2, FPU: On-Chip
  Features: FP16, SSE, SSE2, SSE3, SSE4.2, AVX, AVX2, FMA3
 
Processor 7:
  CPU: AMD AMD Ryzen 7 5800X3D 8-Core Processor           
  Family: 15, Model: 1, Stepping: 2, FPU: On-Chip
  Features: FP16, SSE, SSE2, SSE3, SSE4.2, AVX, AVX2, FMA3
 
<19:42:37> creating CVarGroups from directory 'assets/Config/CVarGroups' ...
<19:42:37> creating CVarGroups from directory '%ENGINE%/Config/CVarGroups' ...
<19:42:37> Loading Config file %ENGINE%/Config/CVarGroups/sys_spec_full.cfg (c:\users\mathe\appdata\local\programs\cryengine launcher\engines\crytek\cryengine-57-lts\5.7.1\engine\config\cvargroups\sys_spec_full.cfg)
<19:42:37> Loading Config file %ENGINE%/Config/CVarGroups/sys_spec_gameeffects.cfg (c:\users\mathe\appdata\local\programs\cryengine launcher\engines\crytek\cryengine-57-lts\5.7.1\engine\config\cvargroups\sys_spec_gameeffects.cfg)
<19:42:37> Loading Config file %ENGINE%/Config/CVarGroups/sys_spec_light.cfg (c:\users\mathe\appdata\local\programs\cryengine launcher\engines\crytek\cryengine-57-lts\5.7.1\engine\config\cvargroups\sys_spec_light.cfg)
<19:42:37> Loading Config file %ENGINE%/Config/CVarGroups/sys_spec_objectdetail.cfg (c:\users\mathe\appdata\local\programs\cryengine launcher\engines\crytek\cryengine-57-lts\5.7.1\engine\config\cvargroups\sys_spec_objectdetail.cfg)
<19:42:37> [Error] [CVARS]: [MISSING] [r_UseZPass] specified in console variable group [sys_spec_objectdetail] = [5], but missing from default group
<19:42:37> [Error] [CVARS]: [MISSING] [r_MeshPoolSize] specified in console variable group [sys_spec_objectdetail] = [5], but missing from default group
<19:42:37> [Error] [CVARS]: [MISSING] [r_MeshInstancePoolSize] specified in console variable group [sys_spec_objectdetail] = [5], but missing from default group
<19:42:37> [Error] [CVARS]: [MISSING] [e_StreamCgfPoolSize] specified in console variable group [sys_spec_objectdetail] = [5], but missing from default group
<19:42:37> [Error] [CVARS]: [MISSING] [e_GeomCacheBufferSize] specified in console variable group [sys_spec_objectdetail] = [5], but missing from default group
<19:42:37> [Error] [CVARS]: [MISSING] [r_UseZPass] specified in console variable group [sys_spec_objectdetail] = [6], but missing from default group
<19:42:37> [Error] [CVARS]: [MISSING] [r_MeshPoolSize] specified in console variable group [sys_spec_objectdetail] = [6], but missing from default group
<19:42:37> [Error] [CVARS]: [MISSING] [r_MeshInstancePoolSize] specified in console variable group [sys_spec_objectdetail] = [6], but missing from default group
<19:42:37> [Error] [CVARS]: [MISSING] [e_StreamCgfPoolSize] specified in console variable group [sys_spec_objectdetail] = [6], but missing from default group
<19:42:37> [Error] [CVARS]: [MISSING] [e_GeomCacheBufferSize] specified in console variable group [sys_spec_objectdetail] = [6], but missing from default group
<19:42:37> [Error] [CVARS]: [MISSING] [ca_FacialAnimationRadius] specified in console variable group [sys_spec_objectdetail] = [7], but missing from default group
<19:42:37> [Error] [CVARS]: [MISSING] [ca_StreamCHR] specified in console variable group [sys_spec_objectdetail] = [7], but missing from default group
<19:42:37> [Error] [CVARS]: [MISSING] [ca_FacialAnimationRadius] specified in console variable group [sys_spec_objectdetail] = [8], but missing from default group
<19:42:37> [Error] [CVARS]: [MISSING] [ca_StreamCHR] specified in console variable group [sys_spec_objectdetail] = [8], but missing from default group
<19:42:37> Loading Config file %ENGINE%/Config/CVarGroups/sys_spec_particles.cfg (c:\users\mathe\appdata\local\programs\cryengine launcher\engines\crytek\cryengine-57-lts\5.7.1\engine\config\cvargroups\sys_spec_particles.cfg)
<19:42:37> [Error] [CVARS]: [MISSING] [e_ParticlesPoolSize] specified in console variable group [sys_spec_particles] = [5], but missing from default group
<19:42:37> [Error] [CVARS]: [MISSING] [e_ParticlesVertexPoolSize] specified in console variable group [sys_spec_particles] = [5], but missing from default group
<19:42:37> [Error] [CVARS]: [MISSING] [e_ParticlesPoolSize] specified in console variable group [sys_spec_particles] = [6], but missing from default group
<19:42:37> [Error] [CVARS]: [MISSING] [e_ParticlesVertexPoolSize] specified in console variable group [sys_spec_particles] = [6], but missing from default group
<19:42:37> Loading Config file %ENGINE%/Config/CVarGroups/sys_spec_physics.cfg (c:\users\mathe\appdata\local\programs\cryengine launcher\engines\crytek\cryengine-57-lts\5.7.1\engine\config\cvargroups\sys_spec_physics.cfg)
<19:42:37> [Error] [CVARS]: [MISSING] [p_num_threads] specified in console variable group [sys_spec_physics] = [7], but missing from default group
<19:42:37> [Error] [CVARS]: [MISSING] [p_num_threads] specified in console variable group [sys_spec_physics] = [8], but missing from default group
<19:42:37> Loading Config file %ENGINE%/Config/CVarGroups/sys_spec_postprocessing.cfg (c:\users\mathe\appdata\local\programs\cryengine launcher\engines\crytek\cryengine-57-lts\5.7.1\engine\config\cvargroups\sys_spec_postprocessing.cfg)
<19:42:37> [Error] [CVARS]: [MISSING] [r_HDRBloomQuality] specified in console variable group [sys_spec_postprocessing] = [5], but missing from default group
<19:42:37> [Error] [CVARS]: [MISSING] [r_FlareHQShafts] specified in console variable group [sys_spec_postprocessing] = [5], but missing from default group
<19:42:37> [Error] [CVARS]: [MISSING] [r_AntiAliasingMode] specified in console variable group [sys_spec_postprocessing] = [5], but missing from default group
<19:42:37> [Error] [CVARS]: [MISSING] [r_HDRBloomQuality] specified in console variable group [sys_spec_postprocessing] = [6], but missing from default group
<19:42:37> [Error] [CVARS]: [MISSING] [r_FlareHQShafts] specified in console variable group [sys_spec_postprocessing] = [6], but missing from default group
<19:42:37> [Error] [CVARS]: [MISSING] [r_AntiAliasingMode] specified in console variable group [sys_spec_postprocessing] = [6], but missing from default group
<19:42:37> [Error] [CVARS]: [MISSING] [r_HDRBloomQuality] specified in console variable group [sys_spec_postprocessing] = [7], but missing from default group
<19:42:37> [Error] [CVARS]: [MISSING] [r_FlareHQShafts] specified in console variable group [sys_spec_postprocessing] = [7], but missing from default group
<19:42:37> [Error] [CVARS]: [MISSING] [r_HDRBloomQuality] specified in console variable group [sys_spec_postprocessing] = [8], but missing from default group
<19:42:37> [Error] [CVARS]: [MISSING] [r_FlareHQShafts] specified in console variable group [sys_spec_postprocessing] = [8], but missing from default group
<19:42:37> [Error] [CVARS]: [MISSING] [r_AntiAliasingMode] specified in console variable group [sys_spec_postprocessing] = [8], but missing from default group
<19:42:37> Loading Config file %ENGINE%/Config/CVarGroups/sys_spec_quality.cfg (c:\users\mathe\appdata\local\programs\cryengine launcher\engines\crytek\cryengine-57-lts\5.7.1\engine\config\cvargroups\sys_spec_quality.cfg)
<19:42:37> Loading Config file %ENGINE%/Config/CVarGroups/sys_spec_shading.cfg (c:\users\mathe\appdata\local\programs\cryengine launcher\engines\crytek\cryengine-57-lts\5.7.1\engine\config\cvargroups\sys_spec_shading.cfg)
<19:42:37> [Error] [CVARS]: [MISSING] [r_SSDO] specified in console variable group [sys_spec_shading] = [5], but missing from default group
<19:42:37> [Error] [CVARS]: [MISSING] [r_SSDOColorBleeding] specified in console variable group [sys_spec_shading] = [5], but missing from default group
<19:42:37> [Error] [CVARS]: [MISSING] [r_volumetricfogtexdepth] specified in console variable group [sys_spec_shading] = [5], but missing from default group
<19:42:37> [Error] [CVARS]: [MISSING] [r_volumetricfogtexscale] specified in console variable group [sys_spec_shading] = [5], but missing from default group
<19:42:37> [Error] [CVARS]: [MISSING] [r_DeferredShadingTiled] specified in console variable group [sys_spec_shading] = [5], but missing from default group
<19:42:37> [Error] [CVARS]: [MISSING] [e_svoTI_NumStreamingThreads] specified in console variable group [sys_spec_shading] = [5], but missing from default group
<19:42:37> [Error] [CVARS]: [MISSING] [r_SSDO] specified in console variable group [sys_spec_shading] = [6], but missing from default group
<19:42:37> [Error] [CVARS]: [MISSING] [r_volumetricfogtexdepth] specified in console variable group [sys_spec_shading] = [6], but missing from default group
<19:42:37> [Error] [CVARS]: [MISSING] [r_volumetricfogtexscale] specified in console variable group [sys_spec_shading] = [6], but missing from default group
<19:42:37> [Error] [CVARS]: [MISSING] [r_DeferredShadingTiled] specified in console variable group [sys_spec_shading] = [6], but missing from default group
<19:42:37> [Error] [CVARS]: [MISSING] [e_svoTI_NumStreamingThreads] specified in console variable group [sys_spec_shading] = [6], but missing from default group
<19:42:37> [Error] [CVARS]: [MISSING] [r_SSDO] specified in console variable group [sys_spec_shading] = [7], but missing from default group
<19:42:37> [Error] [CVARS]: [MISSING] [r_volumetricfogtexdepth] specified in console variable group [sys_spec_shading] = [7], but missing from default group
<19:42:37> [Error] [CVARS]: [MISSING] [r_volumetricfogtexscale] specified in console variable group [sys_spec_shading] = [7], but missing from default group
<19:42:37> [Error] [CVARS]: [MISSING] [e_svoTI_NumStreamingThreads] specified in console variable group [sys_spec_shading] = [7], but missing from default group
<19:42:37> [Error] [CVARS]: [MISSING] [r_SSDO] specified in console variable group [sys_spec_shading] = [8], but missing from default group
<19:42:37> [Error] [CVARS]: [MISSING] [r_volumetricfogtexdepth] specified in console variable group [sys_spec_shading] = [8], but missing from default group
<19:42:37> [Error] [CVARS]: [MISSING] [r_volumetricfogtexscale] specified in console variable group [sys_spec_shading] = [8], but missing from default group
<19:42:37> [Error] [CVARS]: [MISSING] [e_svoTI_NumStreamingThreads] specified in console variable group [sys_spec_shading] = [8], but missing from default group
<19:42:37> Loading Config file %ENGINE%/Config/CVarGroups/sys_spec_shadows.cfg (c:\users\mathe\appdata\local\programs\cryengine launcher\engines\crytek\cryengine-57-lts\5.7.1\engine\config\cvargroups\sys_spec_shadows.cfg)
<19:42:37> [Error] [CVARS]: [MISSING] [q_ShaderShadow] specified in console variable group [sys_spec_shadows] = [5], but missing from default group
<19:42:37> [Error] [CVARS]: [MISSING] [r_ShadowsScreenSpace] specified in console variable group [sys_spec_shadows] = [5], but missing from default group
<19:42:37> [Error] [CVARS]: [MISSING] [e_ShadowsClouds] specified in console variable group [sys_spec_shadows] = [5], but missing from default group
<19:42:37> [Error] [CVARS]: [MISSING] [r_ShadowTexFormat] specified in console variable group [sys_spec_shadows] = [5], but missing from default group
<19:42:37> [Error] [CVARS]: [MISSING] [q_ShaderShadow] specified in console variable group [sys_spec_shadows] = [6], but missing from default group
<19:42:37> [Error] [CVARS]: [MISSING] [r_ShadowsScreenSpace] specified in console variable group [sys_spec_shadows] = [6], but missing from default group
<19:42:37> [Error] [CVARS]: [MISSING] [e_ShadowsClouds] specified in console variable group [sys_spec_shadows] = [6], but missing from default group
<19:42:37> [Error] [CVARS]: [MISSING] [r_ShadowTexFormat] specified in console variable group [sys_spec_shadows] = [6], but missing from default group
<19:42:37> [Error] [CVARS]: [MISSING] [q_ShaderShadow] specified in console variable group [sys_spec_shadows] = [7], but missing from default group
<19:42:37> [Error] [CVARS]: [MISSING] [r_ShadowsScreenSpace] specified in console variable group [sys_spec_shadows] = [7], but missing from default group
<19:42:37> [Error] [CVARS]: [MISSING] [e_ShadowsClouds] specified in console variable group [sys_spec_shadows] = [7], but missing from default group
<19:42:37> [Error] [CVARS]: [MISSING] [r_ShadowsStaticMap] specified in console variable group [sys_spec_shadows] = [7], but missing from default group
<19:42:37> [Error] [CVARS]: [MISSING] [q_ShaderShadow] specified in console variable group [sys_spec_shadows] = [8], but missing from default group
<19:42:37> [Error] [CVARS]: [MISSING] [r_ShadowsScreenSpace] specified in console variable group [sys_spec_shadows] = [8], but missing from default group
<19:42:37> [Error] [CVARS]: [MISSING] [e_ShadowsClouds] specified in console variable group [sys_spec_shadows] = [8], but missing from default group
<19:42:37> [Error] [CVARS]: [MISSING] [r_ShadowsStaticMap] specified in console variable group [sys_spec_shadows] = [8], but missing from default group
<19:42:37> Loading Config file %ENGINE%/Config/CVarGroups/sys_spec_sound.cfg (c:\users\mathe\appdata\local\programs\cryengine launcher\engines\crytek\cryengine-57-lts\5.7.1\engine\config\cvargroups\sys_spec_sound.cfg)
<19:42:37> Loading Config file %ENGINE%/Config/CVarGroups/sys_spec_texture.cfg (c:\users\mathe\appdata\local\programs\cryengine launcher\engines\crytek\cryengine-57-lts\5.7.1\engine\config\cvargroups\sys_spec_texture.cfg)
<19:42:37> [Error] [CVARS]: [MISSING] [r_texturesstreaming] specified in console variable group [sys_spec_texture] = [5], but missing from default group
<19:42:37> [Error] [CVARS]: [MISSING] [r_texturesstreampooldefragmentation] specified in console variable group [sys_spec_texture] = [5], but missing from default group
<19:42:37> [Error] [CVARS]: [MISSING] [r_buffer_banksize] specified in console variable group [sys_spec_texture] = [5], but missing from default group
<19:42:37> [Error] [CVARS]: [MISSING] [r_buffer_pool_defrag_static] specified in console variable group [sys_spec_texture] = [5], but missing from default group
<19:42:37> [Error] [CVARS]: [MISSING] [r_buffer_pool_defrag_dynamic] specified in console variable group [sys_spec_texture] = [5], but missing from default group
<19:42:37> [Error] [CVARS]: [MISSING] [r_buffer_pool_defrag_max_moves] specified in console variable group [sys_spec_texture] = [5], but missing from default group
<19:42:37> [Error] [CVARS]: [MISSING] [r_TexturesstreamingMinUsableMips] specified in console variable group [sys_spec_texture] = [5], but missing from default group
<19:42:37> [Error] [CVARS]: [MISSING] [r_TexturesStreamingSkipMips] specified in console variable group [sys_spec_texture] = [5], but missing from default group
<19:42:37> [Error] [CVARS]: [MISSING] [r_TexturesStreamPoolSize] specified in console variable group [sys_spec_texture] = [5], but missing from default group
<19:42:37> [Error] [CVARS]: [MISSING] [r_texturesstreaming] specified in console variable group [sys_spec_texture] = [6], but missing from default group
<19:42:37> [Error] [CVARS]: [MISSING] [r_texturesstreampooldefragmentation] specified in console variable group [sys_spec_texture] = [6], but missing from default group
<19:42:37> [Error] [CVARS]: [MISSING] [r_buffer_banksize] specified in console variable group [sys_spec_texture] = [6], but missing from default group
<19:42:37> [Error] [CVARS]: [MISSING] [r_buffer_pool_defrag_static] specified in console variable group [sys_spec_texture] = [6], but missing from default group
<19:42:37> [Error] [CVARS]: [MISSING] [r_buffer_pool_defrag_dynamic] specified in console variable group [sys_spec_texture] = [6], but missing from default group
<19:42:37> [Error] [CVARS]: [MISSING] [r_buffer_pool_defrag_max_moves] specified in console variable group [sys_spec_texture] = [6], but missing from default group
<19:42:37> [Error] [CVARS]: [MISSING] [r_TexturesstreamingMinUsableMips] specified in console variable group [sys_spec_texture] = [6], but missing from default group
<19:42:37> [Error] [CVARS]: [MISSING] [r_TexturesStreamingSkipMips] specified in console variable group [sys_spec_texture] = [6], but missing from default group
<19:42:37> [Error] [CVARS]: [MISSING] [r_TexturesStreamPoolSize] specified in console variable group [sys_spec_texture] = [6], but missing from default group
<19:42:37> [Error] [CVARS]: [MISSING] [r_texturesstreaming] specified in console variable group [sys_spec_texture] = [7], but missing from default group
<19:42:37> [Error] [CVARS]: [MISSING] [r_TexturesstreamingMinUsableMips] specified in console variable group [sys_spec_texture] = [7], but missing from default group
<19:42:37> [Error] [CVARS]: [MISSING] [r_TexturesStreamingSkipMips] specified in console variable group [sys_spec_texture] = [7], but missing from default group
<19:42:37> [Error] [CVARS]: [MISSING] [r_TexturesStreamPoolSize] specified in console variable group [sys_spec_texture] = [7], but missing from default group
<19:42:37> [Error] [CVARS]: [MISSING] [r_texturesstreaming] specified in console variable group [sys_spec_texture] = [8], but missing from default group
<19:42:37> [Error] [CVARS]: [MISSING] [r_TexturesstreamingMinUsableMips] specified in console variable group [sys_spec_texture] = [8], but missing from default group
<19:42:37> [Error] [CVARS]: [MISSING] [r_TexturesStreamingSkipMips] specified in console variable group [sys_spec_texture] = [8], but missing from default group
<19:42:37> [Error] [CVARS]: [MISSING] [r_TexturesStreamPoolSize] specified in console variable group [sys_spec_texture] = [8], but missing from default group
<19:42:37> Loading Config file %ENGINE%/Config/CVarGroups/sys_spec_textureresolution.cfg (c:\users\mathe\appdata\local\programs\cryengine launcher\engines\crytek\cryengine-57-lts\5.7.1\engine\config\cvargroups\sys_spec_textureresolution.cfg)
<19:42:37> Loading Config file %ENGINE%/Config/CVarGroups/sys_spec_volumetriceffects.cfg (c:\users\mathe\appdata\local\programs\cryengine launcher\engines\crytek\cryengine-57-lts\5.7.1\engine\config\cvargroups\sys_spec_volumetriceffects.cfg)
<19:42:37> Loading Config file %ENGINE%/Config/CVarGroups/sys_spec_water.cfg (c:\users\mathe\appdata\local\programs\cryengine launcher\engines\crytek\cryengine-57-lts\5.7.1\engine\config\cvargroups\sys_spec_water.cfg)
<19:42:37> <ThreadConfigInfo>: Thread profile loaded: "pc_Common" (%engine%/config/engine_core.thread_config)  
<19:42:37> [Warning] <ThreadConfigInfo>: (pc: 16 core) Unable to find platform config "pc_8". Next valid config found was pc_8.
<19:42:37> <ThreadConfigInfo>: Thread profile loaded: "pc_8" (%engine%/config/engine_core.thread_config)  
<19:42:37> <ThreadConfigInfo>: Thread profile loaded: "pc_Common" (%engine%/config/engine_sandbox.thread_config)  
<19:42:37> [Warning] <ThreadConfigInfo>: (pc: 16 core) Unable to find platform config "pc_8". Next valid config found was pc_8.
<19:42:37> <ThreadConfigInfo>: Thread profile loaded: "pc_8" (%engine%/config/engine_sandbox.thread_config)  
<19:42:37> UDR initialization
<19:42:37> Loading Module CryUDR.dll...
<19:42:37> Initializing CryUDR done, MemUsage=324Kb
<19:42:37> Windows 10 64 bit (build 10.0.22631)
<19:42:37> User name: "mathe"
<19:42:37> System language: Portuguese
<19:42:37> Windows Directory: "C:\Windows"
<19:42:37> Local time is 19:42:37 06/20/24, system running for 4302 minutes
<19:42:37> 32677MB physical memory installed, 20529MB available, 134217727MB virtual memory installed, 37 percent of memory in use
<19:42:37> PageFile usage: 65MB, Working Set: 73MB, Peak PageFile usage: 65MB,
<19:42:37> Current display mode is 2560x1440x32, (Unknown graphics card)
<19:42:37> IBM enhanced (101/102-key) keyboard and 16+ button mouse installed
<19:42:37> --------------------------------------------------------------------------------
<19:42:37> Stream Engine Initialization
<19:42:37> BuildTime: May 18 2022 02:19:29
<19:42:37> Physics initialization
<19:42:37> Loading Module CryPhysics.dll...
<19:42:37> Initializing CryPhysics done, MemUsage=1952Kb
<19:42:37> [Warning] Cannot open Pak file assets\localization\english_xml.pak
<19:42:37> Localized language content(english) not available or modified from the original installation.
<19:42:37> [Warning] Cannot open Pak file assets\localization\english.pak
<19:42:37> Localized language content(english) not available or modified from the original installation.
<19:42:37> [Warning] Cannot open Pak file assets\localization\english.pak
<19:42:37> Localized language content(english) not available or modified from the original installation.
<19:42:37> [Error] <Localization> No localization files found!
<19:42:37> <Audio>: AudioSystem initialization
<19:42:37> Loading Module CryAudioSystem.dll...
<19:42:37> <Audio>: CryAudioImplSDLMixer loaded
<19:42:37> Initializing CryAudioSystem done, MemUsage=3280Kb
<19:42:37> C# Backend initialization
<19:42:37> Loading Module CryMonoBridge.dll...
<19:42:37> Initializing CryMonoBridge done, MemUsage=668Kb
<19:42:37> Loading plug-in CryDefaultEntities
<19:42:37> Loading plug-in CrySensorSystem
<19:42:37> Loading plug-in CryScaleformSchematyc
<19:42:37> Loading plug-in CryPerceptionSystem
<19:42:37> Loading plug-in Game
<19:42:38> [Warning] Unable to load cursor from texture file. Path %ENGINE%/EngineAssets/Textures/Cursor_Green.dds
<19:42:38> Initialized hardware mouse (game is allowed to confine mouse to window)
<19:42:38> Renderer initialization
<19:42:38> Logging video adapters:
<19:42:38> - NVIDIA GeForce RTX 4070 Ti (vendor = 0x10de, device = 0x2782)
<19:42:38>   - Adapter index: 0
<19:42:38>   - Dedicated video memory: 11996 MB
<19:42:38>   - Feature level: D3D 11_1 (SM 5.x)
<19:42:38>   - Displays connected: yes
<19:42:38>   - Suitable rendering device: yes
<19:42:38> - Microsoft Basic Render Driver (vendor = 0x1414, device = 0x008c)
<19:42:38>   - Adapter index: 1
<19:42:38>   - Dedicated video memory: 0 MB
<19:42:38>   - Feature level: D3D 11_1 (SM 5.x)
<19:42:38>   - Displays connected: no
<19:42:38>   - Suitable rendering device: no
<19:42:38> Loading Module CryRenderD3D11.dll...
<19:42:38> CRenderer sizeof(Vec2f16)=4 sizeof(Vec3f16)=8
<19:42:38> Initializing CryRenderD3D11 done, MemUsage=3444Kb
<19:42:38> Initializing Direct3D and creating game window:
<19:42:38> Direct3D driver is creating...
<19:42:38> Crytek Direct3D driver version 3.00 (May 18 2022 <02:19:44>)
<19:42:38> Creating window called 'fpscpptest' (32x32)
<19:42:38> D3D Adapter: Description: NVIDIA GeForce RTX 4070 Ti
<19:42:38> D3D Adapter: Driver version (UMD): 32.00.15.5599
<19:42:38> D3D Adapter: VendorId = 0x10DE
<19:42:38> D3D Adapter: DeviceId = 0x2782
<19:42:38> D3D Adapter: SubSysId = 0x40C61458
<19:42:38> D3D Adapter: Revision = 161
<19:42:38> NVAPI: API init ok (0)
<19:42:38> NVAPI: Single GPU system
<19:42:38> NVDBT supported
<19:42:38> D3D Detected: NVIDIA video card
<19:42:38> Active GPUs: 1
<19:42:38> Using pixel texture formats:
<19:42:38>   R8G8B8A8S, mips, RT (blendable) (multi-sampled), sample, gather
<19:42:38>   R8G8B8A8, mips, sRGB, RT (blendable) (multi-sampled), sample, gather
<19:42:38>   A8, mips, RT (blendable) (multi-sampled), sample, gather
<19:42:38>   R8, mips, RT (blendable) (multi-sampled), sample, gather
<19:42:38>   R8S, mips, RT (blendable) (multi-sampled), sample, gather
<19:42:38>   R16, mips, RT (blendable) (multi-sampled), sample (comparable), gather (comparable)
<19:42:38>   R16S, mips, RT (blendable) (multi-sampled), sample, gather
<19:42:38>   R16F, mips, RT (blendable) (multi-sampled), sample, gather
<19:42:38>   R32F, mips, RT (blendable) (multi-sampled), sample (comparable), gather (comparable)
<19:42:38>   R8G8, mips, RT (blendable) (multi-sampled), sample, gather
<19:42:38>   R8G8S, mips, RT (blendable) (multi-sampled), sample, gather
<19:42:38>   R16G16, mips, RT (blendable) (multi-sampled), sample, gather
<19:42:38>   R16G16S, mips, RT (blendable) (multi-sampled), sample, gather
<19:42:38>   R16G16F, mips, RT (blendable) (multi-sampled), sample, gather
<19:42:38>   R32G32F, mips, RT (blendable) (multi-sampled), sample, gather
<19:42:38>   R11G11B10F, mips, RT (blendable) (multi-sampled), sample, gather
<19:42:38>   R10G10B10A2, mips, RT (blendable) (multi-sampled), sample, gather
<19:42:38>   R16G16B16A16, mips, RT (blendable) (multi-sampled), sample, gather
<19:42:38>   R16G16B16A16S, mips, RT (blendable) (multi-sampled), sample, gather
<19:42:38>   R16G16B16A16F, mips, RT (blendable) (multi-sampled), sample, gather
<19:42:38>   R32G32B32A32F, mips, RT (blendable) (multi-sampled), sample, gather
<19:42:38>   BC1, mips, sRGB, sample, gather
<19:42:38>   BC2, mips, sRGB, sample, gather
<19:42:38>   BC3, mips, sRGB, sample, gather
<19:42:38>   BC4, mips, sample, gather
<19:42:38>   BC4S, mips, sample, gather
<19:42:38>   BC5, mips, sample, gather
<19:42:38>   BC5S, mips, sample, gather
<19:42:38>   BC6UH, mips, sample, gather
<19:42:38>   BC6SH, mips, sample, gather
<19:42:38>   BC7, mips, sRGB, sample, gather
<19:42:38>   R9G9B9E5, mips, sample, gather
<19:42:38>   D32FS8 (R32G8T), mips, DS (multi-sampled)
<19:42:38>   D32F (R32T), mips, DS (multi-sampled)
<19:42:38>   D24S8 (R24G8T), mips, DS (multi-sampled)
<19:42:38>   D16 (R16T), mips, DS (multi-sampled)
<19:42:38>   B5G6R5, mips, RT (blendable) (multi-sampled), sample, gather
<19:42:38>   B5G5R5, mips, RT (blendable) (multi-sampled), sample, gather
<19:42:38>   B4G4R4A4, mips, sample, gather
<19:42:38>   B8G8R8A8, mips, sRGB, RT (blendable) (multi-sampled), sample, gather
<19:42:38>   B8G8R8X8, mips, sRGB, RT (blendable) (multi-sampled), sample, gather
<19:42:38>  Renderer DepthBits: 24
<19:42:38>  ****** CryRender InfoDump ******
<19:42:38>  Driver description: NVIDIA GeForce RTX 4070 Ti
<19:42:38>  API Version: Direct3D 11.0
<19:42:38>  Feature level: D3D 11_1
<19:42:38>  Vertex Shaders version 5.1
<19:42:38>  Pixel Shaders version 5.1
<19:42:38>  Full stats: 
<19:42:38>  Rasterizer: Hardware
<19:42:38>  Current Resolution: 0x0x32 Windowed
<19:42:38>  Occlusion queries: Supported
<19:42:38>  Geometry instancing: Supported
<19:42:38>  NormalMaps compression : Supported
<19:42:38>  Gamma control: Hardware
<19:42:38>  Used GeomInstancingThreshold is 8
<19:42:38>  Shader model usage: 'SM.5.0'
<19:42:38>  *****************************************
<19:42:38>  
<19:42:38> Init Shaders
<19:42:38>  General shader quality: Medium
<19:42:38>  Metal shader quality: Medium
<19:42:38>  Glass shader quality: Medium
<19:42:38>  Vegetation shader quality: Medium
<19:42:38>  Ice shader quality: Medium
<19:42:38>  Terrain shader quality: Medium
<19:42:38>  Shadow shader quality: Medium
<19:42:38>  Water shader quality: Medium
<19:42:38>  FX shader quality: Medium
<19:42:38>  PostProcess shader quality: Medium
<19:42:38>  HDR shader quality: Medium
<19:42:38> Render quality: VeryHigh
<19:42:38> Init textures management (11996 Mb of video memory is available)...
<19:42:38>   Enabling of textures streaming...
<19:42:38>   Using 6536 Mb of textures pool for streaming...
<19:42:38>   Video textures: Dynamic managed max size: 48 Mb
<19:42:38>   Finished initializing textures streaming...
<19:42:38> Initializing CryScaleformHelper done, MemUsage=0Kb
<19:42:38> Using Scaleform GFx 3.3.94
<19:42:38>   Using dynamic pool
<19:42:38> [Warning] <ThreadInfo>: Unable to find config for thread:GFxVideo_Decoder_2