BackupNameAttachment=" Build(3146) 20 Jun 24 (21 30 16)"  -- used by backup system

Log Started at Thu Jun 20 21:30:16 2024
Built on May 18 2022 02:19:29
Built for: Windows Version: 0x00000600
Command Line: "C:/Users/mathe/AppData/Local/Programs/CRYENGINE Launcher/Engines/crytek/cryengine-57-lts/5.7.1/bin/win_x64/Sandbox.exe" -project "C:/Users/mathe/Documents/CRYENGINE Projects/fpscpptest/Code/../Game.cryproject"
Executable: C:\Users\mathe\AppData\Local\Programs\CRYENGINE Launcher\Engines\crytek\cryengine-57-lts\5.7.1\bin\win_x64\Sandbox.exe
FileVersion: 5.7.1.3146
ProductVersion: 5.7.1.3146
Loading Config file %ENGINEROOT%/system.cfg (c:\users\mathe\appdata\local\programs\cryengine launcher\engines\crytek\cryengine-57-lts\5.7.1\system.cfg)
[Warning] Cannot open Pak file c:\users\mathe\appdata\local\programs\cryengine launcher\engines\crytek\cryengine-57-lts\5.7.1\config.pak
 
con_debug=0 [  ]
con_display_last_messages=0 [  ]
con_font_size=14 [  ]
con_line_buffer_size=1000 [  ]
con_restricted=0 [ RESTRICTEDMODE ]
con_showonload=0 [  ]
 
con_debug=0 [  ]
con_display_last_messages=0 [  ]
con_font_size=14 [  ]
con_line_buffer_size=1000 [  ]
con_restricted=0 [ RESTRICTEDMODE ]
con_showonload=0 [  ]
 
con_debug=0 [  ]
 
con_debug=0 [  ]
Project fpscpptest
Using Project Folder C:/Users/mathe/Documents/CRYENGINE Projects/fpscpptest
Using Engine Folder C:\Users\mathe\AppData\Local\Programs\CRYENGINE Launcher\Engines\crytek\cryengine-57-lts\5.7.1/
Using Asset Folder c:/users/mathe/documents/cryengine projects/fpscpptest/assets

Total number of logical processors: 16
Number of available logical processors: 16
Total number of system cores: 8
Number of cores available to process: 8
 
Processor 0:
  CPU: AMD AMD Ryzen 7 5800X3D 8-Core Processor           
  Family: 15, Model: 1, Stepping: 2, FPU: On-Chip
  Features: FP16, SSE, SSE2, SSE3, SSE4.2, AVX, AVX2, FMA3
 
Processor 1:
  CPU: AMD AMD Ryzen 7 5800X3D 8-Core Processor           
  Family: 15, Model: 1, Stepping: 2, FPU: On-Chip
  Features: FP16, SSE, SSE2, SSE3, SSE4.2, AVX, AVX2, FMA3
 
Processor 2:
  CPU: AMD AMD Ryzen 7 5800X3D 8-Core Processor           
  Family: 15, Model: 1, Stepping: 2, FPU: On-Chip
  Features: FP16, SSE, SSE2, SSE3, SSE4.2, AVX, AVX2, FMA3
 
Processor 3:
  CPU: AMD AMD Ryzen 7 5800X3D 8-Core Processor           
  Family: 15, Model: 1, Stepping: 2, FPU: On-Chip
  Features: FP16, SSE, SSE2, SSE3, SSE4.2, AVX, AVX2, FMA3
 
Processor 4:
  CPU: AMD AMD Ryzen 7 5800X3D 8-Core Processor           
  Family: 15, Model: 1, Stepping: 2, FPU: On-Chip
  Features: FP16, SSE, SSE2, SSE3, SSE4.2, AVX, AVX2, FMA3
 
Processor 5:
  CPU: AMD AMD Ryzen 7 5800X3D 8-Core Processor           
  Family: 15, Model: 1, Stepping: 2, FPU: On-Chip
  Features: FP16, SSE, SSE2, SSE3, SSE4.2, AVX, AVX2, FMA3
 
Processor 6:
  CPU: AMD AMD Ryzen 7 5800X3D 8-Core Processor           
  Family: 15, Model: 1, Stepping: 2, FPU: On-Chip
  Features: FP16, SSE, SSE2, SSE3, SSE4.2, AVX, AVX2, FMA3
 
Processor 7:
  CPU: AMD AMD Ryzen 7 5800X3D 8-Core Processor           
  Family: 15, Model: 1, Stepping: 2, FPU: On-Chip
  Features: FP16, SSE, SSE2, SSE3, SSE4.2, AVX, AVX2, FMA3
 
<21:30:16> creating CVarGroups from directory 'assets/Config/CVarGroups' ...
<21:30:16> creating CVarGroups from directory '%ENGINE%/Config/CVarGroups' ...
<21:30:16> Loading Config file %ENGINE%/Config/CVarGroups/sys_spec_full.cfg (c:\users\mathe\appdata\local\programs\cryengine launcher\engines\crytek\cryengine-57-lts\5.7.1\engine\config\cvargroups\sys_spec_full.cfg)
<21:30:16> Loading Config file %ENGINE%/Config/CVarGroups/sys_spec_gameeffects.cfg (c:\users\mathe\appdata\local\programs\cryengine launcher\engines\crytek\cryengine-57-lts\5.7.1\engine\config\cvargroups\sys_spec_gameeffects.cfg)
<21:30:16> Loading Config file %ENGINE%/Config/CVarGroups/sys_spec_light.cfg (c:\users\mathe\appdata\local\programs\cryengine launcher\engines\crytek\cryengine-57-lts\5.7.1\engine\config\cvargroups\sys_spec_light.cfg)
<21:30:16> Loading Config file %ENGINE%/Config/CVarGroups/sys_spec_objectdetail.cfg (c:\users\mathe\appdata\local\programs\cryengine launcher\engines\crytek\cryengine-57-lts\5.7.1\engine\config\cvargroups\sys_spec_objectdetail.cfg)
<21:30:16> [Error] [CVARS]: [MISSING] [r_UseZPass] specified in console variable group [sys_spec_objectdetail] = [5], but missing from default group
<21:30:16> [Error] [CVARS]: [MISSING] [r_MeshPoolSize] specified in console variable group [sys_spec_objectdetail] = [5], but missing from default group
<21:30:16> [Error] [CVARS]: [MISSING] [r_MeshInstancePoolSize] specified in console variable group [sys_spec_objectdetail] = [5], but missing from default group
<21:30:16> [Error] [CVARS]: [MISSING] [e_StreamCgfPoolSize] specified in console variable group [sys_spec_objectdetail] = [5], but missing from default group
<21:30:16> [Error] [CVARS]: [MISSING] [e_GeomCacheBufferSize] specified in console variable group [sys_spec_objectdetail] = [5], but missing from default group
<21:30:16> [Error] [CVARS]: [MISSING] [r_UseZPass] specified in console variable group [sys_spec_objectdetail] = [6], but missing from default group
<21:30:16> [Error] [CVARS]: [MISSING] [r_MeshPoolSize] specified in console variable group [sys_spec_objectdetail] = [6], but missing from default group
<21:30:16> [Error] [CVARS]: [MISSING] [r_MeshInstancePoolSize] specified in console variable group [sys_spec_objectdetail] = [6], but missing from default group
<21:30:16> [Error] [CVARS]: [MISSING] [e_StreamCgfPoolSize] specified in console variable group [sys_spec_objectdetail] = [6], but missing from default group
<21:30:16> [Error] [CVARS]: [MISSING] [e_GeomCacheBufferSize] specified in console variable group [sys_spec_objectdetail] = [6], but missing from default group
<21:30:16> [Error] [CVARS]: [MISSING] [ca_FacialAnimationRadius] specified in console variable group [sys_spec_objectdetail] = [7], but missing from default group
<21:30:16> [Error] [CVARS]: [MISSING] [ca_StreamCHR] specified in console variable group [sys_spec_objectdetail] = [7], but missing from default group
<21:30:16> [Error] [CVARS]: [MISSING] [ca_FacialAnimationRadius] specified in console variable group [sys_spec_objectdetail] = [8], but missing from default group
<21:30:16> [Error] [CVARS]: [MISSING] [ca_StreamCHR] specified in console variable group [sys_spec_objectdetail] = [8], but missing from default group
<21:30:16> Loading Config file %ENGINE%/Config/CVarGroups/sys_spec_particles.cfg (c:\users\mathe\appdata\local\programs\cryengine launcher\engines\crytek\cryengine-57-lts\5.7.1\engine\config\cvargroups\sys_spec_particles.cfg)
<21:30:16> [Error] [CVARS]: [MISSING] [e_ParticlesPoolSize] specified in console variable group [sys_spec_particles] = [5], but missing from default group
<21:30:16> [Error] [CVARS]: [MISSING] [e_ParticlesVertexPoolSize] specified in console variable group [sys_spec_particles] = [5], but missing from default group
<21:30:16> [Error] [CVARS]: [MISSING] [e_ParticlesPoolSize] specified in console variable group [sys_spec_particles] = [6], but missing from default group
<21:30:16> [Error] [CVARS]: [MISSING] [e_ParticlesVertexPoolSize] specified in console variable group [sys_spec_particles] = [6], but missing from default group
<21:30:16> Loading Config file %ENGINE%/Config/CVarGroups/sys_spec_physics.cfg (c:\users\mathe\appdata\local\programs\cryengine launcher\engines\crytek\cryengine-57-lts\5.7.1\engine\config\cvargroups\sys_spec_physics.cfg)
<21:30:16> [Error] [CVARS]: [MISSING] [p_num_threads] specified in console variable group [sys_spec_physics] = [7], but missing from default group
<21:30:16> [Error] [CVARS]: [MISSING] [p_num_threads] specified in console variable group [sys_spec_physics] = [8], but missing from default group
<21:30:16> Loading Config file %ENGINE%/Config/CVarGroups/sys_spec_postprocessing.cfg (c:\users\mathe\appdata\local\programs\cryengine launcher\engines\crytek\cryengine-57-lts\5.7.1\engine\config\cvargroups\sys_spec_postprocessing.cfg)
<21:30:16> [Error] [CVARS]: [MISSING] [r_HDRBloomQuality] specified in console variable group [sys_spec_postprocessing] = [5], but missing from default group
<21:30:16> [Error] [CVARS]: [MISSING] [r_FlareHQShafts] specified in console variable group [sys_spec_postprocessing] = [5], but missing from default group
<21:30:16> [Error] [CVARS]: [MISSING] [r_AntiAliasingMode] specified in console variable group [sys_spec_postprocessing] = [5], but missing from default group
<21:30:16> [Error] [CVARS]: [MISSING] [r_HDRBloomQuality] specified in console variable group [sys_spec_postprocessing] = [6], but missing from default group
<21:30:16> [Error] [CVARS]: [MISSING] [r_FlareHQShafts] specified in console variable group [sys_spec_postprocessing] = [6], but missing from default group
<21:30:16> [Error] [CVARS]: [MISSING] [r_AntiAliasingMode] specified in console variable group [sys_spec_postprocessing] = [6], but missing from default group
<21:30:16> [Error] [CVARS]: [MISSING] [r_HDRBloomQuality] specified in console variable group [sys_spec_postprocessing] = [7], but missing from default group
<21:30:16> [Error] [CVARS]: [MISSING] [r_FlareHQShafts] specified in console variable group [sys_spec_postprocessing] = [7], but missing from default group
<21:30:16> [Error] [CVARS]: [MISSING] [r_HDRBloomQuality] specified in console variable group [sys_spec_postprocessing] = [8], but missing from default group
<21:30:16> [Error] [CVARS]: [MISSING] [r_FlareHQShafts] specified in console variable group [sys_spec_postprocessing] = [8], but missing from default group
<21:30:16> [Error] [CVARS]: [MISSING] [r_AntiAliasingMode] specified in console variable group [sys_spec_postprocessing] = [8], but missing from default group
<21:30:16> Loading Config file %ENGINE%/Config/CVarGroups/sys_spec_quality.cfg (c:\users\mathe\appdata\local\programs\cryengine launcher\engines\crytek\cryengine-57-lts\5.7.1\engine\config\cvargroups\sys_spec_quality.cfg)
<21:30:16> Loading Config file %ENGINE%/Config/CVarGroups/sys_spec_shading.cfg (c:\users\mathe\appdata\local\programs\cryengine launcher\engines\crytek\cryengine-57-lts\5.7.1\engine\config\cvargroups\sys_spec_shading.cfg)
<21:30:16> [Error] [CVARS]: [MISSING] [r_SSDO] specified in console variable group [sys_spec_shading] = [5], but missing from default group
<21:30:16> [Error] [CVARS]: [MISSING] [r_SSDOColorBleeding] specified in console variable group [sys_spec_shading] = [5], but missing from default group
<21:30:16> [Error] [CVARS]: [MISSING] [r_volumetricfogtexdepth] specified in console variable group [sys_spec_shading] = [5], but missing from default group
<21:30:16> [Error] [CVARS]: [MISSING] [r_volumetricfogtexscale] specified in console variable group [sys_spec_shading] = [5], but missing from default group
<21:30:16> [Error] [CVARS]: [MISSING] [r_DeferredShadingTiled] specified in console variable group [sys_spec_shading] = [5], but missing from default group
<21:30:16> [Error] [CVARS]: [MISSING] [e_svoTI_NumStreamingThreads] specified in console variable group [sys_spec_shading] = [5], but missing from default group
<21:30:16> [Error] [CVARS]: [MISSING] [r_SSDO] specified in console variable group [sys_spec_shading] = [6], but missing from default group
<21:30:16> [Error] [CVARS]: [MISSING] [r_volumetricfogtexdepth] specified in console variable group [sys_spec_shading] = [6], but missing from default group
<21:30:16> [Error] [CVARS]: [MISSING] [r_volumetricfogtexscale] specified in console variable group [sys_spec_shading] = [6], but missing from default group
<21:30:16> [Error] [CVARS]: [MISSING] [r_DeferredShadingTiled] specified in console variable group [sys_spec_shading] = [6], but missing from default group
<21:30:16> [Error] [CVARS]: [MISSING] [e_svoTI_NumStreamingThreads] specified in console variable group [sys_spec_shading] = [6], but missing from default group
<21:30:16> [Error] [CVARS]: [MISSING] [r_SSDO] specified in console variable group [sys_spec_shading] = [7], but missing from default group
<21:30:16> [Error] [CVARS]: [MISSING] [r_volumetricfogtexdepth] specified in console variable group [sys_spec_shading] = [7], but missing from default group
<21:30:16> [Error] [CVARS]: [MISSING] [r_volumetricfogtexscale] specified in console variable group [sys_spec_shading] = [7], but missing from default group
<21:30:16> [Error] [CVARS]: [MISSING] [e_svoTI_NumStreamingThreads] specified in console variable group [sys_spec_shading] = [7], but missing from default group
<21:30:16> [Error] [CVARS]: [MISSING] [r_SSDO] specified in console variable group [sys_spec_shading] = [8], but missing from default group
<21:30:16> [Error] [CVARS]: [MISSING] [r_volumetricfogtexdepth] specified in console variable group [sys_spec_shading] = [8], but missing from default group
<21:30:16> [Error] [CVARS]: [MISSING] [r_volumetricfogtexscale] specified in console variable group [sys_spec_shading] = [8], but missing from default group
<21:30:16> [Error] [CVARS]: [MISSING] [e_svoTI_NumStreamingThreads] specified in console variable group [sys_spec_shading] = [8], but missing from default group
<21:30:16> Loading Config file %ENGINE%/Config/CVarGroups/sys_spec_shadows.cfg (c:\users\mathe\appdata\local\programs\cryengine launcher\engines\crytek\cryengine-57-lts\5.7.1\engine\config\cvargroups\sys_spec_shadows.cfg)
<21:30:16> [Error] [CVARS]: [MISSING] [q_ShaderShadow] specified in console variable group [sys_spec_shadows] = [5], but missing from default group
<21:30:16> [Error] [CVARS]: [MISSING] [r_ShadowsScreenSpace] specified in console variable group [sys_spec_shadows] = [5], but missing from default group
<21:30:16> [Error] [CVARS]: [MISSING] [e_ShadowsClouds] specified in console variable group [sys_spec_shadows] = [5], but missing from default group
<21:30:16> [Error] [CVARS]: [MISSING] [r_ShadowTexFormat] specified in console variable group [sys_spec_shadows] = [5], but missing from default group
<21:30:16> [Error] [CVARS]: [MISSING] [q_ShaderShadow] specified in console variable group [sys_spec_shadows] = [6], but missing from default group
<21:30:16> [Error] [CVARS]: [MISSING] [r_ShadowsScreenSpace] specified in console variable group [sys_spec_shadows] = [6], but missing from default group
<21:30:16> [Error] [CVARS]: [MISSING] [e_ShadowsClouds] specified in console variable group [sys_spec_shadows] = [6], but missing from default group
<21:30:16> [Error] [CVARS]: [MISSING] [r_ShadowTexFormat] specified in console variable group [sys_spec_shadows] = [6], but missing from default group
<21:30:16> [Error] [CVARS]: [MISSING] [q_ShaderShadow] specified in console variable group [sys_spec_shadows] = [7], but missing from default group
<21:30:16> [Error] [CVARS]: [MISSING] [r_ShadowsScreenSpace] specified in console variable group [sys_spec_shadows] = [7], but missing from default group
<21:30:16> [Error] [CVARS]: [MISSING] [e_ShadowsClouds] specified in console variable group [sys_spec_shadows] = [7], but missing from default group
<21:30:16> [Error] [CVARS]: [MISSING] [r_ShadowsStaticMap] specified in console variable group [sys_spec_shadows] = [7], but missing from default group
<21:30:16> [Error] [CVARS]: [MISSING] [q_ShaderShadow] specified in console variable group [sys_spec_shadows] = [8], but missing from default group
<21:30:16> [Error] [CVARS]: [MISSING] [r_ShadowsScreenSpace] specified in console variable group [sys_spec_shadows] = [8], but missing from default group
<21:30:16> [Error] [CVARS]: [MISSING] [e_ShadowsClouds] specified in console variable group [sys_spec_shadows] = [8], but missing from default group
<21:30:16> [Error] [CVARS]: [MISSING] [r_ShadowsStaticMap] specified in console variable group [sys_spec_shadows] = [8], but missing from default group
<21:30:16> Loading Config file %ENGINE%/Config/CVarGroups/sys_spec_sound.cfg (c:\users\mathe\appdata\local\programs\cryengine launcher\engines\crytek\cryengine-57-lts\5.7.1\engine\config\cvargroups\sys_spec_sound.cfg)
<21:30:16> Loading Config file %ENGINE%/Config/CVarGroups/sys_spec_texture.cfg (c:\users\mathe\appdata\local\programs\cryengine launcher\engines\crytek\cryengine-57-lts\5.7.1\engine\config\cvargroups\sys_spec_texture.cfg)
<21:30:16> [Error] [CVARS]: [MISSING] [r_texturesstreaming] specified in console variable group [sys_spec_texture] = [5], but missing from default group
<21:30:16> [Error] [CVARS]: [MISSING] [r_texturesstreampooldefragmentation] specified in console variable group [sys_spec_texture] = [5], but missing from default group
<21:30:16> [Error] [CVARS]: [MISSING] [r_buffer_banksize] specified in console variable group [sys_spec_texture] = [5], but missing from default group
<21:30:16> [Error] [CVARS]: [MISSING] [r_buffer_pool_defrag_static] specified in console variable group [sys_spec_texture] = [5], but missing from default group
<21:30:16> [Error] [CVARS]: [MISSING] [r_buffer_pool_defrag_dynamic] specified in console variable group [sys_spec_texture] = [5], but missing from default group
<21:30:16> [Error] [CVARS]: [MISSING] [r_buffer_pool_defrag_max_moves] specified in console variable group [sys_spec_texture] = [5], but missing from default group
<21:30:16> [Error] [CVARS]: [MISSING] [r_TexturesstreamingMinUsableMips] specified in console variable group [sys_spec_texture] = [5], but missing from default group
<21:30:16> [Error] [CVARS]: [MISSING] [r_TexturesStreamingSkipMips] specified in console variable group [sys_spec_texture] = [5], but missing from default group
<21:30:16> [Error] [CVARS]: [MISSING] [r_TexturesStreamPoolSize] specified in console variable group [sys_spec_texture] = [5], but missing from default group
<21:30:16> [Error] [CVARS]: [MISSING] [r_texturesstreaming] specified in console variable group [sys_spec_texture] = [6], but missing from default group
<21:30:16> [Error] [CVARS]: [MISSING] [r_texturesstreampooldefragmentation] specified in console variable group [sys_spec_texture] = [6], but missing from default group
<21:30:16> [Error] [CVARS]: [MISSING] [r_buffer_banksize] specified in console variable group [sys_spec_texture] = [6], but missing from default group
<21:30:16> [Error] [CVARS]: [MISSING] [r_buffer_pool_defrag_static] specified in console variable group [sys_spec_texture] = [6], but missing from default group
<21:30:16> [Error] [CVARS]: [MISSING] [r_buffer_pool_defrag_dynamic] specified in console variable group [sys_spec_texture] = [6], but missing from default group
<21:30:16> [Error] [CVARS]: [MISSING] [r_buffer_pool_defrag_max_moves] specified in console variable group [sys_spec_texture] = [6], but missing from default group
<21:30:16> [Error] [CVARS]: [MISSING] [r_TexturesstreamingMinUsableMips] specified in console variable group [sys_spec_texture] = [6], but missing from default group
<21:30:16> [Error] [CVARS]: [MISSING] [r_TexturesStreamingSkipMips] specified in console variable group [sys_spec_texture] = [6], but missing from default group
<21:30:16> [Error] [CVARS]: [MISSING] [r_TexturesStreamPoolSize] specified in console variable group [sys_spec_texture] = [6], but missing from default group
<21:30:16> [Error] [CVARS]: [MISSING] [r_texturesstreaming] specified in console variable group [sys_spec_texture] = [7], but missing from default group
<21:30:16> [Error] [CVARS]: [MISSING] [r_TexturesstreamingMinUsableMips] specified in console variable group [sys_spec_texture] = [7], but missing from default group
<21:30:16> [Error] [CVARS]: [MISSING] [r_TexturesStreamingSkipMips] specified in console variable group [sys_spec_texture] = [7], but missing from default group
<21:30:16> [Error] [CVARS]: [MISSING] [r_TexturesStreamPoolSize] specified in console variable group [sys_spec_texture] = [7], but missing from default group
<21:30:16> [Error] [CVARS]: [MISSING] [r_texturesstreaming] specified in console variable group [sys_spec_texture] = [8], but missing from default group
<21:30:16> [Error] [CVARS]: [MISSING] [r_TexturesstreamingMinUsableMips] specified in console variable group [sys_spec_texture] = [8], but missing from default group
<21:30:16> [Error] [CVARS]: [MISSING] [r_TexturesStreamingSkipMips] specified in console variable group [sys_spec_texture] = [8], but missing from default group
<21:30:16> [Error] [CVARS]: [MISSING] [r_TexturesStreamPoolSize] specified in console variable group [sys_spec_texture] = [8], but missing from default group
<21:30:16> Loading Config file %ENGINE%/Config/CVarGroups/sys_spec_textureresolution.cfg (c:\users\mathe\appdata\local\programs\cryengine launcher\engines\crytek\cryengine-57-lts\5.7.1\engine\config\cvargroups\sys_spec_textureresolution.cfg)
<21:30:16> Loading Config file %ENGINE%/Config/CVarGroups/sys_spec_volumetriceffects.cfg (c:\users\mathe\appdata\local\programs\cryengine launcher\engines\crytek\cryengine-57-lts\5.7.1\engine\config\cvargroups\sys_spec_volumetriceffects.cfg)
<21:30:16> Loading Config file %ENGINE%/Config/CVarGroups/sys_spec_water.cfg (c:\users\mathe\appdata\local\programs\cryengine launcher\engines\crytek\cryengine-57-lts\5.7.1\engine\config\cvargroups\sys_spec_water.cfg)
<21:30:16> <ThreadConfigInfo>: Thread profile loaded: "pc_Common" (%engine%/config/engine_core.thread_config)  
<21:30:16> [Warning] <ThreadConfigInfo>: (pc: 16 core) Unable to find platform config "pc_8". Next valid config found was pc_8.
<21:30:16> <ThreadConfigInfo>: Thread profile loaded: "pc_8" (%engine%/config/engine_core.thread_config)  
<21:30:16> <ThreadConfigInfo>: Thread profile loaded: "pc_Common" (%engine%/config/engine_sandbox.thread_config)  
<21:30:16> [Warning] <ThreadConfigInfo>: (pc: 16 core) Unable to find platform config "pc_8". Next valid config found was pc_8.
<21:30:16> <ThreadConfigInfo>: Thread profile loaded: "pc_8" (%engine%/config/engine_sandbox.thread_config)  
<21:30:16> UDR initialization
<21:30:16> Loading Module CryUDR.dll...
<21:30:16> Initializing CryUDR done, MemUsage=324Kb
<21:30:16> Windows 10 64 bit (build 10.0.22631)
<21:30:16> User name: "mathe"
<21:30:16> System language: Portuguese
<21:30:16> Windows Directory: "C:\Windows"
<21:30:16> Local time is 21:30:16 06/20/24, system running for 4410 minutes
<21:30:16> 32677MB physical memory installed, 21333MB available, 134217727MB virtual memory installed, 34 percent of memory in use
<21:30:16> PageFile usage: 65MB, Working Set: 73MB, Peak PageFile usage: 65MB,
<21:30:16> Current display mode is 2560x1440x32, (Unknown graphics card)
<21:30:16> IBM enhanced (101/102-key) keyboard and 16+ button mouse installed
<21:30:16> --------------------------------------------------------------------------------
<21:30:16> Stream Engine Initialization
<21:30:16> BuildTime: May 18 2022 02:19:29
<21:30:16> Physics initialization
<21:30:16> Loading Module CryPhysics.dll...
<21:30:16> Initializing CryPhysics done, MemUsage=1932Kb
<21:30:16> [Warning] Cannot open Pak file assets\localization\english_xml.pak
<21:30:16> Localized language content(english) not available or modified from the original installation.
<21:30:16> [Warning] Cannot open Pak file assets\localization\english.pak
<21:30:16> Localized language content(english) not available or modified from the original installation.
<21:30:16> [Warning] Cannot open Pak file assets\localization\english.pak
<21:30:16> Localized language content(english) not available or modified from the original installation.
<21:30:16> [Error] <Localization> No localization files found!
<21:30:16> <Audio>: AudioSystem initialization
<21:30:16> Loading Module CryAudioSystem.dll...
<21:30:16> <Audio>: CryAudioImplSDLMixer loaded
<21:30:16> Initializing CryAudioSystem done, MemUsage=3324Kb
<21:30:16> C# Backend initialization
<21:30:16> Loading Module CryMonoBridge.dll...
<21:30:16> Initializing CryMonoBridge done, MemUsage=692Kb
<21:30:16> Loading plug-in CryDefaultEntities
<21:30:16> Loading plug-in CrySensorSystem
<21:30:16> Loading plug-in CryScaleformSchematyc
<21:30:16> Loading plug-in CryPerceptionSystem
<21:30:16> Loading plug-in Game
<21:30:16> [Warning] Unable to load cursor from texture file. Path %ENGINE%/EngineAssets/Textures/Cursor_Green.dds
<21:30:16> Initialized hardware mouse (game is allowed to confine mouse to window)
<21:30:16> Renderer initialization
<21:30:16> Logging video adapters:
<21:30:16> - NVIDIA GeForce RTX 4070 Ti (vendor = 0x10de, device = 0x2782)
<21:30:16>   - Adapter index: 0
<21:30:16>   - Dedicated video memory: 11996 MB
<21:30:16>   - Feature level: D3D 11_1 (SM 5.x)
<21:30:16>   - Displays connected: yes
<21:30:16>   - Suitable rendering device: yes
<21:30:16> - Microsoft Basic Render Driver (vendor = 0x1414, device = 0x008c)
<21:30:16>   - Adapter index: 1
<21:30:16>   - Dedicated video memory: 0 MB
<21:30:16>   - Feature level: D3D 11_1 (SM 5.x)
<21:30:16>   - Displays connected: no
<21:30:16>   - Suitable rendering device: no
<21:30:16> Loading Module CryRenderD3D11.dll...
<21:30:16> CRenderer sizeof(Vec2f16)=4 sizeof(Vec3f16)=8
<21:30:16> Initializing CryRenderD3D11 done, MemUsage=3800Kb
<21:30:16> Initializing Direct3D and creating game window:
<21:30:16> Direct3D driver is creating...
<21:30:16> Crytek Direct3D driver version 3.00 (May 18 2022 <02:19:44>)
<21:30:16> Creating window called 'fpscpptest' (32x32)
<21:30:16> D3D Adapter: Description: NVIDIA GeForce RTX 4070 Ti
<21:30:16> D3D Adapter: Driver version (UMD): 32.00.15.5599
<21:30:16> D3D Adapter: VendorId = 0x10DE
<21:30:16> D3D Adapter: DeviceId = 0x2782
<21:30:16> D3D Adapter: SubSysId = 0x40C61458
<21:30:16> D3D Adapter: Revision = 161
<21:30:16> NVAPI: API init ok (0)
<21:30:16> NVAPI: Single GPU system
<21:30:16> NVDBT supported
<21:30:16> D3D Detected: NVIDIA video card
<21:30:16> Active GPUs: 1
<21:30:16> Using pixel texture formats:
<21:30:16>   R8G8B8A8S, mips, RT (blendable) (multi-sampled), sample, gather
<21:30:16>   R8G8B8A8, mips, sRGB, RT (blendable) (multi-sampled), sample, gather
<21:30:16>   A8, mips, RT (blendable) (multi-sampled), sample, gather
<21:30:16>   R8, mips, RT (blendable) (multi-sampled), sample, gather
<21:30:16>   R8S, mips, RT (blendable) (multi-sampled), sample, gather
<21:30:16>   R16, mips, RT (blendable) (multi-sampled), sample (comparable), gather (comparable)
<21:30:16>   R16S, mips, RT (blendable) (multi-sampled), sample, gather
<21:30:16>   R16F, mips, RT (blendable) (multi-sampled), sample, gather
<21:30:16>   R32F, mips, RT (blendable) (multi-sampled), sample (comparable), gather (comparable)
<21:30:16>   R8G8, mips, RT (blendable) (multi-sampled), sample, gather
<21:30:16>   R8G8S, mips, RT (blendable) (multi-sampled), sample, gather
<21:30:16>   R16G16, mips, RT (blendable) (multi-sampled), sample, gather
<21:30:16>   R16G16S, mips, RT (blendable) (multi-sampled), sample, gather
<21:30:16>   R16G16F, mips, RT (blendable) (multi-sampled), sample, gather
<21:30:16>   R32G32F, mips, RT (blendable) (multi-sampled), sample, gather
<21:30:16>   R11G11B10F, mips, RT (blendable) (multi-sampled), sample, gather
<21:30:16>   R10G10B10A2, mips, RT (blendable) (multi-sampled), sample, gather
<21:30:16>   R16G16B16A16, mips, RT (blendable) (multi-sampled), sample, gather
<21:30:16>   R16G16B16A16S, mips, RT (blendable) (multi-sampled), sample, gather
<21:30:16>   R16G16B16A16F, mips, RT (blendable) (multi-sampled), sample, gather
<21:30:16>   R32G32B32A32F, mips, RT (blendable) (multi-sampled), sample, gather
<21:30:16>   BC1, mips, sRGB, sample, gather
<21:30:16>   BC2, mips, sRGB, sample, gather
<21:30:16>   BC3, mips, sRGB, sample, gather
<21:30:16>   BC4, mips, sample, gather
<21:30:16>   BC4S, mips, sample, gather
<21:30:16>   BC5, mips, sample, gather
<21:30:16>   BC5S, mips, sample, gather
<21:30:16>   BC6UH, mips, sample, gather
<21:30:16>   BC6SH, mips, sample, gather
<21:30:16>   BC7, mips, sRGB, sample, gather
<21:30:16>   R9G9B9E5, mips, sample, gather
<21:30:16>   D32FS8 (R32G8T), mips, DS (multi-sampled)
<21:30:16>   D32F (R32T), mips, DS (multi-sampled)
<21:30:16>   D24S8 (R24G8T), mips, DS (multi-sampled)
<21:30:16>   D16 (R16T), mips, DS (multi-sampled)
<21:30:16>   B5G6R5, mips, RT (blendable) (multi-sampled), sample, gather
<21:30:16>   B5G5R5, mips, RT (blendable) (multi-sampled), sample, gather
<21:30:16>   B4G4R4A4, mips, sample, gather
<21:30:16>   B8G8R8A8, mips, sRGB, RT (blendable) (multi-sampled), sample, gather
<21:30:16>   B8G8R8X8, mips, sRGB, RT (blendable) (multi-sampled), sample, gather
<21:30:16>  Renderer DepthBits: 24
<21:30:16>  ****** CryRender InfoDump ******
<21:30:16>  Driver description: NVIDIA GeForce RTX 4070 Ti
<21:30:16>  API Version: Direct3D 11.0
<21:30:16>  Feature level: D3D 11_1
<21:30:16>  Vertex Shaders version 5.1
<21:30:16>  Pixel Shaders version 5.1
<21:30:16>  Full stats: 
<21:30:16>  Rasterizer: Hardware
<21:30:16>  Current Resolution: 0x0x32 Windowed
<21:30:16>  Occlusion queries: Supported
<21:30:16>  Geometry instancing: Supported
<21:30:16>  NormalMaps compression : Supported
<21:30:16>  Gamma control: Hardware
<21:30:16>  Used GeomInstancingThreshold is 8
<21:30:16>  Shader model usage: 'SM.5.0'
<21:30:16>  *****************************************
<21:30:16>  
<21:30:16> Init Shaders
<21:30:16>  General shader quality: Medium
<21:30:16>  Metal shader quality: Medium
<21:30:16>  Glass shader quality: Medium
<21:30:16>  Vegetation shader quality: Medium
<21:30:16>  Ice shader quality: Medium
<21:30:16>  Terrain shader quality: Medium
<21:30:16>  Shadow shader quality: Medium
<21:30:16>  Water shader quality: Medium
<21:30:16>  FX shader quality: Medium
<21:30:16>  PostProcess shader quality: Medium
<21:30:16>  HDR shader quality: Medium
<21:30:16> Render quality: VeryHigh
<21:30:16> Init textures management (11996 Mb of video memory is available)...
<21:30:16>   Enabling of textures streaming...
<21:30:16>   Using 6536 Mb of textures pool for streaming...
<21:30:16>   Video textures: Dynamic managed max size: 48 Mb
<21:30:16>   Finished initializing textures streaming...
<21:30:17> Initializing CryScaleformHelper done, MemUsage=0Kb
<21:30:17> Using Scaleform GFx 3.3.94
<21:30:17>   Using dynamic pool
<21:30:17> [Warning] <ThreadInfo>: Unable to find config for thread:GFxVideo_Decoder_2
<21:30:17> Font initialization
<21:30:17> Loading Module CryFont.dll...
<21:30:17> Using FreeType 2.5.5
<21:30:17> Initializing CryFont done, MemUsage=292Kb
<21:30:17> *** Init system render resources ***
<21:30:17> Loading Module CryNetwork.dll...
<21:30:17> [LagProfiles] Could not load "". 6 default profiles activated.
<21:30:17> [Error] Scheduler policy name should not exceed 4 characters.
<21:30:17> [net] Socket IO management: External [iocp], Internal [iocp]
<21:30:17> network hostname: matheuspc
<21:30:17>   ip:192.168.1.193
<21:30:17> [Network Version]: PROFILE DEVELOPMENT BUILD
<21:30:17> Initializing CryNetwork done, MemUsage=2376Kb
<21:30:17> Loading Module CryMovie.dll...
<21:30:17> Initializing CryMovie done, MemUsage=660Kb
<21:30:17> Engine installed on drive: 
<21:30:17> Time initialization
<21:30:17> Input initialization
<21:30:17> Loading Module CryInput.dll...
<21:30:17> Initializing DirectInput

<21:30:17> Initializing Keyboard

<21:30:17> Input locale changed to 00010416
<21:30:17> Initializing mouse
<21:30:17> Initializing CryInput done, MemUsage=1584Kb
<21:30:17> Initializing Animation System
<21:30:17> Loading Module CryAnimation.dll...
<21:30:17> Initializing CryAnimation done, MemUsage=1988Kb
<21:30:17> Init 3D Engine
<21:30:17> Loading Module Cry3DEngine.dll...
<21:30:17> Sky light: Optical lookup tables loaded off disc.
<21:30:17> Initializing Cry3DEngine done, MemUsage=5692Kb
<21:30:17> Script System Initialization
<21:30:17> Loading Module CryScriptSystem.dll...
<21:30:17> [Warning] [Lua Error] Failed to load script file scripts/common.lua
<21:30:17> Initializing CryScriptSystem done, MemUsage=788Kb
<21:30:17> Schematyc initialization
<21:30:17> Loading Module CrySchematyc.dll...
<21:30:17> Initializing CrySchematyc done, MemUsage=1724Kb
<21:30:17> Entity system initialization
<21:30:17> Loading Module CryEntitySystem.dll...
<21:30:17> Initializing CryEntitySystem done, MemUsage=2164Kb
<21:30:17> LiveCreate initialization
<21:30:17> LiveCreateHost not created, using NULL implementation.
<21:30:17> Dynamic Response System initialization
<21:30:17> Loading Module CryDynamicResponseSystem.dll...
<21:30:17> Initializing CryDynamicResponseSystem done, MemUsage=688Kb
<21:30:17> Loading Module CryFlowGraph.dll...
<21:30:17> Successfully registered flownode 'AI:PerceptionState'
<21:30:17> Successfully registered flownode 'AI:EventListener'
<21:30:17> Initializing CryFlowGraph done, MemUsage=1036Kb
<21:30:17> AI initialization
<21:30:17> Loading Module CryAISystem.dll...
<21:30:17> Initializing CryAISystem done, MemUsage=1532Kb
<21:30:17> Initializing AI System
<21:30:17> AI: [AISYSTEM] Initialization started.
<21:30:17> [Error] [CVARS]: [DUPLICATE] CXConsole::RegisterString(const char*): variable [ai_DebugDrawNavigationQueryListFilterByCaller] is already registered
<21:30:17> [Warning] XML reader: Can't open file (Scripts/AI/Navigation.xml)
<21:30:17> [Warning] AI: Failed to open XML file 'Scripts/AI/Navigation.xml'...
<21:30:17> [Warning] XML reader: Can't open file (Scripts/AI/Communication/CommunicationSystemConfiguration.xml)
<21:30:17> [Warning] AI: Failed to open XML file 'Scripts/AI/Communication/CommunicationSystemConfiguration.xml'...
<21:30:17> [Warning] XML reader: Can't open file (Scripts/AI/lookup.xml)
<21:30:17> [Warning] [Lua Error] Failed to load script file scripts/ai/aiconfig.lua
<21:30:17> Registering CentralInterestManager with EntitySystem
<21:30:17> [Warning] XML reader: Can't open file (Libs/AITargetStimulusConfig.xml)
<21:30:17> [Warning] AI: CTargetTrackManager::Init() Warning: Failed to load configuration file 'Libs/AITargetStimulusConfig.xml'
<21:30:17> Modular behavior tree node 'Sequence' has a class size of 88 bytes.
<21:30:17> Modular behavior tree node 'Selector' has a class size of 88 bytes.
<21:30:17> Modular behavior tree node 'Priority' has a class size of 88 bytes.
<21:30:17> Modular behavior tree node 'Parallel' has a class size of 96 bytes.
<21:30:17> Modular behavior tree node 'Loop' has a class size of 88 bytes.
<21:30:17> Modular behavior tree node 'LoopUntilSuccess' has a class size of 88 bytes.
<21:30:17> Modular behavior tree node 'StateMachine' has a class size of 88 bytes.
<21:30:17> Modular behavior tree node 'SendTransitionEvent' has a class size of 96 bytes.
<21:30:17> Modular behavior tree node 'IfCondition' has a class size of 120 bytes.
<21:30:17> Modular behavior tree node 'AssertCondition' has a class size of 104 bytes.
<21:30:17> Modular behavior tree node 'Timeout' has a class size of 72 bytes.
<21:30:17> Modular behavior tree node 'IfTime' has a class size of 120 bytes.
<21:30:17> Modular behavior tree node 'Wait' has a class size of 72 bytes.
<21:30:17> Modular behavior tree node 'MonitorCondition' has a class size of 104 bytes.
<21:30:17> Modular behavior tree node 'WaitForEvent' has a class size of 104 bytes.
<21:30:17> Modular behavior tree node 'WaitUntilTime' has a class size of 104 bytes.
<21:30:17> Modular behavior tree node 'Fail' has a class size of 64 bytes.
<21:30:17> Modular behavior tree node 'RandomGate' has a class size of 88 bytes.
<21:30:17> Modular behavior tree node 'SendEvent' has a class size of 104 bytes.
<21:30:17> Modular behavior tree node 'SuppressFailure' has a class size of 80 bytes.
<21:30:17> Modular behavior tree node 'AssertTime' has a class size of 104 bytes.
<21:30:17> Modular behavior tree node 'Halt' has a class size of 64 bytes.
<21:30:17> Modular behavior tree node 'Log' has a class size of 72 bytes.
<21:30:17> Modular behavior tree node 'Breakpoint' has a class size of 64 bytes.
<21:30:17> Modular behavior tree node 'AimAroundWhileUsingAMachingGun' has a class size of 72 bytes.
<21:30:17> Modular behavior tree node 'AnimationTagWrapper' has a class size of 96 bytes.
<21:30:17> Modular behavior tree node 'CheckIfTargetCanBeReached' has a class size of 72 bytes.
<21:30:17> Modular behavior tree node 'GoalPipe' has a class size of 72 bytes.
<21:30:17> Modular behavior tree node 'LuaWrapper' has a class size of 112 bytes.
<21:30:17> Modular behavior tree node 'SmartObjectStatesWrapper' has a class size of 96 bytes.
<21:30:17> Modular behavior tree node 'ThrowGrenade' has a class size of 104 bytes.
<21:30:17> Modular behavior tree node 'TurnBody' has a class size of 88 bytes.
<21:30:17> Modular behavior tree node 'AdjustCoverStance' has a class size of 80 bytes.
<21:30:17> Modular behavior tree node 'Aim' has a class size of 80 bytes.
<21:30:17> Modular behavior tree node 'Animate' has a class size of 80 bytes.
<21:30:17> Modular behavior tree node 'AssertLua' has a class size of 616 bytes.
<21:30:17> Modular behavior tree node 'Bubble' has a class size of 88 bytes.
<21:30:17> Modular behavior tree node 'ClearTargets' has a class size of 64 bytes.
<21:30:17> Modular behavior tree node 'Communicate' has a class size of 112 bytes.
<21:30:17> Modular behavior tree node 'ExecuteLua' has a class size of 616 bytes.
<21:30:17> Modular behavior tree node 'GroupScope' has a class size of 96 bytes.
<21:30:17> Modular behavior tree node 'Look' has a class size of 72 bytes.
<21:30:17> Modular behavior tree node 'LuaBehavior' has a class size of 72 bytes.
<21:30:17> Modular behavior tree node 'LuaGate' has a class size of 632 bytes.
<21:30:17> Modular behavior tree node 'Move' has a class size of 264 bytes.
<21:30:17> Modular behavior tree node 'PullDownThreatLevel' has a class size of 64 bytes.
<21:30:17> Modular behavior tree node 'QueryTPS' has a class size of 80 bytes.
<21:30:17> Modular behavior tree node 'SendTransitionSignal' has a class size of 80 bytes.
<21:30:17> Modular behavior tree node 'SetAlertness' has a class size of 72 bytes.
<21:30:17> Modular behavior tree node 'Shoot' has a class size of 104 bytes.
<21:30:17> Modular behavior tree node 'ShootFromCover' has a class size of 80 bytes.
<21:30:17> Modular behavior tree node 'Signal' has a class size of 80 bytes.
<21:30:17> Modular behavior tree node 'Stance' has a class size of 80 bytes.
<21:30:17> Modular behavior tree node 'StopMovement' has a class size of 72 bytes.
<21:30:17> Modular behavior tree node 'Basic_MoveToPosition' has a class size of 248 bytes.
<21:30:17> Modular behavior tree node 'Basic_MoveToCover' has a class size of 248 bytes.
<21:30:17> AI: [AISYSTEM] Initialization finished.
<21:30:17> [Warning] XML reader: Can't open file (Scripts/AI/Cover.xml)
<21:30:17> [Warning] AI: Failed to open XML file 'Scripts/AI/Cover.xml'...
<21:30:17> Initializing additional systems
<21:30:17> Loading Module CryAction.dll...
<21:30:17> [Warning] XML reader: Can't open file (Libs/Levels/leveltypes.xml)
<21:30:17> [Warning] [Lua Error] Failed to load script file Scripts/Entities/Vehicles/VehicleSystem.lua
<21:30:17> [Warning] XML reader: Can't open file (Scripts/Network/StatsConfig.xml)
<21:30:17> Modular behavior tree node 'AnimateFragment' has a class size of 80 bytes.
<21:30:17> [Warning] [Lua Error] Failed to load script file Scripts/Entities/Vehicles/VehiclePartDetached.lua
<21:30:17> Ending game context...
<21:30:17> [Warning] XML reader: Can't open file (Libs/GameForceFeedback/ForceFeedbackEffects.xml)
<21:30:17> [Warning] [ForceFeedback System] Could not load force feedback system data. Invalid XML file 'Libs/GameForceFeedback/ForceFeedbackEffects.xml'! 
<21:30:17> Initializing default materials...
<21:30:17> [Warning] XML reader: Can't open file (materials/material_layers_default.mtl)
<21:30:17> [Warning] [Lua Error] Failed to load script file scripts/main.lua
<21:30:17> [Warning] [CScriptSystem::BeginCall] Function OnInit not found(check for syntax errors or if the file wasn't loaded)