BackupNameAttachment=" Build(3146) 19 Jun 24 (15 38 18)"  -- used by backup system

Log Started at Wed Jun 19 15:38:18 2024
Built on May 18 2022 02:19:29
Built for: Windows Version: 0x00000600
Command Line: "C:/Users/mathe/AppData/Local/Programs/CRYENGINE Launcher/Engines/crytek/cryengine-57-lts/5.7.1/bin/win_x64/Sandbox.exe" -project "C:/Users/mathe/Documents/CRYENGINE Projects/fpscpptest/Code/../Game.cryproject"
Executable: C:\Users\mathe\AppData\Local\Programs\CRYENGINE Launcher\Engines\crytek\cryengine-57-lts\5.7.1\bin\win_x64\Sandbox.exe
FileVersion: 5.7.1.3146
ProductVersion: 5.7.1.3146
Loading Config file %ENGINEROOT%/system.cfg (c:\users\mathe\appdata\local\programs\cryengine launcher\engines\crytek\cryengine-57-lts\5.7.1\system.cfg)
[Warning] Cannot open Pak file c:\users\mathe\appdata\local\programs\cryengine launcher\engines\crytek\cryengine-57-lts\5.7.1\config.pak
 
con_debug=0 [  ]
con_display_last_messages=0 [  ]
con_font_size=14 [  ]
con_line_buffer_size=1000 [  ]
con_restricted=0 [ RESTRICTEDMODE ]
con_showonload=0 [  ]
 
con_debug=0 [  ]
con_display_last_messages=0 [  ]
con_font_size=14 [  ]
con_line_buffer_size=1000 [  ]
con_restricted=0 [ RESTRICTEDMODE ]
con_showonload=0 [  ]
 
con_debug=0 [  ]
 
con_debug=0 [  ]
Project fpscpptest
Using Project Folder C:/Users/mathe/Documents/CRYENGINE Projects/fpscpptest
Using Engine Folder C:\Users\mathe\AppData\Local\Programs\CRYENGINE Launcher\Engines\crytek\cryengine-57-lts\5.7.1/
Using Asset Folder c:/users/mathe/documents/cryengine projects/fpscpptest/assets

Total number of logical processors: 16
Number of available logical processors: 16
Total number of system cores: 8
Number of cores available to process: 8
 
Processor 0:
  CPU: AMD AMD Ryzen 7 5800X3D 8-Core Processor           
  Family: 15, Model: 1, Stepping: 2, FPU: On-Chip
  Features: FP16, SSE, SSE2, SSE3, SSE4.2, AVX, AVX2, FMA3
 
Processor 1:
  CPU: AMD AMD Ryzen 7 5800X3D 8-Core Processor           
  Family: 15, Model: 1, Stepping: 2, FPU: On-Chip
  Features: FP16, SSE, SSE2, SSE3, SSE4.2, AVX, AVX2, FMA3
 
Processor 2:
  CPU: AMD AMD Ryzen 7 5800X3D 8-Core Processor           
  Family: 15, Model: 1, Stepping: 2, FPU: On-Chip
  Features: FP16, SSE, SSE2, SSE3, SSE4.2, AVX, AVX2, FMA3
 
Processor 3:
  CPU: AMD AMD Ryzen 7 5800X3D 8-Core Processor           
  Family: 15, Model: 1, Stepping: 2, FPU: On-Chip
  Features: FP16, SSE, SSE2, SSE3, SSE4.2, AVX, AVX2, FMA3
 
Processor 4:
  CPU: AMD AMD Ryzen 7 5800X3D 8-Core Processor           
  Family: 15, Model: 1, Stepping: 2, FPU: On-Chip
  Features: FP16, SSE, SSE2, SSE3, SSE4.2, AVX, AVX2, FMA3
 
Processor 5:
  CPU: AMD AMD Ryzen 7 5800X3D 8-Core Processor           
  Family: 15, Model: 1, Stepping: 2, FPU: On-Chip
  Features: FP16, SSE, SSE2, SSE3, SSE4.2, AVX, AVX2, FMA3
 
Processor 6:
  CPU: AMD AMD Ryzen 7 5800X3D 8-Core Processor           
  Family: 15, Model: 1, Stepping: 2, FPU: On-Chip
  Features: FP16, SSE, SSE2, SSE3, SSE4.2, AVX, AVX2, FMA3
 
Processor 7:
  CPU: AMD AMD Ryzen 7 5800X3D 8-Core Processor           
  Family: 15, Model: 1, Stepping: 2, FPU: On-Chip
  Features: FP16, SSE, SSE2, SSE3, SSE4.2, AVX, AVX2, FMA3
 
<15:38:18> creating CVarGroups from directory 'assets/Config/CVarGroups' ...
<15:38:18> creating CVarGroups from directory '%ENGINE%/Config/CVarGroups' ...
<15:38:18> Loading Config file %ENGINE%/Config/CVarGroups/sys_spec_full.cfg (c:\users\mathe\appdata\local\programs\cryengine launcher\engines\crytek\cryengine-57-lts\5.7.1\engine\config\cvargroups\sys_spec_full.cfg)
<15:38:18> Loading Config file %ENGINE%/Config/CVarGroups/sys_spec_gameeffects.cfg (c:\users\mathe\appdata\local\programs\cryengine launcher\engines\crytek\cryengine-57-lts\5.7.1\engine\config\cvargroups\sys_spec_gameeffects.cfg)
<15:38:18> Loading Config file %ENGINE%/Config/CVarGroups/sys_spec_light.cfg (c:\users\mathe\appdata\local\programs\cryengine launcher\engines\crytek\cryengine-57-lts\5.7.1\engine\config\cvargroups\sys_spec_light.cfg)
<15:38:18> Loading Config file %ENGINE%/Config/CVarGroups/sys_spec_objectdetail.cfg (c:\users\mathe\appdata\local\programs\cryengine launcher\engines\crytek\cryengine-57-lts\5.7.1\engine\config\cvargroups\sys_spec_objectdetail.cfg)
<15:38:18> [Error] [CVARS]: [MISSING] [r_UseZPass] specified in console variable group [sys_spec_objectdetail] = [5], but missing from default group
<15:38:18> [Error] [CVARS]: [MISSING] [r_MeshPoolSize] specified in console variable group [sys_spec_objectdetail] = [5], but missing from default group
<15:38:18> [Error] [CVARS]: [MISSING] [r_MeshInstancePoolSize] specified in console variable group [sys_spec_objectdetail] = [5], but missing from default group
<15:38:18> [Error] [CVARS]: [MISSING] [e_StreamCgfPoolSize] specified in console variable group [sys_spec_objectdetail] = [5], but missing from default group
<15:38:18> [Error] [CVARS]: [MISSING] [e_GeomCacheBufferSize] specified in console variable group [sys_spec_objectdetail] = [5], but missing from default group
<15:38:18> [Error] [CVARS]: [MISSING] [r_UseZPass] specified in console variable group [sys_spec_objectdetail] = [6], but missing from default group
<15:38:18> [Error] [CVARS]: [MISSING] [r_MeshPoolSize] specified in console variable group [sys_spec_objectdetail] = [6], but missing from default group
<15:38:18> [Error] [CVARS]: [MISSING] [r_MeshInstancePoolSize] specified in console variable group [sys_spec_objectdetail] = [6], but missing from default group
<15:38:18> [Error] [CVARS]: [MISSING] [e_StreamCgfPoolSize] specified in console variable group [sys_spec_objectdetail] = [6], but missing from default group
<15:38:18> [Error] [CVARS]: [MISSING] [e_GeomCacheBufferSize] specified in console variable group [sys_spec_objectdetail] = [6], but missing from default group
<15:38:18> [Error] [CVARS]: [MISSING] [ca_FacialAnimationRadius] specified in console variable group [sys_spec_objectdetail] = [7], but missing from default group
<15:38:18> [Error] [CVARS]: [MISSING] [ca_StreamCHR] specified in console variable group [sys_spec_objectdetail] = [7], but missing from default group
<15:38:18> [Error] [CVARS]: [MISSING] [ca_FacialAnimationRadius] specified in console variable group [sys_spec_objectdetail] = [8], but missing from default group
<15:38:18> [Error] [CVARS]: [MISSING] [ca_StreamCHR] specified in console variable group [sys_spec_objectdetail] = [8], but missing from default group
<15:38:18> Loading Config file %ENGINE%/Config/CVarGroups/sys_spec_particles.cfg (c:\users\mathe\appdata\local\programs\cryengine launcher\engines\crytek\cryengine-57-lts\5.7.1\engine\config\cvargroups\sys_spec_particles.cfg)
<15:38:18> [Error] [CVARS]: [MISSING] [e_ParticlesPoolSize] specified in console variable group [sys_spec_particles] = [5], but missing from default group
<15:38:18> [Error] [CVARS]: [MISSING] [e_ParticlesVertexPoolSize] specified in console variable group [sys_spec_particles] = [5], but missing from default group
<15:38:18> [Error] [CVARS]: [MISSING] [e_ParticlesPoolSize] specified in console variable group [sys_spec_particles] = [6], but missing from default group
<15:38:18> [Error] [CVARS]: [MISSING] [e_ParticlesVertexPoolSize] specified in console variable group [sys_spec_particles] = [6], but missing from default group
<15:38:18> Loading Config file %ENGINE%/Config/CVarGroups/sys_spec_physics.cfg (c:\users\mathe\appdata\local\programs\cryengine launcher\engines\crytek\cryengine-57-lts\5.7.1\engine\config\cvargroups\sys_spec_physics.cfg)
<15:38:18> [Error] [CVARS]: [MISSING] [p_num_threads] specified in console variable group [sys_spec_physics] = [7], but missing from default group
<15:38:18> [Error] [CVARS]: [MISSING] [p_num_threads] specified in console variable group [sys_spec_physics] = [8], but missing from default group
<15:38:18> Loading Config file %ENGINE%/Config/CVarGroups/sys_spec_postprocessing.cfg (c:\users\mathe\appdata\local\programs\cryengine launcher\engines\crytek\cryengine-57-lts\5.7.1\engine\config\cvargroups\sys_spec_postprocessing.cfg)
<15:38:18> [Error] [CVARS]: [MISSING] [r_HDRBloomQuality] specified in console variable group [sys_spec_postprocessing] = [5], but missing from default group
<15:38:18> [Error] [CVARS]: [MISSING] [r_FlareHQShafts] specified in console variable group [sys_spec_postprocessing] = [5], but missing from default group
<15:38:18> [Error] [CVARS]: [MISSING] [r_AntiAliasingMode] specified in console variable group [sys_spec_postprocessing] = [5], but missing from default group
<15:38:18> [Error] [CVARS]: [MISSING] [r_HDRBloomQuality] specified in console variable group [sys_spec_postprocessing] = [6], but missing from default group
<15:38:18> [Error] [CVARS]: [MISSING] [r_FlareHQShafts] specified in console variable group [sys_spec_postprocessing] = [6], but missing from default group
<15:38:18> [Error] [CVARS]: [MISSING] [r_AntiAliasingMode] specified in console variable group [sys_spec_postprocessing] = [6], but missing from default group
<15:38:18> [Error] [CVARS]: [MISSING] [r_HDRBloomQuality] specified in console variable group [sys_spec_postprocessing] = [7], but missing from default group
<15:38:18> [Error] [CVARS]: [MISSING] [r_FlareHQShafts] specified in console variable group [sys_spec_postprocessing] = [7], but missing from default group
<15:38:18> [Error] [CVARS]: [MISSING] [r_HDRBloomQuality] specified in console variable group [sys_spec_postprocessing] = [8], but missing from default group
<15:38:18> [Error] [CVARS]: [MISSING] [r_FlareHQShafts] specified in console variable group [sys_spec_postprocessing] = [8], but missing from default group
<15:38:18> [Error] [CVARS]: [MISSING] [r_AntiAliasingMode] specified in console variable group [sys_spec_postprocessing] = [8], but missing from default group
<15:38:18> Loading Config file %ENGINE%/Config/CVarGroups/sys_spec_quality.cfg (c:\users\mathe\appdata\local\programs\cryengine launcher\engines\crytek\cryengine-57-lts\5.7.1\engine\config\cvargroups\sys_spec_quality.cfg)
<15:38:18> Loading Config file %ENGINE%/Config/CVarGroups/sys_spec_shading.cfg (c:\users\mathe\appdata\local\programs\cryengine launcher\engines\crytek\cryengine-57-lts\5.7.1\engine\config\cvargroups\sys_spec_shading.cfg)
<15:38:18> [Error] [CVARS]: [MISSING] [r_SSDO] specified in console variable group [sys_spec_shading] = [5], but missing from default group
<15:38:18> [Error] [CVARS]: [MISSING] [r_SSDOColorBleeding] specified in console variable group [sys_spec_shading] = [5], but missing from default group
<15:38:18> [Error] [CVARS]: [MISSING] [r_volumetricfogtexdepth] specified in console variable group [sys_spec_shading] = [5], but missing from default group
<15:38:18> [Error] [CVARS]: [MISSING] [r_volumetricfogtexscale] specified in console variable group [sys_spec_shading] = [5], but missing from default group
<15:38:18> [Error] [CVARS]: [MISSING] [r_DeferredShadingTiled] specified in console variable group [sys_spec_shading] = [5], but missing from default group
<15:38:18> [Error] [CVARS]: [MISSING] [e_svoTI_NumStreamingThreads] specified in console variable group [sys_spec_shading] = [5], but missing from default group
<15:38:18> [Error] [CVARS]: [MISSING] [r_SSDO] specified in console variable group [sys_spec_shading] = [6], but missing from default group
<15:38:18> [Error] [CVARS]: [MISSING] [r_volumetricfogtexdepth] specified in console variable group [sys_spec_shading] = [6], but missing from default group
<15:38:18> [Error] [CVARS]: [MISSING] [r_volumetricfogtexscale] specified in console variable group [sys_spec_shading] = [6], but missing from default group
<15:38:18> [Error] [CVARS]: [MISSING] [r_DeferredShadingTiled] specified in console variable group [sys_spec_shading] = [6], but missing from default group
<15:38:18> [Error] [CVARS]: [MISSING] [e_svoTI_NumStreamingThreads] specified in console variable group [sys_spec_shading] = [6], but missing from default group
<15:38:18> [Error] [CVARS]: [MISSING] [r_SSDO] specified in console variable group [sys_spec_shading] = [7], but missing from default group
<15:38:18> [Error] [CVARS]: [MISSING] [r_volumetricfogtexdepth] specified in console variable group [sys_spec_shading] = [7], but missing from default group
<15:38:18> [Error] [CVARS]: [MISSING] [r_volumetricfogtexscale] specified in console variable group [sys_spec_shading] = [7], but missing from default group
<15:38:18> [Error] [CVARS]: [MISSING] [e_svoTI_NumStreamingThreads] specified in console variable group [sys_spec_shading] = [7], but missing from default group
<15:38:18> [Error] [CVARS]: [MISSING] [r_SSDO] specified in console variable group [sys_spec_shading] = [8], but missing from default group
<15:38:18> [Error] [CVARS]: [MISSING] [r_volumetricfogtexdepth] specified in console variable group [sys_spec_shading] = [8], but missing from default group
<15:38:18> [Error] [CVARS]: [MISSING] [r_volumetricfogtexscale] specified in console variable group [sys_spec_shading] = [8], but missing from default group
<15:38:18> [Error] [CVARS]: [MISSING] [e_svoTI_NumStreamingThreads] specified in console variable group [sys_spec_shading] = [8], but missing from default group
<15:38:18> Loading Config file %ENGINE%/Config/CVarGroups/sys_spec_shadows.cfg (c:\users\mathe\appdata\local\programs\cryengine launcher\engines\crytek\cryengine-57-lts\5.7.1\engine\config\cvargroups\sys_spec_shadows.cfg)
<15:38:18> [Error] [CVARS]: [MISSING] [q_ShaderShadow] specified in console variable group [sys_spec_shadows] = [5], but missing from default group
<15:38:18> [Error] [CVARS]: [MISSING] [r_ShadowsScreenSpace] specified in console variable group [sys_spec_shadows] = [5], but missing from default group
<15:38:18> [Error] [CVARS]: [MISSING] [e_ShadowsClouds] specified in console variable group [sys_spec_shadows] = [5], but missing from default group
<15:38:18> [Error] [CVARS]: [MISSING] [r_ShadowTexFormat] specified in console variable group [sys_spec_shadows] = [5], but missing from default group
<15:38:18> [Error] [CVARS]: [MISSING] [q_ShaderShadow] specified in console variable group [sys_spec_shadows] = [6], but missing from default group
<15:38:18> [Error] [CVARS]: [MISSING] [r_ShadowsScreenSpace] specified in console variable group [sys_spec_shadows] = [6], but missing from default group
<15:38:18> [Error] [CVARS]: [MISSING] [e_ShadowsClouds] specified in console variable group [sys_spec_shadows] = [6], but missing from default group
<15:38:18> [Error] [CVARS]: [MISSING] [r_ShadowTexFormat] specified in console variable group [sys_spec_shadows] = [6], but missing from default group
<15:38:18> [Error] [CVARS]: [MISSING] [q_ShaderShadow] specified in console variable group [sys_spec_shadows] = [7], but missing from default group
<15:38:18> [Error] [CVARS]: [MISSING] [r_ShadowsScreenSpace] specified in console variable group [sys_spec_shadows] = [7], but missing from default group
<15:38:18> [Error] [CVARS]: [MISSING] [e_ShadowsClouds] specified in console variable group [sys_spec_shadows] = [7], but missing from default group
<15:38:18> [Error] [CVARS]: [MISSING] [r_ShadowsStaticMap] specified in console variable group [sys_spec_shadows] = [7], but missing from default group
<15:38:18> [Error] [CVARS]: [MISSING] [q_ShaderShadow] specified in console variable group [sys_spec_shadows] = [8], but missing from default group
<15:38:18> [Error] [CVARS]: [MISSING] [r_ShadowsScreenSpace] specified in console variable group [sys_spec_shadows] = [8], but missing from default group
<15:38:18> [Error] [CVARS]: [MISSING] [e_ShadowsClouds] specified in console variable group [sys_spec_shadows] = [8], but missing from default group
<15:38:18> [Error] [CVARS]: [MISSING] [r_ShadowsStaticMap] specified in console variable group [sys_spec_shadows] = [8], but missing from default group
<15:38:18> Loading Config file %ENGINE%/Config/CVarGroups/sys_spec_sound.cfg (c:\users\mathe\appdata\local\programs\cryengine launcher\engines\crytek\cryengine-57-lts\5.7.1\engine\config\cvargroups\sys_spec_sound.cfg)
<15:38:18> Loading Config file %ENGINE%/Config/CVarGroups/sys_spec_texture.cfg (c:\users\mathe\appdata\local\programs\cryengine launcher\engines\crytek\cryengine-57-lts\5.7.1\engine\config\cvargroups\sys_spec_texture.cfg)
<15:38:18> [Error] [CVARS]: [MISSING] [r_texturesstreaming] specified in console variable group [sys_spec_texture] = [5], but missing from default group
<15:38:18> [Error] [CVARS]: [MISSING] [r_texturesstreampooldefragmentation] specified in console variable group [sys_spec_texture] = [5], but missing from default group
<15:38:18> [Error] [CVARS]: [MISSING] [r_buffer_banksize] specified in console variable group [sys_spec_texture] = [5], but missing from default group
<15:38:18> [Error] [CVARS]: [MISSING] [r_buffer_pool_defrag_static] specified in console variable group [sys_spec_texture] = [5], but missing from default group
<15:38:18> [Error] [CVARS]: [MISSING] [r_buffer_pool_defrag_dynamic] specified in console variable group [sys_spec_texture] = [5], but missing from default group
<15:38:18> [Error] [CVARS]: [MISSING] [r_buffer_pool_defrag_max_moves] specified in console variable group [sys_spec_texture] = [5], but missing from default group
<15:38:18> [Error] [CVARS]: [MISSING] [r_TexturesstreamingMinUsableMips] specified in console variable group [sys_spec_texture] = [5], but missing from default group
<15:38:18> [Error] [CVARS]: [MISSING] [r_TexturesStreamingSkipMips] specified in console variable group [sys_spec_texture] = [5], but missing from default group
<15:38:18> [Error] [CVARS]: [MISSING] [r_TexturesStreamPoolSize] specified in console variable group [sys_spec_texture] = [5], but missing from default group
<15:38:18> [Error] [CVARS]: [MISSING] [r_texturesstreaming] specified in console variable group [sys_spec_texture] = [6], but missing from default group
<15:38:18> [Error] [CVARS]: [MISSING] [r_texturesstreampooldefragmentation] specified in console variable group [sys_spec_texture] = [6], but missing from default group
<15:38:18> [Error] [CVARS]: [MISSING] [r_buffer_banksize] specified in console variable group [sys_spec_texture] = [6], but missing from default group
<15:38:18> [Error] [CVARS]: [MISSING] [r_buffer_pool_defrag_static] specified in console variable group [sys_spec_texture] = [6], but missing from default group
<15:38:18> [Error] [CVARS]: [MISSING] [r_buffer_pool_defrag_dynamic] specified in console variable group [sys_spec_texture] = [6], but missing from default group
<15:38:18> [Error] [CVARS]: [MISSING] [r_buffer_pool_defrag_max_moves] specified in console variable group [sys_spec_texture] = [6], but missing from default group
<15:38:18> [Error] [CVARS]: [MISSING] [r_TexturesstreamingMinUsableMips] specified in console variable group [sys_spec_texture] = [6], but missing from default group
<15:38:18> [Error] [CVARS]: [MISSING] [r_TexturesStreamingSkipMips] specified in console variable group [sys_spec_texture] = [6], but missing from default group
<15:38:18> [Error] [CVARS]: [MISSING] [r_TexturesStreamPoolSize] specified in console variable group [sys_spec_texture] = [6], but missing from default group
<15:38:18> [Error] [CVARS]: [MISSING] [r_texturesstreaming] specified in console variable group [sys_spec_texture] = [7], but missing from default group
<15:38:18> [Error] [CVARS]: [MISSING] [r_TexturesstreamingMinUsableMips] specified in console variable group [sys_spec_texture] = [7], but missing from default group
<15:38:18> [Error] [CVARS]: [MISSING] [r_TexturesStreamingSkipMips] specified in console variable group [sys_spec_texture] = [7], but missing from default group
<15:38:18> [Error] [CVARS]: [MISSING] [r_TexturesStreamPoolSize] specified in console variable group [sys_spec_texture] = [7], but missing from default group
<15:38:18> [Error] [CVARS]: [MISSING] [r_texturesstreaming] specified in console variable group [sys_spec_texture] = [8], but missing from default group
<15:38:18> [Error] [CVARS]: [MISSING] [r_TexturesstreamingMinUsableMips] specified in console variable group [sys_spec_texture] = [8], but missing from default group
<15:38:18> [Error] [CVARS]: [MISSING] [r_TexturesStreamingSkipMips] specified in console variable group [sys_spec_texture] = [8], but missing from default group
<15:38:18> [Error] [CVARS]: [MISSING] [r_TexturesStreamPoolSize] specified in console variable group [sys_spec_texture] = [8], but missing from default group
<15:38:18> Loading Config file %ENGINE%/Config/CVarGroups/sys_spec_textureresolution.cfg (c:\users\mathe\appdata\local\programs\cryengine launcher\engines\crytek\cryengine-57-lts\5.7.1\engine\config\cvargroups\sys_spec_textureresolution.cfg)
<15:38:18> Loading Config file %ENGINE%/Config/CVarGroups/sys_spec_volumetriceffects.cfg (c:\users\mathe\appdata\local\programs\cryengine launcher\engines\crytek\cryengine-57-lts\5.7.1\engine\config\cvargroups\sys_spec_volumetriceffects.cfg)
<15:38:18> Loading Config file %ENGINE%/Config/CVarGroups/sys_spec_water.cfg (c:\users\mathe\appdata\local\programs\cryengine launcher\engines\crytek\cryengine-57-lts\5.7.1\engine\config\cvargroups\sys_spec_water.cfg)
<15:38:18> <ThreadConfigInfo>: Thread profile loaded: "pc_Common" (%engine%/config/engine_core.thread_config)  
<15:38:18> [Warning] <ThreadConfigInfo>: (pc: 16 core) Unable to find platform config "pc_8". Next valid config found was pc_8.
<15:38:18> <ThreadConfigInfo>: Thread profile loaded: "pc_8" (%engine%/config/engine_core.thread_config)  
<15:38:18> <ThreadConfigInfo>: Thread profile loaded: "pc_Common" (%engine%/config/engine_sandbox.thread_config)  
<15:38:18> [Warning] <ThreadConfigInfo>: (pc: 16 core) Unable to find platform config "pc_8". Next valid config found was pc_8.
<15:38:18> <ThreadConfigInfo>: Thread profile loaded: "pc_8" (%engine%/config/engine_sandbox.thread_config)  
<15:38:18> UDR initialization
<15:38:18> Loading Module CryUDR.dll...
<15:38:18> Initializing CryUDR done, MemUsage=324Kb
<15:38:18> Windows 10 64 bit (build 10.0.22631)
<15:38:18> User name: "mathe"
<15:38:18> System language: Portuguese
<15:38:18> Windows Directory: "C:\Windows"
<15:38:18> Local time is 15:38:18 06/19/24, system running for 2618 minutes
<15:38:18> 32677MB physical memory installed, 21522MB available, 134217727MB virtual memory installed, 34 percent of memory in use
<15:38:18> PageFile usage: 65MB, Working Set: 73MB, Peak PageFile usage: 65MB,
<15:38:18> Current display mode is 2560x1440x32, (Unknown graphics card)
<15:38:18> IBM enhanced (101/102-key) keyboard and 16+ button mouse installed
<15:38:18> --------------------------------------------------------------------------------
<15:38:18> Stream Engine Initialization
<15:38:18> BuildTime: May 18 2022 02:19:29
<15:38:18> Physics initialization
<15:38:18> Loading Module CryPhysics.dll...
<15:38:18> Initializing CryPhysics done, MemUsage=1900Kb
<15:38:18> [Warning] Cannot open Pak file assets\localization\english_xml.pak
<15:38:18> Localized language content(english) not available or modified from the original installation.
<15:38:18> [Warning] Cannot open Pak file assets\localization\english.pak
<15:38:18> Localized language content(english) not available or modified from the original installation.
<15:38:18> [Warning] Cannot open Pak file assets\localization\english.pak
<15:38:18> Localized language content(english) not available or modified from the original installation.
<15:38:18> [Error] <Localization> No localization files found!
<15:38:18> <Audio>: AudioSystem initialization
<15:38:18> Loading Module CryAudioSystem.dll...
<15:38:18> <Audio>: CryAudioImplSDLMixer loaded
<15:38:18> Initializing CryAudioSystem done, MemUsage=3200Kb
<15:38:18> C# Backend initialization
<15:38:18> Loading Module CryMonoBridge.dll...
<15:38:18> Initializing CryMonoBridge done, MemUsage=696Kb
<15:38:18> Loading plug-in CryDefaultEntities
<15:38:18> Loading plug-in CrySensorSystem
<15:38:18> Loading plug-in CryScaleformSchematyc
<15:38:18> Loading plug-in CryPerceptionSystem
<15:38:18> Loading plug-in Game
<15:38:18> [Warning] Unable to load cursor from texture file. Path %ENGINE%/EngineAssets/Textures/Cursor_Green.dds
<15:38:18> Initialized hardware mouse (game is allowed to confine mouse to window)
<15:38:18> Renderer initialization
<15:38:18> Logging video adapters:
<15:38:18> - NVIDIA GeForce RTX 4070 Ti (vendor = 0x10de, device = 0x2782)
<15:38:18>   - Adapter index: 0
<15:38:18>   - Dedicated video memory: 11996 MB
<15:38:18>   - Feature level: D3D 11_1 (SM 5.x)
<15:38:18>   - Displays connected: yes
<15:38:18>   - Suitable rendering device: yes
<15:38:18> - Microsoft Basic Render Driver (vendor = 0x1414, device = 0x008c)
<15:38:18>   - Adapter index: 1
<15:38:18>   - Dedicated video memory: 0 MB
<15:38:18>   - Feature level: D3D 11_1 (SM 5.x)
<15:38:18>   - Displays connected: no
<15:38:18>   - Suitable rendering device: no
<15:38:18> Loading Module CryRenderD3D11.dll...
<15:38:18> CRenderer sizeof(Vec2f16)=4 sizeof(Vec3f16)=8
<15:38:18> Initializing CryRenderD3D11 done, MemUsage=3760Kb
<15:38:18> Initializing Direct3D and creating game window:
<15:38:18> Direct3D driver is creating...
<15:38:18> Crytek Direct3D driver version 3.00 (May 18 2022 <02:19:44>)
<15:38:18> Creating window called 'fpscpptest' (32x32)
<15:38:18> D3D Adapter: Description: NVIDIA GeForce RTX 4070 Ti
<15:38:18> D3D Adapter: Driver version (UMD): 32.00.15.5599
<15:38:18> D3D Adapter: VendorId = 0x10DE
<15:38:18> D3D Adapter: DeviceId = 0x2782
<15:38:18> D3D Adapter: SubSysId = 0x40C61458
<15:38:18> D3D Adapter: Revision = 161
<15:38:18> NVAPI: API init ok (0)
<15:38:18> NVAPI: Single GPU system
<15:38:18> NVDBT supported
<15:38:18> D3D Detected: NVIDIA video card
<15:38:18> Active GPUs: 1
<15:38:18> Using pixel texture formats:
<15:38:18>   R8G8B8A8S, mips, RT (blendable) (multi-sampled), sample, gather
<15:38:18>   R8G8B8A8, mips, sRGB, RT (blendable) (multi-sampled), sample, gather
<15:38:18>   A8, mips, RT (blendable) (multi-sampled), sample, gather
<15:38:18>   R8, mips, RT (blendable) (multi-sampled), sample, gather
<15:38:18>   R8S, mips, RT (blendable) (multi-sampled), sample, gather
<15:38:18>   R16, mips, RT (blendable) (multi-sampled), sample (comparable), gather (comparable)
<15:38:18>   R16S, mips, RT (blendable) (multi-sampled), sample, gather
<15:38:18>   R16F, mips, RT (blendable) (multi-sampled), sample, gather
<15:38:18>   R32F, mips, RT (blendable) (multi-sampled), sample (comparable), gather (comparable)
<15:38:18>   R8G8, mips, RT (blendable) (multi-sampled), sample, gather
<15:38:18>   R8G8S, mips, RT (blendable) (multi-sampled), sample, gather
<15:38:18>   R16G16, mips, RT (blendable) (multi-sampled), sample, gather
<15:38:18>   R16G16S, mips, RT (blendable) (multi-sampled), sample, gather
<15:38:18>   R16G16F, mips, RT (blendable) (multi-sampled), sample, gather
<15:38:18>   R32G32F, mips, RT (blendable) (multi-sampled), sample, gather
<15:38:18>   R11G11B10F, mips, RT (blendable) (multi-sampled), sample, gather
<15:38:18>   R10G10B10A2, mips, RT (blendable) (multi-sampled), sample, gather
<15:38:18>   R16G16B16A16, mips, RT (blendable) (multi-sampled), sample, gather
<15:38:18>   R16G16B16A16S, mips, RT (blendable) (multi-sampled), sample, gather
<15:38:18>   R16G16B16A16F, mips, RT (blendable) (multi-sampled), sample, gather
<15:38:18>   R32G32B32A32F, mips, RT (blendable) (multi-sampled), sample, gather
<15:38:18>   BC1, mips, sRGB, sample, gather
<15:38:18>   BC2, mips, sRGB, sample, gather
<15:38:18>   BC3, mips, sRGB, sample, gather
<15:38:18>   BC4, mips, sample, gather
<15:38:18>   BC4S, mips, sample, gather
<15:38:18>   BC5, mips, sample, gather
<15:38:18>   BC5S, mips, sample, gather
<15:38:18>   BC6UH, mips, sample, gather
<15:38:18>   BC6SH, mips, sample, gather
<15:38:18>   BC7, mips, sRGB, sample, gather
<15:38:18>   R9G9B9E5, mips, sample, gather
<15:38:18>   D32FS8 (R32G8T), mips, DS (multi-sampled)
<15:38:18>   D32F (R32T), mips, DS (multi-sampled)
<15:38:18>   D24S8 (R24G8T), mips, DS (multi-sampled)
<15:38:18>   D16 (R16T), mips, DS (multi-sampled)
<15:38:18>   B5G6R5, mips, RT (blendable) (multi-sampled), sample, gather
<15:38:18>   B5G5R5, mips, RT (blendable) (multi-sampled), sample, gather
<15:38:18>   B4G4R4A4, mips, sample, gather
<15:38:18>   B8G8R8A8, mips, sRGB, RT (blendable) (multi-sampled), sample, gather
<15:38:18>   B8G8R8X8, mips, sRGB, RT (blendable) (multi-sampled), sample, gather
<15:38:18>  Renderer DepthBits: 24
<15:38:18>  ****** CryRender InfoDump ******
<15:38:18>  Driver description: NVIDIA GeForce RTX 4070 Ti
<15:38:18>  API Version: Direct3D 11.0
<15:38:18>  Feature level: D3D 11_1
<15:38:18>  Vertex Shaders version 5.1
<15:38:18>  Pixel Shaders version 5.1
<15:38:18>  Full stats: 
<15:38:18>  Rasterizer: Hardware
<15:38:18>  Current Resolution: 0x0x32 Windowed
<15:38:18>  Occlusion queries: Supported
<15:38:18>  Geometry instancing: Supported
<15:38:18>  NormalMaps compression : Supported
<15:38:18>  Gamma control: Hardware
<15:38:18>  Used GeomInstancingThreshold is 8
<15:38:18>  Shader model usage: 'SM.5.0'
<15:38:18>  *****************************************
<15:38:18>  
<15:38:18> Init Shaders
<15:38:18>  General shader quality: Medium
<15:38:18>  Metal shader quality: Medium
<15:38:18>  Glass shader quality: Medium
<15:38:18>  Vegetation shader quality: Medium
<15:38:18>  Ice shader quality: Medium
<15:38:18>  Terrain shader quality: Medium
<15:38:18>  Shadow shader quality: Medium
<15:38:18>  Water shader quality: Medium
<15:38:18>  FX shader quality: Medium
<15:38:18>  PostProcess shader quality: Medium
<15:38:18>  HDR shader quality: Medium
<15:38:18> Render quality: VeryHigh
<15:38:18> Init textures management (11996 Mb of video memory is available)...
<15:38:18>   Enabling of textures streaming...
<15:38:18>   Using 6536 Mb of textures pool for streaming...
<15:38:18>   Video textures: Dynamic managed max size: 48 Mb
<15:38:18>   Finished initializing textures streaming...
<15:38:19> Initializing CryScaleformHelper done, MemUsage=0Kb
<15:38:19> Using Scaleform GFx 3.3.94
<15:38:19>   Using dynamic pool
<15:38:19> [Warning] <ThreadInfo>: Unable to find config for thread:GFxVideo_Decoder_2
<15:38:19> Font initialization
<15:38:19> Loading Module CryFont.dll...
<15:38:19> Using FreeType 2.5.5
<15:38:19> Initializing CryFont done, MemUsage=344Kb
<15:38:19> *** Init system render resources ***
<15:38:19> Loading Module CryNetwork.dll...
<15:38:19> [LagProfiles] Could not load "". 6 default profiles activated.
<15:38:19> [Error] Scheduler policy name should not exceed 4 characters.
<15:38:19> [net] Socket IO management: External [iocp], Internal [iocp]
<15:38:19> network hostname: matheuspc
<15:38:19>   ip:192.168.1.193
<15:38:19> [Network Version]: PROFILE DEVELOPMENT BUILD
<15:38:19> Initializing CryNetwork done, MemUsage=2388Kb
<15:38:19> Loading Module CryMovie.dll...
<15:38:19> Initializing CryMovie done, MemUsage=628Kb
<15:38:19> Engine installed on drive: 
<15:38:19> Time initialization
<15:38:19> Input initialization
<15:38:19> Loading Module CryInput.dll...
<15:38:19> Initializing DirectInput

<15:38:19> Initializing Keyboard

<15:38:19> Input locale changed to 00010416
<15:38:19> Initializing mouse
<15:38:19> Initializing CryInput done, MemUsage=1592Kb
<15:38:19> Initializing Animation System
<15:38:19> Loading Module CryAnimation.dll...
<15:38:19> Initializing CryAnimation done, MemUsage=2028Kb
<15:38:19> Init 3D Engine
<15:38:19> Loading Module Cry3DEngine.dll...
<15:38:19> Sky light: Optical lookup tables loaded off disc.
<15:38:19> Initializing Cry3DEngine done, MemUsage=5688Kb
<15:38:19> Script System Initialization
<15:38:19> Loading Module CryScriptSystem.dll...
<15:38:19> [Warning] [Lua Error] Failed to load script file scripts/common.lua
<15:38:19> Initializing CryScriptSystem done, MemUsage=768Kb
<15:38:19> Schematyc initialization
<15:38:19> Loading Module CrySchematyc.dll...
<15:38:19> Initializing CrySchematyc done, MemUsage=1748Kb
<15:38:19> Entity system initialization
<15:38:19> Loading Module CryEntitySystem.dll...
<15:38:19> Initializing CryEntitySystem done, MemUsage=2100Kb
<15:38:19> LiveCreate initialization
<15:38:19> LiveCreateHost not created, using NULL implementation.
<15:38:19> Dynamic Response System initialization
<15:38:19> Loading Module CryDynamicResponseSystem.dll...
<15:38:19> Initializing CryDynamicResponseSystem done, MemUsage=672Kb
<15:38:19> Loading Module CryFlowGraph.dll...
<15:38:19> Successfully registered flownode 'AI:PerceptionState'
<15:38:19> Successfully registered flownode 'AI:EventListener'
<15:38:19> Initializing CryFlowGraph done, MemUsage=1040Kb
<15:38:19> AI initialization
<15:38:19> Loading Module CryAISystem.dll...
<15:38:19> Initializing CryAISystem done, MemUsage=1572Kb
<15:38:19> Initializing AI System
<15:38:19> AI: [AISYSTEM] Initialization started.
<15:38:19> [Error] [CVARS]: [DUPLICATE] CXConsole::RegisterString(const char*): variable [ai_DebugDrawNavigationQueryListFilterByCaller] is already registered
<15:38:19> [Warning] XML reader: Can't open file (Scripts/AI/Navigation.xml)
<15:38:19> [Warning] AI: Failed to open XML file 'Scripts/AI/Navigation.xml'...
<15:38:19> [Warning] XML reader: Can't open file (Scripts/AI/Communication/CommunicationSystemConfiguration.xml)
<15:38:19> [Warning] AI: Failed to open XML file 'Scripts/AI/Communication/CommunicationSystemConfiguration.xml'...
<15:38:19> [Warning] XML reader: Can't open file (Scripts/AI/lookup.xml)
<15:38:19> [Warning] [Lua Error] Failed to load script file scripts/ai/aiconfig.lua
<15:38:19> Registering CentralInterestManager with EntitySystem
<15:38:19> [Warning] XML reader: Can't open file (Libs/AITargetStimulusConfig.xml)
<15:38:19> [Warning] AI: CTargetTrackManager::Init() Warning: Failed to load configuration file 'Libs/AITargetStimulusConfig.xml'
<15:38:19> Modular behavior tree node 'Sequence' has a class size of 88 bytes.
<15:38:19> Modular behavior tree node 'Selector' has a class size of 88 bytes.
<15:38:19> Modular behavior tree node 'Priority' has a class size of 88 bytes.
<15:38:19> Modular behavior tree node 'Parallel' has a class size of 96 bytes.
<15:38:19> Modular behavior tree node 'Loop' has a class size of 88 bytes.
<15:38:19> Modular behavior tree node 'LoopUntilSuccess' has a class size of 88 bytes.
<15:38:19> Modular behavior tree node 'StateMachine' has a class size of 88 bytes.
<15:38:19> Modular behavior tree node 'SendTransitionEvent' has a class size of 96 bytes.
<15:38:19> Modular behavior tree node 'IfCondition' has a class size of 120 bytes.
<15:38:19> Modular behavior tree node 'AssertCondition' has a class size of 104 bytes.
<15:38:19> Modular behavior tree node 'Timeout' has a class size of 72 bytes.
<15:38:19> Modular behavior tree node 'IfTime' has a class size of 120 bytes.
<15:38:19> Modular behavior tree node 'Wait' has a class size of 72 bytes.
<15:38:19> Modular behavior tree node 'MonitorCondition' has a class size of 104 bytes.
<15:38:19> Modular behavior tree node 'WaitForEvent' has a class size of 104 bytes.
<15:38:19> Modular behavior tree node 'WaitUntilTime' has a class size of 104 bytes.
<15:38:19> Modular behavior tree node 'Fail' has a class size of 64 bytes.
<15:38:19> Modular behavior tree node 'RandomGate' has a class size of 88 bytes.
<15:38:19> Modular behavior tree node 'SendEvent' has a class size of 104 bytes.
<15:38:19> Modular behavior tree node 'SuppressFailure' has a class size of 80 bytes.
<15:38:19> Modular behavior tree node 'AssertTime' has a class size of 104 bytes.
<15:38:19> Modular behavior tree node 'Halt' has a class size of 64 bytes.
<15:38:19> Modular behavior tree node 'Log' has a class size of 72 bytes.
<15:38:19> Modular behavior tree node 'Breakpoint' has a class size of 64 bytes.
<15:38:19> Modular behavior tree node 'AimAroundWhileUsingAMachingGun' has a class size of 72 bytes.
<15:38:19> Modular behavior tree node 'AnimationTagWrapper' has a class size of 96 bytes.
<15:38:19> Modular behavior tree node 'CheckIfTargetCanBeReached' has a class size of 72 bytes.
<15:38:19> Modular behavior tree node 'GoalPipe' has a class size of 72 bytes.
<15:38:19> Modular behavior tree node 'LuaWrapper' has a class size of 112 bytes.
<15:38:19> Modular behavior tree node 'SmartObjectStatesWrapper' has a class size of 96 bytes.
<15:38:19> Modular behavior tree node 'ThrowGrenade' has a class size of 104 bytes.
<15:38:19> Modular behavior tree node 'TurnBody' has a class size of 88 bytes.
<15:38:19> Modular behavior tree node 'AdjustCoverStance' has a class size of 80 bytes.
<15:38:19> Modular behavior tree node 'Aim' has a class size of 80 bytes.
<15:38:19> Modular behavior tree node 'Animate' has a class size of 80 bytes.
<15:38:19> Modular behavior tree node 'AssertLua' has a class size of 616 bytes.
<15:38:19> Modular behavior tree node 'Bubble' has a class size of 88 bytes.
<15:38:19> Modular behavior tree node 'ClearTargets' has a class size of 64 bytes.
<15:38:19> Modular behavior tree node 'Communicate' has a class size of 112 bytes.
<15:38:19> Modular behavior tree node 'ExecuteLua' has a class size of 616 bytes.
<15:38:19> Modular behavior tree node 'GroupScope' has a class size of 96 bytes.
<15:38:19> Modular behavior tree node 'Look' has a class size of 72 bytes.
<15:38:19> Modular behavior tree node 'LuaBehavior' has a class size of 72 bytes.
<15:38:19> Modular behavior tree node 'LuaGate' has a class size of 632 bytes.
<15:38:19> Modular behavior tree node 'Move' has a class size of 264 bytes.
<15:38:19> Modular behavior tree node 'PullDownThreatLevel' has a class size of 64 bytes.
<15:38:19> Modular behavior tree node 'QueryTPS' has a class size of 80 bytes.
<15:38:19> Modular behavior tree node 'SendTransitionSignal' has a class size of 80 bytes.
<15:38:19> Modular behavior tree node 'SetAlertness' has a class size of 72 bytes.
<15:38:19> Modular behavior tree node 'Shoot' has a class size of 104 bytes.
<15:38:19> Modular behavior tree node 'ShootFromCover' has a class size of 80 bytes.
<15:38:19> Modular behavior tree node 'Signal' has a class size of 80 bytes.
<15:38:19> Modular behavior tree node 'Stance' has a class size of 80 bytes.
<15:38:19> Modular behavior tree node 'StopMovement' has a class size of 72 bytes.
<15:38:19> Modular behavior tree node 'Basic_MoveToPosition' has a class size of 248 bytes.
<15:38:19> Modular behavior tree node 'Basic_MoveToCover' has a class size of 248 bytes.
<15:38:19> AI: [AISYSTEM] Initialization finished.
<15:38:19> [Warning] XML reader: Can't open file (Scripts/AI/Cover.xml)
<15:38:19> [Warning] AI: Failed to open XML file 'Scripts/AI/Cover.xml'...
<15:38:19> Initializing additional systems
<15:38:19> Loading Module CryAction.dll...
<15:38:19> [Warning] XML reader: Can't open file (Libs/Levels/leveltypes.xml)
<15:38:19> [Warning] [Lua Error] Failed to load script file Scripts/Entities/Vehicles/VehicleSystem.lua
<15:38:19> [Warning] XML reader: Can't open file (Scripts/Network/StatsConfig.xml)
<15:38:19> Modular behavior tree node 'AnimateFragment' has a class size of 80 bytes.
<15:38:19> [Warning] [Lua Error] Failed to load script file Scripts/Entities/Vehicles/VehiclePartDetached.lua
<15:38:19> Ending game context...
<15:38:19> [Warning] XML reader: Can't open file (Libs/GameForceFeedback/ForceFeedbackEffects.xml)
<15:38:19> [Warning] [ForceFeedback System] Could not load force feedback system data. Invalid XML file 'Libs/GameForceFeedback/ForceFeedbackEffects.xml'! 
<15:38:19> Initializing default materials...
<15:38:19> [Warning] XML reader: Can't open file (materials/material_layers_default.mtl)
<15:38:19> [Warning] [Lua Error] Failed to load script file scripts/main.lua
<15:38:19> [Warning] [CScriptSystem::BeginCall] Function OnInit not found(check for syntax errors or if the file wasn't loaded)
<15:38:19> [Warning] Could not load dialog file assets\Libs\DynamicResponseSystem\DialogLines/dialoglines.dialog
<15:38:19> [Schematyc]: Loading...
<15:38:19> [Schematyc]: Loading settings
<15:38:19> [Warning] XML reader: Can't open file (assets/cryschematycsettings/log_settings.sc_settings)
<15:38:19> [Schematyc]: Loading scripts
<15:38:19> [Schematyc]: Compiling scripts
<15:38:19> [Schematyc]: Loading complete
<15:38:19> [CONSOLE] Executing console command 'exec autoexec.cfg'
<15:38:19> Searching console batch file (try game, config, root): "autoexec.cfg" not found!
<15:38:19> Initializing CryAction done, MemUsage=61384Kb
<15:38:19> failed to find CVar: r_Unlit

<15:38:19> OnSysSpecChange(0)
<15:38:19> Loading Config file %ENGINEROOT%/editor.cfg (c:\users\mathe\appdata\local\programs\cryengine launcher\engines\crytek\cryengine-57-lts\5.7.1\editor.cfg)
<15:38:19> Current Language: Portuguese 
<15:38:19> Windows 10 10.0 (C:\Windows)
<15:38:19> Local time is 15:38:19 06/19/24, system running for 2618 minutes
<15:38:19> 32677MB phys. memory installed, 37915MB paging available
<15:38:19> Current display mode is 2560x1440x32, (Unknown graphics card)
<15:38:19> IBM enhanced (101/102-key) keyboard and 16+ button mouse installed
<15:38:19> --------------------------------------------------------------------------------
<15:38:19> Loading Config file singleplayer.cfg (c:\users\mathe\appdata\local\programs\cryengine launcher\engines\crytek\cryengine-57-lts\5.7.1\engine\config\singleplayer.cfg)
<15:38:19> AI: [AISYSTEM] Initializing AI Actions.
<15:38:19> AI: [AISYSTEM] Initializing Smart Objects.
<15:38:19> [Warning] XML reader: Can't open file (Libs/SmartObjects.xml)
<15:38:19> [Warning] XML reader: Can't open file (Libs/SmartObjects/Templates/SOTemplates.xml)