BackupNameAttachment=" Build(3146) 19 Jun 24 (20 43 09)"  -- used by backup system

Log Started at Wed Jun 19 20:43:09 2024
Built on May 18 2022 02:19:29
Built for: Windows Version: 0x00000600
Command Line: "C:/Users/mathe/AppData/Local/Programs/CRYENGINE Launcher/Engines/crytek/cryengine-57-lts/5.7.1/bin/win_x64/Sandbox.exe" -project "C:/Users/mathe/Documents/CRYENGINE Projects/fpscpptest/Code/../Game.cryproject"
Executable: C:\Users\mathe\AppData\Local\Programs\CRYENGINE Launcher\Engines\crytek\cryengine-57-lts\5.7.1\bin\win_x64\Sandbox.exe
FileVersion: 5.7.1.3146
ProductVersion: 5.7.1.3146
Loading Config file %ENGINEROOT%/system.cfg (c:\users\mathe\appdata\local\programs\cryengine launcher\engines\crytek\cryengine-57-lts\5.7.1\system.cfg)
[Warning] Cannot open Pak file c:\users\mathe\appdata\local\programs\cryengine launcher\engines\crytek\cryengine-57-lts\5.7.1\config.pak
 
con_debug=0 [  ]
con_display_last_messages=0 [  ]
con_font_size=14 [  ]
con_line_buffer_size=1000 [  ]
con_restricted=0 [ RESTRICTEDMODE ]
con_showonload=0 [  ]
 
con_debug=0 [  ]
con_display_last_messages=0 [  ]
con_font_size=14 [  ]
con_line_buffer_size=1000 [  ]
con_restricted=0 [ RESTRICTEDMODE ]
con_showonload=0 [  ]
 
con_debug=0 [  ]
 
con_debug=0 [  ]
Project fpscpptest
Using Project Folder C:/Users/mathe/Documents/CRYENGINE Projects/fpscpptest
Using Engine Folder C:\Users\mathe\AppData\Local\Programs\CRYENGINE Launcher\Engines\crytek\cryengine-57-lts\5.7.1/
Using Asset Folder c:/users/mathe/documents/cryengine projects/fpscpptest/assets

Total number of logical processors: 16
Number of available logical processors: 16
Total number of system cores: 8
Number of cores available to process: 8
 
Processor 0:
  CPU: AMD AMD Ryzen 7 5800X3D 8-Core Processor           
  Family: 15, Model: 1, Stepping: 2, FPU: On-Chip
  Features: FP16, SSE, SSE2, SSE3, SSE4.2, AVX, AVX2, FMA3
 
Processor 1:
  CPU: AMD AMD Ryzen 7 5800X3D 8-Core Processor           
  Family: 15, Model: 1, Stepping: 2, FPU: On-Chip
  Features: FP16, SSE, SSE2, SSE3, SSE4.2, AVX, AVX2, FMA3
 
Processor 2:
  CPU: AMD AMD Ryzen 7 5800X3D 8-Core Processor           
  Family: 15, Model: 1, Stepping: 2, FPU: On-Chip
  Features: FP16, SSE, SSE2, SSE3, SSE4.2, AVX, AVX2, FMA3
 
Processor 3:
  CPU: AMD AMD Ryzen 7 5800X3D 8-Core Processor           
  Family: 15, Model: 1, Stepping: 2, FPU: On-Chip
  Features: FP16, SSE, SSE2, SSE3, SSE4.2, AVX, AVX2, FMA3
 
Processor 4:
  CPU: AMD AMD Ryzen 7 5800X3D 8-Core Processor           
  Family: 15, Model: 1, Stepping: 2, FPU: On-Chip
  Features: FP16, SSE, SSE2, SSE3, SSE4.2, AVX, AVX2, FMA3
 
Processor 5:
  CPU: AMD AMD Ryzen 7 5800X3D 8-Core Processor           
  Family: 15, Model: 1, Stepping: 2, FPU: On-Chip
  Features: FP16, SSE, SSE2, SSE3, SSE4.2, AVX, AVX2, FMA3
 
Processor 6:
  CPU: AMD AMD Ryzen 7 5800X3D 8-Core Processor           
  Family: 15, Model: 1, Stepping: 2, FPU: On-Chip
  Features: FP16, SSE, SSE2, SSE3, SSE4.2, AVX, AVX2, FMA3
 
Processor 7:
  CPU: AMD AMD Ryzen 7 5800X3D 8-Core Processor           
  Family: 15, Model: 1, Stepping: 2, FPU: On-Chip
  Features: FP16, SSE, SSE2, SSE3, SSE4.2, AVX, AVX2, FMA3
 
<20:43:09> creating CVarGroups from directory 'assets/Config/CVarGroups' ...
<20:43:09> creating CVarGroups from directory '%ENGINE%/Config/CVarGroups' ...
<20:43:09> Loading Config file %ENGINE%/Config/CVarGroups/sys_spec_full.cfg (c:\users\mathe\appdata\local\programs\cryengine launcher\engines\crytek\cryengine-57-lts\5.7.1\engine\config\cvargroups\sys_spec_full.cfg)
<20:43:09> Loading Config file %ENGINE%/Config/CVarGroups/sys_spec_gameeffects.cfg (c:\users\mathe\appdata\local\programs\cryengine launcher\engines\crytek\cryengine-57-lts\5.7.1\engine\config\cvargroups\sys_spec_gameeffects.cfg)
<20:43:09> Loading Config file %ENGINE%/Config/CVarGroups/sys_spec_light.cfg (c:\users\mathe\appdata\local\programs\cryengine launcher\engines\crytek\cryengine-57-lts\5.7.1\engine\config\cvargroups\sys_spec_light.cfg)
<20:43:09> Loading Config file %ENGINE%/Config/CVarGroups/sys_spec_objectdetail.cfg (c:\users\mathe\appdata\local\programs\cryengine launcher\engines\crytek\cryengine-57-lts\5.7.1\engine\config\cvargroups\sys_spec_objectdetail.cfg)
<20:43:09> [Error] [CVARS]: [MISSING] [r_UseZPass] specified in console variable group [sys_spec_objectdetail] = [5], but missing from default group
<20:43:09> [Error] [CVARS]: [MISSING] [r_MeshPoolSize] specified in console variable group [sys_spec_objectdetail] = [5], but missing from default group
<20:43:09> [Error] [CVARS]: [MISSING] [r_MeshInstancePoolSize] specified in console variable group [sys_spec_objectdetail] = [5], but missing from default group
<20:43:09> [Error] [CVARS]: [MISSING] [e_StreamCgfPoolSize] specified in console variable group [sys_spec_objectdetail] = [5], but missing from default group
<20:43:09> [Error] [CVARS]: [MISSING] [e_GeomCacheBufferSize] specified in console variable group [sys_spec_objectdetail] = [5], but missing from default group
<20:43:09> [Error] [CVARS]: [MISSING] [r_UseZPass] specified in console variable group [sys_spec_objectdetail] = [6], but missing from default group
<20:43:09> [Error] [CVARS]: [MISSING] [r_MeshPoolSize] specified in console variable group [sys_spec_objectdetail] = [6], but missing from default group
<20:43:09> [Error] [CVARS]: [MISSING] [r_MeshInstancePoolSize] specified in console variable group [sys_spec_objectdetail] = [6], but missing from default group
<20:43:09> [Error] [CVARS]: [MISSING] [e_StreamCgfPoolSize] specified in console variable group [sys_spec_objectdetail] = [6], but missing from default group
<20:43:09> [Error] [CVARS]: [MISSING] [e_GeomCacheBufferSize] specified in console variable group [sys_spec_objectdetail] = [6], but missing from default group
<20:43:09> [Error] [CVARS]: [MISSING] [ca_FacialAnimationRadius] specified in console variable group [sys_spec_objectdetail] = [7], but missing from default group
<20:43:09> [Error] [CVARS]: [MISSING] [ca_StreamCHR] specified in console variable group [sys_spec_objectdetail] = [7], but missing from default group
<20:43:09> [Error] [CVARS]: [MISSING] [ca_FacialAnimationRadius] specified in console variable group [sys_spec_objectdetail] = [8], but missing from default group
<20:43:09> [Error] [CVARS]: [MISSING] [ca_StreamCHR] specified in console variable group [sys_spec_objectdetail] = [8], but missing from default group
<20:43:09> Loading Config file %ENGINE%/Config/CVarGroups/sys_spec_particles.cfg (c:\users\mathe\appdata\local\programs\cryengine launcher\engines\crytek\cryengine-57-lts\5.7.1\engine\config\cvargroups\sys_spec_particles.cfg)
<20:43:09> [Error] [CVARS]: [MISSING] [e_ParticlesPoolSize] specified in console variable group [sys_spec_particles] = [5], but missing from default group
<20:43:09> [Error] [CVARS]: [MISSING] [e_ParticlesVertexPoolSize] specified in console variable group [sys_spec_particles] = [5], but missing from default group
<20:43:09> [Error] [CVARS]: [MISSING] [e_ParticlesPoolSize] specified in console variable group [sys_spec_particles] = [6], but missing from default group
<20:43:09> [Error] [CVARS]: [MISSING] [e_ParticlesVertexPoolSize] specified in console variable group [sys_spec_particles] = [6], but missing from default group
<20:43:09> Loading Config file %ENGINE%/Config/CVarGroups/sys_spec_physics.cfg (c:\users\mathe\appdata\local\programs\cryengine launcher\engines\crytek\cryengine-57-lts\5.7.1\engine\config\cvargroups\sys_spec_physics.cfg)
<20:43:09> [Error] [CVARS]: [MISSING] [p_num_threads] specified in console variable group [sys_spec_physics] = [7], but missing from default group
<20:43:09> [Error] [CVARS]: [MISSING] [p_num_threads] specified in console variable group [sys_spec_physics] = [8], but missing from default group
<20:43:09> Loading Config file %ENGINE%/Config/CVarGroups/sys_spec_postprocessing.cfg (c:\users\mathe\appdata\local\programs\cryengine launcher\engines\crytek\cryengine-57-lts\5.7.1\engine\config\cvargroups\sys_spec_postprocessing.cfg)
<20:43:09> [Error] [CVARS]: [MISSING] [r_HDRBloomQuality] specified in console variable group [sys_spec_postprocessing] = [5], but missing from default group
<20:43:09> [Error] [CVARS]: [MISSING] [r_FlareHQShafts] specified in console variable group [sys_spec_postprocessing] = [5], but missing from default group
<20:43:09> [Error] [CVARS]: [MISSING] [r_AntiAliasingMode] specified in console variable group [sys_spec_postprocessing] = [5], but missing from default group
<20:43:09> [Error] [CVARS]: [MISSING] [r_HDRBloomQuality] specified in console variable group [sys_spec_postprocessing] = [6], but missing from default group
<20:43:09> [Error] [CVARS]: [MISSING] [r_FlareHQShafts] specified in console variable group [sys_spec_postprocessing] = [6], but missing from default group
<20:43:09> [Error] [CVARS]: [MISSING] [r_AntiAliasingMode] specified in console variable group [sys_spec_postprocessing] = [6], but missing from default group
<20:43:09> [Error] [CVARS]: [MISSING] [r_HDRBloomQuality] specified in console variable group [sys_spec_postprocessing] = [7], but missing from default group
<20:43:09> [Error] [CVARS]: [MISSING] [r_FlareHQShafts] specified in console variable group [sys_spec_postprocessing] = [7], but missing from default group
<20:43:09> [Error] [CVARS]: [MISSING] [r_HDRBloomQuality] specified in console variable group [sys_spec_postprocessing] = [8], but missing from default group
<20:43:09> [Error] [CVARS]: [MISSING] [r_FlareHQShafts] specified in console variable group [sys_spec_postprocessing] = [8], but missing from default group
<20:43:09> [Error] [CVARS]: [MISSING] [r_AntiAliasingMode] specified in console variable group [sys_spec_postprocessing] = [8], but missing from default group
<20:43:09> Loading Config file %ENGINE%/Config/CVarGroups/sys_spec_quality.cfg (c:\users\mathe\appdata\local\programs\cryengine launcher\engines\crytek\cryengine-57-lts\5.7.1\engine\config\cvargroups\sys_spec_quality.cfg)
<20:43:09> Loading Config file %ENGINE%/Config/CVarGroups/sys_spec_shading.cfg (c:\users\mathe\appdata\local\programs\cryengine launcher\engines\crytek\cryengine-57-lts\5.7.1\engine\config\cvargroups\sys_spec_shading.cfg)
<20:43:09> [Error] [CVARS]: [MISSING] [r_SSDO] specified in console variable group [sys_spec_shading] = [5], but missing from default group
<20:43:09> [Error] [CVARS]: [MISSING] [r_SSDOColorBleeding] specified in console variable group [sys_spec_shading] = [5], but missing from default group
<20:43:09> [Error] [CVARS]: [MISSING] [r_volumetricfogtexdepth] specified in console variable group [sys_spec_shading] = [5], but missing from default group
<20:43:09> [Error] [CVARS]: [MISSING] [r_volumetricfogtexscale] specified in console variable group [sys_spec_shading] = [5], but missing from default group
<20:43:09> [Error] [CVARS]: [MISSING] [r_DeferredShadingTiled] specified in console variable group [sys_spec_shading] = [5], but missing from default group
<20:43:09> [Error] [CVARS]: [MISSING] [e_svoTI_NumStreamingThreads] specified in console variable group [sys_spec_shading] = [5], but missing from default group
<20:43:09> [Error] [CVARS]: [MISSING] [r_SSDO] specified in console variable group [sys_spec_shading] = [6], but missing from default group
<20:43:09> [Error] [CVARS]: [MISSING] [r_volumetricfogtexdepth] specified in console variable group [sys_spec_shading] = [6], but missing from default group
<20:43:09> [Error] [CVARS]: [MISSING] [r_volumetricfogtexscale] specified in console variable group [sys_spec_shading] = [6], but missing from default group
<20:43:09> [Error] [CVARS]: [MISSING] [r_DeferredShadingTiled] specified in console variable group [sys_spec_shading] = [6], but missing from default group
<20:43:09> [Error] [CVARS]: [MISSING] [e_svoTI_NumStreamingThreads] specified in console variable group [sys_spec_shading] = [6], but missing from default group
<20:43:09> [Error] [CVARS]: [MISSING] [r_SSDO] specified in console variable group [sys_spec_shading] = [7], but missing from default group
<20:43:09> [Error] [CVARS]: [MISSING] [r_volumetricfogtexdepth] specified in console variable group [sys_spec_shading] = [7], but missing from default group
<20:43:09> [Error] [CVARS]: [MISSING] [r_volumetricfogtexscale] specified in console variable group [sys_spec_shading] = [7], but missing from default group
<20:43:09> [Error] [CVARS]: [MISSING] [e_svoTI_NumStreamingThreads] specified in console variable group [sys_spec_shading] = [7], but missing from default group
<20:43:09> [Error] [CVARS]: [MISSING] [r_SSDO] specified in console variable group [sys_spec_shading] = [8], but missing from default group
<20:43:09> [Error] [CVARS]: [MISSING] [r_volumetricfogtexdepth] specified in console variable group [sys_spec_shading] = [8], but missing from default group
<20:43:09> [Error] [CVARS]: [MISSING] [r_volumetricfogtexscale] specified in console variable group [sys_spec_shading] = [8], but missing from default group
<20:43:09> [Error] [CVARS]: [MISSING] [e_svoTI_NumStreamingThreads] specified in console variable group [sys_spec_shading] = [8], but missing from default group
<20:43:09> Loading Config file %ENGINE%/Config/CVarGroups/sys_spec_shadows.cfg (c:\users\mathe\appdata\local\programs\cryengine launcher\engines\crytek\cryengine-57-lts\5.7.1\engine\config\cvargroups\sys_spec_shadows.cfg)
<20:43:09> [Error] [CVARS]: [MISSING] [q_ShaderShadow] specified in console variable group [sys_spec_shadows] = [5], but missing from default group
<20:43:09> [Error] [CVARS]: [MISSING] [r_ShadowsScreenSpace] specified in console variable group [sys_spec_shadows] = [5], but missing from default group
<20:43:09> [Error] [CVARS]: [MISSING] [e_ShadowsClouds] specified in console variable group [sys_spec_shadows] = [5], but missing from default group
<20:43:09> [Error] [CVARS]: [MISSING] [r_ShadowTexFormat] specified in console variable group [sys_spec_shadows] = [5], but missing from default group
<20:43:09> [Error] [CVARS]: [MISSING] [q_ShaderShadow] specified in console variable group [sys_spec_shadows] = [6], but missing from default group
<20:43:09> [Error] [CVARS]: [MISSING] [r_ShadowsScreenSpace] specified in console variable group [sys_spec_shadows] = [6], but missing from default group
<20:43:09> [Error] [CVARS]: [MISSING] [e_ShadowsClouds] specified in console variable group [sys_spec_shadows] = [6], but missing from default group
<20:43:09> [Error] [CVARS]: [MISSING] [r_ShadowTexFormat] specified in console variable group [sys_spec_shadows] = [6], but missing from default group
<20:43:09> [Error] [CVARS]: [MISSING] [q_ShaderShadow] specified in console variable group [sys_spec_shadows] = [7], but missing from default group
<20:43:09> [Error] [CVARS]: [MISSING] [r_ShadowsScreenSpace] specified in console variable group [sys_spec_shadows] = [7], but missing from default group
<20:43:09> [Error] [CVARS]: [MISSING] [e_ShadowsClouds] specified in console variable group [sys_spec_shadows] = [7], but missing from default group
<20:43:09> [Error] [CVARS]: [MISSING] [r_ShadowsStaticMap] specified in console variable group [sys_spec_shadows] = [7], but missing from default group
<20:43:09> [Error] [CVARS]: [MISSING] [q_ShaderShadow] specified in console variable group [sys_spec_shadows] = [8], but missing from default group
<20:43:09> [Error] [CVARS]: [MISSING] [r_ShadowsScreenSpace] specified in console variable group [sys_spec_shadows] = [8], but missing from default group
<20:43:09> [Error] [CVARS]: [MISSING] [e_ShadowsClouds] specified in console variable group [sys_spec_shadows] = [8], but missing from default group
<20:43:09> [Error] [CVARS]: [MISSING] [r_ShadowsStaticMap] specified in console variable group [sys_spec_shadows] = [8], but missing from default group
<20:43:09> Loading Config file %ENGINE%/Config/CVarGroups/sys_spec_sound.cfg (c:\users\mathe\appdata\local\programs\cryengine launcher\engines\crytek\cryengine-57-lts\5.7.1\engine\config\cvargroups\sys_spec_sound.cfg)
<20:43:09> Loading Config file %ENGINE%/Config/CVarGroups/sys_spec_texture.cfg (c:\users\mathe\appdata\local\programs\cryengine launcher\engines\crytek\cryengine-57-lts\5.7.1\engine\config\cvargroups\sys_spec_texture.cfg)
<20:43:09> [Error] [CVARS]: [MISSING] [r_texturesstreaming] specified in console variable group [sys_spec_texture] = [5], but missing from default group
<20:43:09> [Error] [CVARS]: [MISSING] [r_texturesstreampooldefragmentation] specified in console variable group [sys_spec_texture] = [5], but missing from default group
<20:43:09> [Error] [CVARS]: [MISSING] [r_buffer_banksize] specified in console variable group [sys_spec_texture] = [5], but missing from default group
<20:43:09> [Error] [CVARS]: [MISSING] [r_buffer_pool_defrag_static] specified in console variable group [sys_spec_texture] = [5], but missing from default group
<20:43:09> [Error] [CVARS]: [MISSING] [r_buffer_pool_defrag_dynamic] specified in console variable group [sys_spec_texture] = [5], but missing from default group
<20:43:09> [Error] [CVARS]: [MISSING] [r_buffer_pool_defrag_max_moves] specified in console variable group [sys_spec_texture] = [5], but missing from default group
<20:43:09> [Error] [CVARS]: [MISSING] [r_TexturesstreamingMinUsableMips] specified in console variable group [sys_spec_texture] = [5], but missing from default group
<20:43:09> [Error] [CVARS]: [MISSING] [r_TexturesStreamingSkipMips] specified in console variable group [sys_spec_texture] = [5], but missing from default group
<20:43:09> [Error] [CVARS]: [MISSING] [r_TexturesStreamPoolSize] specified in console variable group [sys_spec_texture] = [5], but missing from default group
<20:43:09> [Error] [CVARS]: [MISSING] [r_texturesstreaming] specified in console variable group [sys_spec_texture] = [6], but missing from default group
<20:43:09> [Error] [CVARS]: [MISSING] [r_texturesstreampooldefragmentation] specified in console variable group [sys_spec_texture] = [6], but missing from default group
<20:43:09> [Error] [CVARS]: [MISSING] [r_buffer_banksize] specified in console variable group [sys_spec_texture] = [6], but missing from default group
<20:43:09> [Error] [CVARS]: [MISSING] [r_buffer_pool_defrag_static] specified in console variable group [sys_spec_texture] = [6], but missing from default group
<20:43:09> [Error] [CVARS]: [MISSING] [r_buffer_pool_defrag_dynamic] specified in console variable group [sys_spec_texture] = [6], but missing from default group
<20:43:09> [Error] [CVARS]: [MISSING] [r_buffer_pool_defrag_max_moves] specified in console variable group [sys_spec_texture] = [6], but missing from default group
<20:43:09> [Error] [CVARS]: [MISSING] [r_TexturesstreamingMinUsableMips] specified in console variable group [sys_spec_texture] = [6], but missing from default group
<20:43:09> [Error] [CVARS]: [MISSING] [r_TexturesStreamingSkipMips] specified in console variable group [sys_spec_texture] = [6], but missing from default group
<20:43:09> [Error] [CVARS]: [MISSING] [r_TexturesStreamPoolSize] specified in console variable group [sys_spec_texture] = [6], but missing from default group
<20:43:09> [Error] [CVARS]: [MISSING] [r_texturesstreaming] specified in console variable group [sys_spec_texture] = [7], but missing from default group
<20:43:09> [Error] [CVARS]: [MISSING] [r_TexturesstreamingMinUsableMips] specified in console variable group [sys_spec_texture] = [7], but missing from default group
<20:43:09> [Error] [CVARS]: [MISSING] [r_TexturesStreamingSkipMips] specified in console variable group [sys_spec_texture] = [7], but missing from default group
<20:43:09> [Error] [CVARS]: [MISSING] [r_TexturesStreamPoolSize] specified in console variable group [sys_spec_texture] = [7], but missing from default group
<20:43:09> [Error] [CVARS]: [MISSING] [r_texturesstreaming] specified in console variable group [sys_spec_texture] = [8], but missing from default group
<20:43:09> [Error] [CVARS]: [MISSING] [r_TexturesstreamingMinUsableMips] specified in console variable group [sys_spec_texture] = [8], but missing from default group
<20:43:09> [Error] [CVARS]: [MISSING] [r_TexturesStreamingSkipMips] specified in console variable group [sys_spec_texture] = [8], but missing from default group
<20:43:09> [Error] [CVARS]: [MISSING] [r_TexturesStreamPoolSize] specified in console variable group [sys_spec_texture] = [8], but missing from default group
<20:43:09> Loading Config file %ENGINE%/Config/CVarGroups/sys_spec_textureresolution.cfg (c:\users\mathe\appdata\local\programs\cryengine launcher\engines\crytek\cryengine-57-lts\5.7.1\engine\config\cvargroups\sys_spec_textureresolution.cfg)
<20:43:09> Loading Config file %ENGINE%/Config/CVarGroups/sys_spec_volumetriceffects.cfg (c:\users\mathe\appdata\local\programs\cryengine launcher\engines\crytek\cryengine-57-lts\5.7.1\engine\config\cvargroups\sys_spec_volumetriceffects.cfg)
<20:43:09> Loading Config file %ENGINE%/Config/CVarGroups/sys_spec_water.cfg (c:\users\mathe\appdata\local\programs\cryengine launcher\engines\crytek\cryengine-57-lts\5.7.1\engine\config\cvargroups\sys_spec_water.cfg)
<20:43:09> <ThreadConfigInfo>: Thread profile loaded: "pc_Common" (%engine%/config/engine_core.thread_config)  
<20:43:09> [Warning] <ThreadConfigInfo>: (pc: 16 core) Unable to find platform config "pc_8". Next valid config found was pc_8.
<20:43:09> <ThreadConfigInfo>: Thread profile loaded: "pc_8" (%engine%/config/engine_core.thread_config)  
<20:43:09> <ThreadConfigInfo>: Thread profile loaded: "pc_Common" (%engine%/config/engine_sandbox.thread_config)  
<20:43:09> [Warning] <ThreadConfigInfo>: (pc: 16 core) Unable to find platform config "pc_8". Next valid config found was pc_8.
<20:43:09> <ThreadConfigInfo>: Thread profile loaded: "pc_8" (%engine%/config/engine_sandbox.thread_config)  
<20:43:09> UDR initialization
<20:43:09> Loading Module CryUDR.dll...
<20:43:09> Initializing CryUDR done, MemUsage=324Kb
<20:43:09> Windows 10 64 bit (build 10.0.22631)
<20:43:09> User name: "mathe"
<20:43:09> System language: Portuguese
<20:43:09> Windows Directory: "C:\Windows"
<20:43:09> Local time is 20:43:09 06/19/24, system running for 2923 minutes
<20:43:09> 32677MB physical memory installed, 21831MB available, 134217727MB virtual memory installed, 33 percent of memory in use
<20:43:09> PageFile usage: 64MB, Working Set: 73MB, Peak PageFile usage: 64MB,
<20:43:09> Current display mode is 2560x1440x32, (Unknown graphics card)
<20:43:09> IBM enhanced (101/102-key) keyboard and 16+ button mouse installed
<20:43:09> --------------------------------------------------------------------------------
<20:43:09> Stream Engine Initialization
<20:43:09> BuildTime: May 18 2022 02:19:29
<20:43:09> Physics initialization
<20:43:09> Loading Module CryPhysics.dll...
<20:43:09> Initializing CryPhysics done, MemUsage=1944Kb
<20:43:09> [Warning] Cannot open Pak file assets\localization\english_xml.pak
<20:43:09> Localized language content(english) not available or modified from the original installation.
<20:43:09> [Warning] Cannot open Pak file assets\localization\english.pak
<20:43:09> Localized language content(english) not available or modified from the original installation.
<20:43:09> [Warning] Cannot open Pak file assets\localization\english.pak
<20:43:09> Localized language content(english) not available or modified from the original installation.
<20:43:09> [Error] <Localization> No localization files found!
<20:43:09> <Audio>: AudioSystem initialization
<20:43:09> Loading Module CryAudioSystem.dll...
<20:43:10> <Audio>: CryAudioImplSDLMixer loaded
<20:43:10> Initializing CryAudioSystem done, MemUsage=3352Kb
<20:43:10> C# Backend initialization
<20:43:10> Loading Module CryMonoBridge.dll...
<20:43:10> Initializing CryMonoBridge done, MemUsage=696Kb
<20:43:10> Loading plug-in CryDefaultEntities
<20:43:10> Loading plug-in CrySensorSystem
<20:43:10> Loading plug-in CryScaleformSchematyc
<20:43:10> Loading plug-in CryPerceptionSystem
<20:43:10> Loading plug-in Game
<20:43:10> [Warning] Unable to load cursor from texture file. Path %ENGINE%/EngineAssets/Textures/Cursor_Green.dds
<20:43:10> Initialized hardware mouse (game is allowed to confine mouse to window)
<20:43:10> Renderer initialization
<20:43:10> Logging video adapters:
<20:43:10> - NVIDIA GeForce RTX 4070 Ti (vendor = 0x10de, device = 0x2782)
<20:43:10>   - Adapter index: 0
<20:43:10>   - Dedicated video memory: 11996 MB
<20:43:10>   - Feature level: D3D 11_1 (SM 5.x)
<20:43:10>   - Displays connected: yes
<20:43:10>   - Suitable rendering device: yes
<20:43:10> - Microsoft Basic Render Driver (vendor = 0x1414, device = 0x008c)
<20:43:10>   - Adapter index: 1
<20:43:10>   - Dedicated video memory: 0 MB
<20:43:10>   - Feature level: D3D 11_1 (SM 5.x)
<20:43:10>   - Displays connected: no
<20:43:10>   - Suitable rendering device: no
<20:43:10> Loading Module CryRenderD3D11.dll...
<20:43:10> CRenderer sizeof(Vec2f16)=4 sizeof(Vec3f16)=8
<20:43:10> Initializing CryRenderD3D11 done, MemUsage=3764Kb
<20:43:10> Initializing Direct3D and creating game window:
<20:43:10> Direct3D driver is creating...
<20:43:10> Crytek Direct3D driver version 3.00 (May 18 2022 <02:19:44>)
<20:43:10> Creating window called 'fpscpptest' (32x32)
<20:43:10> D3D Adapter: Description: NVIDIA GeForce RTX 4070 Ti
<20:43:10> D3D Adapter: Driver version (UMD): 32.00.15.5599
<20:43:10> D3D Adapter: VendorId = 0x10DE
<20:43:10> D3D Adapter: DeviceId = 0x2782
<20:43:10> D3D Adapter: SubSysId = 0x40C61458
<20:43:10> D3D Adapter: Revision = 161
<20:43:10> NVAPI: API init ok (0)
<20:43:10> NVAPI: Single GPU system
<20:43:10> NVDBT supported
<20:43:10> D3D Detected: NVIDIA video card
<20:43:10> Active GPUs: 1
<20:43:10> Using pixel texture formats:
<20:43:10>   R8G8B8A8S, mips, RT (blendable) (multi-sampled), sample, gather
<20:43:10>   R8G8B8A8, mips, sRGB, RT (blendable) (multi-sampled), sample, gather
<20:43:10>   A8, mips, RT (blendable) (multi-sampled), sample, gather
<20:43:10>   R8, mips, RT (blendable) (multi-sampled), sample, gather
<20:43:10>   R8S, mips, RT (blendable) (multi-sampled), sample, gather
<20:43:10>   R16, mips, RT (blendable) (multi-sampled), sample (comparable), gather (comparable)
<20:43:10>   R16S, mips, RT (blendable) (multi-sampled), sample, gather
<20:43:10>   R16F, mips, RT (blendable) (multi-sampled), sample, gather
<20:43:10>   R32F, mips, RT (blendable) (multi-sampled), sample (comparable), gather (comparable)
<20:43:10>   R8G8, mips, RT (blendable) (multi-sampled), sample, gather
<20:43:10>   R8G8S, mips, RT (blendable) (multi-sampled), sample, gather
<20:43:10>   R16G16, mips, RT (blendable) (multi-sampled), sample, gather
<20:43:10>   R16G16S, mips, RT (blendable) (multi-sampled), sample, gather
<20:43:10>   R16G16F, mips, RT (blendable) (multi-sampled), sample, gather
<20:43:10>   R32G32F, mips, RT (blendable) (multi-sampled), sample, gather
<20:43:10>   R11G11B10F, mips, RT (blendable) (multi-sampled), sample, gather
<20:43:10>   R10G10B10A2, mips, RT (blendable) (multi-sampled), sample, gather
<20:43:10>   R16G16B16A16, mips, RT (blendable) (multi-sampled), sample, gather
<20:43:10>   R16G16B16A16S, mips, RT (blendable) (multi-sampled), sample, gather
<20:43:10>   R16G16B16A16F, mips, RT (blendable) (multi-sampled), sample, gather
<20:43:10>   R32G32B32A32F, mips, RT (blendable) (multi-sampled), sample, gather
<20:43:10>   BC1, mips, sRGB, sample, gather
<20:43:10>   BC2, mips, sRGB, sample, gather
<20:43:10>   BC3, mips, sRGB, sample, gather
<20:43:10>   BC4, mips, sample, gather
<20:43:10>   BC4S, mips, sample, gather
<20:43:10>   BC5, mips, sample, gather
<20:43:10>   BC5S, mips, sample, gather
<20:43:10>   BC6UH, mips, sample, gather
<20:43:10>   BC6SH, mips, sample, gather
<20:43:10>   BC7, mips, sRGB, sample, gather
<20:43:10>   R9G9B9E5, mips, sample, gather
<20:43:10>   D32FS8 (R32G8T), mips, DS (multi-sampled)
<20:43:10>   D32F (R32T), mips, DS (multi-sampled)
<20:43:10>   D24S8 (R24G8T), mips, DS (multi-sampled)
<20:43:10>   D16 (R16T), mips, DS (multi-sampled)
<20:43:10>   B5G6R5, mips, RT (blendable) (multi-sampled), sample, gather
<20:43:10>   B5G5R5, mips, RT (blendable) (multi-sampled), sample, gather
<20:43:10>   B4G4R4A4, mips, sample, gather
<20:43:10>   B8G8R8A8, mips, sRGB, RT (blendable) (multi-sampled), sample, gather
<20:43:10>   B8G8R8X8, mips, sRGB, RT (blendable) (multi-sampled), sample, gather
<20:43:10>  Renderer DepthBits: 24
<20:43:10>  ****** CryRender InfoDump ******
<20:43:10>  Driver description: NVIDIA GeForce RTX 4070 Ti
<20:43:10>  API Version: Direct3D 11.0
<20:43:10>  Feature level: D3D 11_1
<20:43:10>  Vertex Shaders version 5.1
<20:43:10>  Pixel Shaders version 5.1
<20:43:10>  Full stats: 
<20:43:10>  Rasterizer: Hardware
<20:43:10>  Current Resolution: 0x0x32 Windowed
<20:43:10>  Occlusion queries: Supported
<20:43:10>  Geometry instancing: Supported
<20:43:10>  NormalMaps compression : Supported
<20:43:10>  Gamma control: Hardware
<20:43:10>  Used GeomInstancingThreshold is 8
<20:43:10>  Shader model usage: 'SM.5.0'
<20:43:10>  *****************************************
<20:43:10>  
<20:43:10> Init Shaders
<20:43:10>  General shader quality: Medium
<20:43:10>  Metal shader quality: Medium
<20:43:10>  Glass shader quality: Medium
<20:43:10>  Vegetation shader quality: Medium
<20:43:10>  Ice shader quality: Medium
<20:43:10>  Terrain shader quality: Medium
<20:43:10>  Shadow shader quality: Medium
<20:43:10>  Water shader quality: Medium
<20:43:10>  FX shader quality: Medium
<20:43:10>  PostProcess shader quality: Medium
<20:43:10>  HDR shader quality: Medium
<20:43:10> Render quality: VeryHigh
<20:43:10> Init textures management (11996 Mb of video memory is available)...
<20:43:10>   Enabling of textures streaming...
<20:43:10>   Using 6536 Mb of textures pool for streaming...
<20:43:10>   Video textures: Dynamic managed max size: 48 Mb
<20:43:10>   Finished initializing textures streaming...
<20:43:10> Initializing CryScaleformHelper done, MemUsage=0Kb
<20:43:10> Using Scaleform GFx 3.3.94
<20:43:10>   Using dynamic pool
<20:43:10> [Warning] <ThreadInfo>: Unable to find config for thread:GFxVideo_Decoder_2
<20:43:10> Font initialization
<20:43:10> Loading Module CryFont.dll...
<20:43:10> Using FreeType 2.5.5
<20:43:10> Initializing CryFont done, MemUsage=216Kb
<20:43:10> *** Init system render resources ***
<20:43:10> Loading Module CryNetwork.dll...
<20:43:10> [LagProfiles] Could not load "". 6 default profiles activated.
<20:43:10> [Error] Scheduler policy name should not exceed 4 characters.
<20:43:10> [net] Socket IO management: External [iocp], Internal [iocp]
<20:43:10> network hostname: matheuspc
<20:43:10>   ip:192.168.1.193
<20:43:10> [Network Version]: PROFILE DEVELOPMENT BUILD
<20:43:10> Initializing CryNetwork done, MemUsage=2376Kb
<20:43:10> Loading Module CryMovie.dll...
<20:43:10> Initializing CryMovie done, MemUsage=640Kb
<20:43:10> Engine installed on drive: 
<20:43:10> Time initialization
<20:43:10> Input initialization
<20:43:10> Loading Module CryInput.dll...
<20:43:10> Initializing DirectInput

<20:43:11> Initializing Keyboard

<20:43:11> Input locale changed to 00000416
<20:43:11> Initializing mouse
<20:43:11> Initializing CryInput done, MemUsage=1728Kb
<20:43:11> Initializing Animation System
<20:43:11> Loading Module CryAnimation.dll...
<20:43:11> Initializing CryAnimation done, MemUsage=1996Kb
<20:43:11> Init 3D Engine
<20:43:11> Loading Module Cry3DEngine.dll...
<20:43:11> Sky light: Optical lookup tables loaded off disc.
<20:43:11> Initializing Cry3DEngine done, MemUsage=5736Kb
<20:43:11> Script System Initialization
<20:43:11> Loading Module CryScriptSystem.dll...
<20:43:11> [Warning] [Lua Error] Failed to load script file scripts/common.lua
<20:43:11> Initializing CryScriptSystem done, MemUsage=764Kb
<20:43:11> Schematyc initialization
<20:43:11> Loading Module CrySchematyc.dll...
<20:43:11> Initializing CrySchematyc done, MemUsage=1708Kb
<20:43:11> Entity system initialization
<20:43:11> Loading Module CryEntitySystem.dll...
<20:43:11> Initializing CryEntitySystem done, MemUsage=2176Kb
<20:43:11> LiveCreate initialization
<20:43:11> LiveCreateHost not created, using NULL implementation.
<20:43:11> Dynamic Response System initialization
<20:43:11> Loading Module CryDynamicResponseSystem.dll...
<20:43:11> Initializing CryDynamicResponseSystem done, MemUsage=668Kb
<20:43:11> Loading Module CryFlowGraph.dll...
<20:43:11> Successfully registered flownode 'AI:PerceptionState'
<20:43:11> Successfully registered flownode 'AI:EventListener'
<20:43:11> Initializing CryFlowGraph done, MemUsage=996Kb
<20:43:11> AI initialization
<20:43:11> Loading Module CryAISystem.dll...
<20:43:11> Initializing CryAISystem done, MemUsage=1508Kb
<20:43:11> Initializing AI System
<20:43:11> AI: [AISYSTEM] Initialization started.
<20:43:11> [Error] [CVARS]: [DUPLICATE] CXConsole::RegisterString(const char*): variable [ai_DebugDrawNavigationQueryListFilterByCaller] is already registered
<20:43:11> [Warning] XML reader: Can't open file (Scripts/AI/Navigation.xml)
<20:43:11> [Warning] AI: Failed to open XML file 'Scripts/AI/Navigation.xml'...
<20:43:11> [Warning] XML reader: Can't open file (Scripts/AI/Communication/CommunicationSystemConfiguration.xml)
<20:43:11> [Warning] AI: Failed to open XML file 'Scripts/AI/Communication/CommunicationSystemConfiguration.xml'...
<20:43:11> [Warning] XML reader: Can't open file (Scripts/AI/lookup.xml)
<20:43:11> [Warning] [Lua Error] Failed to load script file scripts/ai/aiconfig.lua
<20:43:11> Registering CentralInterestManager with EntitySystem
<20:43:11> [Warning] XML reader: Can't open file (Libs/AITargetStimulusConfig.xml)
<20:43:11> [Warning] AI: CTargetTrackManager::Init() Warning: Failed to load configuration file 'Libs/AITargetStimulusConfig.xml'
<20:43:11> Modular behavior tree node 'Sequence' has a class size of 88 bytes.
<20:43:11> Modular behavior tree node 'Selector' has a class size of 88 bytes.
<20:43:11> Modular behavior tree node 'Priority' has a class size of 88 bytes.
<20:43:11> Modular behavior tree node 'Parallel' has a class size of 96 bytes.
<20:43:11> Modular behavior tree node 'Loop' has a class size of 88 bytes.
<20:43:11> Modular behavior tree node 'LoopUntilSuccess' has a class size of 88 bytes.
<20:43:11> Modular behavior tree node 'StateMachine' has a class size of 88 bytes.
<20:43:11> Modular behavior tree node 'SendTransitionEvent' has a class size of 96 bytes.
<20:43:11> Modular behavior tree node 'IfCondition' has a class size of 120 bytes.
<20:43:11> Modular behavior tree node 'AssertCondition' has a class size of 104 bytes.
<20:43:11> Modular behavior tree node 'Timeout' has a class size of 72 bytes.
<20:43:11> Modular behavior tree node 'IfTime' has a class size of 120 bytes.
<20:43:11> Modular behavior tree node 'Wait' has a class size of 72 bytes.
<20:43:11> Modular behavior tree node 'MonitorCondition' has a class size of 104 bytes.
<20:43:11> Modular behavior tree node 'WaitForEvent' has a class size of 104 bytes.
<20:43:11> Modular behavior tree node 'WaitUntilTime' has a class size of 104 bytes.
<20:43:11> Modular behavior tree node 'Fail' has a class size of 64 bytes.
<20:43:11> Modular behavior tree node 'RandomGate' has a class size of 88 bytes.
<20:43:11> Modular behavior tree node 'SendEvent' has a class size of 104 bytes.
<20:43:11> Modular behavior tree node 'SuppressFailure' has a class size of 80 bytes.
<20:43:11> Modular behavior tree node 'AssertTime' has a class size of 104 bytes.
<20:43:11> Modular behavior tree node 'Halt' has a class size of 64 bytes.
<20:43:11> Modular behavior tree node 'Log' has a class size of 72 bytes.
<20:43:11> Modular behavior tree node 'Breakpoint' has a class size of 64 bytes.
<20:43:11> Modular behavior tree node 'AimAroundWhileUsingAMachingGun' has a class size of 72 bytes.
<20:43:11> Modular behavior tree node 'AnimationTagWrapper' has a class size of 96 bytes.
<20:43:11> Modular behavior tree node 'CheckIfTargetCanBeReached' has a class size of 72 bytes.
<20:43:11> Modular behavior tree node 'GoalPipe' has a class size of 72 bytes.
<20:43:11> Modular behavior tree node 'LuaWrapper' has a class size of 112 bytes.
<20:43:11> Modular behavior tree node 'SmartObjectStatesWrapper' has a class size of 96 bytes.
<20:43:11> Modular behavior tree node 'ThrowGrenade' has a class size of 104 bytes.
<20:43:11> Modular behavior tree node 'TurnBody' has a class size of 88 bytes.
<20:43:11> Modular behavior tree node 'AdjustCoverStance' has a class size of 80 bytes.
<20:43:11> Modular behavior tree node 'Aim' has a class size of 80 bytes.
<20:43:11> Modular behavior tree node 'Animate' has a class size of 80 bytes.
<20:43:11> Modular behavior tree node 'AssertLua' has a class size of 616 bytes.
<20:43:11> Modular behavior tree node 'Bubble' has a class size of 88 bytes.
<20:43:11> Modular behavior tree node 'ClearTargets' has a class size of 64 bytes.
<20:43:11> Modular behavior tree node 'Communicate' has a class size of 112 bytes.
<20:43:11> Modular behavior tree node 'ExecuteLua' has a class size of 616 bytes.
<20:43:11> Modular behavior tree node 'GroupScope' has a class size of 96 bytes.
<20:43:11> Modular behavior tree node 'Look' has a class size of 72 bytes.
<20:43:11> Modular behavior tree node 'LuaBehavior' has a class size of 72 bytes.
<20:43:11> Modular behavior tree node 'LuaGate' has a class size of 632 bytes.
<20:43:11> Modular behavior tree node 'Move' has a class size of 264 bytes.
<20:43:11> Modular behavior tree node 'PullDownThreatLevel' has a class size of 64 bytes.
<20:43:11> Modular behavior tree node 'QueryTPS' has a class size of 80 bytes.
<20:43:11> Modular behavior tree node 'SendTransitionSignal' has a class size of 80 bytes.
<20:43:11> Modular behavior tree node 'SetAlertness' has a class size of 72 bytes.
<20:43:11> Modular behavior tree node 'Shoot' has a class size of 104 bytes.
<20:43:11> Modular behavior tree node 'ShootFromCover' has a class size of 80 bytes.
<20:43:11> Modular behavior tree node 'Signal' has a class size of 80 bytes.
<20:43:11> Modular behavior tree node 'Stance' has a class size of 80 bytes.
<20:43:11> Modular behavior tree node 'StopMovement' has a class size of 72 bytes.
<20:43:11> Modular behavior tree node 'Basic_MoveToPosition' has a class size of 248 bytes.
<20:43:11> Modular behavior tree node 'Basic_MoveToCover' has a class size of 248 bytes.
<20:43:11> AI: [AISYSTEM] Initialization finished.
<20:43:11> [Warning] XML reader: Can't open file (Scripts/AI/Cover.xml)
<20:43:11> [Warning] AI: Failed to open XML file 'Scripts/AI/Cover.xml'...
<20:43:11> Initializing additional systems
<20:43:11> Loading Module CryAction.dll...
<20:43:11> [Warning] XML reader: Can't open file (Libs/Levels/leveltypes.xml)
<20:43:11> [Warning] [Lua Error] Failed to load script file Scripts/Entities/Vehicles/VehicleSystem.lua
<20:43:11> [Warning] XML reader: Can't open file (Scripts/Network/StatsConfig.xml)
<20:43:11> Modular behavior tree node 'AnimateFragment' has a class size of 80 bytes.
<20:43:11> [Warning] [Lua Error] Failed to load script file Scripts/Entities/Vehicles/VehiclePartDetached.lua
<20:43:11> Ending game context...
<20:43:11> [Warning] XML reader: Can't open file (Libs/GameForceFeedback/ForceFeedbackEffects.xml)
<20:43:11> [Warning] [ForceFeedback System] Could not load force feedback system data. Invalid XML file 'Libs/GameForceFeedback/ForceFeedbackEffects.xml'! 
<20:43:11> Initializing default materials...
<20:43:11> [Warning] XML reader: Can't open file (materials/material_layers_default.mtl)
<20:43:11> [Warning] [Lua Error] Failed to load script file scripts/main.lua
<20:43:11> [Warning] [CScriptSystem::BeginCall] Function OnInit not found(check for syntax errors or if the file wasn't loaded)