BackupNameAttachment=" Build(3146) 20 Jun 24 (20 33 40)"  -- used by backup system

Log Started at Thu Jun 20 20:33:40 2024
Built on May 18 2022 02:19:29
Built for: Windows Version: 0x00000600
Command Line: "C:/Users/mathe/AppData/Local/Programs/CRYENGINE Launcher/Engines/crytek/cryengine-57-lts/5.7.1/bin/win_x64/Sandbox.exe" -project "C:/Users/mathe/Documents/CRYENGINE Projects/fpscpptest/Code/../Game.cryproject"
Executable: C:\Users\mathe\AppData\Local\Programs\CRYENGINE Launcher\Engines\crytek\cryengine-57-lts\5.7.1\bin\win_x64\Sandbox.exe
FileVersion: 5.7.1.3146
ProductVersion: 5.7.1.3146
Loading Config file %ENGINEROOT%/system.cfg (c:\users\mathe\appdata\local\programs\cryengine launcher\engines\crytek\cryengine-57-lts\5.7.1\system.cfg)
[Warning] Cannot open Pak file c:\users\mathe\appdata\local\programs\cryengine launcher\engines\crytek\cryengine-57-lts\5.7.1\config.pak
 
con_debug=0 [  ]
con_display_last_messages=0 [  ]
con_font_size=14 [  ]
con_line_buffer_size=1000 [  ]
con_restricted=0 [ RESTRICTEDMODE ]
con_showonload=0 [  ]
 
con_debug=0 [  ]
con_display_last_messages=0 [  ]
con_font_size=14 [  ]
con_line_buffer_size=1000 [  ]
con_restricted=0 [ RESTRICTEDMODE ]
con_showonload=0 [  ]
 
con_debug=0 [  ]
 
con_debug=0 [  ]
Project fpscpptest
Using Project Folder C:/Users/mathe/Documents/CRYENGINE Projects/fpscpptest
Using Engine Folder C:\Users\mathe\AppData\Local\Programs\CRYENGINE Launcher\Engines\crytek\cryengine-57-lts\5.7.1/
Using Asset Folder c:/users/mathe/documents/cryengine projects/fpscpptest/assets

Total number of logical processors: 16
Number of available logical processors: 16
Total number of system cores: 8
Number of cores available to process: 8
 
Processor 0:
  CPU: AMD AMD Ryzen 7 5800X3D 8-Core Processor           
  Family: 15, Model: 1, Stepping: 2, FPU: On-Chip
  Features: FP16, SSE, SSE2, SSE3, SSE4.2, AVX, AVX2, FMA3
 
Processor 1:
  CPU: AMD AMD Ryzen 7 5800X3D 8-Core Processor           
  Family: 15, Model: 1, Stepping: 2, FPU: On-Chip
  Features: FP16, SSE, SSE2, SSE3, SSE4.2, AVX, AVX2, FMA3
 
Processor 2:
  CPU: AMD AMD Ryzen 7 5800X3D 8-Core Processor           
  Family: 15, Model: 1, Stepping: 2, FPU: On-Chip
  Features: FP16, SSE, SSE2, SSE3, SSE4.2, AVX, AVX2, FMA3
 
Processor 3:
  CPU: AMD AMD Ryzen 7 5800X3D 8-Core Processor           
  Family: 15, Model: 1, Stepping: 2, FPU: On-Chip
  Features: FP16, SSE, SSE2, SSE3, SSE4.2, AVX, AVX2, FMA3
 
Processor 4:
  CPU: AMD AMD Ryzen 7 5800X3D 8-Core Processor           
  Family: 15, Model: 1, Stepping: 2, FPU: On-Chip
  Features: FP16, SSE, SSE2, SSE3, SSE4.2, AVX, AVX2, FMA3
 
Processor 5:
  CPU: AMD AMD Ryzen 7 5800X3D 8-Core Processor           
  Family: 15, Model: 1, Stepping: 2, FPU: On-Chip
  Features: FP16, SSE, SSE2, SSE3, SSE4.2, AVX, AVX2, FMA3
 
Processor 6:
  CPU: AMD AMD Ryzen 7 5800X3D 8-Core Processor           
  Family: 15, Model: 1, Stepping: 2, FPU: On-Chip
  Features: FP16, SSE, SSE2, SSE3, SSE4.2, AVX, AVX2, FMA3
 
Processor 7:
  CPU: AMD AMD Ryzen 7 5800X3D 8-Core Processor           
  Family: 15, Model: 1, Stepping: 2, FPU: On-Chip
  Features: FP16, SSE, SSE2, SSE3, SSE4.2, AVX, AVX2, FMA3
 
<20:33:40> creating CVarGroups from directory 'assets/Config/CVarGroups' ...
<20:33:40> creating CVarGroups from directory '%ENGINE%/Config/CVarGroups' ...
<20:33:40> Loading Config file %ENGINE%/Config/CVarGroups/sys_spec_full.cfg (c:\users\mathe\appdata\local\programs\cryengine launcher\engines\crytek\cryengine-57-lts\5.7.1\engine\config\cvargroups\sys_spec_full.cfg)
<20:33:40> Loading Config file %ENGINE%/Config/CVarGroups/sys_spec_gameeffects.cfg (c:\users\mathe\appdata\local\programs\cryengine launcher\engines\crytek\cryengine-57-lts\5.7.1\engine\config\cvargroups\sys_spec_gameeffects.cfg)
<20:33:40> Loading Config file %ENGINE%/Config/CVarGroups/sys_spec_light.cfg (c:\users\mathe\appdata\local\programs\cryengine launcher\engines\crytek\cryengine-57-lts\5.7.1\engine\config\cvargroups\sys_spec_light.cfg)
<20:33:40> Loading Config file %ENGINE%/Config/CVarGroups/sys_spec_objectdetail.cfg (c:\users\mathe\appdata\local\programs\cryengine launcher\engines\crytek\cryengine-57-lts\5.7.1\engine\config\cvargroups\sys_spec_objectdetail.cfg)
<20:33:40> [Error] [CVARS]: [MISSING] [r_UseZPass] specified in console variable group [sys_spec_objectdetail] = [5], but missing from default group
<20:33:40> [Error] [CVARS]: [MISSING] [r_MeshPoolSize] specified in console variable group [sys_spec_objectdetail] = [5], but missing from default group
<20:33:40> [Error] [CVARS]: [MISSING] [r_MeshInstancePoolSize] specified in console variable group [sys_spec_objectdetail] = [5], but missing from default group
<20:33:40> [Error] [CVARS]: [MISSING] [e_StreamCgfPoolSize] specified in console variable group [sys_spec_objectdetail] = [5], but missing from default group
<20:33:40> [Error] [CVARS]: [MISSING] [e_GeomCacheBufferSize] specified in console variable group [sys_spec_objectdetail] = [5], but missing from default group
<20:33:40> [Error] [CVARS]: [MISSING] [r_UseZPass] specified in console variable group [sys_spec_objectdetail] = [6], but missing from default group
<20:33:40> [Error] [CVARS]: [MISSING] [r_MeshPoolSize] specified in console variable group [sys_spec_objectdetail] = [6], but missing from default group
<20:33:40> [Error] [CVARS]: [MISSING] [r_MeshInstancePoolSize] specified in console variable group [sys_spec_objectdetail] = [6], but missing from default group
<20:33:40> [Error] [CVARS]: [MISSING] [e_StreamCgfPoolSize] specified in console variable group [sys_spec_objectdetail] = [6], but missing from default group
<20:33:40> [Error] [CVARS]: [MISSING] [e_GeomCacheBufferSize] specified in console variable group [sys_spec_objectdetail] = [6], but missing from default group
<20:33:40> [Error] [CVARS]: [MISSING] [ca_FacialAnimationRadius] specified in console variable group [sys_spec_objectdetail] = [7], but missing from default group
<20:33:40> [Error] [CVARS]: [MISSING] [ca_StreamCHR] specified in console variable group [sys_spec_objectdetail] = [7], but missing from default group
<20:33:40> [Error] [CVARS]: [MISSING] [ca_FacialAnimationRadius] specified in console variable group [sys_spec_objectdetail] = [8], but missing from default group
<20:33:40> [Error] [CVARS]: [MISSING] [ca_StreamCHR] specified in console variable group [sys_spec_objectdetail] = [8], but missing from default group
<20:33:40> Loading Config file %ENGINE%/Config/CVarGroups/sys_spec_particles.cfg (c:\users\mathe\appdata\local\programs\cryengine launcher\engines\crytek\cryengine-57-lts\5.7.1\engine\config\cvargroups\sys_spec_particles.cfg)
<20:33:40> [Error] [CVARS]: [MISSING] [e_ParticlesPoolSize] specified in console variable group [sys_spec_particles] = [5], but missing from default group
<20:33:40> [Error] [CVARS]: [MISSING] [e_ParticlesVertexPoolSize] specified in console variable group [sys_spec_particles] = [5], but missing from default group
<20:33:40> [Error] [CVARS]: [MISSING] [e_ParticlesPoolSize] specified in console variable group [sys_spec_particles] = [6], but missing from default group
<20:33:40> [Error] [CVARS]: [MISSING] [e_ParticlesVertexPoolSize] specified in console variable group [sys_spec_particles] = [6], but missing from default group
<20:33:40> Loading Config file %ENGINE%/Config/CVarGroups/sys_spec_physics.cfg (c:\users\mathe\appdata\local\programs\cryengine launcher\engines\crytek\cryengine-57-lts\5.7.1\engine\config\cvargroups\sys_spec_physics.cfg)
<20:33:40> [Error] [CVARS]: [MISSING] [p_num_threads] specified in console variable group [sys_spec_physics] = [7], but missing from default group
<20:33:40> [Error] [CVARS]: [MISSING] [p_num_threads] specified in console variable group [sys_spec_physics] = [8], but missing from default group
<20:33:40> Loading Config file %ENGINE%/Config/CVarGroups/sys_spec_postprocessing.cfg (c:\users\mathe\appdata\local\programs\cryengine launcher\engines\crytek\cryengine-57-lts\5.7.1\engine\config\cvargroups\sys_spec_postprocessing.cfg)
<20:33:40> [Error] [CVARS]: [MISSING] [r_HDRBloomQuality] specified in console variable group [sys_spec_postprocessing] = [5], but missing from default group
<20:33:40> [Error] [CVARS]: [MISSING] [r_FlareHQShafts] specified in console variable group [sys_spec_postprocessing] = [5], but missing from default group
<20:33:40> [Error] [CVARS]: [MISSING] [r_AntiAliasingMode] specified in console variable group [sys_spec_postprocessing] = [5], but missing from default group
<20:33:40> [Error] [CVARS]: [MISSING] [r_HDRBloomQuality] specified in console variable group [sys_spec_postprocessing] = [6], but missing from default group
<20:33:40> [Error] [CVARS]: [MISSING] [r_FlareHQShafts] specified in console variable group [sys_spec_postprocessing] = [6], but missing from default group
<20:33:40> [Error] [CVARS]: [MISSING] [r_AntiAliasingMode] specified in console variable group [sys_spec_postprocessing] = [6], but missing from default group
<20:33:40> [Error] [CVARS]: [MISSING] [r_HDRBloomQuality] specified in console variable group [sys_spec_postprocessing] = [7], but missing from default group
<20:33:40> [Error] [CVARS]: [MISSING] [r_FlareHQShafts] specified in console variable group [sys_spec_postprocessing] = [7], but missing from default group
<20:33:40> [Error] [CVARS]: [MISSING] [r_HDRBloomQuality] specified in console variable group [sys_spec_postprocessing] = [8], but missing from default group
<20:33:40> [Error] [CVARS]: [MISSING] [r_FlareHQShafts] specified in console variable group [sys_spec_postprocessing] = [8], but missing from default group
<20:33:40> [Error] [CVARS]: [MISSING] [r_AntiAliasingMode] specified in console variable group [sys_spec_postprocessing] = [8], but missing from default group
<20:33:40> Loading Config file %ENGINE%/Config/CVarGroups/sys_spec_quality.cfg (c:\users\mathe\appdata\local\programs\cryengine launcher\engines\crytek\cryengine-57-lts\5.7.1\engine\config\cvargroups\sys_spec_quality.cfg)
<20:33:40> Loading Config file %ENGINE%/Config/CVarGroups/sys_spec_shading.cfg (c:\users\mathe\appdata\local\programs\cryengine launcher\engines\crytek\cryengine-57-lts\5.7.1\engine\config\cvargroups\sys_spec_shading.cfg)
<20:33:40> [Error] [CVARS]: [MISSING] [r_SSDO] specified in console variable group [sys_spec_shading] = [5], but missing from default group
<20:33:40> [Error] [CVARS]: [MISSING] [r_SSDOColorBleeding] specified in console variable group [sys_spec_shading] = [5], but missing from default group
<20:33:40> [Error] [CVARS]: [MISSING] [r_volumetricfogtexdepth] specified in console variable group [sys_spec_shading] = [5], but missing from default group
<20:33:40> [Error] [CVARS]: [MISSING] [r_volumetricfogtexscale] specified in console variable group [sys_spec_shading] = [5], but missing from default group
<20:33:40> [Error] [CVARS]: [MISSING] [r_DeferredShadingTiled] specified in console variable group [sys_spec_shading] = [5], but missing from default group
<20:33:40> [Error] [CVARS]: [MISSING] [e_svoTI_NumStreamingThreads] specified in console variable group [sys_spec_shading] = [5], but missing from default group
<20:33:40> [Error] [CVARS]: [MISSING] [r_SSDO] specified in console variable group [sys_spec_shading] = [6], but missing from default group
<20:33:40> [Error] [CVARS]: [MISSING] [r_volumetricfogtexdepth] specified in console variable group [sys_spec_shading] = [6], but missing from default group
<20:33:40> [Error] [CVARS]: [MISSING] [r_volumetricfogtexscale] specified in console variable group [sys_spec_shading] = [6], but missing from default group
<20:33:40> [Error] [CVARS]: [MISSING] [r_DeferredShadingTiled] specified in console variable group [sys_spec_shading] = [6], but missing from default group
<20:33:40> [Error] [CVARS]: [MISSING] [e_svoTI_NumStreamingThreads] specified in console variable group [sys_spec_shading] = [6], but missing from default group
<20:33:40> [Error] [CVARS]: [MISSING] [r_SSDO] specified in console variable group [sys_spec_shading] = [7], but missing from default group
<20:33:40> [Error] [CVARS]: [MISSING] [r_volumetricfogtexdepth] specified in console variable group [sys_spec_shading] = [7], but missing from default group
<20:33:40> [Error] [CVARS]: [MISSING] [r_volumetricfogtexscale] specified in console variable group [sys_spec_shading] = [7], but missing from default group
<20:33:40> [Error] [CVARS]: [MISSING] [e_svoTI_NumStreamingThreads] specified in console variable group [sys_spec_shading] = [7], but missing from default group
<20:33:40> [Error] [CVARS]: [MISSING] [r_SSDO] specified in console variable group [sys_spec_shading] = [8], but missing from default group
<20:33:40> [Error] [CVARS]: [MISSING] [r_volumetricfogtexdepth] specified in console variable group [sys_spec_shading] = [8], but missing from default group
<20:33:40> [Error] [CVARS]: [MISSING] [r_volumetricfogtexscale] specified in console variable group [sys_spec_shading] = [8], but missing from default group
<20:33:40> [Error] [CVARS]: [MISSING] [e_svoTI_NumStreamingThreads] specified in console variable group [sys_spec_shading] = [8], but missing from default group
<20:33:40> Loading Config file %ENGINE%/Config/CVarGroups/sys_spec_shadows.cfg (c:\users\mathe\appdata\local\programs\cryengine launcher\engines\crytek\cryengine-57-lts\5.7.1\engine\config\cvargroups\sys_spec_shadows.cfg)
<20:33:40> [Error] [CVARS]: [MISSING] [q_ShaderShadow] specified in console variable group [sys_spec_shadows] = [5], but missing from default group
<20:33:40> [Error] [CVARS]: [MISSING] [r_ShadowsScreenSpace] specified in console variable group [sys_spec_shadows] = [5], but missing from default group
<20:33:40> [Error] [CVARS]: [MISSING] [e_ShadowsClouds] specified in console variable group [sys_spec_shadows] = [5], but missing from default group
<20:33:40> [Error] [CVARS]: [MISSING] [r_ShadowTexFormat] specified in console variable group [sys_spec_shadows] = [5], but missing from default group
<20:33:40> [Error] [CVARS]: [MISSING] [q_ShaderShadow] specified in console variable group [sys_spec_shadows] = [6], but missing from default group
<20:33:40> [Error] [CVARS]: [MISSING] [r_ShadowsScreenSpace] specified in console variable group [sys_spec_shadows] = [6], but missing from default group
<20:33:40> [Error] [CVARS]: [MISSING] [e_ShadowsClouds] specified in console variable group [sys_spec_shadows] = [6], but missing from default group
<20:33:40> [Error] [CVARS]: [MISSING] [r_ShadowTexFormat] specified in console variable group [sys_spec_shadows] = [6], but missing from default group
<20:33:40> [Error] [CVARS]: [MISSING] [q_ShaderShadow] specified in console variable group [sys_spec_shadows] = [7], but missing from default group
<20:33:40> [Error] [CVARS]: [MISSING] [r_ShadowsScreenSpace] specified in console variable group [sys_spec_shadows] = [7], but missing from default group
<20:33:40> [Error] [CVARS]: [MISSING] [e_ShadowsClouds] specified in console variable group [sys_spec_shadows] = [7], but missing from default group
<20:33:40> [Error] [CVARS]: [MISSING] [r_ShadowsStaticMap] specified in console variable group [sys_spec_shadows] = [7], but missing from default group
<20:33:40> [Error] [CVARS]: [MISSING] [q_ShaderShadow] specified in console variable group [sys_spec_shadows] = [8], but missing from default group
<20:33:40> [Error] [CVARS]: [MISSING] [r_ShadowsScreenSpace] specified in console variable group [sys_spec_shadows] = [8], but missing from default group
<20:33:40> [Error] [CVARS]: [MISSING] [e_ShadowsClouds] specified in console variable group [sys_spec_shadows] = [8], but missing from default group
<20:33:40> [Error] [CVARS]: [MISSING] [r_ShadowsStaticMap] specified in console variable group [sys_spec_shadows] = [8], but missing from default group
<20:33:40> Loading Config file %ENGINE%/Config/CVarGroups/sys_spec_sound.cfg (c:\users\mathe\appdata\local\programs\cryengine launcher\engines\crytek\cryengine-57-lts\5.7.1\engine\config\cvargroups\sys_spec_sound.cfg)
<20:33:40> Loading Config file %ENGINE%/Config/CVarGroups/sys_spec_texture.cfg (c:\users\mathe\appdata\local\programs\cryengine launcher\engines\crytek\cryengine-57-lts\5.7.1\engine\config\cvargroups\sys_spec_texture.cfg)
<20:33:40> [Error] [CVARS]: [MISSING] [r_texturesstreaming] specified in console variable group [sys_spec_texture] = [5], but missing from default group
<20:33:40> [Error] [CVARS]: [MISSING] [r_texturesstreampooldefragmentation] specified in console variable group [sys_spec_texture] = [5], but missing from default group
<20:33:40> [Error] [CVARS]: [MISSING] [r_buffer_banksize] specified in console variable group [sys_spec_texture] = [5], but missing from default group
<20:33:40> [Error] [CVARS]: [MISSING] [r_buffer_pool_defrag_static] specified in console variable group [sys_spec_texture] = [5], but missing from default group
<20:33:40> [Error] [CVARS]: [MISSING] [r_buffer_pool_defrag_dynamic] specified in console variable group [sys_spec_texture] = [5], but missing from default group
<20:33:40> [Error] [CVARS]: [MISSING] [r_buffer_pool_defrag_max_moves] specified in console variable group [sys_spec_texture] = [5], but missing from default group
<20:33:40> [Error] [CVARS]: [MISSING] [r_TexturesstreamingMinUsableMips] specified in console variable group [sys_spec_texture] = [5], but missing from default group
<20:33:40> [Error] [CVARS]: [MISSING] [r_TexturesStreamingSkipMips] specified in console variable group [sys_spec_texture] = [5], but missing from default group
<20:33:40> [Error] [CVARS]: [MISSING] [r_TexturesStreamPoolSize] specified in console variable group [sys_spec_texture] = [5], but missing from default group
<20:33:40> [Error] [CVARS]: [MISSING] [r_texturesstreaming] specified in console variable group [sys_spec_texture] = [6], but missing from default group
<20:33:40> [Error] [CVARS]: [MISSING] [r_texturesstreampooldefragmentation] specified in console variable group [sys_spec_texture] = [6], but missing from default group
<20:33:40> [Error] [CVARS]: [MISSING] [r_buffer_banksize] specified in console variable group [sys_spec_texture] = [6], but missing from default group
<20:33:40> [Error] [CVARS]: [MISSING] [r_buffer_pool_defrag_static] specified in console variable group [sys_spec_texture] = [6], but missing from default group
<20:33:40> [Error] [CVARS]: [MISSING] [r_buffer_pool_defrag_dynamic] specified in console variable group [sys_spec_texture] = [6], but missing from default group
<20:33:40> [Error] [CVARS]: [MISSING] [r_buffer_pool_defrag_max_moves] specified in console variable group [sys_spec_texture] = [6], but missing from default group
<20:33:40> [Error] [CVARS]: [MISSING] [r_TexturesstreamingMinUsableMips] specified in console variable group [sys_spec_texture] = [6], but missing from default group
<20:33:40> [Error] [CVARS]: [MISSING] [r_TexturesStreamingSkipMips] specified in console variable group [sys_spec_texture] = [6], but missing from default group
<20:33:40> [Error] [CVARS]: [MISSING] [r_TexturesStreamPoolSize] specified in console variable group [sys_spec_texture] = [6], but missing from default group
<20:33:40> [Error] [CVARS]: [MISSING] [r_texturesstreaming] specified in console variable group [sys_spec_texture] = [7], but missing from default group
<20:33:40> [Error] [CVARS]: [MISSING] [r_TexturesstreamingMinUsableMips] specified in console variable group [sys_spec_texture] = [7], but missing from default group
<20:33:40> [Error] [CVARS]: [MISSING] [r_TexturesStreamingSkipMips] specified in console variable group [sys_spec_texture] = [7], but missing from default group
<20:33:40> [Error] [CVARS]: [MISSING] [r_TexturesStreamPoolSize] specified in console variable group [sys_spec_texture] = [7], but missing from default group
<20:33:40> [Error] [CVARS]: [MISSING] [r_texturesstreaming] specified in console variable group [sys_spec_texture] = [8], but missing from default group
<20:33:40> [Error] [CVARS]: [MISSING] [r_TexturesstreamingMinUsableMips] specified in console variable group [sys_spec_texture] = [8], but missing from default group
<20:33:40> [Error] [CVARS]: [MISSING] [r_TexturesStreamingSkipMips] specified in console variable group [sys_spec_texture] = [8], but missing from default group
<20:33:40> [Error] [CVARS]: [MISSING] [r_TexturesStreamPoolSize] specified in console variable group [sys_spec_texture] = [8], but missing from default group
<20:33:40> Loading Config file %ENGINE%/Config/CVarGroups/sys_spec_textureresolution.cfg (c:\users\mathe\appdata\local\programs\cryengine launcher\engines\crytek\cryengine-57-lts\5.7.1\engine\config\cvargroups\sys_spec_textureresolution.cfg)
<20:33:40> Loading Config file %ENGINE%/Config/CVarGroups/sys_spec_volumetriceffects.cfg (c:\users\mathe\appdata\local\programs\cryengine launcher\engines\crytek\cryengine-57-lts\5.7.1\engine\config\cvargroups\sys_spec_volumetriceffects.cfg)
<20:33:40> Loading Config file %ENGINE%/Config/CVarGroups/sys_spec_water.cfg (c:\users\mathe\appdata\local\programs\cryengine launcher\engines\crytek\cryengine-57-lts\5.7.1\engine\config\cvargroups\sys_spec_water.cfg)
<20:33:40> <ThreadConfigInfo>: Thread profile loaded: "pc_Common" (%engine%/config/engine_core.thread_config)  
<20:33:40> [Warning] <ThreadConfigInfo>: (pc: 16 core) Unable to find platform config "pc_8". Next valid config found was pc_8.
<20:33:40> <ThreadConfigInfo>: Thread profile loaded: "pc_8" (%engine%/config/engine_core.thread_config)  
<20:33:40> <ThreadConfigInfo>: Thread profile loaded: "pc_Common" (%engine%/config/engine_sandbox.thread_config)  
<20:33:40> [Warning] <ThreadConfigInfo>: (pc: 16 core) Unable to find platform config "pc_8". Next valid config found was pc_8.
<20:33:40> <ThreadConfigInfo>: Thread profile loaded: "pc_8" (%engine%/config/engine_sandbox.thread_config)  
<20:33:40> UDR initialization
<20:33:40> Loading Module CryUDR.dll...
<20:33:40> Initializing CryUDR done, MemUsage=324Kb
<20:33:40> Windows 10 64 bit (build 10.0.22631)
<20:33:40> User name: "mathe"
<20:33:40> System language: Portuguese
<20:33:40> Windows Directory: "C:\Windows"
<20:33:40> Local time is 20:33:40 06/20/24, system running for 4353 minutes
<20:33:40> 32677MB physical memory installed, 20755MB available, 134217727MB virtual memory installed, 36 percent of memory in use
<20:33:40> PageFile usage: 65MB, Working Set: 73MB, Peak PageFile usage: 65MB,
<20:33:40> Current display mode is 2560x1440x32, (Unknown graphics card)
<20:33:40> IBM enhanced (101/102-key) keyboard and 16+ button mouse installed
<20:33:40> --------------------------------------------------------------------------------
<20:33:40> Stream Engine Initialization
<20:33:40> BuildTime: May 18 2022 02:19:29
<20:33:40> Physics initialization
<20:33:40> Loading Module CryPhysics.dll...
<20:33:40> Initializing CryPhysics done, MemUsage=1904Kb
<20:33:40> [Warning] Cannot open Pak file assets\localization\english_xml.pak
<20:33:40> Localized language content(english) not available or modified from the original installation.
<20:33:40> [Warning] Cannot open Pak file assets\localization\english.pak
<20:33:40> Localized language content(english) not available or modified from the original installation.
<20:33:40> [Warning] Cannot open Pak file assets\localization\english.pak
<20:33:40> Localized language content(english) not available or modified from the original installation.
<20:33:40> [Error] <Localization> No localization files found!
<20:33:40> <Audio>: AudioSystem initialization
<20:33:40> Loading Module CryAudioSystem.dll...
<20:33:40> <Audio>: CryAudioImplSDLMixer loaded
<20:33:40> Initializing CryAudioSystem done, MemUsage=3176Kb
<20:33:40> C# Backend initialization
<20:33:40> Loading Module CryMonoBridge.dll...
<20:33:40> Initializing CryMonoBridge done, MemUsage=696Kb
<20:33:40> Loading plug-in CryDefaultEntities
<20:33:40> Loading plug-in CrySensorSystem
<20:33:40> Loading plug-in CryScaleformSchematyc
<20:33:40> Loading plug-in CryPerceptionSystem
<20:33:40> Loading plug-in Game
<20:33:40> [Warning] Unable to load cursor from texture file. Path %ENGINE%/EngineAssets/Textures/Cursor_Green.dds
<20:33:40> Initialized hardware mouse (game is allowed to confine mouse to window)
<20:33:40> Renderer initialization
<20:33:40> Logging video adapters:
<20:33:40> - NVIDIA GeForce RTX 4070 Ti (vendor = 0x10de, device = 0x2782)
<20:33:40>   - Adapter index: 0
<20:33:40>   - Dedicated video memory: 11996 MB
<20:33:40>   - Feature level: D3D 11_1 (SM 5.x)
<20:33:40>   - Displays connected: yes
<20:33:40>   - Suitable rendering device: yes
<20:33:40> - Microsoft Basic Render Driver (vendor = 0x1414, device = 0x008c)
<20:33:40>   - Adapter index: 1
<20:33:40>   - Dedicated video memory: 0 MB
<20:33:40>   - Feature level: D3D 11_1 (SM 5.x)
<20:33:40>   - Displays connected: no
<20:33:40>   - Suitable rendering device: no
<20:33:40> Loading Module CryRenderD3D11.dll...
<20:33:40> CRenderer sizeof(Vec2f16)=4 sizeof(Vec3f16)=8
<20:33:40> Initializing CryRenderD3D11 done, MemUsage=3724Kb
<20:33:40> Initializing Direct3D and creating game window:
<20:33:40> Direct3D driver is creating...
<20:33:40> Crytek Direct3D driver version 3.00 (May 18 2022 <02:19:44>)
<20:33:40> Creating window called 'fpscpptest' (32x32)
<20:33:41> D3D Adapter: Description: NVIDIA GeForce RTX 4070 Ti
<20:33:41> D3D Adapter: Driver version (UMD): 32.00.15.5599
<20:33:41> D3D Adapter: VendorId = 0x10DE
<20:33:41> D3D Adapter: DeviceId = 0x2782
<20:33:41> D3D Adapter: SubSysId = 0x40C61458
<20:33:41> D3D Adapter: Revision = 161
<20:33:41> NVAPI: API init ok (0)
<20:33:41> NVAPI: Single GPU system
<20:33:41> NVDBT supported
<20:33:41> D3D Detected: NVIDIA video card
<20:33:41> Active GPUs: 1
<20:33:41> Using pixel texture formats:
<20:33:41>   R8G8B8A8S, mips, RT (blendable) (multi-sampled), sample, gather
<20:33:41>   R8G8B8A8, mips, sRGB, RT (blendable) (multi-sampled), sample, gather
<20:33:41>   A8, mips, RT (blendable) (multi-sampled), sample, gather
<20:33:41>   R8, mips, RT (blendable) (multi-sampled), sample, gather
<20:33:41>   R8S, mips, RT (blendable) (multi-sampled), sample, gather
<20:33:41>   R16, mips, RT (blendable) (multi-sampled), sample (comparable), gather (comparable)
<20:33:41>   R16S, mips, RT (blendable) (multi-sampled), sample, gather
<20:33:41>   R16F, mips, RT (blendable) (multi-sampled), sample, gather
<20:33:41>   R32F, mips, RT (blendable) (multi-sampled), sample (comparable), gather (comparable)
<20:33:41>   R8G8, mips, RT (blendable) (multi-sampled), sample, gather
<20:33:41>   R8G8S, mips, RT (blendable) (multi-sampled), sample, gather
<20:33:41>   R16G16, mips, RT (blendable) (multi-sampled), sample, gather
<20:33:41>   R16G16S, mips, RT (blendable) (multi-sampled), sample, gather
<20:33:41>   R16G16F, mips, RT (blendable) (multi-sampled), sample, gather
<20:33:41>   R32G32F, mips, RT (blendable) (multi-sampled), sample, gather
<20:33:41>   R11G11B10F, mips, RT (blendable) (multi-sampled), sample, gather
<20:33:41>   R10G10B10A2, mips, RT (blendable) (multi-sampled), sample, gather
<20:33:41>   R16G16B16A16, mips, RT (blendable) (multi-sampled), sample, gather
<20:33:41>   R16G16B16A16S, mips, RT (blendable) (multi-sampled), sample, gather
<20:33:41>   R16G16B16A16F, mips, RT (blendable) (multi-sampled), sample, gather
<20:33:41>   R32G32B32A32F, mips, RT (blendable) (multi-sampled), sample, gather
<20:33:41>   BC1, mips, sRGB, sample, gather
<20:33:41>   BC2, mips, sRGB, sample, gather
<20:33:41>   BC3, mips, sRGB, sample, gather
<20:33:41>   BC4, mips, sample, gather
<20:33:41>   BC4S, mips, sample, gather
<20:33:41>   BC5, mips, sample, gather
<20:33:41>   BC5S, mips, sample, gather
<20:33:41>   BC6UH, mips, sample, gather
<20:33:41>   BC6SH, mips, sample, gather
<20:33:41>   BC7, mips, sRGB, sample, gather
<20:33:41>   R9G9B9E5, mips, sample, gather
<20:33:41>   D32FS8 (R32G8T), mips, DS (multi-sampled)
<20:33:41>   D32F (R32T), mips, DS (multi-sampled)
<20:33:41>   D24S8 (R24G8T), mips, DS (multi-sampled)
<20:33:41>   D16 (R16T), mips, DS (multi-sampled)
<20:33:41>   B5G6R5, mips, RT (blendable) (multi-sampled), sample, gather
<20:33:41>   B5G5R5, mips, RT (blendable) (multi-sampled), sample, gather
<20:33:41>   B4G4R4A4, mips, sample, gather
<20:33:41>   B8G8R8A8, mips, sRGB, RT (blendable) (multi-sampled), sample, gather
<20:33:41>   B8G8R8X8, mips, sRGB, RT (blendable) (multi-sampled), sample, gather
<20:33:41>  Renderer DepthBits: 24
<20:33:41>  ****** CryRender InfoDump ******
<20:33:41>  Driver description: NVIDIA GeForce RTX 4070 Ti
<20:33:41>  API Version: Direct3D 11.0
<20:33:41>  Feature level: D3D 11_1
<20:33:41>  Vertex Shaders version 5.1
<20:33:41>  Pixel Shaders version 5.1
<20:33:41>  Full stats: 
<20:33:41>  Rasterizer: Hardware
<20:33:41>  Current Resolution: 0x0x32 Windowed
<20:33:41>  Occlusion queries: Supported
<20:33:41>  Geometry instancing: Supported
<20:33:41>  NormalMaps compression : Supported
<20:33:41>  Gamma control: Hardware
<20:33:41>  Used GeomInstancingThreshold is 8
<20:33:41>  Shader model usage: 'SM.5.0'
<20:33:41>  *****************************************
<20:33:41>  
<20:33:41> Init Shaders
<20:33:41>  General shader quality: Medium
<20:33:41>  Metal shader quality: Medium
<20:33:41>  Glass shader quality: Medium
<20:33:41>  Vegetation shader quality: Medium
<20:33:41>  Ice shader quality: Medium
<20:33:41>  Terrain shader quality: Medium
<20:33:41>  Shadow shader quality: Medium
<20:33:41>  Water shader quality: Medium
<20:33:41>  FX shader quality: Medium
<20:33:41>  PostProcess shader quality: Medium
<20:33:41>  HDR shader quality: Medium
<20:33:41> Render quality: VeryHigh
<20:33:41> Init textures management (11996 Mb of video memory is available)...
<20:33:41>   Enabling of textures streaming...
<20:33:41>   Using 6536 Mb of textures pool for streaming...
<20:33:41>   Video textures: Dynamic managed max size: 48 Mb
<20:33:41>   Finished initializing textures streaming...
<20:33:41> Initializing CryScaleformHelper done, MemUsage=0Kb
<20:33:41> Using Scaleform GFx 3.3.94
<20:33:41>   Using dynamic pool
<20:33:41> [Warning] <ThreadInfo>: Unable to find config for thread:GFxVideo_Decoder_2
<20:33:41> Font initialization
<20:33:41> Loading Module CryFont.dll...
<20:33:41> Using FreeType 2.5.5
<20:33:41> Initializing CryFont done, MemUsage=304Kb
<20:33:41> *** Init system render resources ***
<20:33:41> Loading Module CryNetwork.dll...
<20:33:41> [LagProfiles] Could not load "". 6 default profiles activated.
<20:33:41> [Error] Scheduler policy name should not exceed 4 characters.
<20:33:41> [net] Socket IO management: External [iocp], Internal [iocp]
<20:33:41> network hostname: matheuspc
<20:33:41>   ip:192.168.1.193
<20:33:41> [Network Version]: PROFILE DEVELOPMENT BUILD
<20:33:41> Initializing CryNetwork done, MemUsage=2360Kb
<20:33:41> Loading Module CryMovie.dll...
<20:33:41> Initializing CryMovie done, MemUsage=616Kb
<20:33:41> Engine installed on drive: 
<20:33:41> Time initialization
<20:33:41> Input initialization
<20:33:41> Loading Module CryInput.dll...
<20:33:41> Initializing DirectInput

<20:33:41> Initializing Keyboard

<20:33:41> Input locale changed to 00000416
<20:33:41> Initializing mouse
<20:33:41> Initializing CryInput done, MemUsage=1420Kb
<20:33:41> Initializing Animation System
<20:33:41> Loading Module CryAnimation.dll...
<20:33:41> Initializing CryAnimation done, MemUsage=2008Kb
<20:33:41> Init 3D Engine
<20:33:41> Loading Module Cry3DEngine.dll...
<20:33:41> Sky light: Optical lookup tables loaded off disc.
<20:33:41> Initializing Cry3DEngine done, MemUsage=5684Kb
<20:33:41> Script System Initialization
<20:33:41> Loading Module CryScriptSystem.dll...
<20:33:41> [Warning] [Lua Error] Failed to load script file scripts/common.lua
<20:33:41> Initializing CryScriptSystem done, MemUsage=796Kb
<20:33:41> Schematyc initialization
<20:33:41> Loading Module CrySchematyc.dll...
<20:33:41> Initializing CrySchematyc done, MemUsage=1768Kb
<20:33:41> Entity system initialization
<20:33:41> Loading Module CryEntitySystem.dll...
<20:33:41> Initializing CryEntitySystem done, MemUsage=2204Kb
<20:33:41> LiveCreate initialization
<20:33:41> LiveCreateHost not created, using NULL implementation.
<20:33:41> Dynamic Response System initialization
<20:33:41> Loading Module CryDynamicResponseSystem.dll...
<20:33:41> Initializing CryDynamicResponseSystem done, MemUsage=652Kb
<20:33:41> Loading Module CryFlowGraph.dll...
<20:33:41> Successfully registered flownode 'AI:PerceptionState'
<20:33:41> Successfully registered flownode 'AI:EventListener'
<20:33:41> Initializing CryFlowGraph done, MemUsage=1028Kb
<20:33:41> AI initialization
<20:33:41> Loading Module CryAISystem.dll...
<20:33:41> Initializing CryAISystem done, MemUsage=1504Kb
<20:33:41> Initializing AI System
<20:33:41> AI: [AISYSTEM] Initialization started.
<20:33:41> [Error] [CVARS]: [DUPLICATE] CXConsole::RegisterString(const char*): variable [ai_DebugDrawNavigationQueryListFilterByCaller] is already registered
<20:33:41> [Warning] XML reader: Can't open file (Scripts/AI/Navigation.xml)
<20:33:41> [Warning] AI: Failed to open XML file 'Scripts/AI/Navigation.xml'...
<20:33:41> [Warning] XML reader: Can't open file (Scripts/AI/Communication/CommunicationSystemConfiguration.xml)
<20:33:41> [Warning] AI: Failed to open XML file 'Scripts/AI/Communication/CommunicationSystemConfiguration.xml'...
<20:33:41> [Warning] XML reader: Can't open file (Scripts/AI/lookup.xml)
<20:33:41> [Warning] [Lua Error] Failed to load script file scripts/ai/aiconfig.lua
<20:33:41> Registering CentralInterestManager with EntitySystem
<20:33:41> [Warning] XML reader: Can't open file (Libs/AITargetStimulusConfig.xml)
<20:33:41> [Warning] AI: CTargetTrackManager::Init() Warning: Failed to load configuration file 'Libs/AITargetStimulusConfig.xml'
<20:33:41> Modular behavior tree node 'Sequence' has a class size of 88 bytes.
<20:33:41> Modular behavior tree node 'Selector' has a class size of 88 bytes.
<20:33:41> Modular behavior tree node 'Priority' has a class size of 88 bytes.
<20:33:41> Modular behavior tree node 'Parallel' has a class size of 96 bytes.
<20:33:41> Modular behavior tree node 'Loop' has a class size of 88 bytes.
<20:33:41> Modular behavior tree node 'LoopUntilSuccess' has a class size of 88 bytes.
<20:33:41> Modular behavior tree node 'StateMachine' has a class size of 88 bytes.
<20:33:41> Modular behavior tree node 'SendTransitionEvent' has a class size of 96 bytes.
<20:33:41> Modular behavior tree node 'IfCondition' has a class size of 120 bytes.
<20:33:41> Modular behavior tree node 'AssertCondition' has a class size of 104 bytes.
<20:33:41> Modular behavior tree node 'Timeout' has a class size of 72 bytes.
<20:33:41> Modular behavior tree node 'IfTime' has a class size of 120 bytes.
<20:33:41> Modular behavior tree node 'Wait' has a class size of 72 bytes.
<20:33:41> Modular behavior tree node 'MonitorCondition' has a class size of 104 bytes.
<20:33:41> Modular behavior tree node 'WaitForEvent' has a class size of 104 bytes.
<20:33:41> Modular behavior tree node 'WaitUntilTime' has a class size of 104 bytes.
<20:33:41> Modular behavior tree node 'Fail' has a class size of 64 bytes.
<20:33:41> Modular behavior tree node 'RandomGate' has a class size of 88 bytes.
<20:33:41> Modular behavior tree node 'SendEvent' has a class size of 104 bytes.
<20:33:41> Modular behavior tree node 'SuppressFailure' has a class size of 80 bytes.
<20:33:41> Modular behavior tree node 'AssertTime' has a class size of 104 bytes.
<20:33:41> Modular behavior tree node 'Halt' has a class size of 64 bytes.
<20:33:41> Modular behavior tree node 'Log' has a class size of 72 bytes.
<20:33:41> Modular behavior tree node 'Breakpoint' has a class size of 64 bytes.
<20:33:41> Modular behavior tree node 'AimAroundWhileUsingAMachingGun' has a class size of 72 bytes.
<20:33:41> Modular behavior tree node 'AnimationTagWrapper' has a class size of 96 bytes.
<20:33:41> Modular behavior tree node 'CheckIfTargetCanBeReached' has a class size of 72 bytes.
<20:33:41> Modular behavior tree node 'GoalPipe' has a class size of 72 bytes.
<20:33:41> Modular behavior tree node 'LuaWrapper' has a class size of 112 bytes.
<20:33:41> Modular behavior tree node 'SmartObjectStatesWrapper' has a class size of 96 bytes.
<20:33:41> Modular behavior tree node 'ThrowGrenade' has a class size of 104 bytes.
<20:33:41> Modular behavior tree node 'TurnBody' has a class size of 88 bytes.
<20:33:41> Modular behavior tree node 'AdjustCoverStance' has a class size of 80 bytes.
<20:33:41> Modular behavior tree node 'Aim' has a class size of 80 bytes.
<20:33:41> Modular behavior tree node 'Animate' has a class size of 80 bytes.
<20:33:41> Modular behavior tree node 'AssertLua' has a class size of 616 bytes.
<20:33:41> Modular behavior tree node 'Bubble' has a class size of 88 bytes.
<20:33:41> Modular behavior tree node 'ClearTargets' has a class size of 64 bytes.
<20:33:41> Modular behavior tree node 'Communicate' has a class size of 112 bytes.
<20:33:41> Modular behavior tree node 'ExecuteLua' has a class size of 616 bytes.
<20:33:41> Modular behavior tree node 'GroupScope' has a class size of 96 bytes.
<20:33:41> Modular behavior tree node 'Look' has a class size of 72 bytes.
<20:33:41> Modular behavior tree node 'LuaBehavior' has a class size of 72 bytes.
<20:33:41> Modular behavior tree node 'LuaGate' has a class size of 632 bytes.
<20:33:41> Modular behavior tree node 'Move' has a class size of 264 bytes.
<20:33:41> Modular behavior tree node 'PullDownThreatLevel' has a class size of 64 bytes.
<20:33:41> Modular behavior tree node 'QueryTPS' has a class size of 80 bytes.
<20:33:41> Modular behavior tree node 'SendTransitionSignal' has a class size of 80 bytes.
<20:33:41> Modular behavior tree node 'SetAlertness' has a class size of 72 bytes.
<20:33:41> Modular behavior tree node 'Shoot' has a class size of 104 bytes.
<20:33:41> Modular behavior tree node 'ShootFromCover' has a class size of 80 bytes.
<20:33:41> Modular behavior tree node 'Signal' has a class size of 80 bytes.
<20:33:41> Modular behavior tree node 'Stance' has a class size of 80 bytes.
<20:33:41> Modular behavior tree node 'StopMovement' has a class size of 72 bytes.
<20:33:41> Modular behavior tree node 'Basic_MoveToPosition' has a class size of 248 bytes.
<20:33:41> Modular behavior tree node 'Basic_MoveToCover' has a class size of 248 bytes.
<20:33:41> AI: [AISYSTEM] Initialization finished.
<20:33:41> [Warning] XML reader: Can't open file (Scripts/AI/Cover.xml)
<20:33:41> [Warning] AI: Failed to open XML file 'Scripts/AI/Cover.xml'...
<20:33:41> Initializing additional systems
<20:33:41> Loading Module CryAction.dll...
<20:33:41> [Warning] XML reader: Can't open file (Libs/Levels/leveltypes.xml)
<20:33:41> [Warning] [Lua Error] Failed to load script file Scripts/Entities/Vehicles/VehicleSystem.lua
<20:33:41> [Warning] XML reader: Can't open file (Scripts/Network/StatsConfig.xml)
<20:33:41> Modular behavior tree node 'AnimateFragment' has a class size of 80 bytes.
<20:33:41> [Warning] [Lua Error] Failed to load script file Scripts/Entities/Vehicles/VehiclePartDetached.lua
<20:33:41> Ending game context...
<20:33:41> [Warning] XML reader: Can't open file (Libs/GameForceFeedback/ForceFeedbackEffects.xml)
<20:33:41> [Warning] [ForceFeedback System] Could not load force feedback system data. Invalid XML file 'Libs/GameForceFeedback/ForceFeedbackEffects.xml'! 
<20:33:41> Initializing default materials...
<20:33:41> [Warning] XML reader: Can't open file (materials/material_layers_default.mtl)
<20:33:41> [Warning] [Lua Error] Failed to load script file scripts/main.lua
<20:33:41> [Warning] [CScriptSystem::BeginCall] Function OnInit not found(check for syntax errors or if the file wasn't loaded)
<20:33:42> [Warning] Could not load dialog file assets\Libs\DynamicResponseSystem\DialogLines/dialoglines.dialog
<20:33:42> [Schematyc]: Loading...
<20:33:42> [Schematyc]: Loading settings
<20:33:42> [Warning] XML reader: Can't open file (assets/cryschematycsettings/log_settings.sc_settings)
<20:33:42> [Schematyc]: Loading scripts
<20:33:42> [Schematyc]: Compiling scripts
<20:33:42> [Schematyc]: Loading complete
<20:33:42> [CONSOLE] Executing console command 'exec autoexec.cfg'
<20:33:42> Searching console batch file (try game, config, root): "autoexec.cfg" not found!
<20:33:42> Initializing CryAction done, MemUsage=60716Kb
<20:33:42> failed to find CVar: r_Unlit

<20:33:42> OnSysSpecChange(0)
<20:33:42> Loading Config file %ENGINEROOT%/editor.cfg (c:\users\mathe\appdata\local\programs\cryengine launcher\engines\crytek\cryengine-57-lts\5.7.1\editor.cfg)
<20:33:42> Current Language: Portuguese 
<20:33:42> Windows 10 10.0 (C:\Windows)
<20:33:42> Local time is 20:33:42 06/20/24, system running for 4353 minutes
<20:33:42> 32677MB phys. memory installed, 37180MB paging available
<20:33:42> Current display mode is 2560x1440x32, (Unknown graphics card)
<20:33:42> IBM enhanced (101/102-key) keyboard and 16+ button mouse installed
<20:33:42> --------------------------------------------------------------------------------
<20:33:42> Loading Config file singleplayer.cfg (c:\users\mathe\appdata\local\programs\cryengine launcher\engines\crytek\cryengine-57-lts\5.7.1\engine\config\singleplayer.cfg)
<20:33:42> AI: [AISYSTEM] Initializing AI Actions.
<20:33:42> AI: [AISYSTEM] Initializing Smart Objects.
<20:33:42> [Warning] XML reader: Can't open file (Libs/SmartObjects.xml)
<20:33:42> [Warning] XML reader: Can't open file (Libs/SmartObjects/Templates/SOTemplates.xml)
<20:33:42> Unloading all previous plugins
<20:33:42> Loading plugins...
<20:33:42> Successfully loaded plugin '3DConnexionDriver', version '1'
<20:33:42> Successfully loaded plugin 'CryDesigner', version '1'
<20:33:42> Successfully loaded plugin 'CryTest Runner Plugin', version '1'
<20:33:42> Successfully loaded plugin 'Dependency Graph Plugin', version '1'
<20:33:42> Successfully loaded plugin 'Sample Plugin', version '1'
<20:33:42> Successfully loaded plugin 'Editor Animation', version '1'
<20:33:42> Successfully loaded plugin 'Audio Controls Editor', version '1'
<20:33:42> Successfully loaded plugin 'Behavior Tree Editor', version '1'
<20:33:42> Successfully loaded plugin 'Console', version '1'
<20:33:42> Successfully loaded plugin 'CSharp Editor', version '1'
<20:33:42> Successfully loaded plugin 'Dynamic Response System Editor', version '1'
<20:33:42> Successfully loaded plugin 'Environment Editor', version '1'
<20:33:42> Successfully loaded plugin 'EditorGameSDK', version '1'
<20:33:42> Successfully loaded plugin 'Particle Editor', version '1'
<20:33:42> [SchematycEditor]: Initializing...
<20:33:42> [SchematycEditor]: Fixing up script files
<20:33:42> [SchematycEditor]: Compiling script files
<20:33:42> [SchematycEditor]: Initialization complete
<20:33:42> Successfully loaded plugin 'Schematyc Plugin', version '1'
<20:33:42> Successfully loaded plugin 'EditorSubstance', version '1'
<20:33:42> Successfully loaded plugin 'TrackView', version '1'
<20:33:42> Successfully loaded plugin 'UDR Visualizer (Experimental)', version '1'
<20:33:42> Successfully loaded plugin 'UQS Editor', version '1'
<20:33:42> Successfully loaded plugin 'UQS History', version '1'
<20:33:42> Successfully loaded plugin 'Sample Plugin', version '1'
<20:33:42> Successfully loaded plugin 'FBX Exporter', version '1'
<20:33:42> Successfully loaded plugin 'Material Editor Plugin', version '1'
<20:33:42> Successfully loaded plugin 'MeshImporter', version '1'
<20:33:42> Successfully loaded plugin 'Perforce Plugin', version '1'
<20:33:42> Successfully loaded plugin 'Prefab Plugin', version '1'
<20:33:42> Successfully loaded plugin 'Sandbox Python Bridge', version '0'
<20:33:42> Successfully loaded plugin 'Sample Plugin', version '1'
<20:33:42> Successfully loaded plugin 'Sample Plugin', version '1'
<20:33:42> Asset Browser types: Animated Mesh, Animation, C# script, Character, Environment, Geometry Cache, Level, Material, Mesh, Mesh Animation, Particles, Prefab, Schematyc Entity (Deprecated), Schematyc Library (Deprecated), Script, Skeleton, Skinned Mesh, Sound, Substance Archive, Substance Instance, Texture, Xml, Unknown
<20:33:42> Started game resource files indexing...