BackupNameAttachment=" Build(3146) 23 Jun 24 (15 47 53)"  -- used by backup system

Log Started at Sun Jun 23 15:47:53 2024
Built on May 18 2022 02:19:29
Built for: Windows Version: 0x00000600
Command Line: "C:/Users/mathe/AppData/Local/Programs/CRYENGINE Launcher/Engines/crytek/cryengine-57-lts/5.7.1/bin/win_x64/Sandbox.exe" -project "C:/Users/mathe/Documents/CRYENGINE Projects/cryprototype/Code/../Game.cryproject"
Executable: C:\Users\mathe\AppData\Local\Programs\CRYENGINE Launcher\Engines\crytek\cryengine-57-lts\5.7.1\bin\win_x64\Sandbox.exe
FileVersion: 5.7.1.3146
ProductVersion: 5.7.1.3146
Loading Config file %ENGINEROOT%/system.cfg (c:\users\mathe\appdata\local\programs\cryengine launcher\engines\crytek\cryengine-57-lts\5.7.1\system.cfg)
[Warning] Cannot open Pak file c:\users\mathe\appdata\local\programs\cryengine launcher\engines\crytek\cryengine-57-lts\5.7.1\config.pak
 
con_debug=0 [  ]
con_display_last_messages=0 [  ]
con_font_size=14 [  ]
con_line_buffer_size=1000 [  ]
con_restricted=0 [ RESTRICTEDMODE ]
con_showonload=0 [  ]
 
con_debug=0 [  ]
con_display_last_messages=0 [  ]
con_font_size=14 [  ]
con_line_buffer_size=1000 [  ]
con_restricted=0 [ RESTRICTEDMODE ]
con_showonload=0 [  ]
 
con_debug=0 [  ]
 
con_debug=0 [  ]
Project cryprototype
Using Project Folder C:/Users/mathe/Documents/CRYENGINE Projects/cryprototype
Using Engine Folder C:\Users\mathe\AppData\Local\Programs\CRYENGINE Launcher\Engines\crytek\cryengine-57-lts\5.7.1/
Using Asset Folder c:/users/mathe/documents/cryengine projects/cryprototype/assets

Total number of logical processors: 16
Number of available logical processors: 16
Total number of system cores: 8
Number of cores available to process: 8
 
Processor 0:
  CPU: AMD AMD Ryzen 7 5800X3D 8-Core Processor           
  Family: 15, Model: 1, Stepping: 2, FPU: On-Chip
  Features: FP16, SSE, SSE2, SSE3, SSE4.2, AVX, AVX2, FMA3
 
Processor 1:
  CPU: AMD AMD Ryzen 7 5800X3D 8-Core Processor           
  Family: 15, Model: 1, Stepping: 2, FPU: On-Chip
  Features: FP16, SSE, SSE2, SSE3, SSE4.2, AVX, AVX2, FMA3
 
Processor 2:
  CPU: AMD AMD Ryzen 7 5800X3D 8-Core Processor           
  Family: 15, Model: 1, Stepping: 2, FPU: On-Chip
  Features: FP16, SSE, SSE2, SSE3, SSE4.2, AVX, AVX2, FMA3
 
Processor 3:
  CPU: AMD AMD Ryzen 7 5800X3D 8-Core Processor           
  Family: 15, Model: 1, Stepping: 2, FPU: On-Chip
  Features: FP16, SSE, SSE2, SSE3, SSE4.2, AVX, AVX2, FMA3
 
Processor 4:
  CPU: AMD AMD Ryzen 7 5800X3D 8-Core Processor           
  Family: 15, Model: 1, Stepping: 2, FPU: On-Chip
  Features: FP16, SSE, SSE2, SSE3, SSE4.2, AVX, AVX2, FMA3
 
Processor 5:
  CPU: AMD AMD Ryzen 7 5800X3D 8-Core Processor           
  Family: 15, Model: 1, Stepping: 2, FPU: On-Chip
  Features: FP16, SSE, SSE2, SSE3, SSE4.2, AVX, AVX2, FMA3
 
Processor 6:
  CPU: AMD AMD Ryzen 7 5800X3D 8-Core Processor           
  Family: 15, Model: 1, Stepping: 2, FPU: On-Chip
  Features: FP16, SSE, SSE2, SSE3, SSE4.2, AVX, AVX2, FMA3
 
Processor 7:
  CPU: AMD AMD Ryzen 7 5800X3D 8-Core Processor           
  Family: 15, Model: 1, Stepping: 2, FPU: On-Chip
  Features: FP16, SSE, SSE2, SSE3, SSE4.2, AVX, AVX2, FMA3
 
<15:47:53> creating CVarGroups from directory 'assets/Config/CVarGroups' ...
<15:47:53> creating CVarGroups from directory '%ENGINE%/Config/CVarGroups' ...
<15:47:53> Loading Config file %ENGINE%/Config/CVarGroups/sys_spec_full.cfg (c:\users\mathe\appdata\local\programs\cryengine launcher\engines\crytek\cryengine-57-lts\5.7.1\engine\config\cvargroups\sys_spec_full.cfg)
<15:47:53> Loading Config file %ENGINE%/Config/CVarGroups/sys_spec_gameeffects.cfg (c:\users\mathe\appdata\local\programs\cryengine launcher\engines\crytek\cryengine-57-lts\5.7.1\engine\config\cvargroups\sys_spec_gameeffects.cfg)
<15:47:53> Loading Config file %ENGINE%/Config/CVarGroups/sys_spec_light.cfg (c:\users\mathe\appdata\local\programs\cryengine launcher\engines\crytek\cryengine-57-lts\5.7.1\engine\config\cvargroups\sys_spec_light.cfg)
<15:47:53> Loading Config file %ENGINE%/Config/CVarGroups/sys_spec_objectdetail.cfg (c:\users\mathe\appdata\local\programs\cryengine launcher\engines\crytek\cryengine-57-lts\5.7.1\engine\config\cvargroups\sys_spec_objectdetail.cfg)
<15:47:53> [Error] [CVARS]: [MISSING] [r_UseZPass] specified in console variable group [sys_spec_objectdetail] = [5], but missing from default group
<15:47:53> [Error] [CVARS]: [MISSING] [r_MeshPoolSize] specified in console variable group [sys_spec_objectdetail] = [5], but missing from default group
<15:47:53> [Error] [CVARS]: [MISSING] [r_MeshInstancePoolSize] specified in console variable group [sys_spec_objectdetail] = [5], but missing from default group
<15:47:53> [Error] [CVARS]: [MISSING] [e_StreamCgfPoolSize] specified in console variable group [sys_spec_objectdetail] = [5], but missing from default group
<15:47:53> [Error] [CVARS]: [MISSING] [e_GeomCacheBufferSize] specified in console variable group [sys_spec_objectdetail] = [5], but missing from default group
<15:47:53> [Error] [CVARS]: [MISSING] [r_UseZPass] specified in console variable group [sys_spec_objectdetail] = [6], but missing from default group
<15:47:53> [Error] [CVARS]: [MISSING] [r_MeshPoolSize] specified in console variable group [sys_spec_objectdetail] = [6], but missing from default group
<15:47:53> [Error] [CVARS]: [MISSING] [r_MeshInstancePoolSize] specified in console variable group [sys_spec_objectdetail] = [6], but missing from default group
<15:47:53> [Error] [CVARS]: [MISSING] [e_StreamCgfPoolSize] specified in console variable group [sys_spec_objectdetail] = [6], but missing from default group
<15:47:53> [Error] [CVARS]: [MISSING] [e_GeomCacheBufferSize] specified in console variable group [sys_spec_objectdetail] = [6], but missing from default group
<15:47:53> [Error] [CVARS]: [MISSING] [ca_FacialAnimationRadius] specified in console variable group [sys_spec_objectdetail] = [7], but missing from default group
<15:47:53> [Error] [CVARS]: [MISSING] [ca_StreamCHR] specified in console variable group [sys_spec_objectdetail] = [7], but missing from default group
<15:47:53> [Error] [CVARS]: [MISSING] [ca_FacialAnimationRadius] specified in console variable group [sys_spec_objectdetail] = [8], but missing from default group
<15:47:53> [Error] [CVARS]: [MISSING] [ca_StreamCHR] specified in console variable group [sys_spec_objectdetail] = [8], but missing from default group
<15:47:53> Loading Config file %ENGINE%/Config/CVarGroups/sys_spec_particles.cfg (c:\users\mathe\appdata\local\programs\cryengine launcher\engines\crytek\cryengine-57-lts\5.7.1\engine\config\cvargroups\sys_spec_particles.cfg)
<15:47:53> [Error] [CVARS]: [MISSING] [e_ParticlesPoolSize] specified in console variable group [sys_spec_particles] = [5], but missing from default group
<15:47:53> [Error] [CVARS]: [MISSING] [e_ParticlesVertexPoolSize] specified in console variable group [sys_spec_particles] = [5], but missing from default group
<15:47:53> [Error] [CVARS]: [MISSING] [e_ParticlesPoolSize] specified in console variable group [sys_spec_particles] = [6], but missing from default group
<15:47:53> [Error] [CVARS]: [MISSING] [e_ParticlesVertexPoolSize] specified in console variable group [sys_spec_particles] = [6], but missing from default group
<15:47:53> Loading Config file %ENGINE%/Config/CVarGroups/sys_spec_physics.cfg (c:\users\mathe\appdata\local\programs\cryengine launcher\engines\crytek\cryengine-57-lts\5.7.1\engine\config\cvargroups\sys_spec_physics.cfg)
<15:47:53> [Error] [CVARS]: [MISSING] [p_num_threads] specified in console variable group [sys_spec_physics] = [7], but missing from default group
<15:47:53> [Error] [CVARS]: [MISSING] [p_num_threads] specified in console variable group [sys_spec_physics] = [8], but missing from default group
<15:47:53> Loading Config file %ENGINE%/Config/CVarGroups/sys_spec_postprocessing.cfg (c:\users\mathe\appdata\local\programs\cryengine launcher\engines\crytek\cryengine-57-lts\5.7.1\engine\config\cvargroups\sys_spec_postprocessing.cfg)
<15:47:53> [Error] [CVARS]: [MISSING] [r_HDRBloomQuality] specified in console variable group [sys_spec_postprocessing] = [5], but missing from default group
<15:47:53> [Error] [CVARS]: [MISSING] [r_FlareHQShafts] specified in console variable group [sys_spec_postprocessing] = [5], but missing from default group
<15:47:53> [Error] [CVARS]: [MISSING] [r_AntiAliasingMode] specified in console variable group [sys_spec_postprocessing] = [5], but missing from default group
<15:47:53> [Error] [CVARS]: [MISSING] [r_HDRBloomQuality] specified in console variable group [sys_spec_postprocessing] = [6], but missing from default group
<15:47:53> [Error] [CVARS]: [MISSING] [r_FlareHQShafts] specified in console variable group [sys_spec_postprocessing] = [6], but missing from default group
<15:47:53> [Error] [CVARS]: [MISSING] [r_AntiAliasingMode] specified in console variable group [sys_spec_postprocessing] = [6], but missing from default group
<15:47:53> [Error] [CVARS]: [MISSING] [r_HDRBloomQuality] specified in console variable group [sys_spec_postprocessing] = [7], but missing from default group
<15:47:53> [Error] [CVARS]: [MISSING] [r_FlareHQShafts] specified in console variable group [sys_spec_postprocessing] = [7], but missing from default group
<15:47:53> [Error] [CVARS]: [MISSING] [r_HDRBloomQuality] specified in console variable group [sys_spec_postprocessing] = [8], but missing from default group
<15:47:53> [Error] [CVARS]: [MISSING] [r_FlareHQShafts] specified in console variable group [sys_spec_postprocessing] = [8], but missing from default group
<15:47:53> [Error] [CVARS]: [MISSING] [r_AntiAliasingMode] specified in console variable group [sys_spec_postprocessing] = [8], but missing from default group
<15:47:53> Loading Config file %ENGINE%/Config/CVarGroups/sys_spec_quality.cfg (c:\users\mathe\appdata\local\programs\cryengine launcher\engines\crytek\cryengine-57-lts\5.7.1\engine\config\cvargroups\sys_spec_quality.cfg)
<15:47:53> Loading Config file %ENGINE%/Config/CVarGroups/sys_spec_shading.cfg (c:\users\mathe\appdata\local\programs\cryengine launcher\engines\crytek\cryengine-57-lts\5.7.1\engine\config\cvargroups\sys_spec_shading.cfg)
<15:47:53> [Error] [CVARS]: [MISSING] [r_SSDO] specified in console variable group [sys_spec_shading] = [5], but missing from default group
<15:47:53> [Error] [CVARS]: [MISSING] [r_SSDOColorBleeding] specified in console variable group [sys_spec_shading] = [5], but missing from default group
<15:47:53> [Error] [CVARS]: [MISSING] [r_volumetricfogtexdepth] specified in console variable group [sys_spec_shading] = [5], but missing from default group
<15:47:53> [Error] [CVARS]: [MISSING] [r_volumetricfogtexscale] specified in console variable group [sys_spec_shading] = [5], but missing from default group
<15:47:53> [Error] [CVARS]: [MISSING] [r_DeferredShadingTiled] specified in console variable group [sys_spec_shading] = [5], but missing from default group
<15:47:53> [Error] [CVARS]: [MISSING] [e_svoTI_NumStreamingThreads] specified in console variable group [sys_spec_shading] = [5], but missing from default group
<15:47:53> [Error] [CVARS]: [MISSING] [r_SSDO] specified in console variable group [sys_spec_shading] = [6], but missing from default group
<15:47:53> [Error] [CVARS]: [MISSING] [r_volumetricfogtexdepth] specified in console variable group [sys_spec_shading] = [6], but missing from default group
<15:47:53> [Error] [CVARS]: [MISSING] [r_volumetricfogtexscale] specified in console variable group [sys_spec_shading] = [6], but missing from default group
<15:47:53> [Error] [CVARS]: [MISSING] [r_DeferredShadingTiled] specified in console variable group [sys_spec_shading] = [6], but missing from default group
<15:47:53> [Error] [CVARS]: [MISSING] [e_svoTI_NumStreamingThreads] specified in console variable group [sys_spec_shading] = [6], but missing from default group
<15:47:53> [Error] [CVARS]: [MISSING] [r_SSDO] specified in console variable group [sys_spec_shading] = [7], but missing from default group
<15:47:53> [Error] [CVARS]: [MISSING] [r_volumetricfogtexdepth] specified in console variable group [sys_spec_shading] = [7], but missing from default group
<15:47:53> [Error] [CVARS]: [MISSING] [r_volumetricfogtexscale] specified in console variable group [sys_spec_shading] = [7], but missing from default group
<15:47:53> [Error] [CVARS]: [MISSING] [e_svoTI_NumStreamingThreads] specified in console variable group [sys_spec_shading] = [7], but missing from default group
<15:47:53> [Error] [CVARS]: [MISSING] [r_SSDO] specified in console variable group [sys_spec_shading] = [8], but missing from default group
<15:47:53> [Error] [CVARS]: [MISSING] [r_volumetricfogtexdepth] specified in console variable group [sys_spec_shading] = [8], but missing from default group
<15:47:53> [Error] [CVARS]: [MISSING] [r_volumetricfogtexscale] specified in console variable group [sys_spec_shading] = [8], but missing from default group
<15:47:53> [Error] [CVARS]: [MISSING] [e_svoTI_NumStreamingThreads] specified in console variable group [sys_spec_shading] = [8], but missing from default group
<15:47:53> Loading Config file %ENGINE%/Config/CVarGroups/sys_spec_shadows.cfg (c:\users\mathe\appdata\local\programs\cryengine launcher\engines\crytek\cryengine-57-lts\5.7.1\engine\config\cvargroups\sys_spec_shadows.cfg)
<15:47:53> [Error] [CVARS]: [MISSING] [q_ShaderShadow] specified in console variable group [sys_spec_shadows] = [5], but missing from default group
<15:47:53> [Error] [CVARS]: [MISSING] [r_ShadowsScreenSpace] specified in console variable group [sys_spec_shadows] = [5], but missing from default group
<15:47:53> [Error] [CVARS]: [MISSING] [e_ShadowsClouds] specified in console variable group [sys_spec_shadows] = [5], but missing from default group
<15:47:53> [Error] [CVARS]: [MISSING] [r_ShadowTexFormat] specified in console variable group [sys_spec_shadows] = [5], but missing from default group
<15:47:53> [Error] [CVARS]: [MISSING] [q_ShaderShadow] specified in console variable group [sys_spec_shadows] = [6], but missing from default group
<15:47:53> [Error] [CVARS]: [MISSING] [r_ShadowsScreenSpace] specified in console variable group [sys_spec_shadows] = [6], but missing from default group
<15:47:53> [Error] [CVARS]: [MISSING] [e_ShadowsClouds] specified in console variable group [sys_spec_shadows] = [6], but missing from default group
<15:47:53> [Error] [CVARS]: [MISSING] [r_ShadowTexFormat] specified in console variable group [sys_spec_shadows] = [6], but missing from default group
<15:47:53> [Error] [CVARS]: [MISSING] [q_ShaderShadow] specified in console variable group [sys_spec_shadows] = [7], but missing from default group
<15:47:53> [Error] [CVARS]: [MISSING] [r_ShadowsScreenSpace] specified in console variable group [sys_spec_shadows] = [7], but missing from default group
<15:47:53> [Error] [CVARS]: [MISSING] [e_ShadowsClouds] specified in console variable group [sys_spec_shadows] = [7], but missing from default group
<15:47:53> [Error] [CVARS]: [MISSING] [r_ShadowsStaticMap] specified in console variable group [sys_spec_shadows] = [7], but missing from default group
<15:47:53> [Error] [CVARS]: [MISSING] [q_ShaderShadow] specified in console variable group [sys_spec_shadows] = [8], but missing from default group
<15:47:53> [Error] [CVARS]: [MISSING] [r_ShadowsScreenSpace] specified in console variable group [sys_spec_shadows] = [8], but missing from default group
<15:47:53> [Error] [CVARS]: [MISSING] [e_ShadowsClouds] specified in console variable group [sys_spec_shadows] = [8], but missing from default group
<15:47:53> [Error] [CVARS]: [MISSING] [r_ShadowsStaticMap] specified in console variable group [sys_spec_shadows] = [8], but missing from default group
<15:47:53> Loading Config file %ENGINE%/Config/CVarGroups/sys_spec_sound.cfg (c:\users\mathe\appdata\local\programs\cryengine launcher\engines\crytek\cryengine-57-lts\5.7.1\engine\config\cvargroups\sys_spec_sound.cfg)
<15:47:53> Loading Config file %ENGINE%/Config/CVarGroups/sys_spec_texture.cfg (c:\users\mathe\appdata\local\programs\cryengine launcher\engines\crytek\cryengine-57-lts\5.7.1\engine\config\cvargroups\sys_spec_texture.cfg)
<15:47:53> [Error] [CVARS]: [MISSING] [r_texturesstreaming] specified in console variable group [sys_spec_texture] = [5], but missing from default group
<15:47:53> [Error] [CVARS]: [MISSING] [r_texturesstreampooldefragmentation] specified in console variable group [sys_spec_texture] = [5], but missing from default group
<15:47:53> [Error] [CVARS]: [MISSING] [r_buffer_banksize] specified in console variable group [sys_spec_texture] = [5], but missing from default group
<15:47:53> [Error] [CVARS]: [MISSING] [r_buffer_pool_defrag_static] specified in console variable group [sys_spec_texture] = [5], but missing from default group
<15:47:53> [Error] [CVARS]: [MISSING] [r_buffer_pool_defrag_dynamic] specified in console variable group [sys_spec_texture] = [5], but missing from default group
<15:47:53> [Error] [CVARS]: [MISSING] [r_buffer_pool_defrag_max_moves] specified in console variable group [sys_spec_texture] = [5], but missing from default group
<15:47:53> [Error] [CVARS]: [MISSING] [r_TexturesstreamingMinUsableMips] specified in console variable group [sys_spec_texture] = [5], but missing from default group
<15:47:53> [Error] [CVARS]: [MISSING] [r_TexturesStreamingSkipMips] specified in console variable group [sys_spec_texture] = [5], but missing from default group
<15:47:53> [Error] [CVARS]: [MISSING] [r_TexturesStreamPoolSize] specified in console variable group [sys_spec_texture] = [5], but missing from default group
<15:47:53> [Error] [CVARS]: [MISSING] [r_texturesstreaming] specified in console variable group [sys_spec_texture] = [6], but missing from default group
<15:47:53> [Error] [CVARS]: [MISSING] [r_texturesstreampooldefragmentation] specified in console variable group [sys_spec_texture] = [6], but missing from default group
<15:47:53> [Error] [CVARS]: [MISSING] [r_buffer_banksize] specified in console variable group [sys_spec_texture] = [6], but missing from default group
<15:47:53> [Error] [CVARS]: [MISSING] [r_buffer_pool_defrag_static] specified in console variable group [sys_spec_texture] = [6], but missing from default group
<15:47:53> [Error] [CVARS]: [MISSING] [r_buffer_pool_defrag_dynamic] specified in console variable group [sys_spec_texture] = [6], but missing from default group
<15:47:53> [Error] [CVARS]: [MISSING] [r_buffer_pool_defrag_max_moves] specified in console variable group [sys_spec_texture] = [6], but missing from default group
<15:47:53> [Error] [CVARS]: [MISSING] [r_TexturesstreamingMinUsableMips] specified in console variable group [sys_spec_texture] = [6], but missing from default group
<15:47:53> [Error] [CVARS]: [MISSING] [r_TexturesStreamingSkipMips] specified in console variable group [sys_spec_texture] = [6], but missing from default group
<15:47:53> [Error] [CVARS]: [MISSING] [r_TexturesStreamPoolSize] specified in console variable group [sys_spec_texture] = [6], but missing from default group
<15:47:53> [Error] [CVARS]: [MISSING] [r_texturesstreaming] specified in console variable group [sys_spec_texture] = [7], but missing from default group
<15:47:53> [Error] [CVARS]: [MISSING] [r_TexturesstreamingMinUsableMips] specified in console variable group [sys_spec_texture] = [7], but missing from default group
<15:47:53> [Error] [CVARS]: [MISSING] [r_TexturesStreamingSkipMips] specified in console variable group [sys_spec_texture] = [7], but missing from default group
<15:47:53> [Error] [CVARS]: [MISSING] [r_TexturesStreamPoolSize] specified in console variable group [sys_spec_texture] = [7], but missing from default group
<15:47:53> [Error] [CVARS]: [MISSING] [r_texturesstreaming] specified in console variable group [sys_spec_texture] = [8], but missing from default group
<15:47:53> [Error] [CVARS]: [MISSING] [r_TexturesstreamingMinUsableMips] specified in console variable group [sys_spec_texture] = [8], but missing from default group
<15:47:53> [Error] [CVARS]: [MISSING] [r_TexturesStreamingSkipMips] specified in console variable group [sys_spec_texture] = [8], but missing from default group
<15:47:53> [Error] [CVARS]: [MISSING] [r_TexturesStreamPoolSize] specified in console variable group [sys_spec_texture] = [8], but missing from default group
<15:47:53> Loading Config file %ENGINE%/Config/CVarGroups/sys_spec_textureresolution.cfg (c:\users\mathe\appdata\local\programs\cryengine launcher\engines\crytek\cryengine-57-lts\5.7.1\engine\config\cvargroups\sys_spec_textureresolution.cfg)
<15:47:53> Loading Config file %ENGINE%/Config/CVarGroups/sys_spec_volumetriceffects.cfg (c:\users\mathe\appdata\local\programs\cryengine launcher\engines\crytek\cryengine-57-lts\5.7.1\engine\config\cvargroups\sys_spec_volumetriceffects.cfg)
<15:47:53> Loading Config file %ENGINE%/Config/CVarGroups/sys_spec_water.cfg (c:\users\mathe\appdata\local\programs\cryengine launcher\engines\crytek\cryengine-57-lts\5.7.1\engine\config\cvargroups\sys_spec_water.cfg)
<15:47:53> <ThreadConfigInfo>: Thread profile loaded: "pc_Common" (%engine%/config/engine_core.thread_config)  
<15:47:53> [Warning] <ThreadConfigInfo>: (pc: 16 core) Unable to find platform config "pc_8". Next valid config found was pc_8.
<15:47:53> <ThreadConfigInfo>: Thread profile loaded: "pc_8" (%engine%/config/engine_core.thread_config)  
<15:47:53> <ThreadConfigInfo>: Thread profile loaded: "pc_Common" (%engine%/config/engine_sandbox.thread_config)  
<15:47:53> [Warning] <ThreadConfigInfo>: (pc: 16 core) Unable to find platform config "pc_8". Next valid config found was pc_8.
<15:47:53> <ThreadConfigInfo>: Thread profile loaded: "pc_8" (%engine%/config/engine_sandbox.thread_config)  
<15:47:53> UDR initialization
<15:47:53> Loading Module CryUDR.dll...
<15:47:53> Initializing CryUDR done, MemUsage=324Kb
<15:47:53> Windows 10 64 bit (build 10.0.22631)
<15:47:53> User name: "mathe"
<15:47:53> System language: Portuguese
<15:47:53> Windows Directory: "C:\Windows"
<15:47:53> Local time is 15:47:53 06/23/24, system running for 8387 minutes
<15:47:53> 32677MB physical memory installed, 20186MB available, 134217727MB virtual memory installed, 38 percent of memory in use
<15:47:53> PageFile usage: 65MB, Working Set: 73MB, Peak PageFile usage: 65MB,
<15:47:53> Current display mode is 2560x1440x32, (Unknown graphics card)
<15:47:53> IBM enhanced (101/102-key) keyboard and 16+ button mouse installed
<15:47:53> --------------------------------------------------------------------------------
<15:47:53> Stream Engine Initialization
<15:47:53> BuildTime: May 18 2022 02:19:29
<15:47:53> Physics initialization
<15:47:53> Loading Module CryPhysics.dll...
<15:47:53> Initializing CryPhysics done, MemUsage=1912Kb
<15:47:53> [Warning] Cannot open Pak file assets\localization\english_xml.pak
<15:47:53> Localized language content(english) not available or modified from the original installation.
<15:47:53> [Warning] Cannot open Pak file assets\localization\english.pak
<15:47:53> Localized language content(english) not available or modified from the original installation.
<15:47:53> [Warning] Cannot open Pak file assets\localization\english.pak
<15:47:53> Localized language content(english) not available or modified from the original installation.
<15:47:53> [Error] <Localization> No localization files found!
<15:47:53> <Audio>: AudioSystem initialization
<15:47:53> Loading Module CryAudioSystem.dll...
<15:47:53> <Audio>: CryAudioImplSDLMixer loaded
<15:47:53> Initializing CryAudioSystem done, MemUsage=3160Kb
<15:47:53> C# Backend initialization
<15:47:53> Loading Module CryMonoBridge.dll...
<15:47:53> Initializing CryMonoBridge done, MemUsage=696Kb
<15:47:53> Loading plug-in CryDefaultEntities
<15:47:53> Loading plug-in CrySensorSystem
<15:47:53> Loading plug-in CryScaleformSchematyc
<15:47:53> Loading plug-in CryPerceptionSystem
<15:47:53> Loading plug-in Game
<15:47:53> [Warning] Unable to load cursor from texture file. Path %ENGINE%/EngineAssets/Textures/Cursor_Green.dds
<15:47:53> Initialized hardware mouse (game is allowed to confine mouse to window)
<15:47:53> Renderer initialization
<15:47:53> Logging video adapters:
<15:47:53> - NVIDIA GeForce RTX 4070 Ti (vendor = 0x10de, device = 0x2782)
<15:47:53>   - Adapter index: 0
<15:47:53>   - Dedicated video memory: 11996 MB
<15:47:53>   - Feature level: D3D 11_1 (SM 5.x)
<15:47:53>   - Displays connected: yes
<15:47:53>   - Suitable rendering device: yes
<15:47:53> - Microsoft Basic Render Driver (vendor = 0x1414, device = 0x008c)
<15:47:53>   - Adapter index: 1
<15:47:53>   - Dedicated video memory: 0 MB
<15:47:53>   - Feature level: D3D 11_1 (SM 5.x)
<15:47:53>   - Displays connected: no
<15:47:53>   - Suitable rendering device: no
<15:47:53> Loading Module CryRenderD3D11.dll...
<15:47:53> CRenderer sizeof(Vec2f16)=4 sizeof(Vec3f16)=8
<15:47:53> Initializing CryRenderD3D11 done, MemUsage=3556Kb
<15:47:53> Initializing Direct3D and creating game window:
<15:47:53> Direct3D driver is creating...
<15:47:53> Crytek Direct3D driver version 3.00 (May 18 2022 <02:19:44>)
<15:47:53> Creating window called 'cryprototype' (32x32)
<15:47:53> D3D Adapter: Description: NVIDIA GeForce RTX 4070 Ti
<15:47:53> D3D Adapter: Driver version (UMD): 32.00.15.5599
<15:47:53> D3D Adapter: VendorId = 0x10DE
<15:47:53> D3D Adapter: DeviceId = 0x2782
<15:47:53> D3D Adapter: SubSysId = 0x40C61458
<15:47:53> D3D Adapter: Revision = 161
<15:47:53> NVAPI: API init ok (0)
<15:47:53> NVAPI: Single GPU system
<15:47:53> NVDBT supported
<15:47:53> D3D Detected: NVIDIA video card
<15:47:53> Active GPUs: 1
<15:47:53> Using pixel texture formats:
<15:47:53>   R8G8B8A8S, mips, RT (blendable) (multi-sampled), sample, gather
<15:47:53>   R8G8B8A8, mips, sRGB, RT (blendable) (multi-sampled), sample, gather
<15:47:53>   A8, mips, RT (blendable) (multi-sampled), sample, gather
<15:47:53>   R8, mips, RT (blendable) (multi-sampled), sample, gather
<15:47:53>   R8S, mips, RT (blendable) (multi-sampled), sample, gather
<15:47:53>   R16, mips, RT (blendable) (multi-sampled), sample (comparable), gather (comparable)
<15:47:53>   R16S, mips, RT (blendable) (multi-sampled), sample, gather
<15:47:53>   R16F, mips, RT (blendable) (multi-sampled), sample, gather
<15:47:53>   R32F, mips, RT (blendable) (multi-sampled), sample (comparable), gather (comparable)
<15:47:53>   R8G8, mips, RT (blendable) (multi-sampled), sample, gather
<15:47:53>   R8G8S, mips, RT (blendable) (multi-sampled), sample, gather
<15:47:53>   R16G16, mips, RT (blendable) (multi-sampled), sample, gather
<15:47:53>   R16G16S, mips, RT (blendable) (multi-sampled), sample, gather
<15:47:53>   R16G16F, mips, RT (blendable) (multi-sampled), sample, gather
<15:47:53>   R32G32F, mips, RT (blendable) (multi-sampled), sample, gather
<15:47:53>   R11G11B10F, mips, RT (blendable) (multi-sampled), sample, gather
<15:47:53>   R10G10B10A2, mips, RT (blendable) (multi-sampled), sample, gather
<15:47:53>   R16G16B16A16, mips, RT (blendable) (multi-sampled), sample, gather
<15:47:53>   R16G16B16A16S, mips, RT (blendable) (multi-sampled), sample, gather
<15:47:53>   R16G16B16A16F, mips, RT (blendable) (multi-sampled), sample, gather
<15:47:53>   R32G32B32A32F, mips, RT (blendable) (multi-sampled), sample, gather
<15:47:53>   BC1, mips, sRGB, sample, gather
<15:47:53>   BC2, mips, sRGB, sample, gather
<15:47:53>   BC3, mips, sRGB, sample, gather
<15:47:53>   BC4, mips, sample, gather
<15:47:53>   BC4S, mips, sample, gather
<15:47:53>   BC5, mips, sample, gather
<15:47:53>   BC5S, mips, sample, gather
<15:47:53>   BC6UH, mips, sample, gather
<15:47:53>   BC6SH, mips, sample, gather
<15:47:53>   BC7, mips, sRGB, sample, gather
<15:47:53>   R9G9B9E5, mips, sample, gather
<15:47:53>   D32FS8 (R32G8T), mips, DS (multi-sampled)
<15:47:53>   D32F (R32T), mips, DS (multi-sampled)
<15:47:53>   D24S8 (R24G8T), mips, DS (multi-sampled)
<15:47:53>   D16 (R16T), mips, DS (multi-sampled)
<15:47:53>   B5G6R5, mips, RT (blendable) (multi-sampled), sample, gather
<15:47:53>   B5G5R5, mips, RT (blendable) (multi-sampled), sample, gather
<15:47:53>   B4G4R4A4, mips, sample, gather
<15:47:53>   B8G8R8A8, mips, sRGB, RT (blendable) (multi-sampled), sample, gather
<15:47:53>   B8G8R8X8, mips, sRGB, RT (blendable) (multi-sampled), sample, gather
<15:47:53>  Renderer DepthBits: 24
<15:47:53>  ****** CryRender InfoDump ******
<15:47:53>  Driver description: NVIDIA GeForce RTX 4070 Ti
<15:47:53>  API Version: Direct3D 11.0
<15:47:53>  Feature level: D3D 11_1
<15:47:53>  Vertex Shaders version 5.1
<15:47:53>  Pixel Shaders version 5.1
<15:47:53>  Full stats: 
<15:47:53>  Rasterizer: Hardware
<15:47:53>  Current Resolution: 0x0x32 Windowed
<15:47:53>  Occlusion queries: Supported
<15:47:53>  Geometry instancing: Supported
<15:47:53>  NormalMaps compression : Supported
<15:47:53>  Gamma control: Hardware
<15:47:53>  Used GeomInstancingThreshold is 8
<15:47:53>  Shader model usage: 'SM.5.0'
<15:47:53>  *****************************************
<15:47:53>  
<15:47:53> Init Shaders
<15:47:53>  General shader quality: Medium
<15:47:53>  Metal shader quality: Medium
<15:47:53>  Glass shader quality: Medium
<15:47:53>  Vegetation shader quality: Medium
<15:47:53>  Ice shader quality: Medium
<15:47:53>  Terrain shader quality: Medium
<15:47:53>  Shadow shader quality: Medium
<15:47:53>  Water shader quality: Medium
<15:47:53>  FX shader quality: Medium
<15:47:53>  PostProcess shader quality: Medium
<15:47:53>  HDR shader quality: Medium
<15:47:53> Render quality: VeryHigh
<15:47:53> Init textures management (11996 Mb of video memory is available)...
<15:47:53>   Enabling of textures streaming...
<15:47:53>   Using 6536 Mb of textures pool for streaming...
<15:47:53>   Video textures: Dynamic managed max size: 48 Mb
<15:47:53>   Finished initializing textures streaming...
<15:47:53> Initializing CryScaleformHelper done, MemUsage=0Kb
<15:47:53> Using Scaleform GFx 3.3.94
<15:47:53>   Using dynamic pool
<15:47:53> [Warning] <ThreadInfo>: Unable to find config for thread:GFxVideo_Decoder_2
<15:47:53> Font initialization
<15:47:53> Loading Module CryFont.dll...
<15:47:53> Using FreeType 2.5.5
<15:47:53> Initializing CryFont done, MemUsage=264Kb
<15:47:54> *** Init system render resources ***
<15:47:54> Loading Module CryNetwork.dll...
<15:47:54> [LagProfiles] Could not load "". 6 default profiles activated.
<15:47:54> [Error] Scheduler policy name should not exceed 4 characters.
<15:47:54> [net] Socket IO management: External [iocp], Internal [iocp]
<15:47:54> network hostname: matheuspc
<15:47:54>   ip:192.168.1.193
<15:47:54> [Network Version]: PROFILE DEVELOPMENT BUILD
<15:47:54> Initializing CryNetwork done, MemUsage=2372Kb
<15:47:54> Loading Module CryMovie.dll...
<15:47:54> Initializing CryMovie done, MemUsage=604Kb
<15:47:54> Engine installed on drive: 
<15:47:54> Time initialization
<15:47:54> Input initialization
<15:47:54> Loading Module CryInput.dll...
<15:47:54> Initializing DirectInput
