BackupNameAttachment=" Build(3146) 19 Jun 24 (14 39 50)"  -- used by backup system

Log Started at Wed Jun 19 14:39:50 2024
Built on May 18 2022 02:19:29
Built for: Windows Version: 0x00000600
Command Line: "C:/Users/mathe/AppData/Local/Programs/CRYENGINE Launcher/Engines/crytek/cryengine-57-lts/5.7.1/bin/win_x64/Sandbox.exe" -project "C:/Users/mathe/Documents/CRYENGINE Projects/fpscpptest/Code/../Game.cryproject"
Executable: C:\Users\mathe\AppData\Local\Programs\CRYENGINE Launcher\Engines\crytek\cryengine-57-lts\5.7.1\bin\win_x64\Sandbox.exe
FileVersion: 5.7.1.3146
ProductVersion: 5.7.1.3146
Loading Config file %ENGINEROOT%/system.cfg (c:\users\mathe\appdata\local\programs\cryengine launcher\engines\crytek\cryengine-57-lts\5.7.1\system.cfg)
[Warning] Cannot open Pak file c:\users\mathe\appdata\local\programs\cryengine launcher\engines\crytek\cryengine-57-lts\5.7.1\config.pak
 
con_debug=0 [  ]
con_display_last_messages=0 [  ]
con_font_size=14 [  ]
con_line_buffer_size=1000 [  ]
con_restricted=0 [ RESTRICTEDMODE ]
con_showonload=0 [  ]
 
con_debug=0 [  ]
con_display_last_messages=0 [  ]
con_font_size=14 [  ]
con_line_buffer_size=1000 [  ]
con_restricted=0 [ RESTRICTEDMODE ]
con_showonload=0 [  ]
 
con_debug=0 [  ]
 
con_debug=0 [  ]
Project fpscpptest
Using Project Folder C:/Users/mathe/Documents/CRYENGINE Projects/fpscpptest
Using Engine Folder C:\Users\mathe\AppData\Local\Programs\CRYENGINE Launcher\Engines\crytek\cryengine-57-lts\5.7.1/
Using Asset Folder c:/users/mathe/documents/cryengine projects/fpscpptest/assets

Total number of logical processors: 16
Number of available logical processors: 16
Total number of system cores: 8
Number of cores available to process: 8
 
Processor 0:
  CPU: AMD AMD Ryzen 7 5800X3D 8-Core Processor           
  Family: 15, Model: 1, Stepping: 2, FPU: On-Chip
  Features: FP16, SSE, SSE2, SSE3, SSE4.2, AVX, AVX2, FMA3
 
Processor 1:
  CPU: AMD AMD Ryzen 7 5800X3D 8-Core Processor           
  Family: 15, Model: 1, Stepping: 2, FPU: On-Chip
  Features: FP16, SSE, SSE2, SSE3, SSE4.2, AVX, AVX2, FMA3
 
Processor 2:
  CPU: AMD AMD Ryzen 7 5800X3D 8-Core Processor           
  Family: 15, Model: 1, Stepping: 2, FPU: On-Chip
  Features: FP16, SSE, SSE2, SSE3, SSE4.2, AVX, AVX2, FMA3
 
Processor 3:
  CPU: AMD AMD Ryzen 7 5800X3D 8-Core Processor           
  Family: 15, Model: 1, Stepping: 2, FPU: On-Chip
  Features: FP16, SSE, SSE2, SSE3, SSE4.2, AVX, AVX2, FMA3
 
Processor 4:
  CPU: AMD AMD Ryzen 7 5800X3D 8-Core Processor           
  Family: 15, Model: 1, Stepping: 2, FPU: On-Chip
  Features: FP16, SSE, SSE2, SSE3, SSE4.2, AVX, AVX2, FMA3
 
Processor 5:
  CPU: AMD AMD Ryzen 7 5800X3D 8-Core Processor           
  Family: 15, Model: 1, Stepping: 2, FPU: On-Chip
  Features: FP16, SSE, SSE2, SSE3, SSE4.2, AVX, AVX2, FMA3
 
Processor 6:
  CPU: AMD AMD Ryzen 7 5800X3D 8-Core Processor           
  Family: 15, Model: 1, Stepping: 2, FPU: On-Chip
  Features: FP16, SSE, SSE2, SSE3, SSE4.2, AVX, AVX2, FMA3
 
Processor 7:
  CPU: AMD AMD Ryzen 7 5800X3D 8-Core Processor           
  Family: 15, Model: 1, Stepping: 2, FPU: On-Chip
  Features: FP16, SSE, SSE2, SSE3, SSE4.2, AVX, AVX2, FMA3
 
<14:39:50> creating CVarGroups from directory 'assets/Config/CVarGroups' ...
<14:39:50> creating CVarGroups from directory '%ENGINE%/Config/CVarGroups' ...
<14:39:50> Loading Config file %ENGINE%/Config/CVarGroups/sys_spec_full.cfg (c:\users\mathe\appdata\local\programs\cryengine launcher\engines\crytek\cryengine-57-lts\5.7.1\engine\config\cvargroups\sys_spec_full.cfg)
<14:39:50> Loading Config file %ENGINE%/Config/CVarGroups/sys_spec_gameeffects.cfg (c:\users\mathe\appdata\local\programs\cryengine launcher\engines\crytek\cryengine-57-lts\5.7.1\engine\config\cvargroups\sys_spec_gameeffects.cfg)
<14:39:50> Loading Config file %ENGINE%/Config/CVarGroups/sys_spec_light.cfg (c:\users\mathe\appdata\local\programs\cryengine launcher\engines\crytek\cryengine-57-lts\5.7.1\engine\config\cvargroups\sys_spec_light.cfg)
<14:39:50> Loading Config file %ENGINE%/Config/CVarGroups/sys_spec_objectdetail.cfg (c:\users\mathe\appdata\local\programs\cryengine launcher\engines\crytek\cryengine-57-lts\5.7.1\engine\config\cvargroups\sys_spec_objectdetail.cfg)
<14:39:50> [Error] [CVARS]: [MISSING] [r_UseZPass] specified in console variable group [sys_spec_objectdetail] = [5], but missing from default group
<14:39:50> [Error] [CVARS]: [MISSING] [r_MeshPoolSize] specified in console variable group [sys_spec_objectdetail] = [5], but missing from default group
<14:39:50> [Error] [CVARS]: [MISSING] [r_MeshInstancePoolSize] specified in console variable group [sys_spec_objectdetail] = [5], but missing from default group
<14:39:50> [Error] [CVARS]: [MISSING] [e_StreamCgfPoolSize] specified in console variable group [sys_spec_objectdetail] = [5], but missing from default group
<14:39:50> [Error] [CVARS]: [MISSING] [e_GeomCacheBufferSize] specified in console variable group [sys_spec_objectdetail] = [5], but missing from default group
<14:39:50> [Error] [CVARS]: [MISSING] [r_UseZPass] specified in console variable group [sys_spec_objectdetail] = [6], but missing from default group
<14:39:50> [Error] [CVARS]: [MISSING] [r_MeshPoolSize] specified in console variable group [sys_spec_objectdetail] = [6], but missing from default group
<14:39:50> [Error] [CVARS]: [MISSING] [r_MeshInstancePoolSize] specified in console variable group [sys_spec_objectdetail] = [6], but missing from default group
<14:39:50> [Error] [CVARS]: [MISSING] [e_StreamCgfPoolSize] specified in console variable group [sys_spec_objectdetail] = [6], but missing from default group
<14:39:50> [Error] [CVARS]: [MISSING] [e_GeomCacheBufferSize] specified in console variable group [sys_spec_objectdetail] = [6], but missing from default group
<14:39:50> [Error] [CVARS]: [MISSING] [ca_FacialAnimationRadius] specified in console variable group [sys_spec_objectdetail] = [7], but missing from default group
<14:39:50> [Error] [CVARS]: [MISSING] [ca_StreamCHR] specified in console variable group [sys_spec_objectdetail] = [7], but missing from default group
<14:39:50> [Error] [CVARS]: [MISSING] [ca_FacialAnimationRadius] specified in console variable group [sys_spec_objectdetail] = [8], but missing from default group
<14:39:50> [Error] [CVARS]: [MISSING] [ca_StreamCHR] specified in console variable group [sys_spec_objectdetail] = [8], but missing from default group
<14:39:50> Loading Config file %ENGINE%/Config/CVarGroups/sys_spec_particles.cfg (c:\users\mathe\appdata\local\programs\cryengine launcher\engines\crytek\cryengine-57-lts\5.7.1\engine\config\cvargroups\sys_spec_particles.cfg)
<14:39:50> [Error] [CVARS]: [MISSING] [e_ParticlesPoolSize] specified in console variable group [sys_spec_particles] = [5], but missing from default group
<14:39:50> [Error] [CVARS]: [MISSING] [e_ParticlesVertexPoolSize] specified in console variable group [sys_spec_particles] = [5], but missing from default group
<14:39:50> [Error] [CVARS]: [MISSING] [e_ParticlesPoolSize] specified in console variable group [sys_spec_particles] = [6], but missing from default group
<14:39:50> [Error] [CVARS]: [MISSING] [e_ParticlesVertexPoolSize] specified in console variable group [sys_spec_particles] = [6], but missing from default group
<14:39:50> Loading Config file %ENGINE%/Config/CVarGroups/sys_spec_physics.cfg (c:\users\mathe\appdata\local\programs\cryengine launcher\engines\crytek\cryengine-57-lts\5.7.1\engine\config\cvargroups\sys_spec_physics.cfg)
<14:39:50> [Error] [CVARS]: [MISSING] [p_num_threads] specified in console variable group [sys_spec_physics] = [7], but missing from default group
<14:39:50> [Error] [CVARS]: [MISSING] [p_num_threads] specified in console variable group [sys_spec_physics] = [8], but missing from default group
<14:39:50> Loading Config file %ENGINE%/Config/CVarGroups/sys_spec_postprocessing.cfg (c:\users\mathe\appdata\local\programs\cryengine launcher\engines\crytek\cryengine-57-lts\5.7.1\engine\config\cvargroups\sys_spec_postprocessing.cfg)
<14:39:50> [Error] [CVARS]: [MISSING] [r_HDRBloomQuality] specified in console variable group [sys_spec_postprocessing] = [5], but missing from default group
<14:39:50> [Error] [CVARS]: [MISSING] [r_FlareHQShafts] specified in console variable group [sys_spec_postprocessing] = [5], but missing from default group
<14:39:50> [Error] [CVARS]: [MISSING] [r_AntiAliasingMode] specified in console variable group [sys_spec_postprocessing] = [5], but missing from default group
<14:39:50> [Error] [CVARS]: [MISSING] [r_HDRBloomQuality] specified in console variable group [sys_spec_postprocessing] = [6], but missing from default group
<14:39:50> [Error] [CVARS]: [MISSING] [r_FlareHQShafts] specified in console variable group [sys_spec_postprocessing] = [6], but missing from default group
<14:39:50> [Error] [CVARS]: [MISSING] [r_AntiAliasingMode] specified in console variable group [sys_spec_postprocessing] = [6], but missing from default group
<14:39:50> [Error] [CVARS]: [MISSING] [r_HDRBloomQuality] specified in console variable group [sys_spec_postprocessing] = [7], but missing from default group
<14:39:50> [Error] [CVARS]: [MISSING] [r_FlareHQShafts] specified in console variable group [sys_spec_postprocessing] = [7], but missing from default group
<14:39:50> [Error] [CVARS]: [MISSING] [r_HDRBloomQuality] specified in console variable group [sys_spec_postprocessing] = [8], but missing from default group
<14:39:50> [Error] [CVARS]: [MISSING] [r_FlareHQShafts] specified in console variable group [sys_spec_postprocessing] = [8], but missing from default group
<14:39:50> [Error] [CVARS]: [MISSING] [r_AntiAliasingMode] specified in console variable group [sys_spec_postprocessing] = [8], but missing from default group
<14:39:50> Loading Config file %ENGINE%/Config/CVarGroups/sys_spec_quality.cfg (c:\users\mathe\appdata\local\programs\cryengine launcher\engines\crytek\cryengine-57-lts\5.7.1\engine\config\cvargroups\sys_spec_quality.cfg)
<14:39:50> Loading Config file %ENGINE%/Config/CVarGroups/sys_spec_shading.cfg (c:\users\mathe\appdata\local\programs\cryengine launcher\engines\crytek\cryengine-57-lts\5.7.1\engine\config\cvargroups\sys_spec_shading.cfg)
<14:39:50> [Error] [CVARS]: [MISSING] [r_SSDO] specified in console variable group [sys_spec_shading] = [5], but missing from default group
<14:39:50> [Error] [CVARS]: [MISSING] [r_SSDOColorBleeding] specified in console variable group [sys_spec_shading] = [5], but missing from default group
<14:39:50> [Error] [CVARS]: [MISSING] [r_volumetricfogtexdepth] specified in console variable group [sys_spec_shading] = [5], but missing from default group
<14:39:50> [Error] [CVARS]: [MISSING] [r_volumetricfogtexscale] specified in console variable group [sys_spec_shading] = [5], but missing from default group
<14:39:50> [Error] [CVARS]: [MISSING] [r_DeferredShadingTiled] specified in console variable group [sys_spec_shading] = [5], but missing from default group
<14:39:50> [Error] [CVARS]: [MISSING] [e_svoTI_NumStreamingThreads] specified in console variable group [sys_spec_shading] = [5], but missing from default group
<14:39:50> [Error] [CVARS]: [MISSING] [r_SSDO] specified in console variable group [sys_spec_shading] = [6], but missing from default group
<14:39:50> [Error] [CVARS]: [MISSING] [r_volumetricfogtexdepth] specified in console variable group [sys_spec_shading] = [6], but missing from default group
<14:39:50> [Error] [CVARS]: [MISSING] [r_volumetricfogtexscale] specified in console variable group [sys_spec_shading] = [6], but missing from default group
<14:39:50> [Error] [CVARS]: [MISSING] [r_DeferredShadingTiled] specified in console variable group [sys_spec_shading] = [6], but missing from default group
<14:39:50> [Error] [CVARS]: [MISSING] [e_svoTI_NumStreamingThreads] specified in console variable group [sys_spec_shading] = [6], but missing from default group
<14:39:50> [Error] [CVARS]: [MISSING] [r_SSDO] specified in console variable group [sys_spec_shading] = [7], but missing from default group
<14:39:50> [Error] [CVARS]: [MISSING] [r_volumetricfogtexdepth] specified in console variable group [sys_spec_shading] = [7], but missing from default group
<14:39:50> [Error] [CVARS]: [MISSING] [r_volumetricfogtexscale] specified in console variable group [sys_spec_shading] = [7], but missing from default group
<14:39:50> [Error] [CVARS]: [MISSING] [e_svoTI_NumStreamingThreads] specified in console variable group [sys_spec_shading] = [7], but missing from default group
<14:39:50> [Error] [CVARS]: [MISSING] [r_SSDO] specified in console variable group [sys_spec_shading] = [8], but missing from default group
<14:39:50> [Error] [CVARS]: [MISSING] [r_volumetricfogtexdepth] specified in console variable group [sys_spec_shading] = [8], but missing from default group
<14:39:50> [Error] [CVARS]: [MISSING] [r_volumetricfogtexscale] specified in console variable group [sys_spec_shading] = [8], but missing from default group
<14:39:50> [Error] [CVARS]: [MISSING] [e_svoTI_NumStreamingThreads] specified in console variable group [sys_spec_shading] = [8], but missing from default group
<14:39:50> Loading Config file %ENGINE%/Config/CVarGroups/sys_spec_shadows.cfg (c:\users\mathe\appdata\local\programs\cryengine launcher\engines\crytek\cryengine-57-lts\5.7.1\engine\config\cvargroups\sys_spec_shadows.cfg)
<14:39:50> [Error] [CVARS]: [MISSING] [q_ShaderShadow] specified in console variable group [sys_spec_shadows] = [5], but missing from default group
<14:39:50> [Error] [CVARS]: [MISSING] [r_ShadowsScreenSpace] specified in console variable group [sys_spec_shadows] = [5], but missing from default group
<14:39:50> [Error] [CVARS]: [MISSING] [e_ShadowsClouds] specified in console variable group [sys_spec_shadows] = [5], but missing from default group
<14:39:50> [Error] [CVARS]: [MISSING] [r_ShadowTexFormat] specified in console variable group [sys_spec_shadows] = [5], but missing from default group
<14:39:50> [Error] [CVARS]: [MISSING] [q_ShaderShadow] specified in console variable group [sys_spec_shadows] = [6], but missing from default group
<14:39:50> [Error] [CVARS]: [MISSING] [r_ShadowsScreenSpace] specified in console variable group [sys_spec_shadows] = [6], but missing from default group
<14:39:50> [Error] [CVARS]: [MISSING] [e_ShadowsClouds] specified in console variable group [sys_spec_shadows] = [6], but missing from default group
<14:39:50> [Error] [CVARS]: [MISSING] [r_ShadowTexFormat] specified in console variable group [sys_spec_shadows] = [6], but missing from default group
<14:39:50> [Error] [CVARS]: [MISSING] [q_ShaderShadow] specified in console variable group [sys_spec_shadows] = [7], but missing from default group
<14:39:50> [Error] [CVARS]: [MISSING] [r_ShadowsScreenSpace] specified in console variable group [sys_spec_shadows] = [7], but missing from default group
<14:39:50> [Error] [CVARS]: [MISSING] [e_ShadowsClouds] specified in console variable group [sys_spec_shadows] = [7], but missing from default group
<14:39:50> [Error] [CVARS]: [MISSING] [r_ShadowsStaticMap] specified in console variable group [sys_spec_shadows] = [7], but missing from default group
<14:39:50> [Error] [CVARS]: [MISSING] [q_ShaderShadow] specified in console variable group [sys_spec_shadows] = [8], but missing from default group
<14:39:50> [Error] [CVARS]: [MISSING] [r_ShadowsScreenSpace] specified in console variable group [sys_spec_shadows] = [8], but missing from default group
<14:39:50> [Error] [CVARS]: [MISSING] [e_ShadowsClouds] specified in console variable group [sys_spec_shadows] = [8], but missing from default group
<14:39:50> [Error] [CVARS]: [MISSING] [r_ShadowsStaticMap] specified in console variable group [sys_spec_shadows] = [8], but missing from default group
<14:39:50> Loading Config file %ENGINE%/Config/CVarGroups/sys_spec_sound.cfg (c:\users\mathe\appdata\local\programs\cryengine launcher\engines\crytek\cryengine-57-lts\5.7.1\engine\config\cvargroups\sys_spec_sound.cfg)
<14:39:50> Loading Config file %ENGINE%/Config/CVarGroups/sys_spec_texture.cfg (c:\users\mathe\appdata\local\programs\cryengine launcher\engines\crytek\cryengine-57-lts\5.7.1\engine\config\cvargroups\sys_spec_texture.cfg)
<14:39:50> [Error] [CVARS]: [MISSING] [r_texturesstreaming] specified in console variable group [sys_spec_texture] = [5], but missing from default group
<14:39:50> [Error] [CVARS]: [MISSING] [r_texturesstreampooldefragmentation] specified in console variable group [sys_spec_texture] = [5], but missing from default group
<14:39:50> [Error] [CVARS]: [MISSING] [r_buffer_banksize] specified in console variable group [sys_spec_texture] = [5], but missing from default group
<14:39:50> [Error] [CVARS]: [MISSING] [r_buffer_pool_defrag_static] specified in console variable group [sys_spec_texture] = [5], but missing from default group
<14:39:50> [Error] [CVARS]: [MISSING] [r_buffer_pool_defrag_dynamic] specified in console variable group [sys_spec_texture] = [5], but missing from default group
<14:39:50> [Error] [CVARS]: [MISSING] [r_buffer_pool_defrag_max_moves] specified in console variable group [sys_spec_texture] = [5], but missing from default group
<14:39:50> [Error] [CVARS]: [MISSING] [r_TexturesstreamingMinUsableMips] specified in console variable group [sys_spec_texture] = [5], but missing from default group
<14:39:50> [Error] [CVARS]: [MISSING] [r_TexturesStreamingSkipMips] specified in console variable group [sys_spec_texture] = [5], but missing from default group
<14:39:50> [Error] [CVARS]: [MISSING] [r_TexturesStreamPoolSize] specified in console variable group [sys_spec_texture] = [5], but missing from default group
<14:39:50> [Error] [CVARS]: [MISSING] [r_texturesstreaming] specified in console variable group [sys_spec_texture] = [6], but missing from default group
<14:39:50> [Error] [CVARS]: [MISSING] [r_texturesstreampooldefragmentation] specified in console variable group [sys_spec_texture] = [6], but missing from default group
<14:39:50> [Error] [CVARS]: [MISSING] [r_buffer_banksize] specified in console variable group [sys_spec_texture] = [6], but missing from default group
<14:39:50> [Error] [CVARS]: [MISSING] [r_buffer_pool_defrag_static] specified in console variable group [sys_spec_texture] = [6], but missing from default group
<14:39:50> [Error] [CVARS]: [MISSING] [r_buffer_pool_defrag_dynamic] specified in console variable group [sys_spec_texture] = [6], but missing from default group
<14:39:50> [Error] [CVARS]: [MISSING] [r_buffer_pool_defrag_max_moves] specified in console variable group [sys_spec_texture] = [6], but missing from default group
<14:39:50> [Error] [CVARS]: [MISSING] [r_TexturesstreamingMinUsableMips] specified in console variable group [sys_spec_texture] = [6], but missing from default group
<14:39:50> [Error] [CVARS]: [MISSING] [r_TexturesStreamingSkipMips] specified in console variable group [sys_spec_texture] = [6], but missing from default group
<14:39:50> [Error] [CVARS]: [MISSING] [r_TexturesStreamPoolSize] specified in console variable group [sys_spec_texture] = [6], but missing from default group
<14:39:50> [Error] [CVARS]: [MISSING] [r_texturesstreaming] specified in console variable group [sys_spec_texture] = [7], but missing from default group
<14:39:50> [Error] [CVARS]: [MISSING] [r_TexturesstreamingMinUsableMips] specified in console variable group [sys_spec_texture] = [7], but missing from default group
<14:39:50> [Error] [CVARS]: [MISSING] [r_TexturesStreamingSkipMips] specified in console variable group [sys_spec_texture] = [7], but missing from default group
<14:39:50> [Error] [CVARS]: [MISSING] [r_TexturesStreamPoolSize] specified in console variable group [sys_spec_texture] = [7], but missing from default group
<14:39:50> [Error] [CVARS]: [MISSING] [r_texturesstreaming] specified in console variable group [sys_spec_texture] = [8], but missing from default group
<14:39:50> [Error] [CVARS]: [MISSING] [r_TexturesstreamingMinUsableMips] specified in console variable group [sys_spec_texture] = [8], but missing from default group
<14:39:50> [Error] [CVARS]: [MISSING] [r_TexturesStreamingSkipMips] specified in console variable group [sys_spec_texture] = [8], but missing from default group
<14:39:50> [Error] [CVARS]: [MISSING] [r_TexturesStreamPoolSize] specified in console variable group [sys_spec_texture] = [8], but missing from default group
<14:39:50> Loading Config file %ENGINE%/Config/CVarGroups/sys_spec_textureresolution.cfg (c:\users\mathe\appdata\local\programs\cryengine launcher\engines\crytek\cryengine-57-lts\5.7.1\engine\config\cvargroups\sys_spec_textureresolution.cfg)
<14:39:50> Loading Config file %ENGINE%/Config/CVarGroups/sys_spec_volumetriceffects.cfg (c:\users\mathe\appdata\local\programs\cryengine launcher\engines\crytek\cryengine-57-lts\5.7.1\engine\config\cvargroups\sys_spec_volumetriceffects.cfg)
<14:39:50> Loading Config file %ENGINE%/Config/CVarGroups/sys_spec_water.cfg (c:\users\mathe\appdata\local\programs\cryengine launcher\engines\crytek\cryengine-57-lts\5.7.1\engine\config\cvargroups\sys_spec_water.cfg)
<14:39:50> <ThreadConfigInfo>: Thread profile loaded: "pc_Common" (%engine%/config/engine_core.thread_config)  
<14:39:50> [Warning] <ThreadConfigInfo>: (pc: 16 core) Unable to find platform config "pc_8". Next valid config found was pc_8.
<14:39:50> <ThreadConfigInfo>: Thread profile loaded: "pc_8" (%engine%/config/engine_core.thread_config)  
<14:39:50> <ThreadConfigInfo>: Thread profile loaded: "pc_Common" (%engine%/config/engine_sandbox.thread_config)  
<14:39:50> [Warning] <ThreadConfigInfo>: (pc: 16 core) Unable to find platform config "pc_8". Next valid config found was pc_8.
<14:39:50> <ThreadConfigInfo>: Thread profile loaded: "pc_8" (%engine%/config/engine_sandbox.thread_config)  
<14:39:50> UDR initialization
<14:39:50> Loading Module CryUDR.dll...
<14:39:50> Initializing CryUDR done, MemUsage=324Kb
<14:39:50> Windows 10 64 bit (build 10.0.22631)
<14:39:50> User name: "mathe"
<14:39:50> System language: Portuguese
<14:39:50> Windows Directory: "C:\Windows"
<14:39:50> Local time is 14:39:50 06/19/24, system running for 2559 minutes
<14:39:50> 32677MB physical memory installed, 22364MB available, 134217727MB virtual memory installed, 31 percent of memory in use
<14:39:50> PageFile usage: 65MB, Working Set: 73MB, Peak PageFile usage: 65MB,
<14:39:50> Current display mode is 2560x1440x32, (Unknown graphics card)
<14:39:50> IBM enhanced (101/102-key) keyboard and 16+ button mouse installed
<14:39:50> --------------------------------------------------------------------------------
<14:39:50> Stream Engine Initialization
<14:39:50> BuildTime: May 18 2022 02:19:29
<14:39:50> Physics initialization
<14:39:50> Loading Module CryPhysics.dll...
<14:39:50> Initializing CryPhysics done, MemUsage=1892Kb
<14:39:50> [Warning] Cannot open Pak file assets\localization\english_xml.pak
<14:39:50> Localized language content(english) not available or modified from the original installation.
<14:39:50> [Warning] Cannot open Pak file assets\localization\english.pak
<14:39:50> Localized language content(english) not available or modified from the original installation.
<14:39:50> [Warning] Cannot open Pak file assets\localization\english.pak
<14:39:50> Localized language content(english) not available or modified from the original installation.
<14:39:50> [Error] <Localization> No localization files found!
<14:39:50> <Audio>: AudioSystem initialization
<14:39:50> Loading Module CryAudioSystem.dll...
<14:39:50> <Audio>: CryAudioImplSDLMixer loaded
<14:39:50> Initializing CryAudioSystem done, MemUsage=3312Kb
<14:39:50> C# Backend initialization
<14:39:50> Loading Module CryMonoBridge.dll...
<14:39:50> Initializing CryMonoBridge done, MemUsage=672Kb
<14:39:50> Loading plug-in CryDefaultEntities
<14:39:50> Loading plug-in CrySensorSystem
<14:39:50> Loading plug-in CryScaleformSchematyc
<14:39:50> Loading plug-in CryPerceptionSystem
<14:39:50> Loading plug-in Game
<14:39:50> [Warning] Unable to load cursor from texture file. Path %ENGINE%/EngineAssets/Textures/Cursor_Green.dds
<14:39:50> Initialized hardware mouse (game is allowed to confine mouse to window)
<14:39:50> Renderer initialization
<14:39:50> Logging video adapters:
<14:39:50> - NVIDIA GeForce RTX 4070 Ti (vendor = 0x10de, device = 0x2782)
<14:39:50>   - Adapter index: 0
<14:39:50>   - Dedicated video memory: 11996 MB
<14:39:50>   - Feature level: D3D 11_1 (SM 5.x)
<14:39:50>   - Displays connected: yes
<14:39:50>   - Suitable rendering device: yes
<14:39:50> - Microsoft Basic Render Driver (vendor = 0x1414, device = 0x008c)
<14:39:50>   - Adapter index: 1
<14:39:50>   - Dedicated video memory: 0 MB
<14:39:50>   - Feature level: D3D 11_1 (SM 5.x)
<14:39:50>   - Displays connected: no
<14:39:50>   - Suitable rendering device: no
<14:39:50> Loading Module CryRenderD3D11.dll...
<14:39:50> CRenderer sizeof(Vec2f16)=4 sizeof(Vec3f16)=8
<14:39:50> Initializing CryRenderD3D11 done, MemUsage=3800Kb
<14:39:50> Initializing Direct3D and creating game window:
<14:39:50> Direct3D driver is creating...
<14:39:50> Crytek Direct3D driver version 3.00 (May 18 2022 <02:19:44>)
<14:39:50> Creating window called 'fpscpptest' (32x32)
<14:39:50> D3D Adapter: Description: NVIDIA GeForce RTX 4070 Ti
<14:39:50> D3D Adapter: Driver version (UMD): 32.00.15.5599
<14:39:50> D3D Adapter: VendorId = 0x10DE
<14:39:50> D3D Adapter: DeviceId = 0x2782
<14:39:50> D3D Adapter: SubSysId = 0x40C61458
<14:39:50> D3D Adapter: Revision = 161
<14:39:50> NVAPI: API init ok (0)
<14:39:50> NVAPI: Single GPU system
<14:39:50> NVDBT supported
<14:39:50> D3D Detected: NVIDIA video card
<14:39:50> Active GPUs: 1
<14:39:50> Using pixel texture formats:
<14:39:50>   R8G8B8A8S, mips, RT (blendable) (multi-sampled), sample, gather
<14:39:50>   R8G8B8A8, mips, sRGB, RT (blendable) (multi-sampled), sample, gather
<14:39:50>   A8, mips, RT (blendable) (multi-sampled), sample, gather
<14:39:50>   R8, mips, RT (blendable) (multi-sampled), sample, gather
<14:39:50>   R8S, mips, RT (blendable) (multi-sampled), sample, gather
<14:39:50>   R16, mips, RT (blendable) (multi-sampled), sample (comparable), gather (comparable)
<14:39:50>   R16S, mips, RT (blendable) (multi-sampled), sample, gather
<14:39:50>   R16F, mips, RT (blendable) (multi-sampled), sample, gather
<14:39:50>   R32F, mips, RT (blendable) (multi-sampled), sample (comparable), gather (comparable)
<14:39:50>   R8G8, mips, RT (blendable) (multi-sampled), sample, gather
<14:39:50>   R8G8S, mips, RT (blendable) (multi-sampled), sample, gather
<14:39:50>   R16G16, mips, RT (blendable) (multi-sampled), sample, gather
<14:39:50>   R16G16S, mips, RT (blendable) (multi-sampled), sample, gather
<14:39:50>   R16G16F, mips, RT (blendable) (multi-sampled), sample, gather
<14:39:50>   R32G32F, mips, RT (blendable) (multi-sampled), sample, gather
<14:39:50>   R11G11B10F, mips, RT (blendable) (multi-sampled), sample, gather
<14:39:50>   R10G10B10A2, mips, RT (blendable) (multi-sampled), sample, gather
<14:39:50>   R16G16B16A16, mips, RT (blendable) (multi-sampled), sample, gather
<14:39:50>   R16G16B16A16S, mips, RT (blendable) (multi-sampled), sample, gather
<14:39:50>   R16G16B16A16F, mips, RT (blendable) (multi-sampled), sample, gather
<14:39:50>   R32G32B32A32F, mips, RT (blendable) (multi-sampled), sample, gather
<14:39:50>   BC1, mips, sRGB, sample, gather
<14:39:50>   BC2, mips, sRGB, sample, gather
<14:39:50>   BC3, mips, sRGB, sample, gather
<14:39:50>   BC4, mips, sample, gather
<14:39:50>   BC4S, mips, sample, gather
<14:39:50>   BC5, mips, sample, gather
<14:39:50>   BC5S, mips, sample, gather
<14:39:50>   BC6UH, mips, sample, gather
<14:39:50>   BC6SH, mips, sample, gather
<14:39:50>   BC7, mips, sRGB, sample, gather
<14:39:50>   R9G9B9E5, mips, sample, gather
<14:39:50>   D32FS8 (R32G8T), mips, DS (multi-sampled)
<14:39:50>   D32F (R32T), mips, DS (multi-sampled)
<14:39:50>   D24S8 (R24G8T), mips, DS (multi-sampled)
<14:39:50>   D16 (R16T), mips, DS (multi-sampled)
<14:39:50>   B5G6R5, mips, RT (blendable) (multi-sampled), sample, gather
<14:39:50>   B5G5R5, mips, RT (blendable) (multi-sampled), sample, gather
<14:39:50>   B4G4R4A4, mips, sample, gather
<14:39:50>   B8G8R8A8, mips, sRGB, RT (blendable) (multi-sampled), sample, gather
<14:39:50>   B8G8R8X8, mips, sRGB, RT (blendable) (multi-sampled), sample, gather
<14:39:50>  Renderer DepthBits: 24
<14:39:50>  ****** CryRender InfoDump ******
<14:39:50>  Driver description: NVIDIA GeForce RTX 4070 Ti
<14:39:50>  API Version: Direct3D 11.0
<14:39:50>  Feature level: D3D 11_1
<14:39:50>  Vertex Shaders version 5.1
<14:39:50>  Pixel Shaders version 5.1
<14:39:50>  Full stats: 
<14:39:50>  Rasterizer: Hardware
<14:39:50>  Current Resolution: 0x0x32 Windowed
<14:39:50>  Occlusion queries: Supported
<14:39:50>  Geometry instancing: Supported
<14:39:50>  NormalMaps compression : Supported
<14:39:50>  Gamma control: Hardware
<14:39:50>  Used GeomInstancingThreshold is 8
<14:39:50>  Shader model usage: 'SM.5.0'
<14:39:50>  *****************************************
<14:39:50>  
<14:39:50> Init Shaders
<14:39:50>  General shader quality: Medium
<14:39:50>  Metal shader quality: Medium
<14:39:50>  Glass shader quality: Medium
<14:39:50>  Vegetation shader quality: Medium
<14:39:50>  Ice shader quality: Medium
<14:39:50>  Terrain shader quality: Medium
<14:39:50>  Shadow shader quality: Medium
<14:39:50>  Water shader quality: Medium
<14:39:50>  FX shader quality: Medium
<14:39:50>  PostProcess shader quality: Medium
<14:39:50>  HDR shader quality: Medium
<14:39:50> Render quality: VeryHigh
<14:39:50> Init textures management (11996 Mb of video memory is available)...
<14:39:50>   Enabling of textures streaming...
<14:39:50>   Using 6536 Mb of textures pool for streaming...
<14:39:50>   Video textures: Dynamic managed max size: 48 Mb
<14:39:50>   Finished initializing textures streaming...
<14:39:50> Initializing CryScaleformHelper done, MemUsage=0Kb
<14:39:50> Using Scaleform GFx 3.3.94
<14:39:50>   Using dynamic pool
<14:39:50> [Warning] <ThreadInfo>: Unable to find config for thread:GFxVideo_Decoder_2
<14:39:50> Font initialization
<14:39:50> Loading Module CryFont.dll...
<14:39:50> Using FreeType 2.5.5
<14:39:50> Initializing CryFont done, MemUsage=336Kb
<14:39:50> *** Init system render resources ***
<14:39:51> Loading Module CryNetwork.dll...
<14:39:51> [LagProfiles] Could not load "". 6 default profiles activated.
<14:39:51> [Error] Scheduler policy name should not exceed 4 characters.
<14:39:51> [net] Socket IO management: External [iocp], Internal [iocp]
<14:39:51> network hostname: matheuspc
<14:39:51>   ip:192.168.1.193
<14:39:51> [Network Version]: PROFILE DEVELOPMENT BUILD
<14:39:51> Initializing CryNetwork done, MemUsage=2376Kb
<14:39:51> Loading Module CryMovie.dll...
<14:39:51> Initializing CryMovie done, MemUsage=632Kb
<14:39:51> Engine installed on drive: 
<14:39:51> Time initialization
<14:39:51> Input initialization
<14:39:51> Loading Module CryInput.dll...
<14:39:51> Initializing DirectInput

<14:39:51> Initializing Keyboard

<14:39:51> Input locale changed to 00000416
<14:39:51> Initializing mouse
<14:39:51> Initializing CryInput done, MemUsage=1500Kb
<14:39:51> Initializing Animation System
<14:39:51> Loading Module CryAnimation.dll...
<14:39:51> Initializing CryAnimation done, MemUsage=2040Kb
<14:39:51> Init 3D Engine
<14:39:51> Loading Module Cry3DEngine.dll...
<14:39:51> Sky light: Optical lookup tables loaded off disc.
<14:39:51> Initializing Cry3DEngine done, MemUsage=5636Kb
<14:39:51> Script System Initialization
<14:39:51> Loading Module CryScriptSystem.dll...
<14:39:51> [Warning] [Lua Error] Failed to load script file scripts/common.lua
<14:39:51> Initializing CryScriptSystem done, MemUsage=780Kb
<14:39:51> Schematyc initialization
<14:39:51> Loading Module CrySchematyc.dll...
<14:39:51> Initializing CrySchematyc done, MemUsage=1728Kb
<14:39:51> Entity system initialization
<14:39:51> Loading Module CryEntitySystem.dll...
<14:39:51> Initializing CryEntitySystem done, MemUsage=2188Kb
<14:39:51> LiveCreate initialization
<14:39:51> LiveCreateHost not created, using NULL implementation.
<14:39:51> Dynamic Response System initialization
<14:39:51> Loading Module CryDynamicResponseSystem.dll...
<14:39:51> Initializing CryDynamicResponseSystem done, MemUsage=628Kb
<14:39:51> Loading Module CryFlowGraph.dll...
<14:39:51> Successfully registered flownode 'AI:PerceptionState'
<14:39:51> Successfully registered flownode 'AI:EventListener'
<14:39:51> Initializing CryFlowGraph done, MemUsage=964Kb
<14:39:51> AI initialization
<14:39:51> Loading Module CryAISystem.dll...
<14:39:51> Initializing CryAISystem done, MemUsage=1636Kb
<14:39:51> Initializing AI System
<14:39:51> AI: [AISYSTEM] Initialization started.
<14:39:51> [Error] [CVARS]: [DUPLICATE] CXConsole::RegisterString(const char*): variable [ai_DebugDrawNavigationQueryListFilterByCaller] is already registered
<14:39:51> [Warning] XML reader: Can't open file (Scripts/AI/Navigation.xml)
<14:39:51> [Warning] AI: Failed to open XML file 'Scripts/AI/Navigation.xml'...
<14:39:51> [Warning] XML reader: Can't open file (Scripts/AI/Communication/CommunicationSystemConfiguration.xml)
<14:39:51> [Warning] AI: Failed to open XML file 'Scripts/AI/Communication/CommunicationSystemConfiguration.xml'...
<14:39:51> [Warning] XML reader: Can't open file (Scripts/AI/lookup.xml)
<14:39:51> [Warning] [Lua Error] Failed to load script file scripts/ai/aiconfig.lua
<14:39:51> Registering CentralInterestManager with EntitySystem
<14:39:51> [Warning] XML reader: Can't open file (Libs/AITargetStimulusConfig.xml)
<14:39:51> [Warning] AI: CTargetTrackManager::Init() Warning: Failed to load configuration file 'Libs/AITargetStimulusConfig.xml'
<14:39:51> Modular behavior tree node 'Sequence' has a class size of 88 bytes.
<14:39:51> Modular behavior tree node 'Selector' has a class size of 88 bytes.
<14:39:51> Modular behavior tree node 'Priority' has a class size of 88 bytes.
<14:39:51> Modular behavior tree node 'Parallel' has a class size of 96 bytes.
<14:39:51> Modular behavior tree node 'Loop' has a class size of 88 bytes.
<14:39:51> Modular behavior tree node 'LoopUntilSuccess' has a class size of 88 bytes.
<14:39:51> Modular behavior tree node 'StateMachine' has a class size of 88 bytes.
<14:39:51> Modular behavior tree node 'SendTransitionEvent' has a class size of 96 bytes.
<14:39:51> Modular behavior tree node 'IfCondition' has a class size of 120 bytes.
<14:39:51> Modular behavior tree node 'AssertCondition' has a class size of 104 bytes.
<14:39:51> Modular behavior tree node 'Timeout' has a class size of 72 bytes.
<14:39:51> Modular behavior tree node 'IfTime' has a class size of 120 bytes.
<14:39:51> Modular behavior tree node 'Wait' has a class size of 72 bytes.
<14:39:51> Modular behavior tree node 'MonitorCondition' has a class size of 104 bytes.
<14:39:51> Modular behavior tree node 'WaitForEvent' has a class size of 104 bytes.
<14:39:51> Modular behavior tree node 'WaitUntilTime' has a class size of 104 bytes.
<14:39:51> Modular behavior tree node 'Fail' has a class size of 64 bytes.
<14:39:51> Modular behavior tree node 'RandomGate' has a class size of 88 bytes.
<14:39:51> Modular behavior tree node 'SendEvent' has a class size of 104 bytes.
<14:39:51> Modular behavior tree node 'SuppressFailure' has a class size of 80 bytes.
<14:39:51> Modular behavior tree node 'AssertTime' has a class size of 104 bytes.
<14:39:51> Modular behavior tree node 'Halt' has a class size of 64 bytes.
<14:39:51> Modular behavior tree node 'Log' has a class size of 72 bytes.
<14:39:51> Modular behavior tree node 'Breakpoint' has a class size of 64 bytes.
<14:39:51> Modular behavior tree node 'AimAroundWhileUsingAMachingGun' has a class size of 72 bytes.
<14:39:51> Modular behavior tree node 'AnimationTagWrapper' has a class size of 96 bytes.
<14:39:51> Modular behavior tree node 'CheckIfTargetCanBeReached' has a class size of 72 bytes.
<14:39:51> Modular behavior tree node 'GoalPipe' has a class size of 72 bytes.
<14:39:51> Modular behavior tree node 'LuaWrapper' has a class size of 112 bytes.
<14:39:51> Modular behavior tree node 'SmartObjectStatesWrapper' has a class size of 96 bytes.
<14:39:51> Modular behavior tree node 'ThrowGrenade' has a class size of 104 bytes.
<14:39:51> Modular behavior tree node 'TurnBody' has a class size of 88 bytes.
<14:39:51> Modular behavior tree node 'AdjustCoverStance' has a class size of 80 bytes.
<14:39:51> Modular behavior tree node 'Aim' has a class size of 80 bytes.
<14:39:51> Modular behavior tree node 'Animate' has a class size of 80 bytes.
<14:39:51> Modular behavior tree node 'AssertLua' has a class size of 616 bytes.
<14:39:51> Modular behavior tree node 'Bubble' has a class size of 88 bytes.
<14:39:51> Modular behavior tree node 'ClearTargets' has a class size of 64 bytes.
<14:39:51> Modular behavior tree node 'Communicate' has a class size of 112 bytes.
<14:39:51> Modular behavior tree node 'ExecuteLua' has a class size of 616 bytes.
<14:39:51> Modular behavior tree node 'GroupScope' has a class size of 96 bytes.
<14:39:51> Modular behavior tree node 'Look' has a class size of 72 bytes.
<14:39:51> Modular behavior tree node 'LuaBehavior' has a class size of 72 bytes.
<14:39:51> Modular behavior tree node 'LuaGate' has a class size of 632 bytes.
<14:39:51> Modular behavior tree node 'Move' has a class size of 264 bytes.
<14:39:51> Modular behavior tree node 'PullDownThreatLevel' has a class size of 64 bytes.
<14:39:51> Modular behavior tree node 'QueryTPS' has a class size of 80 bytes.
<14:39:51> Modular behavior tree node 'SendTransitionSignal' has a class size of 80 bytes.
<14:39:51> Modular behavior tree node 'SetAlertness' has a class size of 72 bytes.
<14:39:51> Modular behavior tree node 'Shoot' has a class size of 104 bytes.
<14:39:51> Modular behavior tree node 'ShootFromCover' has a class size of 80 bytes.
<14:39:51> Modular behavior tree node 'Signal' has a class size of 80 bytes.
<14:39:51> Modular behavior tree node 'Stance' has a class size of 80 bytes.
<14:39:51> Modular behavior tree node 'StopMovement' has a class size of 72 bytes.
<14:39:51> Modular behavior tree node 'Basic_MoveToPosition' has a class size of 248 bytes.
<14:39:51> Modular behavior tree node 'Basic_MoveToCover' has a class size of 248 bytes.
<14:39:51> AI: [AISYSTEM] Initialization finished.
<14:39:51> [Warning] XML reader: Can't open file (Scripts/AI/Cover.xml)
<14:39:51> [Warning] AI: Failed to open XML file 'Scripts/AI/Cover.xml'...
<14:39:51> Initializing additional systems
<14:39:51> Loading Module CryAction.dll...
<14:39:51> [Warning] XML reader: Can't open file (Libs/Levels/leveltypes.xml)
<14:39:51> [Warning] [Lua Error] Failed to load script file Scripts/Entities/Vehicles/VehicleSystem.lua
<14:39:51> [Warning] XML reader: Can't open file (Scripts/Network/StatsConfig.xml)
<14:39:51> Modular behavior tree node 'AnimateFragment' has a class size of 80 bytes.
<14:39:51> [Warning] [Lua Error] Failed to load script file Scripts/Entities/Vehicles/VehiclePartDetached.lua
<14:39:51> Ending game context...
<14:39:51> [Warning] XML reader: Can't open file (Libs/GameForceFeedback/ForceFeedbackEffects.xml)
<14:39:51> [Warning] [ForceFeedback System] Could not load force feedback system data. Invalid XML file 'Libs/GameForceFeedback/ForceFeedbackEffects.xml'! 
<14:39:51> Initializing default materials...
<14:39:51> [Warning] XML reader: Can't open file (materials/material_layers_default.mtl)
<14:39:51> [Warning] [Lua Error] Failed to load script file scripts/main.lua
<14:39:51> [Warning] [CScriptSystem::BeginCall] Function OnInit not found(check for syntax errors or if the file wasn't loaded)
<14:39:51> [Warning] Could not load dialog file assets\Libs\DynamicResponseSystem\DialogLines/dialoglines.dialog
<14:39:51> [Schematyc]: Loading...
<14:39:51> [Schematyc]: Loading settings
<14:39:51> [Warning] XML reader: Can't open file (assets/cryschematycsettings/log_settings.sc_settings)
<14:39:51> [Schematyc]: Loading scripts
<14:39:51> [Schematyc]: Compiling scripts
<14:39:51> [Schematyc]: Loading complete
<14:39:51> [CONSOLE] Executing console command 'exec autoexec.cfg'
<14:39:51> Searching console batch file (try game, config, root): "autoexec.cfg" not found!
<14:39:51> Initializing CryAction done, MemUsage=61212Kb
<14:39:51> failed to find CVar: r_Unlit

<14:39:51> OnSysSpecChange(0)
<14:39:51> Loading Config file %ENGINEROOT%/editor.cfg (c:\users\mathe\appdata\local\programs\cryengine launcher\engines\crytek\cryengine-57-lts\5.7.1\editor.cfg)
<14:39:51> Current Language: Portuguese 
<14:39:51> Windows 10 10.0 (C:\Windows)
<14:39:51> Local time is 14:39:51 06/19/24, system running for 2559 minutes
<14:39:51> 32677MB phys. memory installed, 38233MB paging available
<14:39:51> Current display mode is 2560x1440x32, (Unknown graphics card)
<14:39:51> IBM enhanced (101/102-key) keyboard and 16+ button mouse installed
<14:39:51> --------------------------------------------------------------------------------
<14:39:51> Loading Config file singleplayer.cfg (c:\users\mathe\appdata\local\programs\cryengine launcher\engines\crytek\cryengine-57-lts\5.7.1\engine\config\singleplayer.cfg)
<14:39:51> AI: [AISYSTEM] Initializing AI Actions.
<14:39:51> AI: [AISYSTEM] Initializing Smart Objects.
<14:39:51> [Warning] XML reader: Can't open file (Libs/SmartObjects.xml)
<14:39:51> [Warning] XML reader: Can't open file (Libs/SmartObjects/Templates/SOTemplates.xml)
<14:39:51> Unloading all previous plugins
<14:39:51> Loading plugins...
<14:39:51> Successfully loaded plugin '3DConnexionDriver', version '1'
<14:39:51> Successfully loaded plugin 'CryDesigner', version '1'
<14:39:51> Successfully loaded plugin 'CryTest Runner Plugin', version '1'
<14:39:51> Successfully loaded plugin 'Dependency Graph Plugin', version '1'
<14:39:51> Successfully loaded plugin 'Sample Plugin', version '1'
<14:39:51> Successfully loaded plugin 'Editor Animation', version '1'
<14:39:51> Successfully loaded plugin 'Audio Controls Editor', version '1'
<14:39:51> Successfully loaded plugin 'Behavior Tree Editor', version '1'
<14:39:51> Successfully loaded plugin 'Console', version '1'
<14:39:51> Successfully loaded plugin 'CSharp Editor', version '1'
<14:39:51> Successfully loaded plugin 'Dynamic Response System Editor', version '1'
<14:39:51> Successfully loaded plugin 'Environment Editor', version '1'
<14:39:51> Successfully loaded plugin 'EditorGameSDK', version '1'
<14:39:51> Successfully loaded plugin 'Particle Editor', version '1'
<14:39:51> [SchematycEditor]: Initializing...
<14:39:51> [SchematycEditor]: Fixing up script files
<14:39:51> [SchematycEditor]: Compiling script files
<14:39:51> [SchematycEditor]: Initialization complete
<14:39:51> Successfully loaded plugin 'Schematyc Plugin', version '1'
<14:39:51> Successfully loaded plugin 'EditorSubstance', version '1'
<14:39:51> Successfully loaded plugin 'TrackView', version '1'
<14:39:51> Successfully loaded plugin 'UDR Visualizer (Experimental)', version '1'
<14:39:51> Successfully loaded plugin 'UQS Editor', version '1'
<14:39:51> Successfully loaded plugin 'UQS History', version '1'
<14:39:51> Successfully loaded plugin 'Sample Plugin', version '1'
<14:39:51> Successfully loaded plugin 'FBX Exporter', version '1'
<14:39:51> Successfully loaded plugin 'Material Editor Plugin', version '1'
<14:39:51> Successfully loaded plugin 'MeshImporter', version '1'
<14:39:51> Successfully loaded plugin 'Perforce Plugin', version '1'
<14:39:51> Successfully loaded plugin 'Prefab Plugin', version '1'
<14:39:51> Successfully loaded plugin 'Sandbox Python Bridge', version '0'
<14:39:51> Successfully loaded plugin 'Sample Plugin', version '1'
<14:39:51> Successfully loaded plugin 'Sample Plugin', version '1'
<14:39:51> Asset Browser types: Animated Mesh, Animation, C# script, Character, Environment, Geometry Cache, Level, Material, Mesh, Mesh Animation, Particles, Prefab, Schematyc Entity (Deprecated), Schematyc Library (Deprecated), Script, Skeleton, Skinned Mesh, Sound, Substance Archive, Substance Instance, Texture, Xml, Unknown
<14:39:51> Started game resource files indexing...
<14:39:51> OnSysSpecChange(2)
<14:39:51> Loading Config file config/MedSpec.cfg (c:\users\mathe\appdata\local\programs\cryengine launcher\engines\crytek\cryengine-57-lts\5.7.1\engine\config\medspec.cfg)
<14:39:51> Loading Config file %ENGINEROOT%/editor.cfg (c:\users\mathe\appdata\local\programs\cryengine launcher\engines\crytek\cryengine-57-lts\5.7.1\editor.cfg)
<14:39:51> [CONSOLE] Executing console command 'exec editor.cfg'
<14:39:51> Found console batch file "editor.cfg" at %ENGINEROOT%/editor.cfg
<14:39:51> ca_UseIMG_CAF=0 [  ]
<14:39:51> drs_dialogSubtitles=1 [  ]
<14:39:51> e_StreamCgf=0 [ REQUIRE_APP_RESTART ]
<14:39:51> general.run_file 'C:/Users/mathe/AppData/Local/Programs/CRYENGINE Launcher/Engines/crytek/cryengine-57-lts/5.7.1/Editor/Python/plugins/crytools/startup.py'
<14:39:52> checking C:\Users\mathe\AppData\Local\Programs\CRYENGINE Launcher\Engines\crytek\cryengine-57-lts\5.7.1\Tools\sandbox\init.py
<14:39:52> 
<14:39:52> Loading crytools from C:\Users\mathe\AppData\Local\Programs\CRYENGINE Launcher\Engines\crytek\cryengine-57-lts\5.7.1\Tools\sandbox
<14:39:52> 
<14:39:52> sandbox_tools_path: C:\Users\mathe\AppData\Local\Programs\CRYENGINE Launcher\Engines\crytek\cryengine-57-lts\5.7.1\Tools\sandbox
<14:39:52> 
<14:39:52> Added path: C:\Users\mathe\AppData\Local\Programs\CRYENGINE Launcher\Engines\crytek\cryengine-57-lts\5.7.1\Tools\python\lib\common
<14:39:52> 
<14:39:52> Added path: C:\Users\mathe\AppData\Local\Programs\CRYENGINE Launcher\Engines\crytek\cryengine-57-lts\5.7.1\Tools\sandbox\lib\common
<14:39:52> 
<14:39:52> Added path: C:\Users\mathe\AppData\Local\Programs\CRYENGINE Launcher\Engines\crytek\cryengine-57-lts\5.7.1\Tools\sandbox\tools
<14:39:52> 
<14:39:52> Registered override path : C:\Users\mathe\AppData\Local\Programs\CRYENGINE Launcher\Engines\crytek\cryengine-57-lts\5.7.1\Tools\sandbox\lib\override\common
<14:39:52> 
<14:39:52> Added path: C:\Users\mathe\AppData\Local\Programs\CRYENGINE Launcher\Engines\crytek\cryengine-57-lts\5.7.1\Tools\sandbox\startup
<14:39:52> 
<14:39:52> module loaded: <module 'sandbox_init_script' from 'C:\\Users\\mathe\\AppData\\Local\\Programs\\CRYENGINE Launcher\\Engines\\crytek\\cryengine-57-lts\\5.7.1\\Tools\\sandbox\\init.py'>
<14:39:52> 
<14:39:52> Returned: 