BackupNameAttachment=" Build(3146) 20 Jun 24 (13 39 17)"  -- used by backup system

Log Started at Thu Jun 20 13:39:17 2024
Built on May 18 2022 02:19:29
Built for: Windows Version: 0x00000600
Command Line: "C:/Users/mathe/AppData/Local/Programs/CRYENGINE Launcher/Engines/crytek/cryengine-57-lts/5.7.1/bin/win_x64/Sandbox.exe" -project "C:/Users/mathe/Documents/CRYENGINE Projects/fpscpptest/Code/../Game.cryproject"
Executable: C:\Users\mathe\AppData\Local\Programs\CRYENGINE Launcher\Engines\crytek\cryengine-57-lts\5.7.1\bin\win_x64\Sandbox.exe
FileVersion: 5.7.1.3146
ProductVersion: 5.7.1.3146
Loading Config file %ENGINEROOT%/system.cfg (c:\users\mathe\appdata\local\programs\cryengine launcher\engines\crytek\cryengine-57-lts\5.7.1\system.cfg)
[Warning] Cannot open Pak file c:\users\mathe\appdata\local\programs\cryengine launcher\engines\crytek\cryengine-57-lts\5.7.1\config.pak
 
con_debug=0 [  ]
con_display_last_messages=0 [  ]
con_font_size=14 [  ]
con_line_buffer_size=1000 [  ]
con_restricted=0 [ RESTRICTEDMODE ]
con_showonload=0 [  ]
 
con_debug=0 [  ]
con_display_last_messages=0 [  ]
con_font_size=14 [  ]
con_line_buffer_size=1000 [  ]
con_restricted=0 [ RESTRICTEDMODE ]
con_showonload=0 [  ]
 
con_debug=0 [  ]
 
con_debug=0 [  ]
Project fpscpptest
Using Project Folder C:/Users/mathe/Documents/CRYENGINE Projects/fpscpptest
Using Engine Folder C:\Users\mathe\AppData\Local\Programs\CRYENGINE Launcher\Engines\crytek\cryengine-57-lts\5.7.1/
Using Asset Folder c:/users/mathe/documents/cryengine projects/fpscpptest/assets

Total number of logical processors: 16
Number of available logical processors: 16
Total number of system cores: 8
Number of cores available to process: 8
 
Processor 0:
  CPU: AMD AMD Ryzen 7 5800X3D 8-Core Processor           
  Family: 15, Model: 1, Stepping: 2, FPU: On-Chip
  Features: FP16, SSE, SSE2, SSE3, SSE4.2, AVX, AVX2, FMA3
 
Processor 1:
  CPU: AMD AMD Ryzen 7 5800X3D 8-Core Processor           
  Family: 15, Model: 1, Stepping: 2, FPU: On-Chip
  Features: FP16, SSE, SSE2, SSE3, SSE4.2, AVX, AVX2, FMA3
 
Processor 2:
  CPU: AMD AMD Ryzen 7 5800X3D 8-Core Processor           
  Family: 15, Model: 1, Stepping: 2, FPU: On-Chip
  Features: FP16, SSE, SSE2, SSE3, SSE4.2, AVX, AVX2, FMA3
 
Processor 3:
  CPU: AMD AMD Ryzen 7 5800X3D 8-Core Processor           
  Family: 15, Model: 1, Stepping: 2, FPU: On-Chip
  Features: FP16, SSE, SSE2, SSE3, SSE4.2, AVX, AVX2, FMA3
 
Processor 4:
  CPU: AMD AMD Ryzen 7 5800X3D 8-Core Processor           
  Family: 15, Model: 1, Stepping: 2, FPU: On-Chip
  Features: FP16, SSE, SSE2, SSE3, SSE4.2, AVX, AVX2, FMA3
 
Processor 5:
  CPU: AMD AMD Ryzen 7 5800X3D 8-Core Processor           
  Family: 15, Model: 1, Stepping: 2, FPU: On-Chip
  Features: FP16, SSE, SSE2, SSE3, SSE4.2, AVX, AVX2, FMA3
 
Processor 6:
  CPU: AMD AMD Ryzen 7 5800X3D 8-Core Processor           
  Family: 15, Model: 1, Stepping: 2, FPU: On-Chip
  Features: FP16, SSE, SSE2, SSE3, SSE4.2, AVX, AVX2, FMA3
 
Processor 7:
  CPU: AMD AMD Ryzen 7 5800X3D 8-Core Processor           
  Family: 15, Model: 1, Stepping: 2, FPU: On-Chip
  Features: FP16, SSE, SSE2, SSE3, SSE4.2, AVX, AVX2, FMA3
 
<13:39:17> creating CVarGroups from directory 'assets/Config/CVarGroups' ...
<13:39:17> creating CVarGroups from directory '%ENGINE%/Config/CVarGroups' ...
<13:39:17> Loading Config file %ENGINE%/Config/CVarGroups/sys_spec_full.cfg (c:\users\mathe\appdata\local\programs\cryengine launcher\engines\crytek\cryengine-57-lts\5.7.1\engine\config\cvargroups\sys_spec_full.cfg)
<13:39:17> Loading Config file %ENGINE%/Config/CVarGroups/sys_spec_gameeffects.cfg (c:\users\mathe\appdata\local\programs\cryengine launcher\engines\crytek\cryengine-57-lts\5.7.1\engine\config\cvargroups\sys_spec_gameeffects.cfg)
<13:39:17> Loading Config file %ENGINE%/Config/CVarGroups/sys_spec_light.cfg (c:\users\mathe\appdata\local\programs\cryengine launcher\engines\crytek\cryengine-57-lts\5.7.1\engine\config\cvargroups\sys_spec_light.cfg)
<13:39:17> Loading Config file %ENGINE%/Config/CVarGroups/sys_spec_objectdetail.cfg (c:\users\mathe\appdata\local\programs\cryengine launcher\engines\crytek\cryengine-57-lts\5.7.1\engine\config\cvargroups\sys_spec_objectdetail.cfg)
<13:39:17> [Error] [CVARS]: [MISSING] [r_UseZPass] specified in console variable group [sys_spec_objectdetail] = [5], but missing from default group
<13:39:17> [Error] [CVARS]: [MISSING] [r_MeshPoolSize] specified in console variable group [sys_spec_objectdetail] = [5], but missing from default group
<13:39:17> [Error] [CVARS]: [MISSING] [r_MeshInstancePoolSize] specified in console variable group [sys_spec_objectdetail] = [5], but missing from default group
<13:39:17> [Error] [CVARS]: [MISSING] [e_StreamCgfPoolSize] specified in console variable group [sys_spec_objectdetail] = [5], but missing from default group
<13:39:17> [Error] [CVARS]: [MISSING] [e_GeomCacheBufferSize] specified in console variable group [sys_spec_objectdetail] = [5], but missing from default group
<13:39:17> [Error] [CVARS]: [MISSING] [r_UseZPass] specified in console variable group [sys_spec_objectdetail] = [6], but missing from default group
<13:39:17> [Error] [CVARS]: [MISSING] [r_MeshPoolSize] specified in console variable group [sys_spec_objectdetail] = [6], but missing from default group
<13:39:17> [Error] [CVARS]: [MISSING] [r_MeshInstancePoolSize] specified in console variable group [sys_spec_objectdetail] = [6], but missing from default group
<13:39:17> [Error] [CVARS]: [MISSING] [e_StreamCgfPoolSize] specified in console variable group [sys_spec_objectdetail] = [6], but missing from default group
<13:39:17> [Error] [CVARS]: [MISSING] [e_GeomCacheBufferSize] specified in console variable group [sys_spec_objectdetail] = [6], but missing from default group
<13:39:17> [Error] [CVARS]: [MISSING] [ca_FacialAnimationRadius] specified in console variable group [sys_spec_objectdetail] = [7], but missing from default group
<13:39:17> [Error] [CVARS]: [MISSING] [ca_StreamCHR] specified in console variable group [sys_spec_objectdetail] = [7], but missing from default group
<13:39:17> [Error] [CVARS]: [MISSING] [ca_FacialAnimationRadius] specified in console variable group [sys_spec_objectdetail] = [8], but missing from default group
<13:39:17> [Error] [CVARS]: [MISSING] [ca_StreamCHR] specified in console variable group [sys_spec_objectdetail] = [8], but missing from default group
<13:39:17> Loading Config file %ENGINE%/Config/CVarGroups/sys_spec_particles.cfg (c:\users\mathe\appdata\local\programs\cryengine launcher\engines\crytek\cryengine-57-lts\5.7.1\engine\config\cvargroups\sys_spec_particles.cfg)
<13:39:17> [Error] [CVARS]: [MISSING] [e_ParticlesPoolSize] specified in console variable group [sys_spec_particles] = [5], but missing from default group
<13:39:17> [Error] [CVARS]: [MISSING] [e_ParticlesVertexPoolSize] specified in console variable group [sys_spec_particles] = [5], but missing from default group
<13:39:17> [Error] [CVARS]: [MISSING] [e_ParticlesPoolSize] specified in console variable group [sys_spec_particles] = [6], but missing from default group
<13:39:17> [Error] [CVARS]: [MISSING] [e_ParticlesVertexPoolSize] specified in console variable group [sys_spec_particles] = [6], but missing from default group
<13:39:17> Loading Config file %ENGINE%/Config/CVarGroups/sys_spec_physics.cfg (c:\users\mathe\appdata\local\programs\cryengine launcher\engines\crytek\cryengine-57-lts\5.7.1\engine\config\cvargroups\sys_spec_physics.cfg)
<13:39:17> [Error] [CVARS]: [MISSING] [p_num_threads] specified in console variable group [sys_spec_physics] = [7], but missing from default group
<13:39:17> [Error] [CVARS]: [MISSING] [p_num_threads] specified in console variable group [sys_spec_physics] = [8], but missing from default group
<13:39:17> Loading Config file %ENGINE%/Config/CVarGroups/sys_spec_postprocessing.cfg (c:\users\mathe\appdata\local\programs\cryengine launcher\engines\crytek\cryengine-57-lts\5.7.1\engine\config\cvargroups\sys_spec_postprocessing.cfg)
<13:39:17> [Error] [CVARS]: [MISSING] [r_HDRBloomQuality] specified in console variable group [sys_spec_postprocessing] = [5], but missing from default group
<13:39:17> [Error] [CVARS]: [MISSING] [r_FlareHQShafts] specified in console variable group [sys_spec_postprocessing] = [5], but missing from default group
<13:39:17> [Error] [CVARS]: [MISSING] [r_AntiAliasingMode] specified in console variable group [sys_spec_postprocessing] = [5], but missing from default group
<13:39:17> [Error] [CVARS]: [MISSING] [r_HDRBloomQuality] specified in console variable group [sys_spec_postprocessing] = [6], but missing from default group
<13:39:17> [Error] [CVARS]: [MISSING] [r_FlareHQShafts] specified in console variable group [sys_spec_postprocessing] = [6], but missing from default group
<13:39:17> [Error] [CVARS]: [MISSING] [r_AntiAliasingMode] specified in console variable group [sys_spec_postprocessing] = [6], but missing from default group
<13:39:17> [Error] [CVARS]: [MISSING] [r_HDRBloomQuality] specified in console variable group [sys_spec_postprocessing] = [7], but missing from default group
<13:39:17> [Error] [CVARS]: [MISSING] [r_FlareHQShafts] specified in console variable group [sys_spec_postprocessing] = [7], but missing from default group
<13:39:17> [Error] [CVARS]: [MISSING] [r_HDRBloomQuality] specified in console variable group [sys_spec_postprocessing] = [8], but missing from default group
<13:39:17> [Error] [CVARS]: [MISSING] [r_FlareHQShafts] specified in console variable group [sys_spec_postprocessing] = [8], but missing from default group
<13:39:17> [Error] [CVARS]: [MISSING] [r_AntiAliasingMode] specified in console variable group [sys_spec_postprocessing] = [8], but missing from default group
<13:39:17> Loading Config file %ENGINE%/Config/CVarGroups/sys_spec_quality.cfg (c:\users\mathe\appdata\local\programs\cryengine launcher\engines\crytek\cryengine-57-lts\5.7.1\engine\config\cvargroups\sys_spec_quality.cfg)
<13:39:17> Loading Config file %ENGINE%/Config/CVarGroups/sys_spec_shading.cfg (c:\users\mathe\appdata\local\programs\cryengine launcher\engines\crytek\cryengine-57-lts\5.7.1\engine\config\cvargroups\sys_spec_shading.cfg)
<13:39:17> [Error] [CVARS]: [MISSING] [r_SSDO] specified in console variable group [sys_spec_shading] = [5], but missing from default group
<13:39:17> [Error] [CVARS]: [MISSING] [r_SSDOColorBleeding] specified in console variable group [sys_spec_shading] = [5], but missing from default group
<13:39:17> [Error] [CVARS]: [MISSING] [r_volumetricfogtexdepth] specified in console variable group [sys_spec_shading] = [5], but missing from default group
<13:39:17> [Error] [CVARS]: [MISSING] [r_volumetricfogtexscale] specified in console variable group [sys_spec_shading] = [5], but missing from default group
<13:39:17> [Error] [CVARS]: [MISSING] [r_DeferredShadingTiled] specified in console variable group [sys_spec_shading] = [5], but missing from default group
<13:39:17> [Error] [CVARS]: [MISSING] [e_svoTI_NumStreamingThreads] specified in console variable group [sys_spec_shading] = [5], but missing from default group
<13:39:17> [Error] [CVARS]: [MISSING] [r_SSDO] specified in console variable group [sys_spec_shading] = [6], but missing from default group
<13:39:17> [Error] [CVARS]: [MISSING] [r_volumetricfogtexdepth] specified in console variable group [sys_spec_shading] = [6], but missing from default group
<13:39:17> [Error] [CVARS]: [MISSING] [r_volumetricfogtexscale] specified in console variable group [sys_spec_shading] = [6], but missing from default group
<13:39:17> [Error] [CVARS]: [MISSING] [r_DeferredShadingTiled] specified in console variable group [sys_spec_shading] = [6], but missing from default group
<13:39:17> [Error] [CVARS]: [MISSING] [e_svoTI_NumStreamingThreads] specified in console variable group [sys_spec_shading] = [6], but missing from default group
<13:39:17> [Error] [CVARS]: [MISSING] [r_SSDO] specified in console variable group [sys_spec_shading] = [7], but missing from default group
<13:39:17> [Error] [CVARS]: [MISSING] [r_volumetricfogtexdepth] specified in console variable group [sys_spec_shading] = [7], but missing from default group
<13:39:17> [Error] [CVARS]: [MISSING] [r_volumetricfogtexscale] specified in console variable group [sys_spec_shading] = [7], but missing from default group
<13:39:17> [Error] [CVARS]: [MISSING] [e_svoTI_NumStreamingThreads] specified in console variable group [sys_spec_shading] = [7], but missing from default group
<13:39:17> [Error] [CVARS]: [MISSING] [r_SSDO] specified in console variable group [sys_spec_shading] = [8], but missing from default group
<13:39:17> [Error] [CVARS]: [MISSING] [r_volumetricfogtexdepth] specified in console variable group [sys_spec_shading] = [8], but missing from default group
<13:39:17> [Error] [CVARS]: [MISSING] [r_volumetricfogtexscale] specified in console variable group [sys_spec_shading] = [8], but missing from default group
<13:39:17> [Error] [CVARS]: [MISSING] [e_svoTI_NumStreamingThreads] specified in console variable group [sys_spec_shading] = [8], but missing from default group
<13:39:17> Loading Config file %ENGINE%/Config/CVarGroups/sys_spec_shadows.cfg (c:\users\mathe\appdata\local\programs\cryengine launcher\engines\crytek\cryengine-57-lts\5.7.1\engine\config\cvargroups\sys_spec_shadows.cfg)
<13:39:17> [Error] [CVARS]: [MISSING] [q_ShaderShadow] specified in console variable group [sys_spec_shadows] = [5], but missing from default group
<13:39:17> [Error] [CVARS]: [MISSING] [r_ShadowsScreenSpace] specified in console variable group [sys_spec_shadows] = [5], but missing from default group
<13:39:17> [Error] [CVARS]: [MISSING] [e_ShadowsClouds] specified in console variable group [sys_spec_shadows] = [5], but missing from default group
<13:39:17> [Error] [CVARS]: [MISSING] [r_ShadowTexFormat] specified in console variable group [sys_spec_shadows] = [5], but missing from default group
<13:39:17> [Error] [CVARS]: [MISSING] [q_ShaderShadow] specified in console variable group [sys_spec_shadows] = [6], but missing from default group
<13:39:17> [Error] [CVARS]: [MISSING] [r_ShadowsScreenSpace] specified in console variable group [sys_spec_shadows] = [6], but missing from default group
<13:39:17> [Error] [CVARS]: [MISSING] [e_ShadowsClouds] specified in console variable group [sys_spec_shadows] = [6], but missing from default group
<13:39:17> [Error] [CVARS]: [MISSING] [r_ShadowTexFormat] specified in console variable group [sys_spec_shadows] = [6], but missing from default group
<13:39:17> [Error] [CVARS]: [MISSING] [q_ShaderShadow] specified in console variable group [sys_spec_shadows] = [7], but missing from default group
<13:39:17> [Error] [CVARS]: [MISSING] [r_ShadowsScreenSpace] specified in console variable group [sys_spec_shadows] = [7], but missing from default group
<13:39:17> [Error] [CVARS]: [MISSING] [e_ShadowsClouds] specified in console variable group [sys_spec_shadows] = [7], but missing from default group
<13:39:17> [Error] [CVARS]: [MISSING] [r_ShadowsStaticMap] specified in console variable group [sys_spec_shadows] = [7], but missing from default group
<13:39:17> [Error] [CVARS]: [MISSING] [q_ShaderShadow] specified in console variable group [sys_spec_shadows] = [8], but missing from default group
<13:39:17> [Error] [CVARS]: [MISSING] [r_ShadowsScreenSpace] specified in console variable group [sys_spec_shadows] = [8], but missing from default group
<13:39:17> [Error] [CVARS]: [MISSING] [e_ShadowsClouds] specified in console variable group [sys_spec_shadows] = [8], but missing from default group
<13:39:17> [Error] [CVARS]: [MISSING] [r_ShadowsStaticMap] specified in console variable group [sys_spec_shadows] = [8], but missing from default group
<13:39:17> Loading Config file %ENGINE%/Config/CVarGroups/sys_spec_sound.cfg (c:\users\mathe\appdata\local\programs\cryengine launcher\engines\crytek\cryengine-57-lts\5.7.1\engine\config\cvargroups\sys_spec_sound.cfg)
<13:39:17> Loading Config file %ENGINE%/Config/CVarGroups/sys_spec_texture.cfg (c:\users\mathe\appdata\local\programs\cryengine launcher\engines\crytek\cryengine-57-lts\5.7.1\engine\config\cvargroups\sys_spec_texture.cfg)
<13:39:17> [Error] [CVARS]: [MISSING] [r_texturesstreaming] specified in console variable group [sys_spec_texture] = [5], but missing from default group
<13:39:17> [Error] [CVARS]: [MISSING] [r_texturesstreampooldefragmentation] specified in console variable group [sys_spec_texture] = [5], but missing from default group
<13:39:17> [Error] [CVARS]: [MISSING] [r_buffer_banksize] specified in console variable group [sys_spec_texture] = [5], but missing from default group
<13:39:17> [Error] [CVARS]: [MISSING] [r_buffer_pool_defrag_static] specified in console variable group [sys_spec_texture] = [5], but missing from default group
<13:39:17> [Error] [CVARS]: [MISSING] [r_buffer_pool_defrag_dynamic] specified in console variable group [sys_spec_texture] = [5], but missing from default group
<13:39:17> [Error] [CVARS]: [MISSING] [r_buffer_pool_defrag_max_moves] specified in console variable group [sys_spec_texture] = [5], but missing from default group
<13:39:17> [Error] [CVARS]: [MISSING] [r_TexturesstreamingMinUsableMips] specified in console variable group [sys_spec_texture] = [5], but missing from default group
<13:39:17> [Error] [CVARS]: [MISSING] [r_TexturesStreamingSkipMips] specified in console variable group [sys_spec_texture] = [5], but missing from default group
<13:39:17> [Error] [CVARS]: [MISSING] [r_TexturesStreamPoolSize] specified in console variable group [sys_spec_texture] = [5], but missing from default group
<13:39:17> [Error] [CVARS]: [MISSING] [r_texturesstreaming] specified in console variable group [sys_spec_texture] = [6], but missing from default group
<13:39:17> [Error] [CVARS]: [MISSING] [r_texturesstreampooldefragmentation] specified in console variable group [sys_spec_texture] = [6], but missing from default group
<13:39:17> [Error] [CVARS]: [MISSING] [r_buffer_banksize] specified in console variable group [sys_spec_texture] = [6], but missing from default group
<13:39:17> [Error] [CVARS]: [MISSING] [r_buffer_pool_defrag_static] specified in console variable group [sys_spec_texture] = [6], but missing from default group
<13:39:17> [Error] [CVARS]: [MISSING] [r_buffer_pool_defrag_dynamic] specified in console variable group [sys_spec_texture] = [6], but missing from default group
<13:39:17> [Error] [CVARS]: [MISSING] [r_buffer_pool_defrag_max_moves] specified in console variable group [sys_spec_texture] = [6], but missing from default group
<13:39:17> [Error] [CVARS]: [MISSING] [r_TexturesstreamingMinUsableMips] specified in console variable group [sys_spec_texture] = [6], but missing from default group
<13:39:17> [Error] [CVARS]: [MISSING] [r_TexturesStreamingSkipMips] specified in console variable group [sys_spec_texture] = [6], but missing from default group
<13:39:17> [Error] [CVARS]: [MISSING] [r_TexturesStreamPoolSize] specified in console variable group [sys_spec_texture] = [6], but missing from default group
<13:39:17> [Error] [CVARS]: [MISSING] [r_texturesstreaming] specified in console variable group [sys_spec_texture] = [7], but missing from default group
<13:39:17> [Error] [CVARS]: [MISSING] [r_TexturesstreamingMinUsableMips] specified in console variable group [sys_spec_texture] = [7], but missing from default group
<13:39:17> [Error] [CVARS]: [MISSING] [r_TexturesStreamingSkipMips] specified in console variable group [sys_spec_texture] = [7], but missing from default group
<13:39:17> [Error] [CVARS]: [MISSING] [r_TexturesStreamPoolSize] specified in console variable group [sys_spec_texture] = [7], but missing from default group
<13:39:17> [Error] [CVARS]: [MISSING] [r_texturesstreaming] specified in console variable group [sys_spec_texture] = [8], but missing from default group
<13:39:17> [Error] [CVARS]: [MISSING] [r_TexturesstreamingMinUsableMips] specified in console variable group [sys_spec_texture] = [8], but missing from default group
<13:39:17> [Error] [CVARS]: [MISSING] [r_TexturesStreamingSkipMips] specified in console variable group [sys_spec_texture] = [8], but missing from default group
<13:39:17> [Error] [CVARS]: [MISSING] [r_TexturesStreamPoolSize] specified in console variable group [sys_spec_texture] = [8], but missing from default group
<13:39:17> Loading Config file %ENGINE%/Config/CVarGroups/sys_spec_textureresolution.cfg (c:\users\mathe\appdata\local\programs\cryengine launcher\engines\crytek\cryengine-57-lts\5.7.1\engine\config\cvargroups\sys_spec_textureresolution.cfg)
<13:39:17> Loading Config file %ENGINE%/Config/CVarGroups/sys_spec_volumetriceffects.cfg (c:\users\mathe\appdata\local\programs\cryengine launcher\engines\crytek\cryengine-57-lts\5.7.1\engine\config\cvargroups\sys_spec_volumetriceffects.cfg)
<13:39:17> Loading Config file %ENGINE%/Config/CVarGroups/sys_spec_water.cfg (c:\users\mathe\appdata\local\programs\cryengine launcher\engines\crytek\cryengine-57-lts\5.7.1\engine\config\cvargroups\sys_spec_water.cfg)
<13:39:17> <ThreadConfigInfo>: Thread profile loaded: "pc_Common" (%engine%/config/engine_core.thread_config)  
<13:39:17> [Warning] <ThreadConfigInfo>: (pc: 16 core) Unable to find platform config "pc_8". Next valid config found was pc_8.
<13:39:17> <ThreadConfigInfo>: Thread profile loaded: "pc_8" (%engine%/config/engine_core.thread_config)  
<13:39:17> <ThreadConfigInfo>: Thread profile loaded: "pc_Common" (%engine%/config/engine_sandbox.thread_config)  
<13:39:17> [Warning] <ThreadConfigInfo>: (pc: 16 core) Unable to find platform config "pc_8". Next valid config found was pc_8.
<13:39:17> <ThreadConfigInfo>: Thread profile loaded: "pc_8" (%engine%/config/engine_sandbox.thread_config)  
<13:39:17> UDR initialization
<13:39:17> Loading Module CryUDR.dll...
<13:39:17> Initializing CryUDR done, MemUsage=328Kb
<13:39:17> Windows 10 64 bit (build 10.0.22631)
<13:39:17> User name: "mathe"
<13:39:17> System language: Portuguese
<13:39:17> Windows Directory: "C:\Windows"
<13:39:17> Local time is 13:39:17 06/20/24, system running for 3939 minutes
<13:39:17> 32677MB physical memory installed, 21660MB available, 134217727MB virtual memory installed, 33 percent of memory in use
<13:39:17> PageFile usage: 64MB, Working Set: 73MB, Peak PageFile usage: 64MB,
<13:39:17> Current display mode is 2560x1440x32, (Unknown graphics card)
<13:39:17> IBM enhanced (101/102-key) keyboard and 16+ button mouse installed
<13:39:17> --------------------------------------------------------------------------------
<13:39:17> Stream Engine Initialization
<13:39:17> BuildTime: May 18 2022 02:19:29
<13:39:17> Physics initialization
<13:39:17> Loading Module CryPhysics.dll...
<13:39:17> Initializing CryPhysics done, MemUsage=1932Kb
<13:39:17> [Warning] Cannot open Pak file assets\localization\english_xml.pak
<13:39:17> Localized language content(english) not available or modified from the original installation.
<13:39:17> [Warning] Cannot open Pak file assets\localization\english.pak
<13:39:17> Localized language content(english) not available or modified from the original installation.
<13:39:17> [Warning] Cannot open Pak file assets\localization\english.pak
<13:39:17> Localized language content(english) not available or modified from the original installation.
<13:39:17> [Error] <Localization> No localization files found!
<13:39:17> <Audio>: AudioSystem initialization
<13:39:17> Loading Module CryAudioSystem.dll...
<13:39:17> <Audio>: CryAudioImplSDLMixer loaded
<13:39:17> Initializing CryAudioSystem done, MemUsage=3284Kb
<13:39:17> C# Backend initialization
<13:39:17> Loading Module CryMonoBridge.dll...
<13:39:17> Initializing CryMonoBridge done, MemUsage=700Kb
<13:39:17> Loading plug-in CryDefaultEntities
<13:39:17> Loading plug-in CrySensorSystem
<13:39:17> Loading plug-in CryScaleformSchematyc
<13:39:17> Loading plug-in CryPerceptionSystem
<13:39:17> Loading plug-in Game
<13:39:17> [Warning] Unable to load cursor from texture file. Path %ENGINE%/EngineAssets/Textures/Cursor_Green.dds
<13:39:17> Initialized hardware mouse (game is allowed to confine mouse to window)
<13:39:17> Renderer initialization
<13:39:17> Logging video adapters:
<13:39:17> - NVIDIA GeForce RTX 4070 Ti (vendor = 0x10de, device = 0x2782)
<13:39:17>   - Adapter index: 0
<13:39:17>   - Dedicated video memory: 11996 MB
<13:39:17>   - Feature level: D3D 11_1 (SM 5.x)
<13:39:17>   - Displays connected: yes
<13:39:17>   - Suitable rendering device: yes
<13:39:17> - Microsoft Basic Render Driver (vendor = 0x1414, device = 0x008c)
<13:39:17>   - Adapter index: 1
<13:39:17>   - Dedicated video memory: 0 MB
<13:39:17>   - Feature level: D3D 11_1 (SM 5.x)
<13:39:17>   - Displays connected: no
<13:39:17>   - Suitable rendering device: no
<13:39:17> Loading Module CryRenderD3D11.dll...
<13:39:17> CRenderer sizeof(Vec2f16)=4 sizeof(Vec3f16)=8
<13:39:17> Initializing CryRenderD3D11 done, MemUsage=3792Kb
<13:39:17> Initializing Direct3D and creating game window:
<13:39:17> Direct3D driver is creating...
<13:39:17> Crytek Direct3D driver version 3.00 (May 18 2022 <02:19:44>)
<13:39:17> Creating window called 'fpscpptest' (32x32)
<13:39:17> D3D Adapter: Description: NVIDIA GeForce RTX 4070 Ti
<13:39:17> D3D Adapter: Driver version (UMD): 32.00.15.5599
<13:39:17> D3D Adapter: VendorId = 0x10DE
<13:39:17> D3D Adapter: DeviceId = 0x2782
<13:39:17> D3D Adapter: SubSysId = 0x40C61458
<13:39:17> D3D Adapter: Revision = 161
<13:39:17> NVAPI: API init ok (0)
<13:39:17> NVAPI: Single GPU system
<13:39:17> NVDBT supported
<13:39:17> D3D Detected: NVIDIA video card
<13:39:17> Active GPUs: 1
<13:39:17> Using pixel texture formats:
<13:39:17>   R8G8B8A8S, mips, RT (blendable) (multi-sampled), sample, gather
<13:39:17>   R8G8B8A8, mips, sRGB, RT (blendable) (multi-sampled), sample, gather
<13:39:17>   A8, mips, RT (blendable) (multi-sampled), sample, gather
<13:39:17>   R8, mips, RT (blendable) (multi-sampled), sample, gather
<13:39:17>   R8S, mips, RT (blendable) (multi-sampled), sample, gather
<13:39:17>   R16, mips, RT (blendable) (multi-sampled), sample (comparable), gather (comparable)
<13:39:17>   R16S, mips, RT (blendable) (multi-sampled), sample, gather
<13:39:17>   R16F, mips, RT (blendable) (multi-sampled), sample, gather
<13:39:17>   R32F, mips, RT (blendable) (multi-sampled), sample (comparable), gather (comparable)
<13:39:17>   R8G8, mips, RT (blendable) (multi-sampled), sample, gather
<13:39:17>   R8G8S, mips, RT (blendable) (multi-sampled), sample, gather
<13:39:17>   R16G16, mips, RT (blendable) (multi-sampled), sample, gather
<13:39:17>   R16G16S, mips, RT (blendable) (multi-sampled), sample, gather
<13:39:17>   R16G16F, mips, RT (blendable) (multi-sampled), sample, gather
<13:39:17>   R32G32F, mips, RT (blendable) (multi-sampled), sample, gather
<13:39:17>   R11G11B10F, mips, RT (blendable) (multi-sampled), sample, gather
<13:39:17>   R10G10B10A2, mips, RT (blendable) (multi-sampled), sample, gather
<13:39:17>   R16G16B16A16, mips, RT (blendable) (multi-sampled), sample, gather
<13:39:17>   R16G16B16A16S, mips, RT (blendable) (multi-sampled), sample, gather
<13:39:17>   R16G16B16A16F, mips, RT (blendable) (multi-sampled), sample, gather
<13:39:17>   R32G32B32A32F, mips, RT (blendable) (multi-sampled), sample, gather
<13:39:17>   BC1, mips, sRGB, sample, gather
<13:39:17>   BC2, mips, sRGB, sample, gather
<13:39:17>   BC3, mips, sRGB, sample, gather
<13:39:17>   BC4, mips, sample, gather
<13:39:17>   BC4S, mips, sample, gather
<13:39:17>   BC5, mips, sample, gather
<13:39:17>   BC5S, mips, sample, gather
<13:39:17>   BC6UH, mips, sample, gather
<13:39:17>   BC6SH, mips, sample, gather
<13:39:17>   BC7, mips, sRGB, sample, gather
<13:39:17>   R9G9B9E5, mips, sample, gather
<13:39:17>   D32FS8 (R32G8T), mips, DS (multi-sampled)
<13:39:17>   D32F (R32T), mips, DS (multi-sampled)
<13:39:17>   D24S8 (R24G8T), mips, DS (multi-sampled)
<13:39:17>   D16 (R16T), mips, DS (multi-sampled)
<13:39:17>   B5G6R5, mips, RT (blendable) (multi-sampled), sample, gather
<13:39:17>   B5G5R5, mips, RT (blendable) (multi-sampled), sample, gather
<13:39:17>   B4G4R4A4, mips, sample, gather
<13:39:17>   B8G8R8A8, mips, sRGB, RT (blendable) (multi-sampled), sample, gather
<13:39:17>   B8G8R8X8, mips, sRGB, RT (blendable) (multi-sampled), sample, gather
<13:39:17>  Renderer DepthBits: 24
<13:39:17>  ****** CryRender InfoDump ******
<13:39:17>  Driver description: NVIDIA GeForce RTX 4070 Ti
<13:39:17>  API Version: Direct3D 11.0
<13:39:17>  Feature level: D3D 11_1
<13:39:17>  Vertex Shaders version 5.1
<13:39:17>  Pixel Shaders version 5.1
<13:39:17>  Full stats: 
<13:39:17>  Rasterizer: Hardware
<13:39:17>  Current Resolution: 0x0x32 Windowed
<13:39:17>  Occlusion queries: Supported
<13:39:17>  Geometry instancing: Supported
<13:39:17>  NormalMaps compression : Supported
<13:39:17>  Gamma control: Hardware
<13:39:17>  Used GeomInstancingThreshold is 8
<13:39:17>  Shader model usage: 'SM.5.0'
<13:39:17>  *****************************************
<13:39:17>  
<13:39:17> Init Shaders
<13:39:17>  General shader quality: Medium
<13:39:17>  Metal shader quality: Medium
<13:39:17>  Glass shader quality: Medium
<13:39:17>  Vegetation shader quality: Medium
<13:39:17>  Ice shader quality: Medium
<13:39:17>  Terrain shader quality: Medium
<13:39:17>  Shadow shader quality: Medium
<13:39:17>  Water shader quality: Medium
<13:39:17>  FX shader quality: Medium
<13:39:17>  PostProcess shader quality: Medium
<13:39:17>  HDR shader quality: Medium
<13:39:17> Render quality: VeryHigh
<13:39:17> Init textures management (11996 Mb of video memory is available)...
<13:39:17>   Enabling of textures streaming...
<13:39:17>   Using 6536 Mb of textures pool for streaming...
<13:39:17>   Video textures: Dynamic managed max size: 48 Mb
<13:39:17>   Finished initializing textures streaming...
<13:39:18> Initializing CryScaleformHelper done, MemUsage=0Kb
<13:39:18> Using Scaleform GFx 3.3.94
<13:39:18>   Using dynamic pool
<13:39:18> [Warning] <ThreadInfo>: Unable to find config for thread:GFxVideo_Decoder_2
<13:39:18> Font initialization
<13:39:18> Loading Module CryFont.dll...
<13:39:18> Using FreeType 2.5.5
<13:39:18> Initializing CryFont done, MemUsage=244Kb
<13:39:18> *** Init system render resources ***
<13:39:18> Loading Module CryNetwork.dll...
<13:39:18> [LagProfiles] Could not load "". 6 default profiles activated.
<13:39:18> [Error] Scheduler policy name should not exceed 4 characters.
<13:39:18> [net] Socket IO management: External [iocp], Internal [iocp]
<13:39:18> network hostname: matheuspc
<13:39:18>   ip:192.168.1.193
<13:39:18> [Network Version]: PROFILE DEVELOPMENT BUILD
<13:39:18> Initializing CryNetwork done, MemUsage=2376Kb
<13:39:18> Loading Module CryMovie.dll...
<13:39:18> Initializing CryMovie done, MemUsage=584Kb
<13:39:18> Engine installed on drive: 
<13:39:18> Time initialization
<13:39:18> Input initialization
<13:39:18> Loading Module CryInput.dll...
<13:39:18> Initializing DirectInput

<13:39:18> Initializing Keyboard

<13:39:18> Input locale changed to 00010416
<13:39:18> Initializing mouse
<13:39:18> Initializing CryInput done, MemUsage=1548Kb
<13:39:18> Initializing Animation System
<13:39:18> Loading Module CryAnimation.dll...
<13:39:18> Initializing CryAnimation done, MemUsage=1980Kb
<13:39:18> Init 3D Engine
<13:39:18> Loading Module Cry3DEngine.dll...
<13:39:18> Sky light: Optical lookup tables loaded off disc.
<13:39:18> Initializing Cry3DEngine done, MemUsage=5676Kb
<13:39:18> Script System Initialization
<13:39:18> Loading Module CryScriptSystem.dll...
<13:39:18> [Warning] [Lua Error] Failed to load script file scripts/common.lua
<13:39:18> Initializing CryScriptSystem done, MemUsage=732Kb
<13:39:18> Schematyc initialization
<13:39:18> Loading Module CrySchematyc.dll...
<13:39:18> Initializing CrySchematyc done, MemUsage=1716Kb
<13:39:18> Entity system initialization
<13:39:18> Loading Module CryEntitySystem.dll...
<13:39:18> Initializing CryEntitySystem done, MemUsage=2216Kb
<13:39:18> LiveCreate initialization
<13:39:18> LiveCreateHost not created, using NULL implementation.
<13:39:18> Dynamic Response System initialization
<13:39:18> Loading Module CryDynamicResponseSystem.dll...
<13:39:18> Initializing CryDynamicResponseSystem done, MemUsage=656Kb
<13:39:18> Loading Module CryFlowGraph.dll...
<13:39:18> Successfully registered flownode 'AI:PerceptionState'
<13:39:18> Successfully registered flownode 'AI:EventListener'
<13:39:18> Initializing CryFlowGraph done, MemUsage=1048Kb
<13:39:18> AI initialization
<13:39:18> Loading Module CryAISystem.dll...
<13:39:18> Initializing CryAISystem done, MemUsage=1568Kb
<13:39:18> Initializing AI System
<13:39:18> AI: [AISYSTEM] Initialization started.
<13:39:18> [Error] [CVARS]: [DUPLICATE] CXConsole::RegisterString(const char*): variable [ai_DebugDrawNavigationQueryListFilterByCaller] is already registered
<13:39:18> [Warning] XML reader: Can't open file (Scripts/AI/Navigation.xml)
<13:39:18> [Warning] AI: Failed to open XML file 'Scripts/AI/Navigation.xml'...
<13:39:18> [Warning] XML reader: Can't open file (Scripts/AI/Communication/CommunicationSystemConfiguration.xml)
<13:39:18> [Warning] AI: Failed to open XML file 'Scripts/AI/Communication/CommunicationSystemConfiguration.xml'...
<13:39:18> [Warning] XML reader: Can't open file (Scripts/AI/lookup.xml)
<13:39:18> [Warning] [Lua Error] Failed to load script file scripts/ai/aiconfig.lua
<13:39:18> Registering CentralInterestManager with EntitySystem
<13:39:18> [Warning] XML reader: Can't open file (Libs/AITargetStimulusConfig.xml)
<13:39:18> [Warning] AI: CTargetTrackManager::Init() Warning: Failed to load configuration file 'Libs/AITargetStimulusConfig.xml'
<13:39:18> Modular behavior tree node 'Sequence' has a class size of 88 bytes.
<13:39:18> Modular behavior tree node 'Selector' has a class size of 88 bytes.
<13:39:18> Modular behavior tree node 'Priority' has a class size of 88 bytes.
<13:39:18> Modular behavior tree node 'Parallel' has a class size of 96 bytes.
<13:39:18> Modular behavior tree node 'Loop' has a class size of 88 bytes.
<13:39:18> Modular behavior tree node 'LoopUntilSuccess' has a class size of 88 bytes.
<13:39:18> Modular behavior tree node 'StateMachine' has a class size of 88 bytes.
<13:39:18> Modular behavior tree node 'SendTransitionEvent' has a class size of 96 bytes.
<13:39:18> Modular behavior tree node 'IfCondition' has a class size of 120 bytes.
<13:39:18> Modular behavior tree node 'AssertCondition' has a class size of 104 bytes.
<13:39:18> Modular behavior tree node 'Timeout' has a class size of 72 bytes.
<13:39:18> Modular behavior tree node 'IfTime' has a class size of 120 bytes.
<13:39:18> Modular behavior tree node 'Wait' has a class size of 72 bytes.
<13:39:18> Modular behavior tree node 'MonitorCondition' has a class size of 104 bytes.
<13:39:18> Modular behavior tree node 'WaitForEvent' has a class size of 104 bytes.
<13:39:18> Modular behavior tree node 'WaitUntilTime' has a class size of 104 bytes.
<13:39:18> Modular behavior tree node 'Fail' has a class size of 64 bytes.
<13:39:18> Modular behavior tree node 'RandomGate' has a class size of 88 bytes.
<13:39:18> Modular behavior tree node 'SendEvent' has a class size of 104 bytes.
<13:39:18> Modular behavior tree node 'SuppressFailure' has a class size of 80 bytes.
<13:39:18> Modular behavior tree node 'AssertTime' has a class size of 104 bytes.
<13:39:18> Modular behavior tree node 'Halt' has a class size of 64 bytes.
<13:39:18> Modular behavior tree node 'Log' has a class size of 72 bytes.
<13:39:18> Modular behavior tree node 'Breakpoint' has a class size of 64 bytes.
<13:39:18> Modular behavior tree node 'AimAroundWhileUsingAMachingGun' has a class size of 72 bytes.
<13:39:18> Modular behavior tree node 'AnimationTagWrapper' has a class size of 96 bytes.
<13:39:18> Modular behavior tree node 'CheckIfTargetCanBeReached' has a class size of 72 bytes.
<13:39:18> Modular behavior tree node 'GoalPipe' has a class size of 72 bytes.
<13:39:18> Modular behavior tree node 'LuaWrapper' has a class size of 112 bytes.
<13:39:18> Modular behavior tree node 'SmartObjectStatesWrapper' has a class size of 96 bytes.
<13:39:18> Modular behavior tree node 'ThrowGrenade' has a class size of 104 bytes.
<13:39:18> Modular behavior tree node 'TurnBody' has a class size of 88 bytes.
<13:39:18> Modular behavior tree node 'AdjustCoverStance' has a class size of 80 bytes.
<13:39:18> Modular behavior tree node 'Aim' has a class size of 80 bytes.
<13:39:18> Modular behavior tree node 'Animate' has a class size of 80 bytes.
<13:39:18> Modular behavior tree node 'AssertLua' has a class size of 616 bytes.
<13:39:18> Modular behavior tree node 'Bubble' has a class size of 88 bytes.
<13:39:18> Modular behavior tree node 'ClearTargets' has a class size of 64 bytes.
<13:39:18> Modular behavior tree node 'Communicate' has a class size of 112 bytes.
<13:39:18> Modular behavior tree node 'ExecuteLua' has a class size of 616 bytes.
<13:39:18> Modular behavior tree node 'GroupScope' has a class size of 96 bytes.
<13:39:18> Modular behavior tree node 'Look' has a class size of 72 bytes.
<13:39:18> Modular behavior tree node 'LuaBehavior' has a class size of 72 bytes.
<13:39:18> Modular behavior tree node 'LuaGate' has a class size of 632 bytes.
<13:39:18> Modular behavior tree node 'Move' has a class size of 264 bytes.
<13:39:18> Modular behavior tree node 'PullDownThreatLevel' has a class size of 64 bytes.
<13:39:18> Modular behavior tree node 'QueryTPS' has a class size of 80 bytes.
<13:39:18> Modular behavior tree node 'SendTransitionSignal' has a class size of 80 bytes.
<13:39:18> Modular behavior tree node 'SetAlertness' has a class size of 72 bytes.
<13:39:18> Modular behavior tree node 'Shoot' has a class size of 104 bytes.
<13:39:18> Modular behavior tree node 'ShootFromCover' has a class size of 80 bytes.
<13:39:18> Modular behavior tree node 'Signal' has a class size of 80 bytes.
<13:39:18> Modular behavior tree node 'Stance' has a class size of 80 bytes.
<13:39:18> Modular behavior tree node 'StopMovement' has a class size of 72 bytes.
<13:39:18> Modular behavior tree node 'Basic_MoveToPosition' has a class size of 248 bytes.
<13:39:18> Modular behavior tree node 'Basic_MoveToCover' has a class size of 248 bytes.
<13:39:18> AI: [AISYSTEM] Initialization finished.
<13:39:18> [Warning] XML reader: Can't open file (Scripts/AI/Cover.xml)
<13:39:18> [Warning] AI: Failed to open XML file 'Scripts/AI/Cover.xml'...
<13:39:18> Initializing additional systems
<13:39:18> Loading Module CryAction.dll...
<13:39:18> [Warning] XML reader: Can't open file (Libs/Levels/leveltypes.xml)
<13:39:18> [Warning] [Lua Error] Failed to load script file Scripts/Entities/Vehicles/VehicleSystem.lua
<13:39:18> [Warning] XML reader: Can't open file (Scripts/Network/StatsConfig.xml)
<13:39:18> Modular behavior tree node 'AnimateFragment' has a class size of 80 bytes.
<13:39:18> [Warning] [Lua Error] Failed to load script file Scripts/Entities/Vehicles/VehiclePartDetached.lua
<13:39:18> Ending game context...
<13:39:18> [Warning] XML reader: Can't open file (Libs/GameForceFeedback/ForceFeedbackEffects.xml)
<13:39:18> [Warning] [ForceFeedback System] Could not load force feedback system data. Invalid XML file 'Libs/GameForceFeedback/ForceFeedbackEffects.xml'! 
<13:39:18> Initializing default materials...
<13:39:18> [Warning] XML reader: Can't open file (materials/material_layers_default.mtl)
<13:39:18> [Warning] [Lua Error] Failed to load script file scripts/main.lua
<13:39:18> [Warning] [CScriptSystem::BeginCall] Function OnInit not found(check for syntax errors or if the file wasn't loaded)
<13:39:18> [Warning] Could not load dialog file assets\Libs\DynamicResponseSystem\DialogLines/dialoglines.dialog
<13:39:18> [Schematyc]: Loading...
<13:39:18> [Schematyc]: Loading settings
<13:39:18> [Warning] XML reader: Can't open file (assets/cryschematycsettings/log_settings.sc_settings)
<13:39:18> [Schematyc]: Loading scripts
<13:39:18> [Schematyc]: Compiling scripts
<13:39:18> [Schematyc]: Loading complete
<13:39:18> [CONSOLE] Executing console command 'exec autoexec.cfg'
<13:39:18> Searching console batch file (try game, config, root): "autoexec.cfg" not found!
<13:39:18> Initializing CryAction done, MemUsage=62204Kb
<13:39:18> failed to find CVar: r_Unlit

<13:39:18> OnSysSpecChange(0)
<13:39:18> Loading Config file %ENGINEROOT%/editor.cfg (c:\users\mathe\appdata\local\programs\cryengine launcher\engines\crytek\cryengine-57-lts\5.7.1\editor.cfg)
<13:39:18> Current Language: Portuguese 
<13:39:18> Windows 10 10.0 (C:\Windows)
<13:39:18> Local time is 13:39:18 06/20/24, system running for 3939 minutes
<13:39:18> 32677MB phys. memory installed, 37886MB paging available
<13:39:18> Current display mode is 2560x1440x32, (Unknown graphics card)
<13:39:18> IBM enhanced (101/102-key) keyboard and 16+ button mouse installed
<13:39:18> --------------------------------------------------------------------------------
<13:39:18> Loading Config file singleplayer.cfg (c:\users\mathe\appdata\local\programs\cryengine launcher\engines\crytek\cryengine-57-lts\5.7.1\engine\config\singleplayer.cfg)