BackupNameAttachment=" Build(3146) 18 Jun 24 (18 29 36)"  -- used by backup system

Log Started at Tue Jun 18 18:29:36 2024
Built on May 18 2022 02:19:29
Built for: Windows Version: 0x00000600
Command Line: "C:/Users/mathe/AppData/Local/Programs/CRYENGINE Launcher/Engines/crytek/cryengine-57-lts/5.7.1/bin/win_x64/GameLauncher.exe" -project "C:/Users/mathe/Documents/CRYENGINE Projects/fpscpptest/Code/../Game.cryproject"
Executable: C:\Users\mathe\AppData\Local\Programs\CRYENGINE Launcher\Engines\crytek\cryengine-57-lts\5.7.1\bin\win_x64\GameLauncher.exe
FileVersion: 5.7.1.3146
ProductVersion: 5.7.1.3146
Loading Config file %ENGINEROOT%/system.cfg (c:\users\mathe\appdata\local\programs\cryengine launcher\engines\crytek\cryengine-57-lts\5.7.1\system.cfg)
[Warning] Cannot open Pak file c:\users\mathe\appdata\local\programs\cryengine launcher\engines\crytek\cryengine-57-lts\5.7.1\config.pak
 
    con_debug = 0 []
    con_display_last_messages = 0 []
    con_font_size = 14 []
    con_line_buffer_size = 1000 []
    con_restricted = 0 [RESTRICTEDMODE]
    con_showonload = 0 []
 
    con_debug = 0 []
    con_display_last_messages = 0 []
    con_font_size = 14 []
    con_line_buffer_size = 1000 []
    con_restricted = 0 [RESTRICTEDMODE]
    con_showonload = 0 []
 
    con_debug = 0 []
 
    con_debug = 0 []
Project fpscpptest
Using Project Folder C:/Users/mathe/Documents/CRYENGINE Projects/fpscpptest
Using Engine Folder C:\Users\mathe\AppData\Local\Programs\CRYENGINE Launcher\Engines\crytek\cryengine-57-lts\5.7.1/
Using Asset Folder c:/users/mathe/documents/cryengine projects/fpscpptest/assets

Total number of logical processors: 16
Number of available logical processors: 16
Total number of system cores: 8
Number of cores available to process: 8
 
Processor 0:
  CPU: AMD AMD Ryzen 7 5800X3D 8-Core Processor           
  Family: 15, Model: 1, Stepping: 2, FPU: On-Chip
  Features: FP16, SSE, SSE2, SSE3, SSE4.2, AVX, AVX2, FMA3
 
Processor 1:
  CPU: AMD AMD Ryzen 7 5800X3D 8-Core Processor           
  Family: 15, Model: 1, Stepping: 2, FPU: On-Chip
  Features: FP16, SSE, SSE2, SSE3, SSE4.2, AVX, AVX2, FMA3
 
Processor 2:
  CPU: AMD AMD Ryzen 7 5800X3D 8-Core Processor           
  Family: 15, Model: 1, Stepping: 2, FPU: On-Chip
  Features: FP16, SSE, SSE2, SSE3, SSE4.2, AVX, AVX2, FMA3
 
Processor 3:
  CPU: AMD AMD Ryzen 7 5800X3D 8-Core Processor           
  Family: 15, Model: 1, Stepping: 2, FPU: On-Chip
  Features: FP16, SSE, SSE2, SSE3, SSE4.2, AVX, AVX2, FMA3
 
Processor 4:
  CPU: AMD AMD Ryzen 7 5800X3D 8-Core Processor           
  Family: 15, Model: 1, Stepping: 2, FPU: On-Chip
  Features: FP16, SSE, SSE2, SSE3, SSE4.2, AVX, AVX2, FMA3
 
Processor 5:
  CPU: AMD AMD Ryzen 7 5800X3D 8-Core Processor           
  Family: 15, Model: 1, Stepping: 2, FPU: On-Chip
  Features: FP16, SSE, SSE2, SSE3, SSE4.2, AVX, AVX2, FMA3
 
Processor 6:
  CPU: AMD AMD Ryzen 7 5800X3D 8-Core Processor           
  Family: 15, Model: 1, Stepping: 2, FPU: On-Chip
  Features: FP16, SSE, SSE2, SSE3, SSE4.2, AVX, AVX2, FMA3
 
Processor 7:
  CPU: AMD AMD Ryzen 7 5800X3D 8-Core Processor           
  Family: 15, Model: 1, Stepping: 2, FPU: On-Chip
  Features: FP16, SSE, SSE2, SSE3, SSE4.2, AVX, AVX2, FMA3
 
<18:29:36> creating CVarGroups from directory 'assets/Config/CVarGroups' ...
<18:29:36> creating CVarGroups from directory '%ENGINE%/Config/CVarGroups' ...
<18:29:36> Loading Config file %ENGINE%/Config/CVarGroups/sys_spec_full.cfg (c:\users\mathe\appdata\local\programs\cryengine launcher\engines\crytek\cryengine-57-lts\5.7.1\engine\config\cvargroups\sys_spec_full.cfg)
<18:29:36> Loading Config file %ENGINE%/Config/CVarGroups/sys_spec_gameeffects.cfg (c:\users\mathe\appdata\local\programs\cryengine launcher\engines\crytek\cryengine-57-lts\5.7.1\engine\config\cvargroups\sys_spec_gameeffects.cfg)
<18:29:36> Loading Config file %ENGINE%/Config/CVarGroups/sys_spec_light.cfg (c:\users\mathe\appdata\local\programs\cryengine launcher\engines\crytek\cryengine-57-lts\5.7.1\engine\config\cvargroups\sys_spec_light.cfg)
<18:29:36> Loading Config file %ENGINE%/Config/CVarGroups/sys_spec_objectdetail.cfg (c:\users\mathe\appdata\local\programs\cryengine launcher\engines\crytek\cryengine-57-lts\5.7.1\engine\config\cvargroups\sys_spec_objectdetail.cfg)
<18:29:36> [Error] [CVARS]: [MISSING] [r_UseZPass] specified in console variable group [sys_spec_objectdetail] = [5], but missing from default group
<18:29:36> [Error] [CVARS]: [MISSING] [r_MeshPoolSize] specified in console variable group [sys_spec_objectdetail] = [5], but missing from default group
<18:29:36> [Error] [CVARS]: [MISSING] [r_MeshInstancePoolSize] specified in console variable group [sys_spec_objectdetail] = [5], but missing from default group
<18:29:36> [Error] [CVARS]: [MISSING] [e_StreamCgfPoolSize] specified in console variable group [sys_spec_objectdetail] = [5], but missing from default group
<18:29:36> [Error] [CVARS]: [MISSING] [e_GeomCacheBufferSize] specified in console variable group [sys_spec_objectdetail] = [5], but missing from default group
<18:29:36> [Error] [CVARS]: [MISSING] [r_UseZPass] specified in console variable group [sys_spec_objectdetail] = [6], but missing from default group
<18:29:36> [Error] [CVARS]: [MISSING] [r_MeshPoolSize] specified in console variable group [sys_spec_objectdetail] = [6], but missing from default group
<18:29:36> [Error] [CVARS]: [MISSING] [r_MeshInstancePoolSize] specified in console variable group [sys_spec_objectdetail] = [6], but missing from default group
<18:29:36> [Error] [CVARS]: [MISSING] [e_StreamCgfPoolSize] specified in console variable group [sys_spec_objectdetail] = [6], but missing from default group
<18:29:36> [Error] [CVARS]: [MISSING] [e_GeomCacheBufferSize] specified in console variable group [sys_spec_objectdetail] = [6], but missing from default group
<18:29:36> [Error] [CVARS]: [MISSING] [ca_FacialAnimationRadius] specified in console variable group [sys_spec_objectdetail] = [7], but missing from default group
<18:29:36> [Error] [CVARS]: [MISSING] [ca_StreamCHR] specified in console variable group [sys_spec_objectdetail] = [7], but missing from default group
<18:29:36> [Error] [CVARS]: [MISSING] [ca_FacialAnimationRadius] specified in console variable group [sys_spec_objectdetail] = [8], but missing from default group
<18:29:36> [Error] [CVARS]: [MISSING] [ca_StreamCHR] specified in console variable group [sys_spec_objectdetail] = [8], but missing from default group
<18:29:36> Loading Config file %ENGINE%/Config/CVarGroups/sys_spec_particles.cfg (c:\users\mathe\appdata\local\programs\cryengine launcher\engines\crytek\cryengine-57-lts\5.7.1\engine\config\cvargroups\sys_spec_particles.cfg)
<18:29:36> [Error] [CVARS]: [MISSING] [e_ParticlesPoolSize] specified in console variable group [sys_spec_particles] = [5], but missing from default group
<18:29:36> [Error] [CVARS]: [MISSING] [e_ParticlesVertexPoolSize] specified in console variable group [sys_spec_particles] = [5], but missing from default group
<18:29:36> [Error] [CVARS]: [MISSING] [e_ParticlesPoolSize] specified in console variable group [sys_spec_particles] = [6], but missing from default group
<18:29:36> [Error] [CVARS]: [MISSING] [e_ParticlesVertexPoolSize] specified in console variable group [sys_spec_particles] = [6], but missing from default group
<18:29:36> Loading Config file %ENGINE%/Config/CVarGroups/sys_spec_physics.cfg (c:\users\mathe\appdata\local\programs\cryengine launcher\engines\crytek\cryengine-57-lts\5.7.1\engine\config\cvargroups\sys_spec_physics.cfg)
<18:29:36> [Error] [CVARS]: [MISSING] [p_num_threads] specified in console variable group [sys_spec_physics] = [7], but missing from default group
<18:29:36> [Error] [CVARS]: [MISSING] [p_num_threads] specified in console variable group [sys_spec_physics] = [8], but missing from default group
<18:29:36> Loading Config file %ENGINE%/Config/CVarGroups/sys_spec_postprocessing.cfg (c:\users\mathe\appdata\local\programs\cryengine launcher\engines\crytek\cryengine-57-lts\5.7.1\engine\config\cvargroups\sys_spec_postprocessing.cfg)
<18:29:36> [Error] [CVARS]: [MISSING] [r_HDRBloomQuality] specified in console variable group [sys_spec_postprocessing] = [5], but missing from default group
<18:29:36> [Error] [CVARS]: [MISSING] [r_FlareHQShafts] specified in console variable group [sys_spec_postprocessing] = [5], but missing from default group
<18:29:36> [Error] [CVARS]: [MISSING] [r_AntiAliasingMode] specified in console variable group [sys_spec_postprocessing] = [5], but missing from default group
<18:29:36> [Error] [CVARS]: [MISSING] [r_HDRBloomQuality] specified in console variable group [sys_spec_postprocessing] = [6], but missing from default group
<18:29:36> [Error] [CVARS]: [MISSING] [r_FlareHQShafts] specified in console variable group [sys_spec_postprocessing] = [6], but missing from default group
<18:29:36> [Error] [CVARS]: [MISSING] [r_AntiAliasingMode] specified in console variable group [sys_spec_postprocessing] = [6], but missing from default group
<18:29:36> [Error] [CVARS]: [MISSING] [r_HDRBloomQuality] specified in console variable group [sys_spec_postprocessing] = [7], but missing from default group
<18:29:36> [Error] [CVARS]: [MISSING] [r_FlareHQShafts] specified in console variable group [sys_spec_postprocessing] = [7], but missing from default group
<18:29:36> [Error] [CVARS]: [MISSING] [r_HDRBloomQuality] specified in console variable group [sys_spec_postprocessing] = [8], but missing from default group
<18:29:36> [Error] [CVARS]: [MISSING] [r_FlareHQShafts] specified in console variable group [sys_spec_postprocessing] = [8], but missing from default group
<18:29:36> [Error] [CVARS]: [MISSING] [r_AntiAliasingMode] specified in console variable group [sys_spec_postprocessing] = [8], but missing from default group
<18:29:36> Loading Config file %ENGINE%/Config/CVarGroups/sys_spec_quality.cfg (c:\users\mathe\appdata\local\programs\cryengine launcher\engines\crytek\cryengine-57-lts\5.7.1\engine\config\cvargroups\sys_spec_quality.cfg)
<18:29:36> Loading Config file %ENGINE%/Config/CVarGroups/sys_spec_shading.cfg (c:\users\mathe\appdata\local\programs\cryengine launcher\engines\crytek\cryengine-57-lts\5.7.1\engine\config\cvargroups\sys_spec_shading.cfg)
<18:29:36> [Error] [CVARS]: [MISSING] [r_SSDO] specified in console variable group [sys_spec_shading] = [5], but missing from default group
<18:29:36> [Error] [CVARS]: [MISSING] [r_SSDOColorBleeding] specified in console variable group [sys_spec_shading] = [5], but missing from default group
<18:29:36> [Error] [CVARS]: [MISSING] [r_volumetricfogtexdepth] specified in console variable group [sys_spec_shading] = [5], but missing from default group
<18:29:36> [Error] [CVARS]: [MISSING] [r_volumetricfogtexscale] specified in console variable group [sys_spec_shading] = [5], but missing from default group
<18:29:36> [Error] [CVARS]: [MISSING] [r_DeferredShadingTiled] specified in console variable group [sys_spec_shading] = [5], but missing from default group
<18:29:36> [Error] [CVARS]: [MISSING] [e_svoTI_NumStreamingThreads] specified in console variable group [sys_spec_shading] = [5], but missing from default group
<18:29:36> [Error] [CVARS]: [MISSING] [r_SSDO] specified in console variable group [sys_spec_shading] = [6], but missing from default group
<18:29:36> [Error] [CVARS]: [MISSING] [r_volumetricfogtexdepth] specified in console variable group [sys_spec_shading] = [6], but missing from default group
<18:29:36> [Error] [CVARS]: [MISSING] [r_volumetricfogtexscale] specified in console variable group [sys_spec_shading] = [6], but missing from default group
<18:29:36> [Error] [CVARS]: [MISSING] [r_DeferredShadingTiled] specified in console variable group [sys_spec_shading] = [6], but missing from default group
<18:29:36> [Error] [CVARS]: [MISSING] [e_svoTI_NumStreamingThreads] specified in console variable group [sys_spec_shading] = [6], but missing from default group
<18:29:36> [Error] [CVARS]: [MISSING] [r_SSDO] specified in console variable group [sys_spec_shading] = [7], but missing from default group
<18:29:36> [Error] [CVARS]: [MISSING] [r_volumetricfogtexdepth] specified in console variable group [sys_spec_shading] = [7], but missing from default group
<18:29:36> [Error] [CVARS]: [MISSING] [r_volumetricfogtexscale] specified in console variable group [sys_spec_shading] = [7], but missing from default group
<18:29:36> [Error] [CVARS]: [MISSING] [e_svoTI_NumStreamingThreads] specified in console variable group [sys_spec_shading] = [7], but missing from default group
<18:29:36> [Error] [CVARS]: [MISSING] [r_SSDO] specified in console variable group [sys_spec_shading] = [8], but missing from default group
<18:29:36> [Error] [CVARS]: [MISSING] [r_volumetricfogtexdepth] specified in console variable group [sys_spec_shading] = [8], but missing from default group
<18:29:36> [Error] [CVARS]: [MISSING] [r_volumetricfogtexscale] specified in console variable group [sys_spec_shading] = [8], but missing from default group
<18:29:36> [Error] [CVARS]: [MISSING] [e_svoTI_NumStreamingThreads] specified in console variable group [sys_spec_shading] = [8], but missing from default group
<18:29:36> Loading Config file %ENGINE%/Config/CVarGroups/sys_spec_shadows.cfg (c:\users\mathe\appdata\local\programs\cryengine launcher\engines\crytek\cryengine-57-lts\5.7.1\engine\config\cvargroups\sys_spec_shadows.cfg)
<18:29:36> [Error] [CVARS]: [MISSING] [q_ShaderShadow] specified in console variable group [sys_spec_shadows] = [5], but missing from default group
<18:29:36> [Error] [CVARS]: [MISSING] [r_ShadowsScreenSpace] specified in console variable group [sys_spec_shadows] = [5], but missing from default group
<18:29:36> [Error] [CVARS]: [MISSING] [e_ShadowsClouds] specified in console variable group [sys_spec_shadows] = [5], but missing from default group
<18:29:36> [Error] [CVARS]: [MISSING] [r_ShadowTexFormat] specified in console variable group [sys_spec_shadows] = [5], but missing from default group
<18:29:36> [Error] [CVARS]: [MISSING] [q_ShaderShadow] specified in console variable group [sys_spec_shadows] = [6], but missing from default group
<18:29:36> [Error] [CVARS]: [MISSING] [r_ShadowsScreenSpace] specified in console variable group [sys_spec_shadows] = [6], but missing from default group
<18:29:36> [Error] [CVARS]: [MISSING] [e_ShadowsClouds] specified in console variable group [sys_spec_shadows] = [6], but missing from default group
<18:29:36> [Error] [CVARS]: [MISSING] [r_ShadowTexFormat] specified in console variable group [sys_spec_shadows] = [6], but missing from default group
<18:29:36> [Error] [CVARS]: [MISSING] [q_ShaderShadow] specified in console variable group [sys_spec_shadows] = [7], but missing from default group
<18:29:36> [Error] [CVARS]: [MISSING] [r_ShadowsScreenSpace] specified in console variable group [sys_spec_shadows] = [7], but missing from default group
<18:29:36> [Error] [CVARS]: [MISSING] [e_ShadowsClouds] specified in console variable group [sys_spec_shadows] = [7], but missing from default group
<18:29:36> [Error] [CVARS]: [MISSING] [r_ShadowsStaticMap] specified in console variable group [sys_spec_shadows] = [7], but missing from default group
<18:29:36> [Error] [CVARS]: [MISSING] [q_ShaderShadow] specified in console variable group [sys_spec_shadows] = [8], but missing from default group
<18:29:36> [Error] [CVARS]: [MISSING] [r_ShadowsScreenSpace] specified in console variable group [sys_spec_shadows] = [8], but missing from default group
<18:29:36> [Error] [CVARS]: [MISSING] [e_ShadowsClouds] specified in console variable group [sys_spec_shadows] = [8], but missing from default group
<18:29:36> [Error] [CVARS]: [MISSING] [r_ShadowsStaticMap] specified in console variable group [sys_spec_shadows] = [8], but missing from default group
<18:29:36> Loading Config file %ENGINE%/Config/CVarGroups/sys_spec_sound.cfg (c:\users\mathe\appdata\local\programs\cryengine launcher\engines\crytek\cryengine-57-lts\5.7.1\engine\config\cvargroups\sys_spec_sound.cfg)
<18:29:36> Loading Config file %ENGINE%/Config/CVarGroups/sys_spec_texture.cfg (c:\users\mathe\appdata\local\programs\cryengine launcher\engines\crytek\cryengine-57-lts\5.7.1\engine\config\cvargroups\sys_spec_texture.cfg)
<18:29:36> [Error] [CVARS]: [MISSING] [r_texturesstreaming] specified in console variable group [sys_spec_texture] = [5], but missing from default group
<18:29:36> [Error] [CVARS]: [MISSING] [r_texturesstreampooldefragmentation] specified in console variable group [sys_spec_texture] = [5], but missing from default group
<18:29:36> [Error] [CVARS]: [MISSING] [r_buffer_banksize] specified in console variable group [sys_spec_texture] = [5], but missing from default group
<18:29:36> [Error] [CVARS]: [MISSING] [r_buffer_pool_defrag_static] specified in console variable group [sys_spec_texture] = [5], but missing from default group
<18:29:36> [Error] [CVARS]: [MISSING] [r_buffer_pool_defrag_dynamic] specified in console variable group [sys_spec_texture] = [5], but missing from default group
<18:29:36> [Error] [CVARS]: [MISSING] [r_buffer_pool_defrag_max_moves] specified in console variable group [sys_spec_texture] = [5], but missing from default group
<18:29:36> [Error] [CVARS]: [MISSING] [r_TexturesstreamingMinUsableMips] specified in console variable group [sys_spec_texture] = [5], but missing from default group
<18:29:36> [Error] [CVARS]: [MISSING] [r_TexturesStreamingSkipMips] specified in console variable group [sys_spec_texture] = [5], but missing from default group
<18:29:36> [Error] [CVARS]: [MISSING] [r_TexturesStreamPoolSize] specified in console variable group [sys_spec_texture] = [5], but missing from default group
<18:29:36> [Error] [CVARS]: [MISSING] [r_texturesstreaming] specified in console variable group [sys_spec_texture] = [6], but missing from default group
<18:29:36> [Error] [CVARS]: [MISSING] [r_texturesstreampooldefragmentation] specified in console variable group [sys_spec_texture] = [6], but missing from default group
<18:29:36> [Error] [CVARS]: [MISSING] [r_buffer_banksize] specified in console variable group [sys_spec_texture] = [6], but missing from default group
<18:29:36> [Error] [CVARS]: [MISSING] [r_buffer_pool_defrag_static] specified in console variable group [sys_spec_texture] = [6], but missing from default group
<18:29:36> [Error] [CVARS]: [MISSING] [r_buffer_pool_defrag_dynamic] specified in console variable group [sys_spec_texture] = [6], but missing from default group
<18:29:36> [Error] [CVARS]: [MISSING] [r_buffer_pool_defrag_max_moves] specified in console variable group [sys_spec_texture] = [6], but missing from default group
<18:29:36> [Error] [CVARS]: [MISSING] [r_TexturesstreamingMinUsableMips] specified in console variable group [sys_spec_texture] = [6], but missing from default group
<18:29:36> [Error] [CVARS]: [MISSING] [r_TexturesStreamingSkipMips] specified in console variable group [sys_spec_texture] = [6], but missing from default group
<18:29:36> [Error] [CVARS]: [MISSING] [r_TexturesStreamPoolSize] specified in console variable group [sys_spec_texture] = [6], but missing from default group
<18:29:36> [Error] [CVARS]: [MISSING] [r_texturesstreaming] specified in console variable group [sys_spec_texture] = [7], but missing from default group
<18:29:36> [Error] [CVARS]: [MISSING] [r_TexturesstreamingMinUsableMips] specified in console variable group [sys_spec_texture] = [7], but missing from default group
<18:29:36> [Error] [CVARS]: [MISSING] [r_TexturesStreamingSkipMips] specified in console variable group [sys_spec_texture] = [7], but missing from default group
<18:29:36> [Error] [CVARS]: [MISSING] [r_TexturesStreamPoolSize] specified in console variable group [sys_spec_texture] = [7], but missing from default group
<18:29:36> [Error] [CVARS]: [MISSING] [r_texturesstreaming] specified in console variable group [sys_spec_texture] = [8], but missing from default group
<18:29:36> [Error] [CVARS]: [MISSING] [r_TexturesstreamingMinUsableMips] specified in console variable group [sys_spec_texture] = [8], but missing from default group
<18:29:36> [Error] [CVARS]: [MISSING] [r_TexturesStreamingSkipMips] specified in console variable group [sys_spec_texture] = [8], but missing from default group
<18:29:36> [Error] [CVARS]: [MISSING] [r_TexturesStreamPoolSize] specified in console variable group [sys_spec_texture] = [8], but missing from default group
<18:29:36> Loading Config file %ENGINE%/Config/CVarGroups/sys_spec_textureresolution.cfg (c:\users\mathe\appdata\local\programs\cryengine launcher\engines\crytek\cryengine-57-lts\5.7.1\engine\config\cvargroups\sys_spec_textureresolution.cfg)
<18:29:36> Loading Config file %ENGINE%/Config/CVarGroups/sys_spec_volumetriceffects.cfg (c:\users\mathe\appdata\local\programs\cryengine launcher\engines\crytek\cryengine-57-lts\5.7.1\engine\config\cvargroups\sys_spec_volumetriceffects.cfg)
<18:29:36> Loading Config file %ENGINE%/Config/CVarGroups/sys_spec_water.cfg (c:\users\mathe\appdata\local\programs\cryengine launcher\engines\crytek\cryengine-57-lts\5.7.1\engine\config\cvargroups\sys_spec_water.cfg)
<18:29:36> <ThreadConfigInfo>: Thread profile loaded: "pc_Common" (%engine%/config/engine_core.thread_config)  
<18:29:36> [Warning] <ThreadConfigInfo>: (pc: 16 core) Unable to find platform config "pc_8". Next valid config found was pc_8.
<18:29:36> <ThreadConfigInfo>: Thread profile loaded: "pc_8" (%engine%/config/engine_core.thread_config)  
<18:29:36> UDR initialization
<18:29:36> Loading Module CryUDR.dll...
<18:29:36> Initializing CryUDR done, MemUsage=404Kb
<18:29:36> Windows 10 64 bit (build 10.0.22631)
<18:29:36> User name: "mathe"
<18:29:36> System language: Portuguese
<18:29:36> Windows Directory: "C:\Windows"
<18:29:36> Local time is 18:29:36 06/18/24, system running for 1349 minutes
<18:29:36> 32677MB physical memory installed, 21057MB available, 134217727MB virtual memory installed, 35 percent of memory in use
<18:29:36> PageFile usage: 46MB, Working Set: 37MB, Peak PageFile usage: 46MB,
<18:29:36> Current display mode is 2560x1440x32, (Unknown graphics card)
<18:29:36> IBM enhanced (101/102-key) keyboard and 16+ button mouse installed
<18:29:36> --------------------------------------------------------------------------------
<18:29:36> Stream Engine Initialization
<18:29:36> BuildTime: May 18 2022 02:19:29
<18:29:36> Physics initialization
<18:29:36> Loading Module CryPhysics.dll...
<18:29:36> Initializing CryPhysics done, MemUsage=1164Kb
<18:29:36> [Warning] Cannot open Pak file assets\localization\english_xml.pak
<18:29:36> Localized language content(english) not available or modified from the original installation.
<18:29:36> [Warning] Cannot open Pak file assets\localization\english.pak
<18:29:36> Localized language content(english) not available or modified from the original installation.
<18:29:36> [Warning] Cannot open Pak file assets\localization\english.pak
<18:29:36> Localized language content(english) not available or modified from the original installation.
<18:29:36> [Error] <Localization> No localization files found!
<18:29:36> <Audio>: AudioSystem initialization
<18:29:36> Loading Module CryAudioSystem.dll...
<18:29:36> [CVARS]: [CHANGED] variable [s_LoggingOptions] from [448] to [448]; Marked as [VF_CHEAT]
<18:29:36> <Audio>: CryAudioImplSDLMixer loaded
<18:29:36> Initializing CryAudioSystem done, MemUsage=4456Kb
<18:29:36> C# Backend initialization
<18:29:36> Loading Module CryMonoBridge.dll...
<18:29:36> Initializing CryMonoBridge done, MemUsage=744Kb
<18:29:36> Loading plug-in CryDefaultEntities
<18:29:36> Loading plug-in CrySensorSystem
<18:29:36> Loading plug-in CryScaleformSchematyc
<18:29:36> Loading plug-in CryPerceptionSystem
<18:29:36> Loading plug-in Game
<18:29:36> Initialized hardware mouse (game is allowed to confine mouse to window)
<18:29:36> Renderer initialization
<18:29:36> Logging video adapters:
<18:29:36> - NVIDIA GeForce RTX 4070 Ti (vendor = 0x10de, device = 0x2782)
<18:29:36>   - Adapter index: 0
<18:29:36>   - Dedicated video memory: 11996 MB
<18:29:36>   - Feature level: D3D 11_1 (SM 5.x)
<18:29:36>   - Displays connected: yes
<18:29:36>   - Suitable rendering device: yes
<18:29:36> - Microsoft Basic Render Driver (vendor = 0x1414, device = 0x008c)
<18:29:36>   - Adapter index: 1
<18:29:36>   - Dedicated video memory: 0 MB
<18:29:36>   - Feature level: D3D 11_1 (SM 5.x)
<18:29:36>   - Displays connected: no
<18:29:36>   - Suitable rendering device: no
<18:29:36> Loading Module CryRenderD3D11.dll...
<18:29:36> CRenderer sizeof(Vec2f16)=4 sizeof(Vec3f16)=8
<18:29:36> Initializing CryRenderD3D11 done, MemUsage=4092Kb
<18:29:36> Initializing Direct3D and creating game window:
<18:29:36> Direct3D driver is creating...
<18:29:36> Crytek Direct3D driver version 3.00 (May 18 2022 <02:19:44>)
<18:29:36> Creating window called 'fpscpptest' (1704x959)
<18:29:36> D3D Adapter: Description: NVIDIA GeForce RTX 4070 Ti
<18:29:36> D3D Adapter: Driver version (UMD): 32.00.15.5599
<18:29:36> D3D Adapter: VendorId = 0x10DE
<18:29:36> D3D Adapter: DeviceId = 0x2782
<18:29:36> D3D Adapter: SubSysId = 0x40C61458
<18:29:36> D3D Adapter: Revision = 161
<18:29:36> NVAPI: API init ok (0)
<18:29:36> NVAPI: Single GPU system
<18:29:36> NVDBT supported
<18:29:36> D3D Detected: NVIDIA video card
<18:29:36> Active GPUs: 1
<18:29:36> Using pixel texture formats:
<18:29:36>   R8G8B8A8S, mips, RT (blendable) (multi-sampled), sample, gather
<18:29:36>   R8G8B8A8, mips, sRGB, RT (blendable) (multi-sampled), sample, gather
<18:29:36>   A8, mips, RT (blendable) (multi-sampled), sample, gather
<18:29:36>   R8, mips, RT (blendable) (multi-sampled), sample, gather
<18:29:36>   R8S, mips, RT (blendable) (multi-sampled), sample, gather
<18:29:36>   R16, mips, RT (blendable) (multi-sampled), sample (comparable), gather (comparable)
<18:29:36>   R16S, mips, RT (blendable) (multi-sampled), sample, gather
<18:29:36>   R16F, mips, RT (blendable) (multi-sampled), sample, gather
<18:29:36>   R32F, mips, RT (blendable) (multi-sampled), sample (comparable), gather (comparable)
<18:29:36>   R8G8, mips, RT (blendable) (multi-sampled), sample, gather
<18:29:36>   R8G8S, mips, RT (blendable) (multi-sampled), sample, gather
<18:29:36>   R16G16, mips, RT (blendable) (multi-sampled), sample, gather
<18:29:36>   R16G16S, mips, RT (blendable) (multi-sampled), sample, gather
<18:29:36>   R16G16F, mips, RT (blendable) (multi-sampled), sample, gather
<18:29:36>   R32G32F, mips, RT (blendable) (multi-sampled), sample, gather
<18:29:36>   R11G11B10F, mips, RT (blendable) (multi-sampled), sample, gather
<18:29:36>   R10G10B10A2, mips, RT (blendable) (multi-sampled), sample, gather
<18:29:36>   R16G16B16A16, mips, RT (blendable) (multi-sampled), sample, gather
<18:29:36>   R16G16B16A16S, mips, RT (blendable) (multi-sampled), sample, gather
<18:29:36>   R16G16B16A16F, mips, RT (blendable) (multi-sampled), sample, gather
<18:29:36>   R32G32B32A32F, mips, RT (blendable) (multi-sampled), sample, gather
<18:29:36>   BC1, mips, sRGB, sample, gather
<18:29:36>   BC2, mips, sRGB, sample, gather
<18:29:36>   BC3, mips, sRGB, sample, gather
<18:29:36>   BC4, mips, sample, gather
<18:29:36>   BC4S, mips, sample, gather
<18:29:36>   BC5, mips, sample, gather
<18:29:36>   BC5S, mips, sample, gather
<18:29:36>   BC6UH, mips, sample, gather
<18:29:36>   BC6SH, mips, sample, gather
<18:29:36>   BC7, mips, sRGB, sample, gather
<18:29:36>   R9G9B9E5, mips, sample, gather
<18:29:36>   D32FS8 (R32G8T), mips, DS (multi-sampled)
<18:29:36>   D32F (R32T), mips, DS (multi-sampled)
<18:29:36>   D24S8 (R24G8T), mips, DS (multi-sampled)
<18:29:36>   D16 (R16T), mips, DS (multi-sampled)
<18:29:36>   B5G6R5, mips, RT (blendable) (multi-sampled), sample, gather
<18:29:36>   B5G5R5, mips, RT (blendable) (multi-sampled), sample, gather
<18:29:36>   B4G4R4A4, mips, sample, gather
<18:29:36>   B8G8R8A8, mips, sRGB, RT (blendable) (multi-sampled), sample, gather
<18:29:36>   B8G8R8X8, mips, sRGB, RT (blendable) (multi-sampled), sample, gather
<18:29:36>  Renderer DepthBits: 24
<18:29:36>  ****** CryRender InfoDump ******
<18:29:36>  Driver description: NVIDIA GeForce RTX 4070 Ti
<18:29:36>  API Version: Direct3D 11.0
<18:29:36>  Feature level: D3D 11_1
<18:29:36>  Vertex Shaders version 5.1
<18:29:36>  Pixel Shaders version 5.1
<18:29:36>  Full stats: 
<18:29:36>  Rasterizer: Hardware
<18:29:36>  Current Resolution: 0x0x32 Windowed
<18:29:36>  Occlusion queries: Supported
<18:29:36>  Geometry instancing: Supported
<18:29:36>  NormalMaps compression : Supported
<18:29:36>  Gamma control: Hardware
<18:29:36>  Used GeomInstancingThreshold is 8
<18:29:36>  Shader model usage: 'SM.5.0'
<18:29:36>  *****************************************
<18:29:36>  
<18:29:36> Init Shaders
<18:29:36>  General shader quality: Medium
<18:29:36>  Metal shader quality: Medium
<18:29:36>  Glass shader quality: Medium
<18:29:36>  Vegetation shader quality: Medium
<18:29:36>  Ice shader quality: Medium
<18:29:36>  Terrain shader quality: Medium
<18:29:36>  Shadow shader quality: Medium
<18:29:36>  Water shader quality: Medium
<18:29:36>  FX shader quality: Medium
<18:29:36>  PostProcess shader quality: Medium
<18:29:36>  HDR shader quality: Medium
<18:29:36> Render quality: VeryHigh
<18:29:36> Init textures management (11996 Mb of video memory is available)...
<18:29:36>   Enabling of textures streaming...
<18:29:36>   Using 6536 Mb of textures pool for streaming...
<18:29:36>   Video textures: Dynamic managed max size: 48 Mb
<18:29:36>   Finished initializing textures streaming...
<18:29:37> Initializing CryScaleformHelper done, MemUsage=0Kb
<18:29:37> Using Scaleform GFx 3.3.94
<18:29:37>   Using dynamic pool
<18:29:37> [Warning] <ThreadInfo>: Unable to find config for thread:GFxVideo_Decoder_2
<18:29:37> Font initialization
<18:29:37> Loading Module CryFont.dll...
<18:29:37> Using FreeType 2.5.5
<18:29:37> Initializing CryFont done, MemUsage=320Kb
<18:29:37> *** Init system render resources ***
<18:29:37> Loading Module CryNetwork.dll...
<18:29:37> [LagProfiles] Could not load "". 6 default profiles activated.
<18:29:37> [Error] Scheduler policy name should not exceed 4 characters.
<18:29:37> [net] Socket IO management: External [iocp], Internal [iocp]
<18:29:37> network hostname: matheuspc
<18:29:37>   ip:192.168.1.193
<18:29:37> [Network Version]: PROFILE DEVELOPMENT BUILD
<18:29:37> Initializing CryNetwork done, MemUsage=2000Kb
<18:29:37> Loading Module CryMovie.dll...
<18:29:37> Initializing CryMovie done, MemUsage=616Kb
<18:29:37> Engine installed on drive: 
<18:29:37> Time initialization
<18:29:37> Input initialization
<18:29:37> Loading Module CryInput.dll...
<18:29:37> Initializing DirectInput

<18:29:37> Initializing Keyboard

<18:29:37> Input locale changed to 00000416
<18:29:37> Initializing mouse
<18:29:37> Initializing CryInput done, MemUsage=1432Kb
<18:29:37> Initializing Animation System
<18:29:37> Loading Module CryAnimation.dll...
<18:29:37> Initializing CryAnimation done, MemUsage=704Kb
<18:29:37> Init 3D Engine
<18:29:37> Loading Module Cry3DEngine.dll...
<18:29:37> Sky light: Optical lookup tables loaded off disc.
<18:29:37> Initializing Cry3DEngine done, MemUsage=5328Kb
<18:29:37> Script System Initialization
<18:29:37> Loading Module CryScriptSystem.dll...
<18:29:37> [Warning] [Lua Error] Failed to load script file scripts/common.lua
<18:29:37> Initializing CryScriptSystem done, MemUsage=768Kb
<18:29:37> Schematyc initialization
<18:29:37> Loading Module CrySchematyc.dll...
<18:29:37> Initializing CrySchematyc done, MemUsage=1864Kb
<18:29:37> Entity system initialization
<18:29:37> Loading Module CryEntitySystem.dll...
<18:29:37> Initializing CryEntitySystem done, MemUsage=2264Kb
<18:29:37> LiveCreate initialization
<18:29:37> LiveCreateHost not created, using NULL implementation.
<18:29:37> Dynamic Response System initialization
<18:29:37> Loading Module CryDynamicResponseSystem.dll...
<18:29:37> Initializing CryDynamicResponseSystem done, MemUsage=680Kb
<18:29:37> Loading Module CryFlowGraph.dll...
<18:29:37> Successfully registered flownode 'AI:PerceptionState'
<18:29:37> Successfully registered flownode 'AI:EventListener'
<18:29:37> Initializing CryFlowGraph done, MemUsage=1072Kb
<18:29:37> AI initialization
<18:29:37> Loading Module CryAISystem.dll...
<18:29:37> Initializing CryAISystem done, MemUsage=1832Kb
<18:29:37> Initializing AI System
<18:29:37> AI: [AISYSTEM] Initialization started.
<18:29:37> [Error] [CVARS]: [DUPLICATE] CXConsole::RegisterString(const char*): variable [ai_DebugDrawNavigationQueryListFilterByCaller] is already registered
<18:29:37> [Warning] XML reader: Can't open file (Scripts/AI/Navigation.xml)
<18:29:37> [Warning] AI: Failed to open XML file 'Scripts/AI/Navigation.xml'...
<18:29:37> [Warning] XML reader: Can't open file (Scripts/AI/Communication/CommunicationSystemConfiguration.xml)
<18:29:37> [Warning] AI: Failed to open XML file 'Scripts/AI/Communication/CommunicationSystemConfiguration.xml'...
<18:29:37> [Warning] XML reader: Can't open file (Scripts/AI/lookup.xml)
<18:29:37> [Warning] [Lua Error] Failed to load script file scripts/ai/aiconfig.lua
<18:29:37> Registering CentralInterestManager with EntitySystem
<18:29:37> [Warning] XML reader: Can't open file (Libs/AITargetStimulusConfig.xml)
<18:29:37> [Warning] AI: CTargetTrackManager::Init() Warning: Failed to load configuration file 'Libs/AITargetStimulusConfig.xml'
<18:29:37> Modular behavior tree node 'Sequence' has a class size of 88 bytes.
<18:29:37> Modular behavior tree node 'Selector' has a class size of 88 bytes.
<18:29:37> Modular behavior tree node 'Priority' has a class size of 88 bytes.
<18:29:37> Modular behavior tree node 'Parallel' has a class size of 96 bytes.
<18:29:37> Modular behavior tree node 'Loop' has a class size of 88 bytes.
<18:29:37> Modular behavior tree node 'LoopUntilSuccess' has a class size of 88 bytes.
<18:29:37> Modular behavior tree node 'StateMachine' has a class size of 88 bytes.
<18:29:37> Modular behavior tree node 'SendTransitionEvent' has a class size of 96 bytes.
<18:29:37> Modular behavior tree node 'IfCondition' has a class size of 120 bytes.
<18:29:37> Modular behavior tree node 'AssertCondition' has a class size of 104 bytes.
<18:29:37> Modular behavior tree node 'Timeout' has a class size of 72 bytes.
<18:29:37> Modular behavior tree node 'IfTime' has a class size of 120 bytes.
<18:29:37> Modular behavior tree node 'Wait' has a class size of 72 bytes.
<18:29:37> Modular behavior tree node 'MonitorCondition' has a class size of 104 bytes.
<18:29:37> Modular behavior tree node 'WaitForEvent' has a class size of 104 bytes.
<18:29:37> Modular behavior tree node 'WaitUntilTime' has a class size of 104 bytes.
<18:29:37> Modular behavior tree node 'Fail' has a class size of 64 bytes.
<18:29:37> Modular behavior tree node 'RandomGate' has a class size of 88 bytes.
<18:29:37> Modular behavior tree node 'SendEvent' has a class size of 104 bytes.
<18:29:37> Modular behavior tree node 'SuppressFailure' has a class size of 80 bytes.
<18:29:37> Modular behavior tree node 'AssertTime' has a class size of 104 bytes.
<18:29:37> Modular behavior tree node 'Halt' has a class size of 64 bytes.
<18:29:37> Modular behavior tree node 'Log' has a class size of 72 bytes.
<18:29:37> Modular behavior tree node 'Breakpoint' has a class size of 64 bytes.
<18:29:37> Modular behavior tree node 'AimAroundWhileUsingAMachingGun' has a class size of 72 bytes.
<18:29:37> Modular behavior tree node 'AnimationTagWrapper' has a class size of 96 bytes.
<18:29:37> Modular behavior tree node 'CheckIfTargetCanBeReached' has a class size of 72 bytes.
<18:29:37> Modular behavior tree node 'GoalPipe' has a class size of 72 bytes.
<18:29:37> Modular behavior tree node 'LuaWrapper' has a class size of 112 bytes.
<18:29:37> Modular behavior tree node 'SmartObjectStatesWrapper' has a class size of 96 bytes.
<18:29:37> Modular behavior tree node 'ThrowGrenade' has a class size of 104 bytes.
<18:29:37> Modular behavior tree node 'TurnBody' has a class size of 88 bytes.
<18:29:37> Modular behavior tree node 'AdjustCoverStance' has a class size of 80 bytes.
<18:29:37> Modular behavior tree node 'Aim' has a class size of 80 bytes.
<18:29:37> Modular behavior tree node 'Animate' has a class size of 80 bytes.
<18:29:37> Modular behavior tree node 'AssertLua' has a class size of 616 bytes.
<18:29:37> Modular behavior tree node 'Bubble' has a class size of 88 bytes.
<18:29:37> Modular behavior tree node 'ClearTargets' has a class size of 64 bytes.
<18:29:37> Modular behavior tree node 'Communicate' has a class size of 112 bytes.
<18:29:37> Modular behavior tree node 'ExecuteLua' has a class size of 616 bytes.
<18:29:37> Modular behavior tree node 'GroupScope' has a class size of 96 bytes.
<18:29:37> Modular behavior tree node 'Look' has a class size of 72 bytes.
<18:29:37> Modular behavior tree node 'LuaBehavior' has a class size of 72 bytes.
<18:29:37> Modular behavior tree node 'LuaGate' has a class size of 632 bytes.
<18:29:37> Modular behavior tree node 'Move' has a class size of 264 bytes.
<18:29:37> Modular behavior tree node 'PullDownThreatLevel' has a class size of 64 bytes.
<18:29:37> Modular behavior tree node 'QueryTPS' has a class size of 80 bytes.
<18:29:37> Modular behavior tree node 'SendTransitionSignal' has a class size of 80 bytes.
<18:29:37> Modular behavior tree node 'SetAlertness' has a class size of 72 bytes.
<18:29:37> Modular behavior tree node 'Shoot' has a class size of 104 bytes.
<18:29:37> Modular behavior tree node 'ShootFromCover' has a class size of 80 bytes.
<18:29:37> Modular behavior tree node 'Signal' has a class size of 80 bytes.
<18:29:37> Modular behavior tree node 'Stance' has a class size of 80 bytes.
<18:29:37> Modular behavior tree node 'StopMovement' has a class size of 72 bytes.
<18:29:37> Modular behavior tree node 'Basic_MoveToPosition' has a class size of 248 bytes.
<18:29:37> Modular behavior tree node 'Basic_MoveToCover' has a class size of 248 bytes.
<18:29:37> AI: [AISYSTEM] Initialization finished.
<18:29:37> Initializing additional systems
<18:29:37> Loading Module CryAction.dll...
<18:29:37> [Warning] XML reader: Can't open file (Libs/Levels/leveltypes.xml)
<18:29:37> [Warning] [Lua Error] Failed to load script file Scripts/Entities/Vehicles/VehicleSystem.lua
<18:29:37> [Warning] XML reader: Can't open file (Scripts/Network/StatsConfig.xml)
<18:29:37> Modular behavior tree node 'AnimateFragment' has a class size of 80 bytes.
<18:29:37> [Warning] [Lua Error] Failed to load script file Scripts/Entities/Vehicles/VehiclePartDetached.lua
<18:29:37> Ending game context...
<18:29:37> [Warning] XML reader: Can't open file (Libs/GameForceFeedback/ForceFeedbackEffects.xml)
<18:29:37> [Warning] [ForceFeedback System] Could not load force feedback system data. Invalid XML file 'Libs/GameForceFeedback/ForceFeedbackEffects.xml'! 
<18:29:37> Initializing default materials...
<18:29:37> [Warning] XML reader: Can't open file (materials/material_layers_default.mtl)
<18:29:37> [Warning] [Lua Error] Failed to load script file scripts/main.lua
<18:29:37> [Warning] [CScriptSystem::BeginCall] Function OnInit not found(check for syntax errors or if the file wasn't loaded)
<18:29:37> [Warning] Could not load dialog file assets\Libs\DynamicResponseSystem\DialogLines/dialoglines.dialog
<18:29:37> [Schematyc]: Loading...
<18:29:37> [Schematyc]: Loading settings
<18:29:37> [Warning] XML reader: Can't open file (assets/cryschematycsettings/log_settings.sc_settings)
<18:29:37> [Schematyc]: Loading scripts
<18:29:37> [Schematyc]: Compiling scripts
<18:29:37> [Schematyc]: Loading complete
<18:29:37> [CONSOLE] Executing console command 'exec autoexec.cfg'
<18:29:37> Searching console batch file (try game, config, root): "autoexec.cfg" not found!
<18:29:37> Initializing CryAction done, MemUsage=87924Kb
<18:29:37> failed to find CVar: r_Unlit

<18:29:37> OnSysSpecChange(0)
<18:29:37> Flushing pended shaders...
<18:29:37> Finished flushing pended shaders...
<18:29:37> Flushing pended shaders...
<18:29:37> Finished flushing pended shaders...
<18:29:37> Flushing pended textures...
<18:29:37> Finished flushing pended textures...
<18:29:37> ---Shader Cache: mfPrecacheAllCombinations() %ENGINE%/Shaders/Cache/D3D11/CGVShaders/Fallback@Sync_VS
<18:29:37> ---Shader Cache: mfPrecacheAllCombinations() %ENGINE%/Shaders/Cache/D3D11/CGPShaders/Fallback@Sync_Comp_PS
<18:29:37> ---Shader Cache: mfPrecacheAllCombinations() %ENGINE%/Shaders/Cache/D3D11/CGPShaders/Fallback@Sync_Err_PS
<18:29:37> ---Shader Cache: mfPrecacheAllCombinations() %ENGINE%/Shaders/Cache/D3D11/CGVShaders/Fallback@Sync_Ter_VS
<18:29:37> ---Shader Cache: mfPrecacheAllCombinations() %ENGINE%/Shaders/Cache/D3D11/CGVShaders/FixedPipelineEmu@FPVS
<18:29:37> ---Shader Cache: mfPrecacheAllCombinations() %ENGINE%/Shaders/Cache/D3D11/CGPShaders/FixedPipelineEmu@FPPS
<18:29:37> ---Shader Cache: mfPrecacheAllCombinations() %ENGINE%/Shaders/Cache/D3D11/CGVShaders/FixedPipelineEmu@InputLayoutVS
<18:29:37> ---Shader Cache: mfPrecacheAllCombinations() %ENGINE%/Shaders/Cache/D3D11/CGPShaders/FixedPipelineEmu@DummyPS
<18:29:37> ---Shader Cache: mfPrecacheAllCombinations() %ENGINE%/Shaders/Cache/D3D11/CGVShaders/Stereo@StereoVS
<18:29:37> ---Shader Cache: mfPrecacheAllCombinations() %ENGINE%/Shaders/Cache/D3D11/CGPShaders/Stereo@SideBySidePS
<18:29:37> ---Shader Cache: mfPrecacheAllCombinations() %ENGINE%/Shaders/Cache/D3D11/CGPShaders/Stereo@LineByLinePS
<18:29:37> ---Shader Cache: mfPrecacheAllCombinations() %ENGINE%/Shaders/Cache/D3D11/CGPShaders/Stereo@CheckerboardPS
<18:29:37> ---Shader Cache: mfPrecacheAllCombinations() %ENGINE%/Shaders/Cache/D3D11/CGPShaders/Stereo@AnaglyphPS
<18:29:37> ---Shader Cache: mfPrecacheAllCombinations() %ENGINE%/Shaders/Cache/D3D11/CGPShaders/Stereo@NV3DVisionPS
<18:29:37> ---Shader Cache: mfPrecacheAllCombinations() %ENGINE%/Shaders/Cache/D3D11/CGPShaders/Stereo@EmulationPS
<18:29:37> ---Shader Cache: mfPrecacheAllCombinations() %ENGINE%/Shaders/Cache/D3D11/CGVShaders/ShadowMaskGen@FullscreenTriVS
<18:29:37> ---Shader Cache: mfPrecacheAllCombinations() %ENGINE%/Shaders/Cache/D3D11/CGPShaders/ShadowMaskGen@DebugShadowCascadesPS
<18:29:37> ---Shader Cache: mfPrecacheAllCombinations() %ENGINE%/Shaders/Cache/D3D11/CGVShaders/ShadowMaskGen@StencilCullVS
<18:29:37> ---Shader Cache: mfPrecacheAllCombinations() %ENGINE%/Shaders/Cache/D3D11/CGPShaders/ShadowMaskGen@StencilCullPS
<18:29:37> ---Shader Cache: mfPrecacheAllCombinations() %ENGINE%/Shaders/Cache/D3D11/CGGShaders/ShadowMaskGen@$AutoGS_MultiRes
<18:29:37> ---Shader Cache: mfPrecacheAllCombinations() %ENGINE%/Shaders/Cache/D3D11/CGVShaders/ShadowMaskGen@FrustumVolumeVS
<18:29:37> ---Shader Cache: mfPrecacheAllCombinations() %ENGINE%/Shaders/Cache/D3D11/CGGShaders/ShadowMaskGen@$AutoGS_MultiRes
<18:29:37> ---Shader Cache: mfPrecacheAllCombinations() %ENGINE%/Shaders/Cache/D3D11/CGVShaders/ShadowMaskGen@BaseVS
<18:29:37> ---Shader Cache: mfPrecacheAllCombinations() %ENGINE%/Shaders/Cache/D3D11/CGPShaders/ShadowMaskGen@ReprojectShadowMap
<18:29:37> ---Shader Cache: mfPrecacheAllCombinations() %ENGINE%/Shaders/Cache/D3D11/CGPShaders/ShadowMaskGen@DeferredShadowPS
<18:29:37> ---Shader Cache: mfPrecacheAllCombinations() %ENGINE%/Shaders/Cache/D3D11/CGGShaders/ShadowMaskGen@$AutoGS_MultiRes
<18:29:37> ---Shader Cache: mfPrecacheAllCombinations() %ENGINE%/Shaders/Cache/D3D11/CGVShaders/ShadowMaskGen@ShadowMaskVolumeVS
<18:29:37> ---Shader Cache: mfPrecacheAllCombinations() %ENGINE%/Shaders/Cache/D3D11/CGGShaders/ShadowMaskGen@$AutoGS_MultiRes
<18:29:37> ---Shader Cache: mfPrecacheAllCombinations() %ENGINE%/Shaders/Cache/D3D11/CGPShaders/ShadowMaskGen@CustomShadowsPS
<18:29:37> ---Shader Cache: mfPrecacheAllCombinations() %ENGINE%/Shaders/Cache/D3D11/CGGShaders/ShadowMaskGen@$AutoGS_MultiRes
<18:29:37> ---Shader Cache: mfPrecacheAllCombinations() %ENGINE%/Shaders/Cache/D3D11/CGVShaders/HDRPostProcess@FullscreenTriVS
<18:29:37> ---Shader Cache: mfPrecacheAllCombinations() %ENGINE%/Shaders/Cache/D3D11/CGPShaders/HDRPostProcess@HDRSampleLumInitialPS
<18:29:37> ---Shader Cache: mfPrecacheAllCombinations() %ENGINE%/Shaders/Cache/D3D11/CGPShaders/HDRPostProcess@HDRSampleLumIterativePS
<18:29:37> ---Shader Cache: mfPrecacheAllCombinations() %ENGINE%/Shaders/Cache/D3D11/CGPShaders/HDRPostProcess@HDRCalculateAdaptedLumPS
<18:29:37> ---Shader Cache: mfPrecacheAllCombinations() %ENGINE%/Shaders/Cache/D3D11/CGPShaders/HDRPostProcess@HDRBloomGaussianPS
<18:29:37> ---Shader Cache: mfPrecacheAllCombinations() %ENGINE%/Shaders/Cache/D3D11/CGVShaders/HDRPostProcess@TransformedVS
<18:29:37> ---Shader Cache: mfPrecacheAllCombinations() %ENGINE%/Shaders/Cache/D3D11/CGPShaders/HDRPostProcess@HDRFinalScenePS
<18:29:37> ---Shader Cache: mfPrecacheAllCombinations() %ENGINE%/Shaders/Cache/D3D11/CGPShaders/HDRPostProcess@HDRFinalSceneDebugPS
<18:29:37> ---Shader Cache: mfPrecacheAllCombinations() %ENGINE%/Shaders/Cache/D3D11/CGPShaders/HDRPostProcess@HDRFinalSceneFixedExposurePS
<18:29:37> ---Shader Cache: mfPrecacheAllCombinations() %ENGINE%/Shaders/Cache/D3D11/CGVShaders/HDRPostProcess@PreTransformedFogVS
<18:29:37> ---Shader Cache: mfPrecacheAllCombinations() %ENGINE%/Shaders/Cache/D3D11/CGPShaders/HDRPostProcess@MultiGSMShadowedFogPS
<18:29:37> ---Shader Cache: mfPrecacheAllCombinations() %ENGINE%/Shaders/Cache/D3D11/CGGShaders/HDRPostProcess@$AutoGS_MultiRes
<18:29:37> ---Shader Cache: mfPrecacheAllCombinations() %ENGINE%/Shaders/Cache/D3D11/CGPShaders/HDRPostProcess@FogPassPS
<18:29:37> ---Shader Cache: mfPrecacheAllCombinations() %ENGINE%/Shaders/Cache/D3D11/CGGShaders/HDRPostProcess@$AutoGS_MultiRes
<18:29:37> ---Shader Cache: mfPrecacheAllCombinations() %ENGINE%/Shaders/Cache/D3D11/CGPShaders/HDRPostProcess@FogPassWithLightningPS
<18:29:37> ---Shader Cache: mfPrecacheAllCombinations() %ENGINE%/Shaders/Cache/D3D11/CGGShaders/HDRPostProcess@$AutoGS_MultiRes
<18:29:37> ---Shader Cache: mfPrecacheAllCombinations() %ENGINE%/Shaders/Cache/D3D11/CGPShaders/HDRPostProcess@FogPassVolShadowsInterleavePassPS
<18:29:37> ---Shader Cache: mfPrecacheAllCombinations() %ENGINE%/Shaders/Cache/D3D11/CGGShaders/HDRPostProcess@$AutoGS_MultiRes
<18:29:37> ---Shader Cache: mfPrecacheAllCombinations() %ENGINE%/Shaders/Cache/D3D11/CGPShaders/HDRPostProcess@FogPassVolShadowsGatherPassPS
<18:29:37> ---Shader Cache: mfPrecacheAllCombinations() %ENGINE%/Shaders/Cache/D3D11/CGGShaders/HDRPostProcess@$AutoGS_MultiRes
<18:29:37> ---Shader Cache: mfPrecacheAllCombinations() %ENGINE%/Shaders/Cache/D3D11/CGVShaders/Hud3D@Downsample4x4_VS
<18:29:37> ---Shader Cache: mfPrecacheAllCombinations() %ENGINE%/Shaders/Cache/D3D11/CGPShaders/Hud3D@Downsample4x4_PS
<18:29:37> ---Shader Cache: mfPrecacheAllCombinations() %ENGINE%/Shaders/Cache/D3D11/CGVShaders/Hud3D@HUD3D_VS
<18:29:37> ---Shader Cache: mfPrecacheAllCombinations() %ENGINE%/Shaders/Cache/D3D11/CGPShaders/Hud3D@UpdateBloomRT_PS
<18:29:37> ---Shader Cache: mfPrecacheAllCombinations() %ENGINE%/Shaders/Cache/D3D11/CGPShaders/Hud3D@HUD3D_PS
<18:29:37> ---Shader Cache: mfPrecacheAllCombinations() %ENGINE%/Shaders/Cache/D3D11/CGVShaders/PostEffects@TexToTexVS
<18:29:37> ---Shader Cache: mfPrecacheAllCombinations() %ENGINE%/Shaders/Cache/D3D11/CGPShaders/PostEffects@TexToTexPS
<18:29:37> ---Shader Cache: mfPrecacheAllCombinations() %ENGINE%/Shaders/Cache/D3D11/CGVShaders/PostEffects@TexToTexRegVS
<18:29:37> ---Shader Cache: mfPrecacheAllCombinations() %ENGINE%/Shaders/Cache/D3D11/CGPShaders/PostEffects@TexToTexTintedPS
<18:29:37> ---Shader Cache: mfPrecacheAllCombinations() %ENGINE%/Shaders/Cache/D3D11/CGPShaders/PostEffects@CubeTexToTexPS
<18:29:37> ---Shader Cache: mfPrecacheAllCombinations() %ENGINE%/Shaders/Cache/D3D11/CGPShaders/PostEffects@TexToTexSampledPS
<18:29:37> ---Shader Cache: mfPrecacheAllCombinations() %ENGINE%/Shaders/Cache/D3D11/CGPShaders/PostEffects@TexToTexTintedSampledPS
<18:29:37> ---Shader Cache: mfPrecacheAllCombinations() %ENGINE%/Shaders/Cache/D3D11/CGPShaders/PostEffects@TexToTexOneAlphaPS
<18:29:37> ---Shader Cache: mfPrecacheAllCombinations() %ENGINE%/Shaders/Cache/D3D11/CGPShaders/PostEffects@TexToTexSampledFilterPS
<18:29:37> ---Shader Cache: mfPrecacheAllCombinations() %ENGINE%/Shaders/Cache/D3D11/CGPShaders/PostEffects@DownsampleStablePS
<18:29:37> ---Shader Cache: mfPrecacheAllCombinations() %ENGINE%/Shaders/Cache/D3D11/CGPShaders/PostEffects@NearestDepthUpsamplePS
<18:29:37> ---Shader Cache: mfPrecacheAllCombinations() %ENGINE%/Shaders/Cache/D3D11/CGGShaders/PostEffects@$AutoGS_MultiRes
<18:29:37> ---Shader Cache: mfPrecacheAllCombinations() %ENGINE%/Shaders/Cache/D3D11/CGPShaders/PostEffects@UpscaleMultiResPS
<18:29:37> ---Shader Cache: mfPrecacheAllCombinations() %ENGINE%/Shaders/Cache/D3D11/CGVShaders/PostEffects@ClearScreenVS
<18:29:37> ---Shader Cache: mfPrecacheAllCombinations() %ENGINE%/Shaders/Cache/D3D11/CGPShaders/PostEffects@ClearScreenPS
<18:29:37> ---Shader Cache: mfPrecacheAllCombinations() %ENGINE%/Shaders/Cache/D3D11/CGPShaders/PostEffects@LinearizeDepthPS
<18:29:37> ---Shader Cache: mfPrecacheAllCombinations() %ENGINE%/Shaders/Cache/D3D11/CGPShaders/PostEffects@FlattenDepthPS
<18:29:37> ---Shader Cache: mfPrecacheAllCombinations() %ENGINE%/Shaders/Cache/D3D11/CGVShaders/PostEffects@FullscreenTriVS
<18:29:37> ---Shader Cache: mfPrecacheAllCombinations() %ENGINE%/Shaders/Cache/D3D11/CGPShaders/PostEffects@DownsampleDepthPS
<18:29:37> ---Shader Cache: mfPrecacheAllCombinations() %ENGINE%/Shaders/Cache/D3D11/CGPShaders/PostEffects@CopyToDeviceDepthPS
<18:29:37> ---Shader Cache: mfPrecacheAllCombinations() %ENGINE%/Shaders/Cache/D3D11/CGPShaders/PostEffects@TranspDepthFixupMergePS
<18:29:37> ---Shader Cache: mfPrecacheAllCombinations() %ENGINE%/Shaders/Cache/D3D11/CGVShaders/PostEffects@GaussBlurBilinearVS
<18:29:37> ---Shader Cache: mfPrecacheAllCombinations() %ENGINE%/Shaders/Cache/D3D11/CGPShaders/PostEffects@GaussBlurBilinearPS
<18:29:37> ---Shader Cache: mfPrecacheAllCombinations() %ENGINE%/Shaders/Cache/D3D11/CGVShaders/PostEffects@MaskedGaussBlurBilinearVS
<18:29:37> ---Shader Cache: mfPrecacheAllCombinations() %ENGINE%/Shaders/Cache/D3D11/CGPShaders/PostEffects@MaskedGaussBlurBilinearPS
<18:29:37> ---Shader Cache: mfPrecacheAllCombinations() %ENGINE%/Shaders/Cache/D3D11/CGVShaders/PostEffects@GaussAlphaBlurVS
<18:29:37> ---Shader Cache: mfPrecacheAllCombinations() %ENGINE%/Shaders/Cache/D3D11/CGPShaders/PostEffects@GaussAlphaBlurPS
<18:29:37> ---Shader Cache: mfPrecacheAllCombinations() %ENGINE%/Shaders/Cache/D3D11/CGVShaders/PostEffects@BaseVS
<18:29:37> ---Shader Cache: mfPrecacheAllCombinations() %ENGINE%/Shaders/Cache/D3D11/CGPShaders/PostEffects@Blur4TapsPS
<18:29:37> ---Shader Cache: mfPrecacheAllCombinations() %ENGINE%/Shaders/Cache/D3D11/CGPShaders/PostEffects@BlurDirectionalPS
<18:29:37> ---Shader Cache: mfPrecacheAllCombinations() %ENGINE%/Shaders/Cache/D3D11/CGPShaders/PostEffects@AnisotropicVerticalBlurPS
<18:29:37> ---Shader Cache: mfPrecacheAllCombinations() %ENGINE%/Shaders/Cache/D3D11/CGVShaders/PostEffects@DilateVS
<18:29:37> ---Shader Cache: mfPrecacheAllCombinations() %ENGINE%/Shaders/Cache/D3D11/CGPShaders/PostEffects@DilatePS
<18:29:37> ---Shader Cache: mfPrecacheAllCombinations() %ENGINE%/Shaders/Cache/D3D11/CGPShaders/PostEffects@Dilate2PS
<18:29:37> ---Shader Cache: mfPrecacheAllCombinations() %ENGINE%/Shaders/Cache/D3D11/CGPShaders/PostEffects@BlurInterpolationPS
<18:29:37> ---Shader Cache: mfPrecacheAllCombinations() %ENGINE%/Shaders/Cache/D3D11/CGPShaders/PostEffects@CA_SharpeningPS
<18:29:37> ---Shader Cache: mfPrecacheAllCombinations() %ENGINE%/Shaders/Cache/D3D11/CGVShaders/PostEffects@UnderwaterGodRaysVS
<18:29:37> ---Shader Cache: mfPrecacheAllCombinations() %ENGINE%/Shaders/Cache/D3D11/CGPShaders/PostEffects@UnderwaterGodRaysPS
<18:29:37> ---Shader Cache: mfPrecacheAllCombinations() %ENGINE%/Shaders/Cache/D3D11/CGPShaders/PostEffects@UnderwaterGodRaysFinalPS
<18:29:37> ---Shader Cache: mfPrecacheAllCombinations() %ENGINE%/Shaders/Cache/D3D11/CGVShaders/PostEffects@WaterRipplesHitVS
<18:29:37> ---Shader Cache: mfPrecacheAllCombinations() %ENGINE%/Shaders/Cache/D3D11/CGPShaders/PostEffects@WaterRippleHitPS
<18:29:37> ---Shader Cache: mfPrecacheAllCombinations() %ENGINE%/Shaders/Cache/D3D11/CGPShaders/PostEffects@WaterRipplesPS
<18:29:37> ---Shader Cache: mfPrecacheAllCombinations() %ENGINE%/Shaders/Cache/D3D11/CGPShaders/PostEffects@PostStereoPS
<18:29:37> ---Shader Cache: mfPrecacheAllCombinations() %ENGINE%/Shaders/Cache/D3D11/CGVShaders/PostEffects@StereoNearMaskVS
<18:29:37> ---Shader Cache: mfPrecacheAllCombinations() %ENGINE%/Shaders/Cache/D3D11/CGPShaders/PostEffects@StereoNearMaskPS
<18:29:37> ---Shader Cache: mfPrecacheAllCombinations() %ENGINE%/Shaders/Cache/D3D11/CGVShaders/PostEffects@SelectionSilhouetteVS
<18:29:37> ---Shader Cache: mfPrecacheAllCombinations() %ENGINE%/Shaders/Cache/D3D11/CGPShaders/PostEffects@SelectionSilhouettePS
<18:29:37> ---Shader Cache: mfPrecacheAllCombinations() %ENGINE%/Shaders/Cache/D3D11/CGVShaders/PostEffects@OverdrawOverdrawVS
<18:29:37> ---Shader Cache: mfPrecacheAllCombinations() %ENGINE%/Shaders/Cache/D3D11/CGPShaders/PostEffects@OverdrawOverdrawPS
<18:29:37> ---Shader Cache: mfPrecacheAllCombinations() %ENGINE%/Shaders/Cache/D3D11/CGVShaders/Total_Illumination@VoxelRayTraceVS
<18:29:37> ---Shader Cache: mfPrecacheAllCombinations() %ENGINE%/Shaders/Cache/D3D11/CGPShaders/Total_Illumination@SvoDebugDrawPS
<18:29:37> ---Shader Cache: mfPrecacheAllCombinations() %ENGINE%/Shaders/Cache/D3D11/CGVShaders/Total_Illumination@RenderLightingCommonVS
<18:29:37> ---Shader Cache: mfPrecacheAllCombinations() %ENGINE%/Shaders/Cache/D3D11/CGPShaders/Total_Illumination@ConeTracePS
<18:29:37> ---Shader Cache: mfPrecacheAllCombinations() %ENGINE%/Shaders/Cache/D3D11/CGPShaders/Total_Illumination@RenderAtmospherePS
<18:29:37> ---Shader Cache: mfPrecacheAllCombinations() %ENGINE%/Shaders/Cache/D3D11/CGPShaders/Total_Illumination@TraceSunShadowsPS
<18:29:37> ---Shader Cache: mfPrecacheAllCombinations() %ENGINE%/Shaders/Cache/D3D11/CGPShaders/Total_Illumination@DemosaicPS
<18:29:37> ---Shader Cache: mfPrecacheAllCombinations() %ENGINE%/Shaders/Cache/D3D11/CGPShaders/Total_Illumination@UpScalePS
<18:29:37> ---Shader Cache: mfPrecacheAllCombinations() %ENGINE%/Shaders/Cache/D3D11/CGCShaders/Total_Illumination@ComputeClearBricks
<18:29:37> ---Shader Cache: mfPrecacheAllCombinations() %ENGINE%/Shaders/Cache/D3D11/CGCShaders/Total_Illumination@ComputeInjectAtmosphere
<18:29:37> ---Shader Cache: mfPrecacheAllCombinations() %ENGINE%/Shaders/Cache/D3D11/CGCShaders/Total_Illumination@ComputeDirectStaticLighting
<18:29:37> ---Shader Cache: mfPrecacheAllCombinations() %ENGINE%/Shaders/Cache/D3D11/CGCShaders/Total_Illumination@ComputeDirectDynamicLighting
<18:29:37> ---Shader Cache: mfPrecacheAllCombinations() %ENGINE%/Shaders/Cache/D3D11/CGCShaders/Total_Illumination@ComputePropagateLighting
<18:29:37> ---Shader Cache: mfPrecacheAllCombinations() %ENGINE%/Shaders/Cache/D3D11/CGVShaders/Debug@TransformVS
<18:29:37> ---Shader Cache: mfPrecacheAllCombinations() %ENGINE%/Shaders/Cache/D3D11/CGPShaders/Debug@Debug_ShowMRTPS
<18:29:37> ---Shader Cache: mfPrecacheAllCombinations() %ENGINE%/Shaders/Cache/D3D11/CGPShaders/Debug@Debug_ShowRPS
<18:29:37> ---Shader Cache: mfPrecacheAllCombinations() %ENGINE%/Shaders/Cache/D3D11/CGVShaders/Debug@TransformCompVS
<18:29:37> ---Shader Cache: mfPrecacheAllCombinations() %ENGINE%/Shaders/Cache/D3D11/CGPShaders/Debug@ShowInstructionsPS
<18:29:37> ---Shader Cache: mfPrecacheAllCombinations() %ENGINE%/Shaders/Cache/D3D11/CGPShaders/Debug@GradInstructionsPS
<18:29:37> ---Shader Cache: mfPrecacheAllCombinations() %ENGINE%/Shaders/Cache/D3D11/CGVShaders/Debug@Debug_RenderTargetVS
<18:29:37> ---Shader Cache: mfPrecacheAllCombinations() %ENGINE%/Shaders/Cache/D3D11/CGPShaders/Debug@Debug_RenderTargetPS
<18:29:37> ---Shader Cache: mfPrecacheAllCombinations() %ENGINE%/Shaders/Cache/D3D11/CGVShaders/DeferredCaustics@FullscreenTriVS
<18:29:37> ---Shader Cache: mfPrecacheAllCombinations() %ENGINE%/Shaders/Cache/D3D11/CGPShaders/DeferredCaustics@DeferredCausticsPS
<18:29:37> ---Shader Cache: mfPrecacheAllCombinations() %ENGINE%/Shaders/Cache/D3D11/CGVShaders/DeferredCaustics@DeferredOceanCausticsStencilVS
<18:29:37> ---Shader Cache: mfPrecacheAllCombinations() %ENGINE%/Shaders/Cache/D3D11/CGPShaders/DeferredCaustics@DeferredOceanCausticsStencilPS
<18:29:37> ---Shader Cache: mfPrecacheAllCombinations() %ENGINE%/Shaders/Cache/D3D11/CGVShaders/DeferredCaustics@WaterCausticsGenVS
<18:29:37> ---Shader Cache: mfPrecacheAllCombinations() %ENGINE%/Shaders/Cache/D3D11/CGPShaders/DeferredCaustics@WaterCausticsGenPS
<18:29:37> ---Shader Cache: mfPrecacheAllCombinations() %ENGINE%/Shaders/Cache/D3D11/CGPShaders/DeferredCaustics@WaterCausticsInfoDilatePS
<18:29:37> ---Shader Cache: mfPrecacheAllCombinations() %ENGINE%/Shaders/Cache/D3D11/CGPShaders/DeferredCaustics@DeferredWaterVolumeCausticsPS
<18:29:37> ---Shader Cache: mfPrecacheAllCombinations() %ENGINE%/Shaders/Cache/D3D11/CGVShaders/DeferredShading@DefDecalVolumeVS
<18:29:37> ---Shader Cache: mfPrecacheAllCombinations() %ENGINE%/Shaders/Cache/D3D11/CGPShaders/DeferredShading@DefDecalPassPS
<18:29:37> ---Shader Cache: mfPrecacheAllCombinations() %ENGINE%/Shaders/Cache/D3D11/CGVShaders/DeferredShading@SSRRaytraceVS
<18:29:37> ---Shader Cache: mfPrecacheAllCombinations() %ENGINE%/Shaders/Cache/D3D11/CGPShaders/DeferredShading@SSRRaytracePS
<18:29:37> ---Shader Cache: mfPrecacheAllCombinations() %ENGINE%/Shaders/Cache/D3D11/CGGShaders/DeferredShading@$AutoGS_MultiRes
<18:29:37> ---Shader Cache: mfPrecacheAllCombinations() %ENGINE%/Shaders/Cache/D3D11/CGVShaders/DeferredShading@BaseVS
<18:29:37> ---Shader Cache: mfPrecacheAllCombinations() %ENGINE%/Shaders/Cache/D3D11/CGPShaders/DeferredShading@SSRCompositionPS
<18:29:37> ---Shader Cache: mfPrecacheAllCombinations() %ENGINE%/Shaders/Cache/D3D11/CGGShaders/DeferredShading@$AutoGS_MultiRes
<18:29:37> ---Shader Cache: mfPrecacheAllCombinations() %ENGINE%/Shaders/Cache/D3D11/CGVShaders/DeferredShading@FullscreenTriVS
<18:29:37> ---Shader Cache: mfPrecacheAllCombinations() %ENGINE%/Shaders/Cache/D3D11/CGPShaders/DeferredShading@SSDO_Sampling_PS
<18:29:37> ---Shader Cache: mfPrecacheAllCombinations() %ENGINE%/Shaders/Cache/D3D11/CGGShaders/DeferredShading@$AutoGS_MultiRes
<18:29:37> ---Shader Cache: mfPrecacheAllCombinations() %ENGINE%/Shaders/Cache/D3D11/CGPShaders/DeferredShading@SSDO_Filter_PS
<18:29:37> ---Shader Cache: mfPrecacheAllCombinations() %ENGINE%/Shaders/Cache/D3D11/CGVShaders/DeferredShading@BaseWPOSVS
<18:29:37> ---Shader Cache: mfPrecacheAllCombinations() %ENGINE%/Shaders/Cache/D3D11/CGPShaders/DeferredShading@HeightMapAOPS
<18:29:37> ---Shader Cache: mfPrecacheAllCombinations() %ENGINE%/Shaders/Cache/D3D11/CGPShaders/DeferredShading@SSSSS_Blur_PS
<18:29:37> ---Shader Cache: mfPrecacheAllCombinations() %ENGINE%/Shaders/Cache/D3D11/CGVShaders/DeferredShading@DebugVS
<18:29:37> ---Shader Cache: mfPrecacheAllCombinations() %ENGINE%/Shaders/Cache/D3D11/CGPShaders/DeferredShading@DebugPS
<18:29:37> ---Shader Cache: mfPrecacheAllCombinations() %ENGINE%/Shaders/Cache/D3D11/CGPShaders/DeferredShading@DebugGBufferPS
<18:29:37> ---Shader Cache: mfPrecacheAllCombinations() %ENGINE%/Shaders/Cache/D3D11/CGPShaders/DeferredShading@ResolveStencilPS
<18:29:37> ---Shader Cache: mfPrecacheAllCombinations() %ENGINE%/Shaders/Cache/D3D11/CGGShaders/DeferredShading@$AutoGS_MultiRes
<18:29:37> ---Shader Cache: mfPrecacheAllCombinations() %ENGINE%/Shaders/Cache/D3D11/CGVShaders/DeferredShading@ClipVolumeVS
<18:29:37> ---Shader Cache: mfPrecacheAllCombinations() %ENGINE%/Shaders/Cache/D3D11/CGPShaders/DeferredShading@ClipVolumePS
<18:29:37> ---Shader Cache: mfPrecacheAllCombinations() %ENGINE%/Shaders/Cache/D3D11/CGGShaders/DeferredShading@$AutoGS_MultiRes
<18:29:37> ---Shader Cache: mfPrecacheAllCombinations() %ENGINE%/Shaders/Cache/D3D11/CGPShaders/DeferredShading@ClipVolumeBlendValuePS
<18:29:37> ---Shader Cache: mfPrecacheAllCombinations() %ENGINE%/Shaders/Cache/D3D11/CGVShaders/DeferredShading@ClipVolumeVolFogVS
<18:29:37> ---Shader Cache: mfPrecacheAllCombinations() %ENGINE%/Shaders/Cache/D3D11/CGGShaders/DeferredShading@ClipVolumeVolFogGS
<18:29:37> ---Shader Cache: mfPrecacheAllCombinations() %ENGINE%/Shaders/Cache/D3D11/CGPShaders/DeferredShading@ResolveStencilVolFogPS
<18:29:37> ---Shader Cache: mfPrecacheAllCombinations() %ENGINE%/Shaders/Cache/D3D11/CGPShaders/DeferredShading@ShadowMaskGenPS
<18:29:37> ---Shader Cache: mfPrecacheAllCombinations() %ENGINE%/Shaders/Cache/D3D11/CGVShaders/DeferredShading@ShadowMaskVolumeVS
<18:29:37> ---Shader Cache: mfPrecacheAllCombinations() %ENGINE%/Shaders/Cache/D3D11/CGCShaders/DeferredShading@TiledDeferredShadingCS
<18:29:37> ---Shader Cache: mfPrecacheAllCombinations() %ENGINE%/Shaders/Cache/D3D11/CGVShaders/DeferredShading@VolumeLightListGenVS
<18:29:37> ---Shader Cache: mfPrecacheAllCombinations() %ENGINE%/Shaders/Cache/D3D11/CGPShaders/DeferredShading@VolumeLightListGenPS
<18:29:37> ---Shader Cache: mfPrecacheAllCombinations() %ENGINE%/Shaders/Cache/D3D11/CGCShaders/DeferredShading@BlurHorizontalInscatteringVolumeCS
<18:29:37> ---Shader Cache: mfPrecacheAllCombinations() %ENGINE%/Shaders/Cache/D3D11/CGCShaders/DeferredShading@BlurVerticalInscatteringVolumeCS
<18:29:37> ---Shader Cache: mfPrecacheAllCombinations() %ENGINE%/Shaders/Cache/D3D11/CGCShaders/DeferredShading@BlurHorizontalDensityVolumeCS
<18:29:37> ---Shader Cache: mfPrecacheAllCombinations() %ENGINE%/Shaders/Cache/D3D11/CGCShaders/DeferredShading@BlurVerticalDensityVolumeCS
<18:29:37> ---Shader Cache: mfPrecacheAllCombinations() %ENGINE%/Shaders/Cache/D3D11/CGCShaders/DeferredShading@InjectFogDensityCS
<18:29:37> ---Shader Cache: mfPrecacheAllCombinations() %ENGINE%/Shaders/Cache/D3D11/CGCShaders/DeferredShading@StoreDownscaledMaxDepthHorizontalCS
<18:29:37> ---Shader Cache: mfPrecacheAllCombinations() %ENGINE%/Shaders/Cache/D3D11/CGCShaders/DeferredShading@StoreDownscaledMaxDepthVerticalCS
<18:29:37> ---Shader Cache: mfPrecacheAllCombinations() %ENGINE%/Shaders/Cache/D3D11/CGCShaders/DeferredShading@BuildLightListGridCS
<18:29:37> ---Shader Cache: mfPrecacheAllCombinations() %ENGINE%/Shaders/Cache/D3D11/CGCShaders/DeferredShading@InjectVolumetricInscatteringCS
<18:29:37> ---Shader Cache: mfPrecacheAllCombinations() %ENGINE%/Shaders/Cache/D3D11/CGCShaders/DeferredShading@RaymarchVolumetricFogCS
<18:29:37> ---Shader Cache: mfPrecacheAllCombinations() %ENGINE%/Shaders/Cache/D3D11/CGCShaders/DeferredShading@ReprojectVolumetricFogCS
<18:29:37> ---Shader Cache: mfPrecacheAllCombinations() %ENGINE%/Shaders/Cache/D3D11/CGVShaders/DeferredShading@StoreJitteringDepthToClipVolumeDepthVS
<18:29:37> ---Shader Cache: mfPrecacheAllCombinations() %ENGINE%/Shaders/Cache/D3D11/CGPShaders/DeferredShading@StoreJitteringDepthToClipVolumeDepthPS
<18:29:37> ---Shader Cache: mfPrecacheAllCombinations() %ENGINE%/Shaders/Cache/D3D11/CGVShaders/DeferredShading@RenderDownscaledShadowMapVS
<18:29:37> ---Shader Cache: mfPrecacheAllCombinations() %ENGINE%/Shaders/Cache/D3D11/CGPShaders/DeferredShading@RenderDownscaledShadowMapPS
<18:29:37> ---Shader Cache: mfPrecacheAllCombinations() %ENGINE%/Shaders/Cache/D3D11/CGPShaders/DeferredShading@DownscaleShadowMap2PS
<18:29:37> ---Shader Cache: mfPrecacheAllCombinations() %ENGINE%/Shaders/Cache/D3D11/CGPShaders/DeferredShading@DownscaleShadowMap4PS
<18:29:37> ---Shader Cache: mfPrecacheAllCombinations() %ENGINE%/Shaders/Cache/D3D11/CGVShaders/DepthOfField@DofBokehRefVS
<18:29:37> ---Shader Cache: mfPrecacheAllCombinations() %ENGINE%/Shaders/Cache/D3D11/CGPShaders/DepthOfField@DofBokehRefPS
<18:29:37> ---Shader Cache: mfPrecacheAllCombinations() %ENGINE%/Shaders/Cache/D3D11/CGVShaders/DepthOfField@FullscreenTriVS
<18:29:37> ---Shader Cache: mfPrecacheAllCombinations() %ENGINE%/Shaders/Cache/D3D11/CGPShaders/DepthOfField@RefDofMBNormalizePS
<18:29:37> ---Shader Cache: mfPrecacheAllCombinations() %ENGINE%/Shaders/Cache/D3D11/CGVShaders/DepthOfField@DownscaleDofVS
<18:29:37> ---Shader Cache: mfPrecacheAllCombinations() %ENGINE%/Shaders/Cache/D3D11/CGPShaders/DepthOfField@DownscaleDofPS
<18:29:37> ---Shader Cache: mfPrecacheAllCombinations() %ENGINE%/Shaders/Cache/D3D11/CGVShaders/DepthOfField@TileMinCoCVS
<18:29:37> ---Shader Cache: mfPrecacheAllCombinations() %ENGINE%/Shaders/Cache/D3D11/CGPShaders/DepthOfField@TileMinCoCPS
<18:29:37> ---Shader Cache: mfPrecacheAllCombinations() %ENGINE%/Shaders/Cache/D3D11/CGPShaders/DepthOfField@DofPS
<18:29:37> ---Shader Cache: mfPrecacheAllCombinations() %ENGINE%/Shaders/Cache/D3D11/CGPShaders/DepthOfField@CompositeDofPS
<18:29:37> ---Shader Cache: mfPrecacheAllCombinations() %ENGINE%/Shaders/Cache/D3D11/CGVShaders/LensOptics@lensGhostVS
<18:29:37> ---Shader Cache: mfPrecacheAllCombinations() %ENGINE%/Shaders/Cache/D3D11/CGPShaders/LensOptics@lensGhostPS
<18:29:37> ---Shader Cache: mfPrecacheAllCombinations() %ENGINE%/Shaders/Cache/D3D11/CGVShaders/LensOptics@GlowVS
<18:29:37> ---Shader Cache: mfPrecacheAllCombinations() %ENGINE%/Shaders/Cache/D3D11/CGPShaders/LensOptics@GlowPS
<18:29:37> ---Shader Cache: mfPrecacheAllCombinations() %ENGINE%/Shaders/Cache/D3D11/CGVShaders/LensOptics@ChromaticRingVS
<18:29:37> ---Shader Cache: mfPrecacheAllCombinations() %ENGINE%/Shaders/Cache/D3D11/CGPShaders/LensOptics@ChromaticRingPS
<18:29:37> ---Shader Cache: mfPrecacheAllCombinations() %ENGINE%/Shaders/Cache/D3D11/CGPShaders/LensOptics@IrisShaftsGlowPS
<18:29:37> ---Shader Cache: mfPrecacheAllCombinations() %ENGINE%/Shaders/Cache/D3D11/CGPShaders/LensOptics@StreaksPS
<18:29:37> ---Shader Cache: mfPrecacheAllCombinations() %ENGINE%/Shaders/Cache/D3D11/CGVShaders/LensOptics@CameraOrbsVS
<18:29:37> ---Shader Cache: mfPrecacheAllCombinations() %ENGINE%/Shaders/Cache/D3D11/CGPShaders/LensOptics@CameraOrbsPS
<18:29:37> ---Shader Cache: mfPrecacheAllCombinations() %ENGINE%/Shaders/Cache/D3D11/CGPShaders/LensOptics@CameraLensPS
<18:29:37> ---Shader Cache: mfPrecacheAllCombinations() %ENGINE%/Shaders/Cache/D3D11/CGVShaders/LensOptics@shaftsOccVS
<18:29:37> ---Shader Cache: mfPrecacheAllCombinations() %ENGINE%/Shaders/Cache/D3D11/CGPShaders/LensOptics@shaftsOccPS
<18:29:37> ---Shader Cache: mfPrecacheAllCombinations() %ENGINE%/Shaders/Cache/D3D11/CGVShaders/LensOptics@shaftsVS
<18:29:37> ---Shader Cache: mfPrecacheAllCombinations() %ENGINE%/Shaders/Cache/D3D11/CGPShaders/LensOptics@shaftsPS
<18:29:37> ---Shader Cache: mfPrecacheAllCombinations() %ENGINE%/Shaders/Cache/D3D11/CGVShaders/LensOptics@shaftBlendVS
<18:29:37> ---Shader Cache: mfPrecacheAllCombinations() %ENGINE%/Shaders/Cache/D3D11/CGPShaders/LensOptics@shaftBlendPS
<18:29:37> ---Shader Cache: mfPrecacheAllCombinations() %ENGINE%/Shaders/Cache/D3D11/CGVShaders/SoftOcclusionQuery@quadVS
<18:29:37> ---Shader Cache: mfPrecacheAllCombinations() %ENGINE%/Shaders/Cache/D3D11/CGPShaders/SoftOcclusionQuery@renderOccPlanePS
<18:29:37> ---Shader Cache: mfPrecacheAllCombinations() %ENGINE%/Shaders/Cache/D3D11/CGPShaders/SoftOcclusionQuery@gatherResultPS
<18:29:37> ---Shader Cache: mfPrecacheAllCombinations() %ENGINE%/Shaders/Cache/D3D11/CGVShaders/MotionBlur@FullscreenTriVS
<18:29:37> ---Shader Cache: mfPrecacheAllCombinations() %ENGINE%/Shaders/Cache/D3D11/CGPShaders/MotionBlur@MotionBlurPS
<18:29:37> ---Shader Cache: mfPrecacheAllCombinations() %ENGINE%/Shaders/Cache/D3D11/CGGShaders/MotionBlur@$AutoGS_MultiRes
<18:29:37> ---Shader Cache: mfPrecacheAllCombinations() %ENGINE%/Shaders/Cache/D3D11/CGVShaders/MotionBlur@BaseWPOSVS
<18:29:37> ---Shader Cache: mfPrecacheAllCombinations() %ENGINE%/Shaders/Cache/D3D11/CGPShaders/MotionBlur@PackVelocitiesPS
<18:29:37> ---Shader Cache: mfPrecacheAllCombinations() %ENGINE%/Shaders/Cache/D3D11/CGPShaders/MotionBlur@VelocityTileGenPS
<18:29:37> ---Shader Cache: mfPrecacheAllCombinations() %ENGINE%/Shaders/Cache/D3D11/CGPShaders/MotionBlur@VelocityTileNeighborhoodPS
<18:29:37> ---Shader Cache: mfPrecacheAllCombinations() %ENGINE%/Shaders/Cache/D3D11/CGVShaders/PostEffectsGame@AlienInterferenceVS
<18:29:37> ---Shader Cache: mfPrecacheAllCombinations() %ENGINE%/Shaders/Cache/D3D11/CGPShaders/PostEffectsGame@AlienInterferencePS
<18:29:37> ---Shader Cache: mfPrecacheAllCombinations() %ENGINE%/Shaders/Cache/D3D11/CGVShaders/PostEffectsGame@waterDropletsVS
<18:29:37> ---Shader Cache: mfPrecacheAllCombinations() %ENGINE%/Shaders/Cache/D3D11/CGPShaders/PostEffectsGame@waterDropletsPS
<18:29:37> ---Shader Cache: mfPrecacheAllCombinations() %ENGINE%/Shaders/Cache/D3D11/CGVShaders/PostEffectsGame@waterFlowVS
<18:29:37> ---Shader Cache: mfPrecacheAllCombinations() %ENGINE%/Shaders/Cache/D3D11/CGPShaders/PostEffectsGame@waterFlowPS
<18:29:37> ---Shader Cache: mfPrecacheAllCombinations() %ENGINE%/Shaders/Cache/D3D11/CGVShaders/PostEffectsGame@FullscreenTriVS
<18:29:37> ---Shader Cache: mfPrecacheAllCombinations() %ENGINE%/Shaders/Cache/D3D11/CGPShaders/PostEffectsGame@FlashBangPS
<18:29:37> ---Shader Cache: mfPrecacheAllCombinations() %ENGINE%/Shaders/Cache/D3D11/CGVShaders/PostEffectsGame@CustomViewPortBaseVS
<18:29:37> ---Shader Cache: mfPrecacheAllCombinations() %ENGINE%/Shaders/Cache/D3D11/CGPShaders/PostEffectsGame@RainDropsGenPS
<18:29:37> ---Shader Cache: mfPrecacheAllCombinations() %ENGINE%/Shaders/Cache/D3D11/CGVShaders/PostEffectsGame@RainDropsExtinctionVS
<18:29:37> ---Shader Cache: mfPrecacheAllCombinations() %ENGINE%/Shaders/Cache/D3D11/CGPShaders/PostEffectsGame@RainDropsExtinctionPS
<18:29:37> ---Shader Cache: mfPrecacheAllCombinations() %ENGINE%/Shaders/Cache/D3D11/CGVShaders/PostEffectsGame@RainDropsFinalVS
<18:29:37> ---Shader Cache: mfPrecacheAllCombinations() %ENGINE%/Shaders/Cache/D3D11/CGPShaders/PostEffectsGame@RainDropsFinalPS
<18:29:37> ---Shader Cache: mfPrecacheAllCombinations() %ENGINE%/Shaders/Cache/D3D11/CGVShaders/PostEffectsGame@BaseVS
<18:29:37> ---Shader Cache: mfPrecacheAllCombinations() %ENGINE%/Shaders/Cache/D3D11/CGPShaders/PostEffectsGame@BinocularViewGlowPS
<18:29:37> ---Shader Cache: mfPrecacheAllCombinations() %ENGINE%/Shaders/Cache/D3D11/CGPShaders/PostEffectsGame@BinocularViewFinalPS
<18:29:37> ---Shader Cache: mfPrecacheAllCombinations() %ENGINE%/Shaders/Cache/D3D11/CGPShaders/PostEffectsGame@BinocularViewFinalNoTintingPS
<18:29:37> ---Shader Cache: mfPrecacheAllCombinations() %ENGINE%/Shaders/Cache/D3D11/CGPShaders/PostEffectsGame@BinocularViewTintingPS
<18:29:37> ---Shader Cache: mfPrecacheAllCombinations() %ENGINE%/Shaders/Cache/D3D11/CGPShaders/PostEffectsGame@BinocularViewSilhouttesPS
<18:29:37> ---Shader Cache: mfPrecacheAllCombinations() %ENGINE%/Shaders/Cache/D3D11/CGVShaders/PostEffectsGame@SilhouettesVS
<18:29:37> ---Shader Cache: mfPrecacheAllCombinations() %ENGINE%/Shaders/Cache/D3D11/CGPShaders/PostEffectsGame@DeferredSilhouettesOptimisedPS
<18:29:37> ---Shader Cache: mfPrecacheAllCombinations() %ENGINE%/Shaders/Cache/D3D11/CGPShaders/PostEffectsGame@waterVolumesNormalGenPS
<18:29:37> ---Shader Cache: mfPrecacheAllCombinations() %ENGINE%/Shaders/Cache/D3D11/CGVShaders/PostEffectsGame@MergeColorChartsVS
<18:29:37> ---Shader Cache: mfPrecacheAllCombinations() %ENGINE%/Shaders/Cache/D3D11/CGPShaders/PostEffectsGame@MergeColorChartsPS
<18:29:37> ---Shader Cache: mfPrecacheAllCombinations() %ENGINE%/Shaders/Cache/D3D11/CGVShaders/PostEffectsGame@CombineColorGradingWithColorChartVS
<18:29:37> ---Shader Cache: mfPrecacheAllCombinations() %ENGINE%/Shaders/Cache/D3D11/CGPShaders/PostEffectsGame@CombineColorGradingWithColorChartPS
<18:29:37> ---Shader Cache: mfPrecacheAllCombinations() %ENGINE%/Shaders/Cache/D3D11/CGVShaders/PostEffectsGame@DisplayColorChartsVS
<18:29:37> ---Shader Cache: mfPrecacheAllCombinations() %ENGINE%/Shaders/Cache/D3D11/CGPShaders/PostEffectsGame@DisplayColorChartsPS
<18:29:37> ---Shader Cache: mfPrecacheAllCombinations() %ENGINE%/Shaders/Cache/D3D11/CGVShaders/PostEffectsGame@SceneRainOccAccumulateVS
<18:29:37> ---Shader Cache: mfPrecacheAllCombinations() %ENGINE%/Shaders/Cache/D3D11/CGPShaders/PostEffectsGame@SceneRainOccAccumulatePS
<18:29:37> ---Shader Cache: mfPrecacheAllCombinations() %ENGINE%/Shaders/Cache/D3D11/CGVShaders/PostEffectsGame@SceneRainVS
<18:29:37> ---Shader Cache: mfPrecacheAllCombinations() %ENGINE%/Shaders/Cache/D3D11/CGPShaders/PostEffectsGame@SceneRainPS
<18:29:37> ---Shader Cache: mfPrecacheAllCombinations() %ENGINE%/Shaders/Cache/D3D11/CGVShaders/PostEffectsGame@SceneSnowVS
<18:29:37> ---Shader Cache: mfPrecacheAllCombinations() %ENGINE%/Shaders/Cache/D3D11/CGPShaders/PostEffectsGame@SceneSnowPS
<18:29:37> ---Shader Cache: mfPrecacheAllCombinations() %ENGINE%/Shaders/Cache/D3D11/CGPShaders/PostEffectsGame@SnowHalfResCompositePS
<18:29:37> ---Shader Cache: mfPrecacheAllCombinations() %ENGINE%/Shaders/Cache/D3D11/CGPShaders/PostEffectsGame@KillCameraFilterPS
<18:29:37> ---Shader Cache: mfPrecacheAllCombinations() %ENGINE%/Shaders/Cache/D3D11/CGPShaders/PostEffectsGame@UberGamePostProcessPS
<18:29:37> ---Shader Cache: mfPrecacheAllCombinations() %ENGINE%/Shaders/Cache/D3D11/CGVShaders/PostEffectsGame@NanoGlass_VS
<18:29:37> ---Shader Cache: mfPrecacheAllCombinations() %ENGINE%/Shaders/Cache/D3D11/CGPShaders/PostEffectsGame@NanoGlass_PS
<18:29:37> ---Shader Cache: mfPrecacheAllCombinations() %ENGINE%/Shaders/Cache/D3D11/CGPShaders/PostEffectsGame@ScreenBloodPS
<18:29:37> ---Shader Cache: mfPrecacheAllCombinations() %ENGINE%/Shaders/Cache/D3D11/CGVShaders/PostAA@PostAA_VS
<18:29:37> ---Shader Cache: mfPrecacheAllCombinations() %ENGINE%/Shaders/Cache/D3D11/CGPShaders/PostAA@PostAA_PS
<18:29:37> ---Shader Cache: mfPrecacheAllCombinations() %ENGINE%/Shaders/Cache/D3D11/CGVShaders/PostAA@FullscreenTriVS
<18:29:37> ---Shader Cache: mfPrecacheAllCombinations() %ENGINE%/Shaders/Cache/D3D11/CGPShaders/PostAA@LumaEdgeDetectionSMAA_PS
<18:29:37> ---Shader Cache: mfPrecacheAllCombinations() %ENGINE%/Shaders/Cache/D3D11/CGPShaders/PostAA@BlendWeightSMAA_PS
<18:29:37> ---Shader Cache: mfPrecacheAllCombinations() %ENGINE%/Shaders/Cache/D3D11/CGPShaders/PostAA@NeighborhoodBlendingSMAA_PS
<18:29:37> ---Shader Cache: mfPrecacheAllCombinations() %ENGINE%/Shaders/Cache/D3D11/CGVShaders/PostAA@FsQuadVS
<18:29:37> ---Shader Cache: mfPrecacheAllCombinations() %ENGINE%/Shaders/Cache/D3D11/CGPShaders/PostAA@MsaaDebugPS
<18:29:37> ---Shader Cache: mfPrecacheAllCombinations() %ENGINE%/Shaders/Cache/D3D11/CGPShaders/PostAA@PostAAComposites_PS
<18:29:37> ---Shader Cache: mfPrecacheAllCombinations() %ENGINE%/Shaders/Cache/D3D11/CGPShaders/PostAA@DebugPostAA_PS
<18:29:37> ---Shader Cache: mfPrecacheAllCombinations() %ENGINE%/Shaders/Cache/D3D11/CGVShaders/PostAA@BaseVS
<18:29:37> ---Shader Cache: mfPrecacheAllCombinations() %ENGINE%/Shaders/Cache/D3D11/CGPShaders/PostAA@UpscaleImagePS
<18:29:37> ---Shader Cache: mfPrecacheAllCombinations() %ENGINE%/Shaders/Cache/D3D11/CGVShaders/ShadowBlur@SSDO_Blur_VS
<18:29:37> ---Shader Cache: mfPrecacheAllCombinations() %ENGINE%/Shaders/Cache/D3D11/CGPShaders/ShadowBlur@SSDO_Blur_PS
<18:29:37> ---Shader Cache: mfPrecacheAllCombinations() %ENGINE%/Shaders/Cache/D3D11/CGPShaders/ShadowBlur@HMAO_Blur_PS
<18:29:37> ---Shader Cache: mfPrecacheAllCombinations() %ENGINE%/Shaders/Cache/D3D11/CGVShaders/Sunshafts@OcclCheckVS
<18:29:37> ---Shader Cache: mfPrecacheAllCombinations() %ENGINE%/Shaders/Cache/D3D11/CGPShaders/Sunshafts@OcclCheckPS
<18:29:37> ---Shader Cache: mfPrecacheAllCombinations() %ENGINE%/Shaders/Cache/D3D11/CGVShaders/Sunshafts@BaseVS
<18:29:37> ---Shader Cache: mfPrecacheAllCombinations() %ENGINE%/Shaders/Cache/D3D11/CGPShaders/Sunshafts@SunShaftsMaskGenPS
<18:29:37> ---Shader Cache: mfPrecacheAllCombinations() %ENGINE%/Shaders/Cache/D3D11/CGGShaders/Sunshafts@$AutoGS_MultiRes
<18:29:37> ---Shader Cache: mfPrecacheAllCombinations() %ENGINE%/Shaders/Cache/D3D11/CGVShaders/Sunshafts@SunShaftsGenVS
<18:29:37> ---Shader Cache: mfPrecacheAllCombinations() %ENGINE%/Shaders/Cache/D3D11/CGPShaders/Sunshafts@SunShaftsGenPS
<18:29:37> ---Shader Cache: mfPrecacheAllCombinations() %ENGINE%/Shaders/Cache/D3D11/CGGShaders/Sunshafts@$AutoGS_MultiRes
<18:29:37> ---Shader Cache: mfPrecacheAllCombinations() %ENGINE%/Shaders/Cache/D3D11/CGCShaders/GpuParticles@PrepareSortCS
<18:29:37> ---Shader Cache: mfPrecacheAllCombinations() %ENGINE%/Shaders/Cache/D3D11/CGCShaders/GpuParticles@ReorderParticlesCS
<18:29:37> ---Shader Cache: mfPrecacheAllCombinations() %ENGINE%/Shaders/Cache/D3D11/CGCShaders/GpuParticles@CalculateBoundsCS
<18:29:37> ---Shader Cache: mfPrecacheAllCombinations() %ENGINE%/Shaders/Cache/D3D11/CGCShaders/GpuParticles@FillKillListCS
<18:29:37> ---Shader Cache: mfPrecacheAllCombinations() %ENGINE%/Shaders/Cache/D3D11/CGCShaders/GpuParticles@SwapToEndCS
<18:29:37> ---Shader Cache: mfPrecacheAllCombinations() %ENGINE%/Shaders/Cache/D3D11/CGCShaders/GpuParticles@FeatureUpdateCS
<18:29:37> ---Shader Cache: mfPrecacheAllCombinations() %ENGINE%/Shaders/Cache/D3D11/CGCShaders/GpuParticles@FeatureInitializationCS
<18:29:37> ---Shader Cache: mfPrecacheAllCombinations() %ENGINE%/Shaders/Cache/D3D11/CGVShaders/Illum@IlluminationVS
<18:29:37> ---Shader Cache: mfPrecacheAllCombinations() %ENGINE%/Shaders/Cache/D3D11/CGPShaders/Illum@IlluminationPS
<18:29:37> ---Shader Cache: mfPrecacheAllCombinations() %ENGINE%/Shaders/Cache/D3D11/CGGShaders/Illum@$AutoGS_MultiRes
<18:29:37> ---Shader Cache: mfPrecacheAllCombinations() %ENGINE%/Shaders/Cache/D3D11/CGVShaders/Illum@Common_ZPrePassVS
<18:29:37> ---Shader Cache: mfPrecacheAllCombinations() %ENGINE%/Shaders/Cache/D3D11/CGPShaders/Illum@Common_ZPrePassPS
<18:29:37> ---Shader Cache: mfPrecacheAllCombinations() %ENGINE%/Shaders/Cache/D3D11/CGGShaders/Illum@$AutoGS_MultiRes
<18:29:37> ---Shader Cache: mfPrecacheAllCombinations() %ENGINE%/Shaders/Cache/D3D11/CGVShaders/Illum@Common_ZPassVS
<18:29:37> ---Shader Cache: mfPrecacheAllCombinations() %ENGINE%/Shaders/Cache/D3D11/CGPShaders/Illum@Common_ZPassPS
<18:29:37> ---Shader Cache: mfPrecacheAllCombinations() %ENGINE%/Shaders/Cache/D3D11/CGGShaders/Illum@$AutoGS_MultiRes
<18:29:37> ---Shader Cache: mfPrecacheAllCombinations() %ENGINE%/Shaders/Cache/D3D11/CGVShaders/Illum@Common_MotionBlurPassVS
<18:29:37> ---Shader Cache: mfPrecacheAllCombinations() %ENGINE%/Shaders/Cache/D3D11/CGPShaders/Illum@Common_MotionBlurPassPS
<18:29:37> ---Shader Cache: mfPrecacheAllCombinations() %ENGINE%/Shaders/Cache/D3D11/CGVShaders/Illum@Common_CustomRenderPassVS
<18:29:37> ---Shader Cache: mfPrecacheAllCombinations() %ENGINE%/Shaders/Cache/D3D11/CGPShaders/Illum@Common_CustomRenderPassPS
<18:29:37> ---Shader Cache: mfPrecacheAllCombinations() %ENGINE%/Shaders/Cache/D3D11/CGVShaders/Illum@Common_EffectLayerPassVS
<18:29:37> ---Shader Cache: mfPrecacheAllCombinations() %ENGINE%/Shaders/Cache/D3D11/CGPShaders/Illum@Common_EffectLayerPassPS
<18:29:37> ---Shader Cache: mfPrecacheAllCombinations() %ENGINE%/Shaders/Cache/D3D11/CGVShaders/Illum@Common_SG_VS
<18:29:37> ---Shader Cache: mfPrecacheAllCombinations() %ENGINE%/Shaders/Cache/D3D11/CGPShaders/Illum@Common_SG_PS
<18:29:37> ---Shader Cache: mfPrecacheAllCombinations() %ENGINE%/Shaders/Cache/D3D11/CGVShaders/Illum@Common_DebugPassVS
<18:29:37> ---Shader Cache: mfPrecacheAllCombinations() %ENGINE%/Shaders/Cache/D3D11/CGPShaders/Illum@Common_DebugPassPS
<18:29:37> ---Shader Cache: mfPrecacheAllCombinations() %ENGINE%/Shaders/Cache/D3D11/CGVShaders/Illum@MeshBaker_VS
<18:29:37> ---Shader Cache: mfPrecacheAllCombinations() %ENGINE%/Shaders/Cache/D3D11/CGPShaders/Illum@MeshBakerComplex_PS
<18:29:37> ---Shader Cache: mfPrecacheAllCombinations() %ENGINE%/Shaders/Cache/D3D11/CGVShaders/Terrain@TerrainVS
<18:29:37> ---Shader Cache: mfPrecacheAllCombinations() %ENGINE%/Shaders/Cache/D3D11/CGPShaders/Terrain@TerrainPS
<18:29:37> ---Shader Cache: mfPrecacheAllCombinations() %ENGINE%/Shaders/Cache/D3D11/CGPShaders/Terrain@TerrainLayerPS
<18:29:37> ---Shader Cache: mfPrecacheAllCombinations() %ENGINE%/Shaders/Cache/D3D11/CGPShaders/Terrain@TerrainGBufferPS
<18:29:37> ---Shader Cache: mfPrecacheAllCombinations() %ENGINE%/Shaders/Cache/D3D11/CGVShaders/Terrain@Common_ZPrePassVS
<18:29:37> ---Shader Cache: mfPrecacheAllCombinations() %ENGINE%/Shaders/Cache/D3D11/CGPShaders/Terrain@Common_ZPrePassPS
<18:29:37> ---Shader Cache: mfPrecacheAllCombinations() %ENGINE%/Shaders/Cache/D3D11/CGGShaders/Terrain@$AutoGS_MultiRes
<18:29:37> ---Shader Cache: mfPrecacheAllCombinations() %ENGINE%/Shaders/Cache/D3D11/CGVShaders/Terrain@Common_SG_VS
<18:29:37> ---Shader Cache: mfPrecacheAllCombinations() %ENGINE%/Shaders/Cache/D3D11/CGPShaders/Terrain@Common_SG_PS
<18:29:37> ---Shader Cache: mfPrecacheAllCombinations() %ENGINE%/Shaders/Cache/D3D11/CGVShaders/Terrain@Common_DebugPassVS
<18:29:37> ---Shader Cache: mfPrecacheAllCombinations() %ENGINE%/Shaders/Cache/D3D11/CGPShaders/Terrain@Common_DebugPassPS
<18:29:37> [CONSOLE] Executing console command 'map example s'
<18:29:37> ============================ Loading level example ============================
<18:29:38> [Warning] Level does not have loading screen info
<18:29:38> SetGlobalState 0->1 'INIT'->'LEVEL_LOAD_PREPARE' 80992.1 seconds
<18:29:38> [CBreakReplicator] Inaccurate world pos using range 0-10000.000000 with 13 bits
<18:29:38> [CBreakReplicator] Accurate world pos using range 0-10000.000000 with 21 bits
<18:29:38> Loading Config file multiplayer.cfg (c:\users\mathe\appdata\local\programs\cryengine launcher\engines\crytek\cryengine-57-lts\5.7.1\engine\config\multiplayer.cfg)
<18:29:38> Flushing pended textures...
<18:29:38> Finished flushing pended textures...
<18:29:38>   Display resolution: 1704x959x32 (Windowed)
<18:29:38>   Post/Overlay resolution: 1704x959
<18:29:38>   Render resolution: 1704x959
<18:29:38> RenderTargets:

<18:29:38> SetGlobalState 1->2 'LEVEL_LOAD_PREPARE'->'LEVEL_LOAD_START' 0.1 seconds
<18:29:38> Level system is loading "example"
<18:29:38> SetGlobalState 2->3 'LEVEL_LOAD_START'->'LEVEL_LOAD_MATERIALS' 0.0 seconds
<18:29:38> ==== Starting Loading Level Materials ====
<18:29:38> [Warning] XML reader: Can't open file (%editor%/objects/envcube.mtl)
<18:29:38> ==== Finished loading level Materials: 13  mtls loaded (0 from LevelCache) in 0.0 sec ====
<18:29:38> ===== Loading all Decal materials from a folder: Materials/Decals/*.mtl =====
<18:29:38> ==== Finished Loading Decal Materials: 0  mtls loaded in 0.0 sec ====
<18:29:38> Requesting textures precache ...
<18:29:38> SetGlobalState 3->4 'LEVEL_LOAD_MATERIALS'->'LEVEL_LOAD_OBJECTS' 0.0 seconds
<18:29:38> Starting loading level CGF's ...
<18:29:38> [Warning] CGF Streaming Failed: Cannot open the file [File=%editor%/objects/envcube.cgf]
<18:29:38> [Error] Failed to load cgf: %editor%/objects/envcube.cgf
<18:29:38> Finished loading level CGF's: 7 objects loaded (0 from LevelCache) in 0.0 sec
<18:29:38> SetGlobalState 4->5 'LEVEL_LOAD_OBJECTS'->'LEVEL_LOAD_CHARACTERS' 0.0 seconds
<18:29:38> Starting loading level characters ...
<18:29:38> ===== Preloading Characters ====
<18:29:38>   58 animation-assets loaded (total assets: 53)
<18:29:38> ===== Finished Preloading 2 Characters in 0.41 seconds ====
<18:29:38> ===== Preloading CGAs ====
<18:29:38> ===== Finished Preloading 0 CGAs in 0.00 seconds ====
<18:29:38> ===== Preloading CDFs ====
<18:29:38> ===== Finished Preloading 1 CDFs in 0.00 seconds ====
<18:29:38> Finished loading level characters (0.4 sec)
<18:29:38> SetGlobalState 5->6 'LEVEL_LOAD_CHARACTERS'->'LEVEL_LOAD_STATIC_WORLD' 0.4 seconds
<18:29:38> ===== Loading terrain\terrain.dat =====
<18:29:38> Loading terrain layers ...
<18:29:38>   Layer 0 - %engine%/EngineAssets/Materials/material_terrain_default.mtl has material %engine%/engineassets/materials/material_terrain_default
<18:29:38> Constructing 21 terrain nodes (0.0 MB) <18:29:38>  done in 0.00 sec
<18:29:38> ===== Loading 0 vegetation models =====
<18:29:38> ===== Loading 3 brush models ===== 
<18:29:38> ===== Loading 2 brush materials ===== 
<18:29:38> ===== Initializing terrain nodes ===== 
<18:29:38> ===== Loading outdoor instances ===== 
<18:29:38> Opening terrain\cover.ctc ...
<18:29:38>   TerrainLayer 0: TexFormat: BC3, SectorTextureSize: 256x256, SectorTextureDataSizeBytes: 65536
<18:29:38>   TerrainLayer 1: TexFormat: BC3, SectorTextureSize: 256x256, SectorTextureDataSizeBytes: 65536
<18:29:38>   RGB multiplier: 8, Texture indices: 5
<18:29:38>   0 out of 21 nodes cleaned
<18:29:38> ===== Loading terrain\indoor.dat =====
<18:29:38> ===== Loading Particle Effects =====
<18:29:38> ===== Loading mission settings from XML =====
<18:29:38> ===== Load level physics data =====
<18:29:38> ===== loading occlusion mesh =====
<18:29:38> ===== Finished loading static world =====
<18:29:38> SetGlobalState 6->7 'LEVEL_LOAD_STATIC_WORLD'->'LEVEL_LOAD_ENTITIES' 0.0 seconds
<18:29:38> [Warning] XML reader: Can't open file (Scripts/AI/Cover.xml)
<18:29:38> [Warning] AI: Failed to open XML file 'Scripts/AI/Cover.xml'...
<18:29:38> AI: [AISYSTEM] Initializing AI Actions.
<18:29:38> AI: [AISYSTEM] Initializing Smart Objects.
<18:29:38> [Warning] XML reader: Can't open file (Libs/SmartObjects.xml)
<18:29:38> --- AI: Navigation Data Loaded in  0.00 sec
<18:29:38> Time used by removing NavMesh triangles: 0 ms
<18:29:38> Parsing 11 entities...
<18:29:38> [Warning] No network scheduling parameters set for entities of class 'Entity' in EntityScheduler.xml
<18:29:38> [Warning] No network scheduling parameters set for entities of class 'Entity' in EntityScheduler.xml
<18:29:38> [Warning] No network scheduling parameters set for entities of class 'Entity' in EntityScheduler.xml
<18:29:38> [Warning] No network scheduling parameters set for entities of class 'Entity' in EntityScheduler.xml
<18:29:38> [Warning] No network scheduling parameters set for entities of class 'Entity' in EntityScheduler.xml
<18:29:38> [Warning] No network scheduling parameters set for entities of class 'Entity' in EntityScheduler.xml
<18:29:38> [Warning] No network scheduling parameters set for entities of class 'Entity' in EntityScheduler.xml
<18:29:38> [Warning] No network scheduling parameters set for entities of class 'Entity' in EntityScheduler.xml
<18:29:38> [Warning] No network scheduling parameters set for entities of class 'Entity' in EntityScheduler.xml
<18:29:38> [Warning] No network scheduling parameters set for entities of class 'Entity' in EntityScheduler.xml
<18:29:38> [Warning] No network scheduling parameters set for entities of class 'Entity' in EntityScheduler.xml
<18:29:38> SetGlobalState 7->8 'LEVEL_LOAD_ENTITIES'->'LEVEL_LOAD_PRECACHE' 0.0 seconds
<18:29:38> SetGlobalState 8->9 'LEVEL_LOAD_PRECACHE'->'LEVEL_LOAD_TEXTURES' 0.0 seconds
<18:29:38> -- Render thread was idle during level loading: 0.000 secs
<18:29:38> -- Render thread was busy during level loading: 0.045 secs
<18:29:38> -- Presort shaders by states...
<18:29:38> --- 20 Resources, 1 Resource groups.
<18:29:38> Requesting textures precache ...
<18:29:39> Textures precache done.
<18:29:39> SetGlobalState 9->10 'LEVEL_LOAD_TEXTURES'->'LEVEL_LOAD_END' 0.5 seconds
<18:29:39> File access time during level loading: 0.43 seconds
<18:29:39> SetGlobalState 10->11 'LEVEL_LOAD_END'->'LEVEL_LOAD_ENDING' 0.1 seconds
<18:29:39> ---Shader Cache: mfPrecacheAllCombinations() %ENGINE%/Shaders/Cache/D3D11/CGVShaders/FogVolume@FogVolumeEllipsoidVS
<18:29:39> ---Shader Cache: mfPrecacheAllCombinations() %ENGINE%/Shaders/Cache/D3D11/CGPShaders/FogVolume@FogVolumeEllipsoidPS
<18:29:39> ---Shader Cache: mfPrecacheAllCombinations() %ENGINE%/Shaders/Cache/D3D11/CGVShaders/FogVolume@FogVolumeBoxVS
<18:29:39> ---Shader Cache: mfPrecacheAllCombinations() %ENGINE%/Shaders/Cache/D3D11/CGPShaders/FogVolume@FogVolumeBoxPS
<18:29:39> ---Shader Cache: mfPrecacheAllCombinations() %ENGINE%/Shaders/Cache/D3D11/CGVShaders/WaterFogVolume@WaterVolumeIntoVS
<18:29:39> ---Shader Cache: mfPrecacheAllCombinations() %ENGINE%/Shaders/Cache/D3D11/CGPShaders/WaterFogVolume@WaterVolumeIntoPS
<18:29:39> ---Shader Cache: mfPrecacheAllCombinations() %ENGINE%/Shaders/Cache/D3D11/CGVShaders/WaterFogVolume@WaterVolumeOutofVS
<18:29:39> ---Shader Cache: mfPrecacheAllCombinations() %ENGINE%/Shaders/Cache/D3D11/CGPShaders/WaterFogVolume@WaterVolumeOutofPS
<18:29:39> ---Shader Cache: mfPrecacheAllCombinations() %ENGINE%/Shaders/Cache/D3D11/CGVShaders/WaterFogVolume@OceanIntoVS
<18:29:39> ---Shader Cache: mfPrecacheAllCombinations() %ENGINE%/Shaders/Cache/D3D11/CGPShaders/WaterFogVolume@OceanIntoPS
<18:29:39> ---Shader Cache: mfPrecacheAllCombinations() %ENGINE%/Shaders/Cache/D3D11/CGGShaders/WaterFogVolume@$AutoGS_MultiRes
<18:29:39> ---Shader Cache: mfPrecacheAllCombinations() %ENGINE%/Shaders/Cache/D3D11/CGGShaders/WaterFogVolume@$AutoGS_MultiRes
<18:29:39> ---Shader Cache: mfPrecacheAllCombinations() %ENGINE%/Shaders/Cache/D3D11/CGPShaders/WaterFogVolume@OceanOutofPS
<18:29:39> ---Shader Cache: mfPrecacheAllCombinations() %ENGINE%/Shaders/Cache/D3D11/CGGShaders/WaterFogVolume@$AutoGS_MultiRes
<18:29:39> ---Shader Cache: mfPrecacheAllCombinations() %ENGINE%/Shaders/Cache/D3D11/CGGShaders/WaterFogVolume@$AutoGS_MultiRes
<18:29:39> ---Shader Cache: mfPrecacheAllCombinations() %ENGINE%/Shaders/Cache/D3D11/CGVShaders/WaterOceanBottom@OceanBottomVS
<18:29:39> ---Shader Cache: mfPrecacheAllCombinations() %ENGINE%/Shaders/Cache/D3D11/CGPShaders/WaterOceanBottom@OceanBottomPS
<18:29:39> ---Shader Cache: mfPrecacheAllCombinations() %ENGINE%/Shaders/Cache/D3D11/CGGShaders/WaterOceanBottom@$AutoGS_MultiRes
<18:29:39> ---Shader Cache: mfPrecacheAllCombinations() %ENGINE%/Shaders/Cache/D3D11/CGVShaders/WaterOceanBottom@OceanBottomZpassVS
<18:29:39> ---Shader Cache: mfPrecacheAllCombinations() %ENGINE%/Shaders/Cache/D3D11/CGPShaders/WaterOceanBottom@OceanBottomZpassPS
<18:29:39> ---Shader Cache: mfPrecacheAllCombinations() %ENGINE%/Shaders/Cache/D3D11/CGGShaders/WaterOceanBottom@$AutoGS_MultiRes
<18:29:39> ---Shader Cache: mfPrecacheAllCombinations() %ENGINE%/Shaders/Cache/D3D11/CGVShaders/Water@WaterVS
<18:29:39> ---Shader Cache: mfPrecacheAllCombinations() %ENGINE%/Shaders/Cache/D3D11/CGPShaders/Water@WaterPS
<18:29:39> ---Shader Cache: mfPrecacheAllCombinations() %ENGINE%/Shaders/Cache/D3D11/CGGShaders/Water@$AutoGS_MultiRes
<18:29:39> ---Shader Cache: mfPrecacheAllCombinations() %ENGINE%/Shaders/Cache/D3D11/CGPShaders/Illum@IlluminationPS
<18:29:39> ---Shader Cache: mfPrecacheAllCombinations() %ENGINE%/Shaders/Cache/D3D11/CGGShaders/Illum@$AutoGS_MultiRes
<18:29:39> ---Shader Cache: mfPrecacheAllCombinations() %ENGINE%/Shaders/Cache/D3D11/CGGShaders/Illum@$AutoGS_MultiRes
<18:29:39> ---Shader Cache: mfPrecacheAllCombinations() %ENGINE%/Shaders/Cache/D3D11/CGPShaders/Illum@Common_ZPassPS
<18:29:39> ---Shader Cache: mfPrecacheAllCombinations() %ENGINE%/Shaders/Cache/D3D11/CGGShaders/Illum@$AutoGS_MultiRes
<18:29:39> ---Shader Cache: mfPrecacheAllCombinations() %ENGINE%/Shaders/Cache/D3D11/CGPShaders/Illum@MeshBakerComplex_PS
<18:29:39> -- Precaching textures...
<18:29:39> =============================== Loading textures ================================
<18:29:39> Precaching progress: 10.0% (2 of 12)
<18:29:39> Precaching progress: 20.0% (3 of 12)
<18:29:39> Precaching progress: 30.0% (4 of 12)
<18:29:39> Precaching progress: 40.0% (5 of 12)
<18:29:39> Compile texture from "assets\objects\characters\samplecharacter\mcg_ddna.tif", to "editor\resourcecache\objects\characters\samplecharacter\mcg_ddna.dds"

<18:29:39> [Error] ProcessTextureIfNeeded() failed (missing rc.exe?)
<18:29:39> Precaching progress: 50.0% (6 of 12)
<18:29:39> [Error] ResourceCompiler exited with an error for "assets\objects\characters\samplecharacter\mcg_ddna.tif", for more details please check "tools/rc/rc_log.log or try to import the texture by Asset Browser"

<18:29:39> Compile texture from "assets\objects\characters\samplecharacter\mcg_diff.tif", to "editor\resourcecache\objects\characters\samplecharacter\mcg_diff.dds"

<18:29:39> [Error] ProcessTextureIfNeeded() failed (missing rc.exe?)
<18:29:39> Precaching progress: 60.0% (8 of 12)
<18:29:39> [Error] ProcessTextureIfNeeded() failed (missing rc.exe?)
<18:29:39> Precaching progress: 70.0% (9 of 12)
<18:29:39> Precaching progress: 80.0% (10 of 12)
<18:29:39> Precaching progress: 90.0% (11 of 12)
<18:29:39> [Warning] Texture does not exist [File=textures/defaults/grey.dds]
<18:29:39> [Warning] Texture does not exist [File=textures/defaults/grey.dds]
<18:29:39> Precaching progress: 100.0% (12 of 12)
<18:29:39> ========================== Finished loading textures ============================
<18:29:39> Precaching textures done in 0.40 seconds
<18:29:39> -- Precaching textures...
<18:29:39> =============================== Loading textures ================================
<18:29:39> ========================== Finished loading textures ============================
<18:29:39> Precaching textures done in 0.00 seconds
<18:29:39> ---Shader Cache: mfPrecacheAllCombinations() %ENGINE%/Shaders/Cache/D3D11/CGVShaders/Stars@StarsVS
<18:29:39> ---Shader Cache: mfPrecacheAllCombinations() %ENGINE%/Shaders/Cache/D3D11/CGPShaders/Stars@StarsPS
<18:29:39> ---Shader Cache: mfPrecacheAllCombinations() %ENGINE%/Shaders/Cache/D3D11/CGGShaders/Stars@$AutoGS_MultiRes
<18:29:39> ---Shader Cache: mfPrecacheAllCombinations() %ENGINE%/Shaders/Cache/D3D11/CGVShaders/Stars@SkyPassVS
<18:29:39> ---Shader Cache: mfPrecacheAllCombinations() %ENGINE%/Shaders/Cache/D3D11/CGPShaders/Stars@SkyPassPS
<18:29:39> [Error] ResourceCompiler exited with an error for "assets\objects\characters\samplecharacter\mcg_diff.tif", for more details please check "tools/rc/rc_log.log or try to import the texture by Asset Browser"

<18:29:39> Compile texture from "assets\objects\characters\samplecharacter\mcg_spec.tif", to "editor\resourcecache\objects\characters\samplecharacter\mcg_spec.dds"

<18:29:39> ---Shader Cache: mfPrecacheAllCombinations() %ENGINE%/Shaders/Cache/D3D11/CGVShaders/AuxGeom@AuxGeomVS
<18:29:39> ---Shader Cache: mfPrecacheAllCombinations() %ENGINE%/Shaders/Cache/D3D11/CGPShaders/AuxGeom@AuxGeomPS
<18:29:39> ---Shader Cache: mfPrecacheAllCombinations() %ENGINE%/Shaders/Cache/D3D11/CGVShaders/AuxGeom@AuxGeomTextureVS
<18:29:39> ---Shader Cache: mfPrecacheAllCombinations() %ENGINE%/Shaders/Cache/D3D11/CGPShaders/AuxGeom@AuxGeomTexturePS
<18:29:39> ---Shader Cache: mfPrecacheAllCombinations() %ENGINE%/Shaders/Cache/D3D11/CGVShaders/AuxGeom@AuxGeomObjVS
<18:29:39> ---Shader Cache: mfPrecacheAllCombinations() %ENGINE%/Shaders/Cache/D3D11/CGVShaders/AuxGeom@AuxGeomThickLineVS
<18:29:39> ---Shader Cache: mfPrecacheAllCombinations() %ENGINE%/Shaders/Cache/D3D11/CGGShaders/AuxGeom@AuxThickLineGS
<18:29:39> ---Shader Cache: mfPrecacheAllCombinations() %ENGINE%/Shaders/Cache/D3D11/CGVShaders/AuxGeom@AuxTextVS
<18:29:39> ---Shader Cache: mfPrecacheAllCombinations() %ENGINE%/Shaders/Cache/D3D11/CGPShaders/AuxGeom@AuxTextPS
<18:29:39> SetGlobalState 11->12 'LEVEL_LOAD_ENDING'->'LEVEL_LOAD_COMPLETE' 0.1 seconds
<18:29:39> Textures startup streaming finished in 0.1 sec
<18:29:39> [Error] ResourceCompiler exited with an error for "assets\objects\characters\samplecharacter\mcg_spec.tif", for more details please check "tools/rc/rc_log.log or try to import the texture by Asset Browser"

<18:29:39> SetGlobalState 12->13 'LEVEL_LOAD_COMPLETE'->'RUNNING' 0.4 seconds
<18:29:39> Average block size: 0 KB, Average throughput: 0.0 MB/sec, Jobs processed: 0 (0.0 MB), File IO Bandwidth: 0.25MB/s
<18:29:39> -----------------------------------------------------
<18:29:39> *LOADING: Level example loading time: 1.67 seconds
<18:29:39> -----------------------------------------------------